[2024-01-12T21:05:03.333+0000] {taskinstance.py:1957} INFO - Dependencies all met for dep_context=non-requeueable deps ti=<TaskInstance: fdic_ncua_staging.create_staging_ncua_cu_branch_info_prod manual__2024-01-12T21:04:58.467655+00:00 [queued]>
[2024-01-12T21:05:03.339+0000] {taskinstance.py:1957} INFO - Dependencies all met for dep_context=requeueable deps ti=<TaskInstance: fdic_ncua_staging.create_staging_ncua_cu_branch_info_prod manual__2024-01-12T21:04:58.467655+00:00 [queued]>
[2024-01-12T21:05:03.340+0000] {taskinstance.py:2171} INFO - Starting attempt 1 of 1
[2024-01-12T21:05:03.347+0000] {taskinstance.py:2192} INFO - Executing <Task(PostgresOperator): create_staging_ncua_cu_branch_info_prod> on 2024-01-12 21:04:58.467655+00:00
[2024-01-12T21:05:03.350+0000] {standard_task_runner.py:60} INFO - Started process 9864 to run task
[2024-01-12T21:05:03.353+0000] {standard_task_runner.py:87} INFO - Running: ['***', 'tasks', 'run', 'fdic_ncua_staging', 'create_staging_ncua_cu_branch_info_prod', 'manual__2024-01-12T21:04:58.467655+00:00', '--job-id', '131', '--raw', '--subdir', 'DAGS_FOLDER/fdic-ncua-staging.py', '--cfg-path', '/tmp/tmp30qnyhvi']
[2024-01-12T21:05:03.354+0000] {standard_task_runner.py:88} INFO - Job 131: Subtask create_staging_ncua_cu_branch_info_prod
[2024-01-12T21:05:03.383+0000] {task_command.py:423} INFO - Running <TaskInstance: fdic_ncua_staging.create_staging_ncua_cu_branch_info_prod manual__2024-01-12T21:04:58.467655+00:00 [running]> on host c111cf247bc6
[2024-01-12T21:05:03.423+0000] {taskinstance.py:2481} INFO - Exporting env vars: AIRFLOW_CTX_DAG_OWNER='***' AIRFLOW_CTX_DAG_ID='fdic_ncua_staging' AIRFLOW_CTX_TASK_ID='create_staging_ncua_cu_branch_info_prod' AIRFLOW_CTX_EXECUTION_DATE='2024-01-12T21:04:58.467655+00:00' AIRFLOW_CTX_TRY_NUMBER='1' AIRFLOW_CTX_DAG_RUN_ID='manual__2024-01-12T21:04:58.467655+00:00'
[2024-01-12T21:05:03.424+0000] {sql.py:276} INFO - Executing: CREATE TABLE staging.ncua_cu_branch_info (
    -- pulling from raw.ncua_cu_branch_info
    cu_number NUMERIC, -- NCUA Charter Number
    name TEXT, -- `cu_name`: Credit Union Name
    city TEXT, -- `physical_address_city`: City
    state_code TEXT, -- `physical_address_state_code`: State
    cycle_date TEXT, -- `cycle_date`: Quarterly Report Date
    dim_id TEXT PRIMARY KEY, -- MD5 hash of cu_number, name, city, state_code, and date_updated
    loaded_at TIMESTAMP WITH TIME ZONE, -- The date the most up-to-date version of this record was loaded into the table
    scraped_at TIMESTAMP WITH TIME ZONE -- The date this record was scraped
);

INSERT INTO staging.ncua_cu_branch_info (
    WITH cte1 AS (
        SELECT
            cu_number,
            cu_name,
            physical_address_city,
            physical_address_state_code,
            cycle_date,
            scraped_at,
            -- get scraped_at and convert to YYYYMMDD format
            to_char(scraped_at, 'YYYYMMDD') AS day_scraped_at
        FROM raw.ncua_credit_union_branch_information
    ),

    -- staging will contain one version of each institution for whatever date it was scraped on
    cte2 AS (
        SELECT
            cu_number,
            cu_name,
            physical_address_city,
            physical_address_state_code,
            cycle_date,
            day_scraped_at AS scraped_at
        FROM cte1
        GROUP BY
            cu_number,
            cu_name,
            physical_address_city,
            physical_address_state_code,
            cycle_date,
            day_scraped_at
    )

    SELECT
        cu_number::NUMERIC,
        cu_name AS name,
        physical_address_city AS city,
        physical_address_state_code AS state_code,
        cycle_date,
        md5(
            cu_number::TEXT || cu_name || physical_address_city || physical_address_state_code || cycle_date || scraped_at
        ) AS dim_id,
        NOW()::TIMESTAMP WITH TIME ZONE AS loaded_at,
        scraped_at::DATE AS scraped_at
    FROM cte2
);
[2024-01-12T21:05:03.429+0000] {base.py:83} INFO - Using connection ID 'alpharank_de_eval' for task execution.
[2024-01-12T21:05:03.437+0000] {base.py:83} INFO - Using connection ID 'alpharank_de_eval' for task execution.
[2024-01-12T21:05:03.742+0000] {sql.py:432} INFO - Running statement: CREATE TABLE staging.ncua_cu_branch_info (
    -- pulling from raw.ncua_cu_branch_info
    cu_number NUMERIC, -- NCUA Charter Number
    name TEXT, -- `cu_name`: Credit Union Name
    city TEXT, -- `physical_address_city`: City
    state_code TEXT, -- `physical_address_state_code`: State
    cycle_date TEXT, -- `cycle_date`: Quarterly Report Date
    dim_id TEXT PRIMARY KEY, -- MD5 hash of cu_number, name, city, state_code, and date_updated
    loaded_at TIMESTAMP WITH TIME ZONE, -- The date the most up-to-date version of this record was loaded into the table
    scraped_at TIMESTAMP WITH TIME ZONE -- The date this record was scraped
);

INSERT INTO staging.ncua_cu_branch_info (
    WITH cte1 AS (
        SELECT
            cu_number,
            cu_name,
            physical_address_city,
            physical_address_state_code,
            cycle_date,
            scraped_at,
            -- get scraped_at and convert to YYYYMMDD format
            to_char(scraped_at, 'YYYYMMDD') AS day_scraped_at
        FROM raw.ncua_credit_union_branch_information
    ),

    -- staging will contain one version of each institution for whatever date it was scraped on
    cte2 AS (
        SELECT
            cu_number,
            cu_name,
            physical_address_city,
            physical_address_state_code,
            cycle_date,
            day_scraped_at AS scraped_at
        FROM cte1
        GROUP BY
            cu_number,
            cu_name,
            physical_address_city,
            physical_address_state_code,
            cycle_date,
            day_scraped_at
    )

    SELECT
        cu_number::NUMERIC,
        cu_name AS name,
        physical_address_city AS city,
        physical_address_state_code AS state_code,
        cycle_date,
        md5(
            cu_number::TEXT || cu_name || physical_address_city || physical_address_state_code || cycle_date || scraped_at
        ) AS dim_id,
        NOW()::TIMESTAMP WITH TIME ZONE AS loaded_at,
        scraped_at::DATE AS scraped_at
    FROM cte2
);, parameters: None
[2024-01-12T21:05:03.824+0000] {taskinstance.py:2699} ERROR - Task failed with exception
Traceback (most recent call last):
  File "/home/airflow/.local/lib/python3.8/site-packages/airflow/models/taskinstance.py", line 433, in _execute_task
    result = execute_callable(context=context, **execute_callable_kwargs)
  File "/home/airflow/.local/lib/python3.8/site-packages/airflow/providers/common/sql/operators/sql.py", line 282, in execute
    output = hook.run(
  File "/home/airflow/.local/lib/python3.8/site-packages/airflow/providers/common/sql/hooks/sql.py", line 392, in run
    self._run_command(cur, sql_statement, parameters)
  File "/home/airflow/.local/lib/python3.8/site-packages/airflow/providers/common/sql/hooks/sql.py", line 437, in _run_command
    cur.execute(sql_statement)
psycopg2.errors.DuplicateTable: relation "ncua_cu_branch_info" already exists

[2024-01-12T21:05:03.832+0000] {taskinstance.py:1138} INFO - Marking task as FAILED. dag_id=fdic_ncua_staging, task_id=create_staging_ncua_cu_branch_info_prod, execution_date=20240112T210458, start_date=20240112T210503, end_date=20240112T210503
[2024-01-12T21:05:03.843+0000] {standard_task_runner.py:107} ERROR - Failed to execute job 131 for task create_staging_ncua_cu_branch_info_prod (relation "ncua_cu_branch_info" already exists
; 9864)
[2024-01-12T21:05:03.857+0000] {local_task_job_runner.py:234} INFO - Task exited with return code 1
[2024-01-12T21:05:03.874+0000] {taskinstance.py:3281} INFO - 0 downstream tasks scheduled from follow-on schedule check
