[2024-01-11T18:57:37.756+0000] {processor.py:161} INFO - Started process (PID=77) to work on /home/airflow/.local/lib/python3.8/site-packages/airflow/example_dags/example_setup_teardown.py
[2024-01-11T18:57:37.757+0000] {processor.py:830} INFO - Processing file /home/airflow/.local/lib/python3.8/site-packages/airflow/example_dags/example_setup_teardown.py for tasks to queue
[2024-01-11T18:57:37.759+0000] {logging_mixin.py:188} INFO - [2024-01-11T18:57:37.759+0000] {dagbag.py:538} INFO - Filling up the DagBag from /home/airflow/.local/lib/python3.8/site-packages/airflow/example_dags/example_setup_teardown.py
[2024-01-11T18:57:37.765+0000] {processor.py:840} INFO - DAG(s) 'example_setup_teardown' retrieved from /home/airflow/.local/lib/python3.8/site-packages/airflow/example_dags/example_setup_teardown.py
[2024-01-11T18:57:37.776+0000] {logging_mixin.py:188} INFO - [2024-01-11T18:57:37.776+0000] {dag.py:3033} INFO - Sync 1 DAGs
[2024-01-11T18:57:37.795+0000] {logging_mixin.py:188} INFO - [2024-01-11T18:57:37.795+0000] {dag.py:3820} INFO - Setting next_dagrun for example_setup_teardown to 2024-01-10T00:00:00+00:00, run_after=2024-01-11T00:00:00+00:00
[2024-01-11T18:57:37.811+0000] {processor.py:183} INFO - Processing /home/airflow/.local/lib/python3.8/site-packages/airflow/example_dags/example_setup_teardown.py took 0.058 seconds
[2024-01-11T18:58:08.012+0000] {processor.py:161} INFO - Started process (PID=133) to work on /home/airflow/.local/lib/python3.8/site-packages/airflow/example_dags/example_setup_teardown.py
[2024-01-11T18:58:08.013+0000] {processor.py:830} INFO - Processing file /home/airflow/.local/lib/python3.8/site-packages/airflow/example_dags/example_setup_teardown.py for tasks to queue
[2024-01-11T18:58:08.015+0000] {logging_mixin.py:188} INFO - [2024-01-11T18:58:08.015+0000] {dagbag.py:538} INFO - Filling up the DagBag from /home/airflow/.local/lib/python3.8/site-packages/airflow/example_dags/example_setup_teardown.py
[2024-01-11T18:58:08.020+0000] {processor.py:840} INFO - DAG(s) 'example_setup_teardown' retrieved from /home/airflow/.local/lib/python3.8/site-packages/airflow/example_dags/example_setup_teardown.py
[2024-01-11T18:58:08.076+0000] {logging_mixin.py:188} INFO - [2024-01-11T18:58:08.076+0000] {dag.py:3033} INFO - Sync 1 DAGs
[2024-01-11T18:58:08.086+0000] {logging_mixin.py:188} INFO - [2024-01-11T18:58:08.086+0000] {dag.py:3820} INFO - Setting next_dagrun for example_setup_teardown to 2024-01-10T00:00:00+00:00, run_after=2024-01-11T00:00:00+00:00
[2024-01-11T18:58:08.098+0000] {processor.py:183} INFO - Processing /home/airflow/.local/lib/python3.8/site-packages/airflow/example_dags/example_setup_teardown.py took 0.088 seconds
[2024-01-11T18:58:38.991+0000] {processor.py:161} INFO - Started process (PID=189) to work on /home/airflow/.local/lib/python3.8/site-packages/airflow/example_dags/example_setup_teardown.py
[2024-01-11T18:58:38.992+0000] {processor.py:830} INFO - Processing file /home/airflow/.local/lib/python3.8/site-packages/airflow/example_dags/example_setup_teardown.py for tasks to queue
[2024-01-11T18:58:38.993+0000] {logging_mixin.py:188} INFO - [2024-01-11T18:58:38.993+0000] {dagbag.py:538} INFO - Filling up the DagBag from /home/airflow/.local/lib/python3.8/site-packages/airflow/example_dags/example_setup_teardown.py
[2024-01-11T18:58:38.998+0000] {processor.py:840} INFO - DAG(s) 'example_setup_teardown' retrieved from /home/airflow/.local/lib/python3.8/site-packages/airflow/example_dags/example_setup_teardown.py
[2024-01-11T18:58:39.011+0000] {logging_mixin.py:188} INFO - [2024-01-11T18:58:39.011+0000] {dag.py:3033} INFO - Sync 1 DAGs
[2024-01-11T18:58:39.023+0000] {logging_mixin.py:188} INFO - [2024-01-11T18:58:39.023+0000] {dag.py:3820} INFO - Setting next_dagrun for example_setup_teardown to 2024-01-10T00:00:00+00:00, run_after=2024-01-11T00:00:00+00:00
[2024-01-11T18:58:39.032+0000] {processor.py:183} INFO - Processing /home/airflow/.local/lib/python3.8/site-packages/airflow/example_dags/example_setup_teardown.py took 0.043 seconds
[2024-01-11T18:59:09.788+0000] {processor.py:161} INFO - Started process (PID=245) to work on /home/airflow/.local/lib/python3.8/site-packages/airflow/example_dags/example_setup_teardown.py
[2024-01-11T18:59:09.789+0000] {processor.py:830} INFO - Processing file /home/airflow/.local/lib/python3.8/site-packages/airflow/example_dags/example_setup_teardown.py for tasks to queue
[2024-01-11T18:59:09.791+0000] {logging_mixin.py:188} INFO - [2024-01-11T18:59:09.790+0000] {dagbag.py:538} INFO - Filling up the DagBag from /home/airflow/.local/lib/python3.8/site-packages/airflow/example_dags/example_setup_teardown.py
[2024-01-11T18:59:09.795+0000] {processor.py:840} INFO - DAG(s) 'example_setup_teardown' retrieved from /home/airflow/.local/lib/python3.8/site-packages/airflow/example_dags/example_setup_teardown.py
[2024-01-11T18:59:09.807+0000] {logging_mixin.py:188} INFO - [2024-01-11T18:59:09.807+0000] {dag.py:3033} INFO - Sync 1 DAGs
[2024-01-11T18:59:09.820+0000] {logging_mixin.py:188} INFO - [2024-01-11T18:59:09.820+0000] {dag.py:3820} INFO - Setting next_dagrun for example_setup_teardown to 2024-01-10T00:00:00+00:00, run_after=2024-01-11T00:00:00+00:00
[2024-01-11T18:59:09.830+0000] {processor.py:183} INFO - Processing /home/airflow/.local/lib/python3.8/site-packages/airflow/example_dags/example_setup_teardown.py took 0.044 seconds
[2024-01-11T18:59:40.587+0000] {processor.py:161} INFO - Started process (PID=301) to work on /home/airflow/.local/lib/python3.8/site-packages/airflow/example_dags/example_setup_teardown.py
[2024-01-11T18:59:40.588+0000] {processor.py:830} INFO - Processing file /home/airflow/.local/lib/python3.8/site-packages/airflow/example_dags/example_setup_teardown.py for tasks to queue
[2024-01-11T18:59:40.590+0000] {logging_mixin.py:188} INFO - [2024-01-11T18:59:40.590+0000] {dagbag.py:538} INFO - Filling up the DagBag from /home/airflow/.local/lib/python3.8/site-packages/airflow/example_dags/example_setup_teardown.py
[2024-01-11T18:59:40.595+0000] {processor.py:840} INFO - DAG(s) 'example_setup_teardown' retrieved from /home/airflow/.local/lib/python3.8/site-packages/airflow/example_dags/example_setup_teardown.py
[2024-01-11T18:59:40.611+0000] {logging_mixin.py:188} INFO - [2024-01-11T18:59:40.610+0000] {dag.py:3033} INFO - Sync 1 DAGs
[2024-01-11T18:59:40.623+0000] {logging_mixin.py:188} INFO - [2024-01-11T18:59:40.623+0000] {dag.py:3820} INFO - Setting next_dagrun for example_setup_teardown to 2024-01-10T00:00:00+00:00, run_after=2024-01-11T00:00:00+00:00
[2024-01-11T18:59:40.638+0000] {processor.py:183} INFO - Processing /home/airflow/.local/lib/python3.8/site-packages/airflow/example_dags/example_setup_teardown.py took 0.053 seconds
[2024-01-11T19:00:11.429+0000] {processor.py:161} INFO - Started process (PID=357) to work on /home/airflow/.local/lib/python3.8/site-packages/airflow/example_dags/example_setup_teardown.py
[2024-01-11T19:00:11.429+0000] {processor.py:830} INFO - Processing file /home/airflow/.local/lib/python3.8/site-packages/airflow/example_dags/example_setup_teardown.py for tasks to queue
[2024-01-11T19:00:11.431+0000] {logging_mixin.py:188} INFO - [2024-01-11T19:00:11.431+0000] {dagbag.py:538} INFO - Filling up the DagBag from /home/airflow/.local/lib/python3.8/site-packages/airflow/example_dags/example_setup_teardown.py
[2024-01-11T19:00:11.435+0000] {processor.py:840} INFO - DAG(s) 'example_setup_teardown' retrieved from /home/airflow/.local/lib/python3.8/site-packages/airflow/example_dags/example_setup_teardown.py
[2024-01-11T19:00:11.446+0000] {logging_mixin.py:188} INFO - [2024-01-11T19:00:11.446+0000] {dag.py:3033} INFO - Sync 1 DAGs
[2024-01-11T19:00:11.457+0000] {logging_mixin.py:188} INFO - [2024-01-11T19:00:11.457+0000] {dag.py:3820} INFO - Setting next_dagrun for example_setup_teardown to 2024-01-10T00:00:00+00:00, run_after=2024-01-11T00:00:00+00:00
[2024-01-11T19:00:11.466+0000] {processor.py:183} INFO - Processing /home/airflow/.local/lib/python3.8/site-packages/airflow/example_dags/example_setup_teardown.py took 0.040 seconds
[2024-01-11T19:00:42.111+0000] {processor.py:161} INFO - Started process (PID=413) to work on /home/airflow/.local/lib/python3.8/site-packages/airflow/example_dags/example_setup_teardown.py
[2024-01-11T19:00:42.111+0000] {processor.py:830} INFO - Processing file /home/airflow/.local/lib/python3.8/site-packages/airflow/example_dags/example_setup_teardown.py for tasks to queue
[2024-01-11T19:00:42.113+0000] {logging_mixin.py:188} INFO - [2024-01-11T19:00:42.113+0000] {dagbag.py:538} INFO - Filling up the DagBag from /home/airflow/.local/lib/python3.8/site-packages/airflow/example_dags/example_setup_teardown.py
[2024-01-11T19:00:42.118+0000] {processor.py:840} INFO - DAG(s) 'example_setup_teardown' retrieved from /home/airflow/.local/lib/python3.8/site-packages/airflow/example_dags/example_setup_teardown.py
[2024-01-11T19:00:42.131+0000] {logging_mixin.py:188} INFO - [2024-01-11T19:00:42.131+0000] {dag.py:3033} INFO - Sync 1 DAGs
[2024-01-11T19:00:42.142+0000] {logging_mixin.py:188} INFO - [2024-01-11T19:00:42.142+0000] {dag.py:3820} INFO - Setting next_dagrun for example_setup_teardown to 2024-01-10T00:00:00+00:00, run_after=2024-01-11T00:00:00+00:00
[2024-01-11T19:00:42.150+0000] {processor.py:183} INFO - Processing /home/airflow/.local/lib/python3.8/site-packages/airflow/example_dags/example_setup_teardown.py took 0.042 seconds
[2024-01-11T19:01:13.073+0000] {processor.py:161} INFO - Started process (PID=469) to work on /home/airflow/.local/lib/python3.8/site-packages/airflow/example_dags/example_setup_teardown.py
[2024-01-11T19:01:13.074+0000] {processor.py:830} INFO - Processing file /home/airflow/.local/lib/python3.8/site-packages/airflow/example_dags/example_setup_teardown.py for tasks to queue
[2024-01-11T19:01:13.076+0000] {logging_mixin.py:188} INFO - [2024-01-11T19:01:13.076+0000] {dagbag.py:538} INFO - Filling up the DagBag from /home/airflow/.local/lib/python3.8/site-packages/airflow/example_dags/example_setup_teardown.py
[2024-01-11T19:01:13.080+0000] {processor.py:840} INFO - DAG(s) 'example_setup_teardown' retrieved from /home/airflow/.local/lib/python3.8/site-packages/airflow/example_dags/example_setup_teardown.py
[2024-01-11T19:01:13.093+0000] {logging_mixin.py:188} INFO - [2024-01-11T19:01:13.093+0000] {dag.py:3033} INFO - Sync 1 DAGs
[2024-01-11T19:01:13.106+0000] {logging_mixin.py:188} INFO - [2024-01-11T19:01:13.106+0000] {dag.py:3820} INFO - Setting next_dagrun for example_setup_teardown to 2024-01-10T00:00:00+00:00, run_after=2024-01-11T00:00:00+00:00
[2024-01-11T19:01:13.117+0000] {processor.py:183} INFO - Processing /home/airflow/.local/lib/python3.8/site-packages/airflow/example_dags/example_setup_teardown.py took 0.047 seconds
[2024-01-11T19:01:44.103+0000] {processor.py:161} INFO - Started process (PID=525) to work on /home/airflow/.local/lib/python3.8/site-packages/airflow/example_dags/example_setup_teardown.py
[2024-01-11T19:01:44.104+0000] {processor.py:830} INFO - Processing file /home/airflow/.local/lib/python3.8/site-packages/airflow/example_dags/example_setup_teardown.py for tasks to queue
[2024-01-11T19:01:44.105+0000] {logging_mixin.py:188} INFO - [2024-01-11T19:01:44.105+0000] {dagbag.py:538} INFO - Filling up the DagBag from /home/airflow/.local/lib/python3.8/site-packages/airflow/example_dags/example_setup_teardown.py
[2024-01-11T19:01:44.110+0000] {processor.py:840} INFO - DAG(s) 'example_setup_teardown' retrieved from /home/airflow/.local/lib/python3.8/site-packages/airflow/example_dags/example_setup_teardown.py
[2024-01-11T19:01:44.123+0000] {logging_mixin.py:188} INFO - [2024-01-11T19:01:44.123+0000] {dag.py:3033} INFO - Sync 1 DAGs
[2024-01-11T19:01:44.136+0000] {logging_mixin.py:188} INFO - [2024-01-11T19:01:44.136+0000] {dag.py:3820} INFO - Setting next_dagrun for example_setup_teardown to 2024-01-10T00:00:00+00:00, run_after=2024-01-11T00:00:00+00:00
[2024-01-11T19:01:44.148+0000] {processor.py:183} INFO - Processing /home/airflow/.local/lib/python3.8/site-packages/airflow/example_dags/example_setup_teardown.py took 0.047 seconds
[2024-01-11T19:02:14.923+0000] {processor.py:161} INFO - Started process (PID=581) to work on /home/airflow/.local/lib/python3.8/site-packages/airflow/example_dags/example_setup_teardown.py
[2024-01-11T19:02:14.924+0000] {processor.py:830} INFO - Processing file /home/airflow/.local/lib/python3.8/site-packages/airflow/example_dags/example_setup_teardown.py for tasks to queue
[2024-01-11T19:02:14.926+0000] {logging_mixin.py:188} INFO - [2024-01-11T19:02:14.925+0000] {dagbag.py:538} INFO - Filling up the DagBag from /home/airflow/.local/lib/python3.8/site-packages/airflow/example_dags/example_setup_teardown.py
[2024-01-11T19:02:14.929+0000] {processor.py:840} INFO - DAG(s) 'example_setup_teardown' retrieved from /home/airflow/.local/lib/python3.8/site-packages/airflow/example_dags/example_setup_teardown.py
[2024-01-11T19:02:14.941+0000] {logging_mixin.py:188} INFO - [2024-01-11T19:02:14.941+0000] {dag.py:3033} INFO - Sync 1 DAGs
[2024-01-11T19:02:14.952+0000] {logging_mixin.py:188} INFO - [2024-01-11T19:02:14.952+0000] {dag.py:3820} INFO - Setting next_dagrun for example_setup_teardown to 2024-01-10T00:00:00+00:00, run_after=2024-01-11T00:00:00+00:00
[2024-01-11T19:02:14.961+0000] {processor.py:183} INFO - Processing /home/airflow/.local/lib/python3.8/site-packages/airflow/example_dags/example_setup_teardown.py took 0.039 seconds
[2024-01-11T19:02:45.766+0000] {processor.py:161} INFO - Started process (PID=637) to work on /home/airflow/.local/lib/python3.8/site-packages/airflow/example_dags/example_setup_teardown.py
[2024-01-11T19:02:45.767+0000] {processor.py:830} INFO - Processing file /home/airflow/.local/lib/python3.8/site-packages/airflow/example_dags/example_setup_teardown.py for tasks to queue
[2024-01-11T19:02:45.768+0000] {logging_mixin.py:188} INFO - [2024-01-11T19:02:45.768+0000] {dagbag.py:538} INFO - Filling up the DagBag from /home/airflow/.local/lib/python3.8/site-packages/airflow/example_dags/example_setup_teardown.py
[2024-01-11T19:02:45.773+0000] {processor.py:840} INFO - DAG(s) 'example_setup_teardown' retrieved from /home/airflow/.local/lib/python3.8/site-packages/airflow/example_dags/example_setup_teardown.py
[2024-01-11T19:02:45.785+0000] {logging_mixin.py:188} INFO - [2024-01-11T19:02:45.785+0000] {dag.py:3033} INFO - Sync 1 DAGs
[2024-01-11T19:02:45.796+0000] {logging_mixin.py:188} INFO - [2024-01-11T19:02:45.796+0000] {dag.py:3820} INFO - Setting next_dagrun for example_setup_teardown to 2024-01-10T00:00:00+00:00, run_after=2024-01-11T00:00:00+00:00
[2024-01-11T19:02:45.805+0000] {processor.py:183} INFO - Processing /home/airflow/.local/lib/python3.8/site-packages/airflow/example_dags/example_setup_teardown.py took 0.041 seconds
[2024-01-11T19:03:16.635+0000] {processor.py:161} INFO - Started process (PID=692) to work on /home/airflow/.local/lib/python3.8/site-packages/airflow/example_dags/example_setup_teardown.py
[2024-01-11T19:03:16.636+0000] {processor.py:830} INFO - Processing file /home/airflow/.local/lib/python3.8/site-packages/airflow/example_dags/example_setup_teardown.py for tasks to queue
[2024-01-11T19:03:16.637+0000] {logging_mixin.py:188} INFO - [2024-01-11T19:03:16.637+0000] {dagbag.py:538} INFO - Filling up the DagBag from /home/airflow/.local/lib/python3.8/site-packages/airflow/example_dags/example_setup_teardown.py
[2024-01-11T19:03:16.642+0000] {processor.py:840} INFO - DAG(s) 'example_setup_teardown' retrieved from /home/airflow/.local/lib/python3.8/site-packages/airflow/example_dags/example_setup_teardown.py
[2024-01-11T19:03:16.656+0000] {logging_mixin.py:188} INFO - [2024-01-11T19:03:16.656+0000] {dag.py:3033} INFO - Sync 1 DAGs
[2024-01-11T19:03:16.668+0000] {logging_mixin.py:188} INFO - [2024-01-11T19:03:16.668+0000] {dag.py:3820} INFO - Setting next_dagrun for example_setup_teardown to 2024-01-10T00:00:00+00:00, run_after=2024-01-11T00:00:00+00:00
[2024-01-11T19:03:16.678+0000] {processor.py:183} INFO - Processing /home/airflow/.local/lib/python3.8/site-packages/airflow/example_dags/example_setup_teardown.py took 0.046 seconds
[2024-01-11T19:03:46.707+0000] {processor.py:161} INFO - Started process (PID=747) to work on /home/airflow/.local/lib/python3.8/site-packages/airflow/example_dags/example_setup_teardown.py
[2024-01-11T19:03:46.708+0000] {processor.py:830} INFO - Processing file /home/airflow/.local/lib/python3.8/site-packages/airflow/example_dags/example_setup_teardown.py for tasks to queue
[2024-01-11T19:03:46.709+0000] {logging_mixin.py:188} INFO - [2024-01-11T19:03:46.709+0000] {dagbag.py:538} INFO - Filling up the DagBag from /home/airflow/.local/lib/python3.8/site-packages/airflow/example_dags/example_setup_teardown.py
[2024-01-11T19:03:46.713+0000] {processor.py:840} INFO - DAG(s) 'example_setup_teardown' retrieved from /home/airflow/.local/lib/python3.8/site-packages/airflow/example_dags/example_setup_teardown.py
[2024-01-11T19:03:46.723+0000] {logging_mixin.py:188} INFO - [2024-01-11T19:03:46.723+0000] {dag.py:3033} INFO - Sync 1 DAGs
[2024-01-11T19:03:46.734+0000] {logging_mixin.py:188} INFO - [2024-01-11T19:03:46.734+0000] {dag.py:3820} INFO - Setting next_dagrun for example_setup_teardown to 2024-01-10T00:00:00+00:00, run_after=2024-01-11T00:00:00+00:00
[2024-01-11T19:03:46.744+0000] {processor.py:183} INFO - Processing /home/airflow/.local/lib/python3.8/site-packages/airflow/example_dags/example_setup_teardown.py took 0.039 seconds
[2024-01-11T19:04:16.823+0000] {processor.py:161} INFO - Started process (PID=803) to work on /home/airflow/.local/lib/python3.8/site-packages/airflow/example_dags/example_setup_teardown.py
[2024-01-11T19:04:16.824+0000] {processor.py:830} INFO - Processing file /home/airflow/.local/lib/python3.8/site-packages/airflow/example_dags/example_setup_teardown.py for tasks to queue
[2024-01-11T19:04:16.825+0000] {logging_mixin.py:188} INFO - [2024-01-11T19:04:16.825+0000] {dagbag.py:538} INFO - Filling up the DagBag from /home/airflow/.local/lib/python3.8/site-packages/airflow/example_dags/example_setup_teardown.py
[2024-01-11T19:04:16.830+0000] {processor.py:840} INFO - DAG(s) 'example_setup_teardown' retrieved from /home/airflow/.local/lib/python3.8/site-packages/airflow/example_dags/example_setup_teardown.py
[2024-01-11T19:04:16.841+0000] {logging_mixin.py:188} INFO - [2024-01-11T19:04:16.841+0000] {dag.py:3033} INFO - Sync 1 DAGs
[2024-01-11T19:04:16.853+0000] {logging_mixin.py:188} INFO - [2024-01-11T19:04:16.852+0000] {dag.py:3820} INFO - Setting next_dagrun for example_setup_teardown to 2024-01-10T00:00:00+00:00, run_after=2024-01-11T00:00:00+00:00
[2024-01-11T19:04:16.862+0000] {processor.py:183} INFO - Processing /home/airflow/.local/lib/python3.8/site-packages/airflow/example_dags/example_setup_teardown.py took 0.041 seconds
[2024-01-11T19:04:47.644+0000] {processor.py:161} INFO - Started process (PID=859) to work on /home/airflow/.local/lib/python3.8/site-packages/airflow/example_dags/example_setup_teardown.py
[2024-01-11T19:04:47.645+0000] {processor.py:830} INFO - Processing file /home/airflow/.local/lib/python3.8/site-packages/airflow/example_dags/example_setup_teardown.py for tasks to queue
[2024-01-11T19:04:47.647+0000] {logging_mixin.py:188} INFO - [2024-01-11T19:04:47.646+0000] {dagbag.py:538} INFO - Filling up the DagBag from /home/airflow/.local/lib/python3.8/site-packages/airflow/example_dags/example_setup_teardown.py
[2024-01-11T19:04:47.651+0000] {processor.py:840} INFO - DAG(s) 'example_setup_teardown' retrieved from /home/airflow/.local/lib/python3.8/site-packages/airflow/example_dags/example_setup_teardown.py
[2024-01-11T19:04:47.662+0000] {logging_mixin.py:188} INFO - [2024-01-11T19:04:47.662+0000] {dag.py:3033} INFO - Sync 1 DAGs
[2024-01-11T19:04:47.674+0000] {logging_mixin.py:188} INFO - [2024-01-11T19:04:47.673+0000] {dag.py:3820} INFO - Setting next_dagrun for example_setup_teardown to 2024-01-10T00:00:00+00:00, run_after=2024-01-11T00:00:00+00:00
[2024-01-11T19:04:47.683+0000] {processor.py:183} INFO - Processing /home/airflow/.local/lib/python3.8/site-packages/airflow/example_dags/example_setup_teardown.py took 0.041 seconds
