[2024-01-11T18:57:35.888+0000] {processor.py:161} INFO - Started process (PID=48) to work on /home/airflow/.local/lib/python3.8/site-packages/airflow/example_dags/example_sensors.py
[2024-01-11T18:57:35.889+0000] {processor.py:830} INFO - Processing file /home/airflow/.local/lib/python3.8/site-packages/airflow/example_dags/example_sensors.py for tasks to queue
[2024-01-11T18:57:35.891+0000] {logging_mixin.py:188} INFO - [2024-01-11T18:57:35.890+0000] {dagbag.py:538} INFO - Filling up the DagBag from /home/airflow/.local/lib/python3.8/site-packages/airflow/example_dags/example_sensors.py
[2024-01-11T18:57:35.898+0000] {processor.py:840} INFO - DAG(s) 'example_sensors' retrieved from /home/airflow/.local/lib/python3.8/site-packages/airflow/example_dags/example_sensors.py
[2024-01-11T18:57:35.906+0000] {logging_mixin.py:188} INFO - [2024-01-11T18:57:35.906+0000] {dag.py:3033} INFO - Sync 1 DAGs
[2024-01-11T18:57:35.914+0000] {logging_mixin.py:188} INFO - [2024-01-11T18:57:35.914+0000] {dag.py:3820} INFO - Setting next_dagrun for example_sensors to None, run_after=None
[2024-01-11T18:57:35.928+0000] {processor.py:183} INFO - Processing /home/airflow/.local/lib/python3.8/site-packages/airflow/example_dags/example_sensors.py took 0.042 seconds
[2024-01-11T18:58:06.276+0000] {processor.py:161} INFO - Started process (PID=104) to work on /home/airflow/.local/lib/python3.8/site-packages/airflow/example_dags/example_sensors.py
[2024-01-11T18:58:06.277+0000] {processor.py:830} INFO - Processing file /home/airflow/.local/lib/python3.8/site-packages/airflow/example_dags/example_sensors.py for tasks to queue
[2024-01-11T18:58:06.279+0000] {logging_mixin.py:188} INFO - [2024-01-11T18:58:06.278+0000] {dagbag.py:538} INFO - Filling up the DagBag from /home/airflow/.local/lib/python3.8/site-packages/airflow/example_dags/example_sensors.py
[2024-01-11T18:58:06.284+0000] {processor.py:840} INFO - DAG(s) 'example_sensors' retrieved from /home/airflow/.local/lib/python3.8/site-packages/airflow/example_dags/example_sensors.py
[2024-01-11T18:58:06.332+0000] {logging_mixin.py:188} INFO - [2024-01-11T18:58:06.332+0000] {dag.py:3033} INFO - Sync 1 DAGs
[2024-01-11T18:58:06.336+0000] {logging_mixin.py:188} INFO - [2024-01-11T18:58:06.336+0000] {dag.py:3820} INFO - Setting next_dagrun for example_sensors to None, run_after=None
[2024-01-11T18:58:06.346+0000] {processor.py:183} INFO - Processing /home/airflow/.local/lib/python3.8/site-packages/airflow/example_dags/example_sensors.py took 0.072 seconds
[2024-01-11T18:58:36.962+0000] {processor.py:161} INFO - Started process (PID=160) to work on /home/airflow/.local/lib/python3.8/site-packages/airflow/example_dags/example_sensors.py
[2024-01-11T18:58:36.963+0000] {processor.py:830} INFO - Processing file /home/airflow/.local/lib/python3.8/site-packages/airflow/example_dags/example_sensors.py for tasks to queue
[2024-01-11T18:58:36.965+0000] {logging_mixin.py:188} INFO - [2024-01-11T18:58:36.965+0000] {dagbag.py:538} INFO - Filling up the DagBag from /home/airflow/.local/lib/python3.8/site-packages/airflow/example_dags/example_sensors.py
[2024-01-11T18:58:36.970+0000] {processor.py:840} INFO - DAG(s) 'example_sensors' retrieved from /home/airflow/.local/lib/python3.8/site-packages/airflow/example_dags/example_sensors.py
[2024-01-11T18:58:36.984+0000] {logging_mixin.py:188} INFO - [2024-01-11T18:58:36.984+0000] {dag.py:3033} INFO - Sync 1 DAGs
[2024-01-11T18:58:36.991+0000] {logging_mixin.py:188} INFO - [2024-01-11T18:58:36.991+0000] {dag.py:3820} INFO - Setting next_dagrun for example_sensors to None, run_after=None
[2024-01-11T18:58:37.002+0000] {processor.py:183} INFO - Processing /home/airflow/.local/lib/python3.8/site-packages/airflow/example_dags/example_sensors.py took 0.042 seconds
[2024-01-11T18:59:07.840+0000] {processor.py:161} INFO - Started process (PID=216) to work on /home/airflow/.local/lib/python3.8/site-packages/airflow/example_dags/example_sensors.py
[2024-01-11T18:59:07.841+0000] {processor.py:830} INFO - Processing file /home/airflow/.local/lib/python3.8/site-packages/airflow/example_dags/example_sensors.py for tasks to queue
[2024-01-11T18:59:07.842+0000] {logging_mixin.py:188} INFO - [2024-01-11T18:59:07.842+0000] {dagbag.py:538} INFO - Filling up the DagBag from /home/airflow/.local/lib/python3.8/site-packages/airflow/example_dags/example_sensors.py
[2024-01-11T18:59:07.847+0000] {processor.py:840} INFO - DAG(s) 'example_sensors' retrieved from /home/airflow/.local/lib/python3.8/site-packages/airflow/example_dags/example_sensors.py
[2024-01-11T18:59:07.862+0000] {logging_mixin.py:188} INFO - [2024-01-11T18:59:07.862+0000] {dag.py:3033} INFO - Sync 1 DAGs
[2024-01-11T18:59:07.869+0000] {logging_mixin.py:188} INFO - [2024-01-11T18:59:07.868+0000] {dag.py:3820} INFO - Setting next_dagrun for example_sensors to None, run_after=None
[2024-01-11T18:59:07.878+0000] {processor.py:183} INFO - Processing /home/airflow/.local/lib/python3.8/site-packages/airflow/example_dags/example_sensors.py took 0.040 seconds
[2024-01-11T18:59:38.718+0000] {processor.py:161} INFO - Started process (PID=272) to work on /home/airflow/.local/lib/python3.8/site-packages/airflow/example_dags/example_sensors.py
[2024-01-11T18:59:38.718+0000] {processor.py:830} INFO - Processing file /home/airflow/.local/lib/python3.8/site-packages/airflow/example_dags/example_sensors.py for tasks to queue
[2024-01-11T18:59:38.720+0000] {logging_mixin.py:188} INFO - [2024-01-11T18:59:38.720+0000] {dagbag.py:538} INFO - Filling up the DagBag from /home/airflow/.local/lib/python3.8/site-packages/airflow/example_dags/example_sensors.py
[2024-01-11T18:59:38.726+0000] {processor.py:840} INFO - DAG(s) 'example_sensors' retrieved from /home/airflow/.local/lib/python3.8/site-packages/airflow/example_dags/example_sensors.py
[2024-01-11T18:59:38.740+0000] {logging_mixin.py:188} INFO - [2024-01-11T18:59:38.740+0000] {dag.py:3033} INFO - Sync 1 DAGs
[2024-01-11T18:59:38.747+0000] {logging_mixin.py:188} INFO - [2024-01-11T18:59:38.746+0000] {dag.py:3820} INFO - Setting next_dagrun for example_sensors to None, run_after=None
[2024-01-11T18:59:38.756+0000] {processor.py:183} INFO - Processing /home/airflow/.local/lib/python3.8/site-packages/airflow/example_dags/example_sensors.py took 0.041 seconds
[2024-01-11T19:00:09.570+0000] {processor.py:161} INFO - Started process (PID=328) to work on /home/airflow/.local/lib/python3.8/site-packages/airflow/example_dags/example_sensors.py
[2024-01-11T19:00:09.571+0000] {processor.py:830} INFO - Processing file /home/airflow/.local/lib/python3.8/site-packages/airflow/example_dags/example_sensors.py for tasks to queue
[2024-01-11T19:00:09.572+0000] {logging_mixin.py:188} INFO - [2024-01-11T19:00:09.572+0000] {dagbag.py:538} INFO - Filling up the DagBag from /home/airflow/.local/lib/python3.8/site-packages/airflow/example_dags/example_sensors.py
[2024-01-11T19:00:09.577+0000] {processor.py:840} INFO - DAG(s) 'example_sensors' retrieved from /home/airflow/.local/lib/python3.8/site-packages/airflow/example_dags/example_sensors.py
[2024-01-11T19:00:09.591+0000] {logging_mixin.py:188} INFO - [2024-01-11T19:00:09.591+0000] {dag.py:3033} INFO - Sync 1 DAGs
[2024-01-11T19:00:09.598+0000] {logging_mixin.py:188} INFO - [2024-01-11T19:00:09.598+0000] {dag.py:3820} INFO - Setting next_dagrun for example_sensors to None, run_after=None
[2024-01-11T19:00:09.607+0000] {processor.py:183} INFO - Processing /home/airflow/.local/lib/python3.8/site-packages/airflow/example_dags/example_sensors.py took 0.039 seconds
[2024-01-11T19:00:40.276+0000] {processor.py:161} INFO - Started process (PID=384) to work on /home/airflow/.local/lib/python3.8/site-packages/airflow/example_dags/example_sensors.py
[2024-01-11T19:00:40.277+0000] {processor.py:830} INFO - Processing file /home/airflow/.local/lib/python3.8/site-packages/airflow/example_dags/example_sensors.py for tasks to queue
[2024-01-11T19:00:40.278+0000] {logging_mixin.py:188} INFO - [2024-01-11T19:00:40.278+0000] {dagbag.py:538} INFO - Filling up the DagBag from /home/airflow/.local/lib/python3.8/site-packages/airflow/example_dags/example_sensors.py
[2024-01-11T19:00:40.284+0000] {processor.py:840} INFO - DAG(s) 'example_sensors' retrieved from /home/airflow/.local/lib/python3.8/site-packages/airflow/example_dags/example_sensors.py
[2024-01-11T19:00:40.298+0000] {logging_mixin.py:188} INFO - [2024-01-11T19:00:40.298+0000] {dag.py:3033} INFO - Sync 1 DAGs
[2024-01-11T19:00:40.305+0000] {logging_mixin.py:188} INFO - [2024-01-11T19:00:40.305+0000] {dag.py:3820} INFO - Setting next_dagrun for example_sensors to None, run_after=None
[2024-01-11T19:00:40.314+0000] {processor.py:183} INFO - Processing /home/airflow/.local/lib/python3.8/site-packages/airflow/example_dags/example_sensors.py took 0.040 seconds
[2024-01-11T19:01:11.045+0000] {processor.py:161} INFO - Started process (PID=440) to work on /home/airflow/.local/lib/python3.8/site-packages/airflow/example_dags/example_sensors.py
[2024-01-11T19:01:11.046+0000] {processor.py:830} INFO - Processing file /home/airflow/.local/lib/python3.8/site-packages/airflow/example_dags/example_sensors.py for tasks to queue
[2024-01-11T19:01:11.048+0000] {logging_mixin.py:188} INFO - [2024-01-11T19:01:11.047+0000] {dagbag.py:538} INFO - Filling up the DagBag from /home/airflow/.local/lib/python3.8/site-packages/airflow/example_dags/example_sensors.py
[2024-01-11T19:01:11.052+0000] {processor.py:840} INFO - DAG(s) 'example_sensors' retrieved from /home/airflow/.local/lib/python3.8/site-packages/airflow/example_dags/example_sensors.py
[2024-01-11T19:01:11.065+0000] {logging_mixin.py:188} INFO - [2024-01-11T19:01:11.065+0000] {dag.py:3033} INFO - Sync 1 DAGs
[2024-01-11T19:01:11.071+0000] {logging_mixin.py:188} INFO - [2024-01-11T19:01:11.071+0000] {dag.py:3820} INFO - Setting next_dagrun for example_sensors to None, run_after=None
[2024-01-11T19:01:11.080+0000] {processor.py:183} INFO - Processing /home/airflow/.local/lib/python3.8/site-packages/airflow/example_dags/example_sensors.py took 0.037 seconds
[2024-01-11T19:01:41.148+0000] {processor.py:161} INFO - Started process (PID=496) to work on /home/airflow/.local/lib/python3.8/site-packages/airflow/example_dags/example_sensors.py
[2024-01-11T19:01:41.149+0000] {processor.py:830} INFO - Processing file /home/airflow/.local/lib/python3.8/site-packages/airflow/example_dags/example_sensors.py for tasks to queue
[2024-01-11T19:01:41.150+0000] {logging_mixin.py:188} INFO - [2024-01-11T19:01:41.150+0000] {dagbag.py:538} INFO - Filling up the DagBag from /home/airflow/.local/lib/python3.8/site-packages/airflow/example_dags/example_sensors.py
[2024-01-11T19:01:41.155+0000] {processor.py:840} INFO - DAG(s) 'example_sensors' retrieved from /home/airflow/.local/lib/python3.8/site-packages/airflow/example_dags/example_sensors.py
[2024-01-11T19:01:41.169+0000] {logging_mixin.py:188} INFO - [2024-01-11T19:01:41.169+0000] {dag.py:3033} INFO - Sync 1 DAGs
[2024-01-11T19:01:41.176+0000] {logging_mixin.py:188} INFO - [2024-01-11T19:01:41.175+0000] {dag.py:3820} INFO - Setting next_dagrun for example_sensors to None, run_after=None
[2024-01-11T19:01:41.185+0000] {processor.py:183} INFO - Processing /home/airflow/.local/lib/python3.8/site-packages/airflow/example_dags/example_sensors.py took 0.039 seconds
[2024-01-11T19:02:12.024+0000] {processor.py:161} INFO - Started process (PID=552) to work on /home/airflow/.local/lib/python3.8/site-packages/airflow/example_dags/example_sensors.py
[2024-01-11T19:02:12.025+0000] {processor.py:830} INFO - Processing file /home/airflow/.local/lib/python3.8/site-packages/airflow/example_dags/example_sensors.py for tasks to queue
[2024-01-11T19:02:12.026+0000] {logging_mixin.py:188} INFO - [2024-01-11T19:02:12.026+0000] {dagbag.py:538} INFO - Filling up the DagBag from /home/airflow/.local/lib/python3.8/site-packages/airflow/example_dags/example_sensors.py
[2024-01-11T19:02:12.031+0000] {processor.py:840} INFO - DAG(s) 'example_sensors' retrieved from /home/airflow/.local/lib/python3.8/site-packages/airflow/example_dags/example_sensors.py
[2024-01-11T19:02:12.045+0000] {logging_mixin.py:188} INFO - [2024-01-11T19:02:12.045+0000] {dag.py:3033} INFO - Sync 1 DAGs
[2024-01-11T19:02:12.052+0000] {logging_mixin.py:188} INFO - [2024-01-11T19:02:12.051+0000] {dag.py:3820} INFO - Setting next_dagrun for example_sensors to None, run_after=None
[2024-01-11T19:02:12.062+0000] {processor.py:183} INFO - Processing /home/airflow/.local/lib/python3.8/site-packages/airflow/example_dags/example_sensors.py took 0.040 seconds
[2024-01-11T19:02:42.832+0000] {processor.py:161} INFO - Started process (PID=608) to work on /home/airflow/.local/lib/python3.8/site-packages/airflow/example_dags/example_sensors.py
[2024-01-11T19:02:42.833+0000] {processor.py:830} INFO - Processing file /home/airflow/.local/lib/python3.8/site-packages/airflow/example_dags/example_sensors.py for tasks to queue
[2024-01-11T19:02:42.835+0000] {logging_mixin.py:188} INFO - [2024-01-11T19:02:42.834+0000] {dagbag.py:538} INFO - Filling up the DagBag from /home/airflow/.local/lib/python3.8/site-packages/airflow/example_dags/example_sensors.py
[2024-01-11T19:02:42.840+0000] {processor.py:840} INFO - DAG(s) 'example_sensors' retrieved from /home/airflow/.local/lib/python3.8/site-packages/airflow/example_dags/example_sensors.py
[2024-01-11T19:02:42.855+0000] {logging_mixin.py:188} INFO - [2024-01-11T19:02:42.855+0000] {dag.py:3033} INFO - Sync 1 DAGs
[2024-01-11T19:02:42.862+0000] {logging_mixin.py:188} INFO - [2024-01-11T19:02:42.862+0000] {dag.py:3820} INFO - Setting next_dagrun for example_sensors to None, run_after=None
[2024-01-11T19:02:42.872+0000] {processor.py:183} INFO - Processing /home/airflow/.local/lib/python3.8/site-packages/airflow/example_dags/example_sensors.py took 0.042 seconds
[2024-01-11T19:03:13.639+0000] {processor.py:161} INFO - Started process (PID=663) to work on /home/airflow/.local/lib/python3.8/site-packages/airflow/example_dags/example_sensors.py
[2024-01-11T19:03:13.640+0000] {processor.py:830} INFO - Processing file /home/airflow/.local/lib/python3.8/site-packages/airflow/example_dags/example_sensors.py for tasks to queue
[2024-01-11T19:03:13.641+0000] {logging_mixin.py:188} INFO - [2024-01-11T19:03:13.641+0000] {dagbag.py:538} INFO - Filling up the DagBag from /home/airflow/.local/lib/python3.8/site-packages/airflow/example_dags/example_sensors.py
[2024-01-11T19:03:13.646+0000] {processor.py:840} INFO - DAG(s) 'example_sensors' retrieved from /home/airflow/.local/lib/python3.8/site-packages/airflow/example_dags/example_sensors.py
[2024-01-11T19:03:13.659+0000] {logging_mixin.py:188} INFO - [2024-01-11T19:03:13.659+0000] {dag.py:3033} INFO - Sync 1 DAGs
[2024-01-11T19:03:13.665+0000] {logging_mixin.py:188} INFO - [2024-01-11T19:03:13.665+0000] {dag.py:3820} INFO - Setting next_dagrun for example_sensors to None, run_after=None
[2024-01-11T19:03:13.674+0000] {processor.py:183} INFO - Processing /home/airflow/.local/lib/python3.8/site-packages/airflow/example_dags/example_sensors.py took 0.037 seconds
[2024-01-11T19:03:43.749+0000] {processor.py:161} INFO - Started process (PID=719) to work on /home/airflow/.local/lib/python3.8/site-packages/airflow/example_dags/example_sensors.py
[2024-01-11T19:03:43.750+0000] {processor.py:830} INFO - Processing file /home/airflow/.local/lib/python3.8/site-packages/airflow/example_dags/example_sensors.py for tasks to queue
[2024-01-11T19:03:43.751+0000] {logging_mixin.py:188} INFO - [2024-01-11T19:03:43.751+0000] {dagbag.py:538} INFO - Filling up the DagBag from /home/airflow/.local/lib/python3.8/site-packages/airflow/example_dags/example_sensors.py
[2024-01-11T19:03:43.756+0000] {processor.py:840} INFO - DAG(s) 'example_sensors' retrieved from /home/airflow/.local/lib/python3.8/site-packages/airflow/example_dags/example_sensors.py
[2024-01-11T19:03:43.771+0000] {logging_mixin.py:188} INFO - [2024-01-11T19:03:43.770+0000] {dag.py:3033} INFO - Sync 1 DAGs
[2024-01-11T19:03:43.777+0000] {logging_mixin.py:188} INFO - [2024-01-11T19:03:43.777+0000] {dag.py:3820} INFO - Setting next_dagrun for example_sensors to None, run_after=None
[2024-01-11T19:03:43.786+0000] {processor.py:183} INFO - Processing /home/airflow/.local/lib/python3.8/site-packages/airflow/example_dags/example_sensors.py took 0.040 seconds
[2024-01-11T19:04:13.909+0000] {processor.py:161} INFO - Started process (PID=775) to work on /home/airflow/.local/lib/python3.8/site-packages/airflow/example_dags/example_sensors.py
[2024-01-11T19:04:13.909+0000] {processor.py:830} INFO - Processing file /home/airflow/.local/lib/python3.8/site-packages/airflow/example_dags/example_sensors.py for tasks to queue
[2024-01-11T19:04:13.911+0000] {logging_mixin.py:188} INFO - [2024-01-11T19:04:13.911+0000] {dagbag.py:538} INFO - Filling up the DagBag from /home/airflow/.local/lib/python3.8/site-packages/airflow/example_dags/example_sensors.py
[2024-01-11T19:04:13.916+0000] {processor.py:840} INFO - DAG(s) 'example_sensors' retrieved from /home/airflow/.local/lib/python3.8/site-packages/airflow/example_dags/example_sensors.py
[2024-01-11T19:04:13.929+0000] {logging_mixin.py:188} INFO - [2024-01-11T19:04:13.929+0000] {dag.py:3033} INFO - Sync 1 DAGs
[2024-01-11T19:04:13.935+0000] {logging_mixin.py:188} INFO - [2024-01-11T19:04:13.935+0000] {dag.py:3820} INFO - Setting next_dagrun for example_sensors to None, run_after=None
[2024-01-11T19:04:13.943+0000] {processor.py:183} INFO - Processing /home/airflow/.local/lib/python3.8/site-packages/airflow/example_dags/example_sensors.py took 0.037 seconds
[2024-01-11T19:04:44.797+0000] {processor.py:161} INFO - Started process (PID=831) to work on /home/airflow/.local/lib/python3.8/site-packages/airflow/example_dags/example_sensors.py
[2024-01-11T19:04:44.798+0000] {processor.py:830} INFO - Processing file /home/airflow/.local/lib/python3.8/site-packages/airflow/example_dags/example_sensors.py for tasks to queue
[2024-01-11T19:04:44.799+0000] {logging_mixin.py:188} INFO - [2024-01-11T19:04:44.799+0000] {dagbag.py:538} INFO - Filling up the DagBag from /home/airflow/.local/lib/python3.8/site-packages/airflow/example_dags/example_sensors.py
[2024-01-11T19:04:44.804+0000] {processor.py:840} INFO - DAG(s) 'example_sensors' retrieved from /home/airflow/.local/lib/python3.8/site-packages/airflow/example_dags/example_sensors.py
[2024-01-11T19:04:44.819+0000] {logging_mixin.py:188} INFO - [2024-01-11T19:04:44.818+0000] {dag.py:3033} INFO - Sync 1 DAGs
[2024-01-11T19:04:44.825+0000] {logging_mixin.py:188} INFO - [2024-01-11T19:04:44.825+0000] {dag.py:3820} INFO - Setting next_dagrun for example_sensors to None, run_after=None
[2024-01-11T19:04:44.834+0000] {processor.py:183} INFO - Processing /home/airflow/.local/lib/python3.8/site-packages/airflow/example_dags/example_sensors.py took 0.039 seconds
