[2024-01-11T18:57:37.388+0000] {processor.py:161} INFO - Started process (PID=72) to work on /home/airflow/.local/lib/python3.8/site-packages/airflow/example_dags/example_skip_dag.py
[2024-01-11T18:57:37.389+0000] {processor.py:830} INFO - Processing file /home/airflow/.local/lib/python3.8/site-packages/airflow/example_dags/example_skip_dag.py for tasks to queue
[2024-01-11T18:57:37.392+0000] {logging_mixin.py:188} INFO - [2024-01-11T18:57:37.391+0000] {dagbag.py:538} INFO - Filling up the DagBag from /home/airflow/.local/lib/python3.8/site-packages/airflow/example_dags/example_skip_dag.py
[2024-01-11T18:57:37.400+0000] {processor.py:840} INFO - DAG(s) 'example_skip_dag' retrieved from /home/airflow/.local/lib/python3.8/site-packages/airflow/example_dags/example_skip_dag.py
[2024-01-11T18:57:37.415+0000] {logging_mixin.py:188} INFO - [2024-01-11T18:57:37.414+0000] {dag.py:3033} INFO - Sync 1 DAGs
[2024-01-11T18:57:37.440+0000] {logging_mixin.py:188} INFO - [2024-01-11T18:57:37.440+0000] {dag.py:3820} INFO - Setting next_dagrun for example_skip_dag to 2024-01-10T00:00:00+00:00, run_after=2024-01-11T00:00:00+00:00
[2024-01-11T18:57:37.456+0000] {processor.py:183} INFO - Processing /home/airflow/.local/lib/python3.8/site-packages/airflow/example_dags/example_skip_dag.py took 0.071 seconds
[2024-01-11T18:58:07.690+0000] {processor.py:161} INFO - Started process (PID=128) to work on /home/airflow/.local/lib/python3.8/site-packages/airflow/example_dags/example_skip_dag.py
[2024-01-11T18:58:07.691+0000] {processor.py:830} INFO - Processing file /home/airflow/.local/lib/python3.8/site-packages/airflow/example_dags/example_skip_dag.py for tasks to queue
[2024-01-11T18:58:07.692+0000] {logging_mixin.py:188} INFO - [2024-01-11T18:58:07.692+0000] {dagbag.py:538} INFO - Filling up the DagBag from /home/airflow/.local/lib/python3.8/site-packages/airflow/example_dags/example_skip_dag.py
[2024-01-11T18:58:07.697+0000] {processor.py:840} INFO - DAG(s) 'example_skip_dag' retrieved from /home/airflow/.local/lib/python3.8/site-packages/airflow/example_dags/example_skip_dag.py
[2024-01-11T18:58:07.750+0000] {logging_mixin.py:188} INFO - [2024-01-11T18:58:07.750+0000] {dag.py:3033} INFO - Sync 1 DAGs
[2024-01-11T18:58:07.760+0000] {logging_mixin.py:188} INFO - [2024-01-11T18:58:07.760+0000] {dag.py:3820} INFO - Setting next_dagrun for example_skip_dag to 2024-01-10T00:00:00+00:00, run_after=2024-01-11T00:00:00+00:00
[2024-01-11T18:58:07.770+0000] {processor.py:183} INFO - Processing /home/airflow/.local/lib/python3.8/site-packages/airflow/example_dags/example_skip_dag.py took 0.082 seconds
[2024-01-11T18:58:37.833+0000] {processor.py:161} INFO - Started process (PID=184) to work on /home/airflow/.local/lib/python3.8/site-packages/airflow/example_dags/example_skip_dag.py
[2024-01-11T18:58:37.834+0000] {processor.py:830} INFO - Processing file /home/airflow/.local/lib/python3.8/site-packages/airflow/example_dags/example_skip_dag.py for tasks to queue
[2024-01-11T18:58:37.835+0000] {logging_mixin.py:188} INFO - [2024-01-11T18:58:37.835+0000] {dagbag.py:538} INFO - Filling up the DagBag from /home/airflow/.local/lib/python3.8/site-packages/airflow/example_dags/example_skip_dag.py
[2024-01-11T18:58:37.839+0000] {processor.py:840} INFO - DAG(s) 'example_skip_dag' retrieved from /home/airflow/.local/lib/python3.8/site-packages/airflow/example_dags/example_skip_dag.py
[2024-01-11T18:58:37.852+0000] {logging_mixin.py:188} INFO - [2024-01-11T18:58:37.851+0000] {dag.py:3033} INFO - Sync 1 DAGs
[2024-01-11T18:58:37.864+0000] {logging_mixin.py:188} INFO - [2024-01-11T18:58:37.863+0000] {dag.py:3820} INFO - Setting next_dagrun for example_skip_dag to 2024-01-10T00:00:00+00:00, run_after=2024-01-11T00:00:00+00:00
[2024-01-11T18:58:37.872+0000] {processor.py:183} INFO - Processing /home/airflow/.local/lib/python3.8/site-packages/airflow/example_dags/example_skip_dag.py took 0.042 seconds
[2024-01-11T18:59:08.559+0000] {processor.py:161} INFO - Started process (PID=240) to work on /home/airflow/.local/lib/python3.8/site-packages/airflow/example_dags/example_skip_dag.py
[2024-01-11T18:59:08.560+0000] {processor.py:830} INFO - Processing file /home/airflow/.local/lib/python3.8/site-packages/airflow/example_dags/example_skip_dag.py for tasks to queue
[2024-01-11T18:59:08.562+0000] {logging_mixin.py:188} INFO - [2024-01-11T18:59:08.562+0000] {dagbag.py:538} INFO - Filling up the DagBag from /home/airflow/.local/lib/python3.8/site-packages/airflow/example_dags/example_skip_dag.py
[2024-01-11T18:59:08.566+0000] {processor.py:840} INFO - DAG(s) 'example_skip_dag' retrieved from /home/airflow/.local/lib/python3.8/site-packages/airflow/example_dags/example_skip_dag.py
[2024-01-11T18:59:08.579+0000] {logging_mixin.py:188} INFO - [2024-01-11T18:59:08.579+0000] {dag.py:3033} INFO - Sync 1 DAGs
[2024-01-11T18:59:08.591+0000] {logging_mixin.py:188} INFO - [2024-01-11T18:59:08.591+0000] {dag.py:3820} INFO - Setting next_dagrun for example_skip_dag to 2024-01-10T00:00:00+00:00, run_after=2024-01-11T00:00:00+00:00
[2024-01-11T18:59:08.601+0000] {processor.py:183} INFO - Processing /home/airflow/.local/lib/python3.8/site-packages/airflow/example_dags/example_skip_dag.py took 0.044 seconds
[2024-01-11T18:59:39.362+0000] {processor.py:161} INFO - Started process (PID=296) to work on /home/airflow/.local/lib/python3.8/site-packages/airflow/example_dags/example_skip_dag.py
[2024-01-11T18:59:39.362+0000] {processor.py:830} INFO - Processing file /home/airflow/.local/lib/python3.8/site-packages/airflow/example_dags/example_skip_dag.py for tasks to queue
[2024-01-11T18:59:39.364+0000] {logging_mixin.py:188} INFO - [2024-01-11T18:59:39.364+0000] {dagbag.py:538} INFO - Filling up the DagBag from /home/airflow/.local/lib/python3.8/site-packages/airflow/example_dags/example_skip_dag.py
[2024-01-11T18:59:39.368+0000] {processor.py:840} INFO - DAG(s) 'example_skip_dag' retrieved from /home/airflow/.local/lib/python3.8/site-packages/airflow/example_dags/example_skip_dag.py
[2024-01-11T18:59:39.381+0000] {logging_mixin.py:188} INFO - [2024-01-11T18:59:39.381+0000] {dag.py:3033} INFO - Sync 1 DAGs
[2024-01-11T18:59:39.392+0000] {logging_mixin.py:188} INFO - [2024-01-11T18:59:39.392+0000] {dag.py:3820} INFO - Setting next_dagrun for example_skip_dag to 2024-01-10T00:00:00+00:00, run_after=2024-01-11T00:00:00+00:00
[2024-01-11T18:59:39.401+0000] {processor.py:183} INFO - Processing /home/airflow/.local/lib/python3.8/site-packages/airflow/example_dags/example_skip_dag.py took 0.042 seconds
[2024-01-11T19:00:10.210+0000] {processor.py:161} INFO - Started process (PID=352) to work on /home/airflow/.local/lib/python3.8/site-packages/airflow/example_dags/example_skip_dag.py
[2024-01-11T19:00:10.211+0000] {processor.py:830} INFO - Processing file /home/airflow/.local/lib/python3.8/site-packages/airflow/example_dags/example_skip_dag.py for tasks to queue
[2024-01-11T19:00:10.212+0000] {logging_mixin.py:188} INFO - [2024-01-11T19:00:10.212+0000] {dagbag.py:538} INFO - Filling up the DagBag from /home/airflow/.local/lib/python3.8/site-packages/airflow/example_dags/example_skip_dag.py
[2024-01-11T19:00:10.217+0000] {processor.py:840} INFO - DAG(s) 'example_skip_dag' retrieved from /home/airflow/.local/lib/python3.8/site-packages/airflow/example_dags/example_skip_dag.py
[2024-01-11T19:00:10.230+0000] {logging_mixin.py:188} INFO - [2024-01-11T19:00:10.230+0000] {dag.py:3033} INFO - Sync 1 DAGs
[2024-01-11T19:00:10.241+0000] {logging_mixin.py:188} INFO - [2024-01-11T19:00:10.241+0000] {dag.py:3820} INFO - Setting next_dagrun for example_skip_dag to 2024-01-10T00:00:00+00:00, run_after=2024-01-11T00:00:00+00:00
[2024-01-11T19:00:10.251+0000] {processor.py:183} INFO - Processing /home/airflow/.local/lib/python3.8/site-packages/airflow/example_dags/example_skip_dag.py took 0.043 seconds
[2024-01-11T19:00:40.913+0000] {processor.py:161} INFO - Started process (PID=408) to work on /home/airflow/.local/lib/python3.8/site-packages/airflow/example_dags/example_skip_dag.py
[2024-01-11T19:00:40.914+0000] {processor.py:830} INFO - Processing file /home/airflow/.local/lib/python3.8/site-packages/airflow/example_dags/example_skip_dag.py for tasks to queue
[2024-01-11T19:00:40.916+0000] {logging_mixin.py:188} INFO - [2024-01-11T19:00:40.915+0000] {dagbag.py:538} INFO - Filling up the DagBag from /home/airflow/.local/lib/python3.8/site-packages/airflow/example_dags/example_skip_dag.py
[2024-01-11T19:00:40.920+0000] {processor.py:840} INFO - DAG(s) 'example_skip_dag' retrieved from /home/airflow/.local/lib/python3.8/site-packages/airflow/example_dags/example_skip_dag.py
[2024-01-11T19:00:40.932+0000] {logging_mixin.py:188} INFO - [2024-01-11T19:00:40.931+0000] {dag.py:3033} INFO - Sync 1 DAGs
[2024-01-11T19:00:40.942+0000] {logging_mixin.py:188} INFO - [2024-01-11T19:00:40.942+0000] {dag.py:3820} INFO - Setting next_dagrun for example_skip_dag to 2024-01-10T00:00:00+00:00, run_after=2024-01-11T00:00:00+00:00
[2024-01-11T19:00:40.951+0000] {processor.py:183} INFO - Processing /home/airflow/.local/lib/python3.8/site-packages/airflow/example_dags/example_skip_dag.py took 0.040 seconds
[2024-01-11T19:01:11.873+0000] {processor.py:161} INFO - Started process (PID=464) to work on /home/airflow/.local/lib/python3.8/site-packages/airflow/example_dags/example_skip_dag.py
[2024-01-11T19:01:11.874+0000] {processor.py:830} INFO - Processing file /home/airflow/.local/lib/python3.8/site-packages/airflow/example_dags/example_skip_dag.py for tasks to queue
[2024-01-11T19:01:11.875+0000] {logging_mixin.py:188} INFO - [2024-01-11T19:01:11.875+0000] {dagbag.py:538} INFO - Filling up the DagBag from /home/airflow/.local/lib/python3.8/site-packages/airflow/example_dags/example_skip_dag.py
[2024-01-11T19:01:11.879+0000] {processor.py:840} INFO - DAG(s) 'example_skip_dag' retrieved from /home/airflow/.local/lib/python3.8/site-packages/airflow/example_dags/example_skip_dag.py
[2024-01-11T19:01:11.891+0000] {logging_mixin.py:188} INFO - [2024-01-11T19:01:11.891+0000] {dag.py:3033} INFO - Sync 1 DAGs
[2024-01-11T19:01:11.903+0000] {logging_mixin.py:188} INFO - [2024-01-11T19:01:11.903+0000] {dag.py:3820} INFO - Setting next_dagrun for example_skip_dag to 2024-01-10T00:00:00+00:00, run_after=2024-01-11T00:00:00+00:00
[2024-01-11T19:01:11.913+0000] {processor.py:183} INFO - Processing /home/airflow/.local/lib/python3.8/site-packages/airflow/example_dags/example_skip_dag.py took 0.042 seconds
[2024-01-11T19:01:42.878+0000] {processor.py:161} INFO - Started process (PID=520) to work on /home/airflow/.local/lib/python3.8/site-packages/airflow/example_dags/example_skip_dag.py
[2024-01-11T19:01:42.879+0000] {processor.py:830} INFO - Processing file /home/airflow/.local/lib/python3.8/site-packages/airflow/example_dags/example_skip_dag.py for tasks to queue
[2024-01-11T19:01:42.881+0000] {logging_mixin.py:188} INFO - [2024-01-11T19:01:42.880+0000] {dagbag.py:538} INFO - Filling up the DagBag from /home/airflow/.local/lib/python3.8/site-packages/airflow/example_dags/example_skip_dag.py
[2024-01-11T19:01:42.885+0000] {processor.py:840} INFO - DAG(s) 'example_skip_dag' retrieved from /home/airflow/.local/lib/python3.8/site-packages/airflow/example_dags/example_skip_dag.py
[2024-01-11T19:01:42.897+0000] {logging_mixin.py:188} INFO - [2024-01-11T19:01:42.897+0000] {dag.py:3033} INFO - Sync 1 DAGs
[2024-01-11T19:01:42.908+0000] {logging_mixin.py:188} INFO - [2024-01-11T19:01:42.908+0000] {dag.py:3820} INFO - Setting next_dagrun for example_skip_dag to 2024-01-10T00:00:00+00:00, run_after=2024-01-11T00:00:00+00:00
[2024-01-11T19:01:42.917+0000] {processor.py:183} INFO - Processing /home/airflow/.local/lib/python3.8/site-packages/airflow/example_dags/example_skip_dag.py took 0.041 seconds
[2024-01-11T19:02:13.727+0000] {processor.py:161} INFO - Started process (PID=576) to work on /home/airflow/.local/lib/python3.8/site-packages/airflow/example_dags/example_skip_dag.py
[2024-01-11T19:02:13.728+0000] {processor.py:830} INFO - Processing file /home/airflow/.local/lib/python3.8/site-packages/airflow/example_dags/example_skip_dag.py for tasks to queue
[2024-01-11T19:02:13.730+0000] {logging_mixin.py:188} INFO - [2024-01-11T19:02:13.729+0000] {dagbag.py:538} INFO - Filling up the DagBag from /home/airflow/.local/lib/python3.8/site-packages/airflow/example_dags/example_skip_dag.py
[2024-01-11T19:02:13.734+0000] {processor.py:840} INFO - DAG(s) 'example_skip_dag' retrieved from /home/airflow/.local/lib/python3.8/site-packages/airflow/example_dags/example_skip_dag.py
[2024-01-11T19:02:13.746+0000] {logging_mixin.py:188} INFO - [2024-01-11T19:02:13.746+0000] {dag.py:3033} INFO - Sync 1 DAGs
[2024-01-11T19:02:13.757+0000] {logging_mixin.py:188} INFO - [2024-01-11T19:02:13.757+0000] {dag.py:3820} INFO - Setting next_dagrun for example_skip_dag to 2024-01-10T00:00:00+00:00, run_after=2024-01-11T00:00:00+00:00
[2024-01-11T19:02:13.766+0000] {processor.py:183} INFO - Processing /home/airflow/.local/lib/python3.8/site-packages/airflow/example_dags/example_skip_dag.py took 0.041 seconds
[2024-01-11T19:02:44.553+0000] {processor.py:161} INFO - Started process (PID=632) to work on /home/airflow/.local/lib/python3.8/site-packages/airflow/example_dags/example_skip_dag.py
[2024-01-11T19:02:44.553+0000] {processor.py:830} INFO - Processing file /home/airflow/.local/lib/python3.8/site-packages/airflow/example_dags/example_skip_dag.py for tasks to queue
[2024-01-11T19:02:44.555+0000] {logging_mixin.py:188} INFO - [2024-01-11T19:02:44.555+0000] {dagbag.py:538} INFO - Filling up the DagBag from /home/airflow/.local/lib/python3.8/site-packages/airflow/example_dags/example_skip_dag.py
[2024-01-11T19:02:44.559+0000] {processor.py:840} INFO - DAG(s) 'example_skip_dag' retrieved from /home/airflow/.local/lib/python3.8/site-packages/airflow/example_dags/example_skip_dag.py
[2024-01-11T19:02:44.572+0000] {logging_mixin.py:188} INFO - [2024-01-11T19:02:44.572+0000] {dag.py:3033} INFO - Sync 1 DAGs
[2024-01-11T19:02:44.583+0000] {logging_mixin.py:188} INFO - [2024-01-11T19:02:44.583+0000] {dag.py:3820} INFO - Setting next_dagrun for example_skip_dag to 2024-01-10T00:00:00+00:00, run_after=2024-01-11T00:00:00+00:00
[2024-01-11T19:02:44.593+0000] {processor.py:183} INFO - Processing /home/airflow/.local/lib/python3.8/site-packages/airflow/example_dags/example_skip_dag.py took 0.043 seconds
[2024-01-11T19:03:15.414+0000] {processor.py:161} INFO - Started process (PID=687) to work on /home/airflow/.local/lib/python3.8/site-packages/airflow/example_dags/example_skip_dag.py
[2024-01-11T19:03:15.415+0000] {processor.py:830} INFO - Processing file /home/airflow/.local/lib/python3.8/site-packages/airflow/example_dags/example_skip_dag.py for tasks to queue
[2024-01-11T19:03:15.417+0000] {logging_mixin.py:188} INFO - [2024-01-11T19:03:15.416+0000] {dagbag.py:538} INFO - Filling up the DagBag from /home/airflow/.local/lib/python3.8/site-packages/airflow/example_dags/example_skip_dag.py
[2024-01-11T19:03:15.421+0000] {processor.py:840} INFO - DAG(s) 'example_skip_dag' retrieved from /home/airflow/.local/lib/python3.8/site-packages/airflow/example_dags/example_skip_dag.py
[2024-01-11T19:03:15.433+0000] {logging_mixin.py:188} INFO - [2024-01-11T19:03:15.433+0000] {dag.py:3033} INFO - Sync 1 DAGs
[2024-01-11T19:03:15.444+0000] {logging_mixin.py:188} INFO - [2024-01-11T19:03:15.444+0000] {dag.py:3820} INFO - Setting next_dagrun for example_skip_dag to 2024-01-10T00:00:00+00:00, run_after=2024-01-11T00:00:00+00:00
[2024-01-11T19:03:15.453+0000] {processor.py:183} INFO - Processing /home/airflow/.local/lib/python3.8/site-packages/airflow/example_dags/example_skip_dag.py took 0.041 seconds
[2024-01-11T19:03:45.520+0000] {processor.py:161} INFO - Started process (PID=743) to work on /home/airflow/.local/lib/python3.8/site-packages/airflow/example_dags/example_skip_dag.py
[2024-01-11T19:03:45.521+0000] {processor.py:830} INFO - Processing file /home/airflow/.local/lib/python3.8/site-packages/airflow/example_dags/example_skip_dag.py for tasks to queue
[2024-01-11T19:03:45.523+0000] {logging_mixin.py:188} INFO - [2024-01-11T19:03:45.523+0000] {dagbag.py:538} INFO - Filling up the DagBag from /home/airflow/.local/lib/python3.8/site-packages/airflow/example_dags/example_skip_dag.py
[2024-01-11T19:03:45.528+0000] {processor.py:840} INFO - DAG(s) 'example_skip_dag' retrieved from /home/airflow/.local/lib/python3.8/site-packages/airflow/example_dags/example_skip_dag.py
[2024-01-11T19:03:45.541+0000] {logging_mixin.py:188} INFO - [2024-01-11T19:03:45.541+0000] {dag.py:3033} INFO - Sync 1 DAGs
[2024-01-11T19:03:45.555+0000] {logging_mixin.py:188} INFO - [2024-01-11T19:03:45.555+0000] {dag.py:3820} INFO - Setting next_dagrun for example_skip_dag to 2024-01-10T00:00:00+00:00, run_after=2024-01-11T00:00:00+00:00
[2024-01-11T19:03:45.567+0000] {processor.py:183} INFO - Processing /home/airflow/.local/lib/python3.8/site-packages/airflow/example_dags/example_skip_dag.py took 0.049 seconds
[2024-01-11T19:04:15.712+0000] {processor.py:161} INFO - Started process (PID=799) to work on /home/airflow/.local/lib/python3.8/site-packages/airflow/example_dags/example_skip_dag.py
[2024-01-11T19:04:15.713+0000] {processor.py:830} INFO - Processing file /home/airflow/.local/lib/python3.8/site-packages/airflow/example_dags/example_skip_dag.py for tasks to queue
[2024-01-11T19:04:15.714+0000] {logging_mixin.py:188} INFO - [2024-01-11T19:04:15.714+0000] {dagbag.py:538} INFO - Filling up the DagBag from /home/airflow/.local/lib/python3.8/site-packages/airflow/example_dags/example_skip_dag.py
[2024-01-11T19:04:15.718+0000] {processor.py:840} INFO - DAG(s) 'example_skip_dag' retrieved from /home/airflow/.local/lib/python3.8/site-packages/airflow/example_dags/example_skip_dag.py
[2024-01-11T19:04:15.731+0000] {logging_mixin.py:188} INFO - [2024-01-11T19:04:15.731+0000] {dag.py:3033} INFO - Sync 1 DAGs
[2024-01-11T19:04:15.742+0000] {logging_mixin.py:188} INFO - [2024-01-11T19:04:15.742+0000] {dag.py:3820} INFO - Setting next_dagrun for example_skip_dag to 2024-01-10T00:00:00+00:00, run_after=2024-01-11T00:00:00+00:00
[2024-01-11T19:04:15.752+0000] {processor.py:183} INFO - Processing /home/airflow/.local/lib/python3.8/site-packages/airflow/example_dags/example_skip_dag.py took 0.042 seconds
[2024-01-11T19:04:46.494+0000] {processor.py:161} INFO - Started process (PID=855) to work on /home/airflow/.local/lib/python3.8/site-packages/airflow/example_dags/example_skip_dag.py
[2024-01-11T19:04:46.495+0000] {processor.py:830} INFO - Processing file /home/airflow/.local/lib/python3.8/site-packages/airflow/example_dags/example_skip_dag.py for tasks to queue
[2024-01-11T19:04:46.497+0000] {logging_mixin.py:188} INFO - [2024-01-11T19:04:46.497+0000] {dagbag.py:538} INFO - Filling up the DagBag from /home/airflow/.local/lib/python3.8/site-packages/airflow/example_dags/example_skip_dag.py
[2024-01-11T19:04:46.501+0000] {processor.py:840} INFO - DAG(s) 'example_skip_dag' retrieved from /home/airflow/.local/lib/python3.8/site-packages/airflow/example_dags/example_skip_dag.py
[2024-01-11T19:04:46.513+0000] {logging_mixin.py:188} INFO - [2024-01-11T19:04:46.513+0000] {dag.py:3033} INFO - Sync 1 DAGs
[2024-01-11T19:04:46.524+0000] {logging_mixin.py:188} INFO - [2024-01-11T19:04:46.524+0000] {dag.py:3820} INFO - Setting next_dagrun for example_skip_dag to 2024-01-10T00:00:00+00:00, run_after=2024-01-11T00:00:00+00:00
[2024-01-11T19:04:46.533+0000] {processor.py:183} INFO - Processing /home/airflow/.local/lib/python3.8/site-packages/airflow/example_dags/example_skip_dag.py took 0.041 seconds
