[2024-01-11T18:57:37.836+0000] {processor.py:161} INFO - Started process (PID=79) to work on /home/airflow/.local/lib/python3.8/site-packages/airflow/example_dags/example_datasets.py
[2024-01-11T18:57:37.838+0000] {processor.py:830} INFO - Processing file /home/airflow/.local/lib/python3.8/site-packages/airflow/example_dags/example_datasets.py for tasks to queue
[2024-01-11T18:57:37.845+0000] {logging_mixin.py:188} INFO - [2024-01-11T18:57:37.845+0000] {dagbag.py:538} INFO - Filling up the DagBag from /home/airflow/.local/lib/python3.8/site-packages/airflow/example_dags/example_datasets.py
[2024-01-11T18:57:37.856+0000] {processor.py:840} INFO - DAG(s) 'dataset_consumes_1', 'dataset_produces_1', 'dataset_consumes_1_never_scheduled', 'dataset_produces_2', 'dataset_consumes_unknown_never_scheduled', 'dataset_consumes_1_and_2' retrieved from /home/airflow/.local/lib/python3.8/site-packages/airflow/example_dags/example_datasets.py
[2024-01-11T18:57:37.869+0000] {logging_mixin.py:188} INFO - [2024-01-11T18:57:37.869+0000] {dag.py:3033} INFO - Sync 6 DAGs
[2024-01-11T18:57:37.891+0000] {logging_mixin.py:188} INFO - [2024-01-11T18:57:37.890+0000] {dag.py:3820} INFO - Setting next_dagrun for dataset_consumes_1 to None, run_after=None
[2024-01-11T18:57:37.893+0000] {logging_mixin.py:188} INFO - [2024-01-11T18:57:37.893+0000] {dag.py:3820} INFO - Setting next_dagrun for dataset_consumes_1_and_2 to None, run_after=None
[2024-01-11T18:57:37.894+0000] {logging_mixin.py:188} INFO - [2024-01-11T18:57:37.894+0000] {dag.py:3820} INFO - Setting next_dagrun for dataset_consumes_1_never_scheduled to None, run_after=None
[2024-01-11T18:57:37.895+0000] {logging_mixin.py:188} INFO - [2024-01-11T18:57:37.895+0000] {dag.py:3820} INFO - Setting next_dagrun for dataset_consumes_unknown_never_scheduled to None, run_after=None
[2024-01-11T18:57:37.897+0000] {logging_mixin.py:188} INFO - [2024-01-11T18:57:37.897+0000] {dag.py:3820} INFO - Setting next_dagrun for dataset_produces_1 to 2024-01-10T00:00:00+00:00, run_after=2024-01-11T00:00:00+00:00
[2024-01-11T18:57:37.898+0000] {logging_mixin.py:188} INFO - [2024-01-11T18:57:37.898+0000] {dag.py:3820} INFO - Setting next_dagrun for dataset_produces_2 to None, run_after=None
[2024-01-11T18:57:37.927+0000] {processor.py:183} INFO - Processing /home/airflow/.local/lib/python3.8/site-packages/airflow/example_dags/example_datasets.py took 0.100 seconds
[2024-01-11T18:58:08.113+0000] {processor.py:161} INFO - Started process (PID=135) to work on /home/airflow/.local/lib/python3.8/site-packages/airflow/example_dags/example_datasets.py
[2024-01-11T18:58:08.114+0000] {processor.py:830} INFO - Processing file /home/airflow/.local/lib/python3.8/site-packages/airflow/example_dags/example_datasets.py for tasks to queue
[2024-01-11T18:58:08.116+0000] {logging_mixin.py:188} INFO - [2024-01-11T18:58:08.115+0000] {dagbag.py:538} INFO - Filling up the DagBag from /home/airflow/.local/lib/python3.8/site-packages/airflow/example_dags/example_datasets.py
[2024-01-11T18:58:08.121+0000] {processor.py:840} INFO - DAG(s) 'dataset_produces_1', 'dataset_consumes_1_never_scheduled', 'dataset_produces_2', 'dataset_consumes_unknown_never_scheduled', 'dataset_consumes_1', 'dataset_consumes_1_and_2' retrieved from /home/airflow/.local/lib/python3.8/site-packages/airflow/example_dags/example_datasets.py
[2024-01-11T18:58:08.203+0000] {logging_mixin.py:188} INFO - [2024-01-11T18:58:08.203+0000] {dag.py:3033} INFO - Sync 6 DAGs
[2024-01-11T18:58:08.215+0000] {logging_mixin.py:188} INFO - [2024-01-11T18:58:08.214+0000] {dag.py:3820} INFO - Setting next_dagrun for dataset_consumes_1 to None, run_after=None
[2024-01-11T18:58:08.217+0000] {logging_mixin.py:188} INFO - [2024-01-11T18:58:08.217+0000] {dag.py:3820} INFO - Setting next_dagrun for dataset_consumes_1_and_2 to None, run_after=None
[2024-01-11T18:58:08.217+0000] {logging_mixin.py:188} INFO - [2024-01-11T18:58:08.217+0000] {dag.py:3820} INFO - Setting next_dagrun for dataset_consumes_1_never_scheduled to None, run_after=None
[2024-01-11T18:58:08.218+0000] {logging_mixin.py:188} INFO - [2024-01-11T18:58:08.218+0000] {dag.py:3820} INFO - Setting next_dagrun for dataset_consumes_unknown_never_scheduled to None, run_after=None
[2024-01-11T18:58:08.219+0000] {logging_mixin.py:188} INFO - [2024-01-11T18:58:08.219+0000] {dag.py:3820} INFO - Setting next_dagrun for dataset_produces_1 to 2024-01-10T00:00:00+00:00, run_after=2024-01-11T00:00:00+00:00
[2024-01-11T18:58:08.220+0000] {logging_mixin.py:188} INFO - [2024-01-11T18:58:08.220+0000] {dag.py:3820} INFO - Setting next_dagrun for dataset_produces_2 to None, run_after=None
[2024-01-11T18:58:08.238+0000] {processor.py:183} INFO - Processing /home/airflow/.local/lib/python3.8/site-packages/airflow/example_dags/example_datasets.py took 0.127 seconds
[2024-01-11T18:58:39.046+0000] {processor.py:161} INFO - Started process (PID=191) to work on /home/airflow/.local/lib/python3.8/site-packages/airflow/example_dags/example_datasets.py
[2024-01-11T18:58:39.047+0000] {processor.py:830} INFO - Processing file /home/airflow/.local/lib/python3.8/site-packages/airflow/example_dags/example_datasets.py for tasks to queue
[2024-01-11T18:58:39.048+0000] {logging_mixin.py:188} INFO - [2024-01-11T18:58:39.048+0000] {dagbag.py:538} INFO - Filling up the DagBag from /home/airflow/.local/lib/python3.8/site-packages/airflow/example_dags/example_datasets.py
[2024-01-11T18:58:39.054+0000] {processor.py:840} INFO - DAG(s) 'dataset_consumes_1_and_2', 'dataset_produces_2', 'dataset_consumes_unknown_never_scheduled', 'dataset_produces_1', 'dataset_consumes_1', 'dataset_consumes_1_never_scheduled' retrieved from /home/airflow/.local/lib/python3.8/site-packages/airflow/example_dags/example_datasets.py
[2024-01-11T18:58:39.075+0000] {logging_mixin.py:188} INFO - [2024-01-11T18:58:39.074+0000] {dag.py:3033} INFO - Sync 6 DAGs
[2024-01-11T18:58:39.088+0000] {logging_mixin.py:188} INFO - [2024-01-11T18:58:39.088+0000] {dag.py:3820} INFO - Setting next_dagrun for dataset_consumes_1 to None, run_after=None
[2024-01-11T18:58:39.090+0000] {logging_mixin.py:188} INFO - [2024-01-11T18:58:39.090+0000] {dag.py:3820} INFO - Setting next_dagrun for dataset_consumes_1_and_2 to None, run_after=None
[2024-01-11T18:58:39.091+0000] {logging_mixin.py:188} INFO - [2024-01-11T18:58:39.091+0000] {dag.py:3820} INFO - Setting next_dagrun for dataset_consumes_1_never_scheduled to None, run_after=None
[2024-01-11T18:58:39.092+0000] {logging_mixin.py:188} INFO - [2024-01-11T18:58:39.091+0000] {dag.py:3820} INFO - Setting next_dagrun for dataset_consumes_unknown_never_scheduled to None, run_after=None
[2024-01-11T18:58:39.093+0000] {logging_mixin.py:188} INFO - [2024-01-11T18:58:39.093+0000] {dag.py:3820} INFO - Setting next_dagrun for dataset_produces_1 to 2024-01-10T00:00:00+00:00, run_after=2024-01-11T00:00:00+00:00
[2024-01-11T18:58:39.094+0000] {logging_mixin.py:188} INFO - [2024-01-11T18:58:39.094+0000] {dag.py:3820} INFO - Setting next_dagrun for dataset_produces_2 to None, run_after=None
[2024-01-11T18:58:39.110+0000] {processor.py:183} INFO - Processing /home/airflow/.local/lib/python3.8/site-packages/airflow/example_dags/example_datasets.py took 0.066 seconds
[2024-01-11T18:59:09.845+0000] {processor.py:161} INFO - Started process (PID=247) to work on /home/airflow/.local/lib/python3.8/site-packages/airflow/example_dags/example_datasets.py
[2024-01-11T18:59:09.845+0000] {processor.py:830} INFO - Processing file /home/airflow/.local/lib/python3.8/site-packages/airflow/example_dags/example_datasets.py for tasks to queue
[2024-01-11T18:59:09.847+0000] {logging_mixin.py:188} INFO - [2024-01-11T18:59:09.847+0000] {dagbag.py:538} INFO - Filling up the DagBag from /home/airflow/.local/lib/python3.8/site-packages/airflow/example_dags/example_datasets.py
[2024-01-11T18:59:09.853+0000] {processor.py:840} INFO - DAG(s) 'dataset_produces_1', 'dataset_consumes_1_and_2', 'dataset_produces_2', 'dataset_consumes_unknown_never_scheduled', 'dataset_consumes_1_never_scheduled', 'dataset_consumes_1' retrieved from /home/airflow/.local/lib/python3.8/site-packages/airflow/example_dags/example_datasets.py
[2024-01-11T18:59:09.871+0000] {logging_mixin.py:188} INFO - [2024-01-11T18:59:09.871+0000] {dag.py:3033} INFO - Sync 6 DAGs
[2024-01-11T18:59:09.885+0000] {logging_mixin.py:188} INFO - [2024-01-11T18:59:09.884+0000] {dag.py:3820} INFO - Setting next_dagrun for dataset_consumes_1 to None, run_after=None
[2024-01-11T18:59:09.887+0000] {logging_mixin.py:188} INFO - [2024-01-11T18:59:09.887+0000] {dag.py:3820} INFO - Setting next_dagrun for dataset_consumes_1_and_2 to None, run_after=None
[2024-01-11T18:59:09.888+0000] {logging_mixin.py:188} INFO - [2024-01-11T18:59:09.888+0000] {dag.py:3820} INFO - Setting next_dagrun for dataset_consumes_1_never_scheduled to None, run_after=None
[2024-01-11T18:59:09.889+0000] {logging_mixin.py:188} INFO - [2024-01-11T18:59:09.889+0000] {dag.py:3820} INFO - Setting next_dagrun for dataset_consumes_unknown_never_scheduled to None, run_after=None
[2024-01-11T18:59:09.891+0000] {logging_mixin.py:188} INFO - [2024-01-11T18:59:09.891+0000] {dag.py:3820} INFO - Setting next_dagrun for dataset_produces_1 to 2024-01-10T00:00:00+00:00, run_after=2024-01-11T00:00:00+00:00
[2024-01-11T18:59:09.892+0000] {logging_mixin.py:188} INFO - [2024-01-11T18:59:09.892+0000] {dag.py:3820} INFO - Setting next_dagrun for dataset_produces_2 to None, run_after=None
[2024-01-11T18:59:09.909+0000] {processor.py:183} INFO - Processing /home/airflow/.local/lib/python3.8/site-packages/airflow/example_dags/example_datasets.py took 0.067 seconds
[2024-01-11T18:59:40.656+0000] {processor.py:161} INFO - Started process (PID=303) to work on /home/airflow/.local/lib/python3.8/site-packages/airflow/example_dags/example_datasets.py
[2024-01-11T18:59:40.656+0000] {processor.py:830} INFO - Processing file /home/airflow/.local/lib/python3.8/site-packages/airflow/example_dags/example_datasets.py for tasks to queue
[2024-01-11T18:59:40.658+0000] {logging_mixin.py:188} INFO - [2024-01-11T18:59:40.658+0000] {dagbag.py:538} INFO - Filling up the DagBag from /home/airflow/.local/lib/python3.8/site-packages/airflow/example_dags/example_datasets.py
[2024-01-11T18:59:40.663+0000] {processor.py:840} INFO - DAG(s) 'dataset_produces_1', 'dataset_consumes_1_never_scheduled', 'dataset_produces_2', 'dataset_consumes_unknown_never_scheduled', 'dataset_consumes_1', 'dataset_consumes_1_and_2' retrieved from /home/airflow/.local/lib/python3.8/site-packages/airflow/example_dags/example_datasets.py
[2024-01-11T18:59:40.683+0000] {logging_mixin.py:188} INFO - [2024-01-11T18:59:40.682+0000] {dag.py:3033} INFO - Sync 6 DAGs
[2024-01-11T18:59:40.695+0000] {logging_mixin.py:188} INFO - [2024-01-11T18:59:40.695+0000] {dag.py:3820} INFO - Setting next_dagrun for dataset_consumes_1 to None, run_after=None
[2024-01-11T18:59:40.697+0000] {logging_mixin.py:188} INFO - [2024-01-11T18:59:40.697+0000] {dag.py:3820} INFO - Setting next_dagrun for dataset_consumes_1_and_2 to None, run_after=None
[2024-01-11T18:59:40.698+0000] {logging_mixin.py:188} INFO - [2024-01-11T18:59:40.698+0000] {dag.py:3820} INFO - Setting next_dagrun for dataset_consumes_1_never_scheduled to None, run_after=None
[2024-01-11T18:59:40.698+0000] {logging_mixin.py:188} INFO - [2024-01-11T18:59:40.698+0000] {dag.py:3820} INFO - Setting next_dagrun for dataset_consumes_unknown_never_scheduled to None, run_after=None
[2024-01-11T18:59:40.700+0000] {logging_mixin.py:188} INFO - [2024-01-11T18:59:40.700+0000] {dag.py:3820} INFO - Setting next_dagrun for dataset_produces_1 to 2024-01-10T00:00:00+00:00, run_after=2024-01-11T00:00:00+00:00
[2024-01-11T18:59:40.701+0000] {logging_mixin.py:188} INFO - [2024-01-11T18:59:40.700+0000] {dag.py:3820} INFO - Setting next_dagrun for dataset_produces_2 to None, run_after=None
[2024-01-11T18:59:40.718+0000] {processor.py:183} INFO - Processing /home/airflow/.local/lib/python3.8/site-packages/airflow/example_dags/example_datasets.py took 0.065 seconds
[2024-01-11T19:00:11.480+0000] {processor.py:161} INFO - Started process (PID=359) to work on /home/airflow/.local/lib/python3.8/site-packages/airflow/example_dags/example_datasets.py
[2024-01-11T19:00:11.481+0000] {processor.py:830} INFO - Processing file /home/airflow/.local/lib/python3.8/site-packages/airflow/example_dags/example_datasets.py for tasks to queue
[2024-01-11T19:00:11.482+0000] {logging_mixin.py:188} INFO - [2024-01-11T19:00:11.482+0000] {dagbag.py:538} INFO - Filling up the DagBag from /home/airflow/.local/lib/python3.8/site-packages/airflow/example_dags/example_datasets.py
[2024-01-11T19:00:11.487+0000] {processor.py:840} INFO - DAG(s) 'dataset_consumes_unknown_never_scheduled', 'dataset_consumes_1', 'dataset_consumes_1_and_2', 'dataset_produces_1', 'dataset_produces_2', 'dataset_consumes_1_never_scheduled' retrieved from /home/airflow/.local/lib/python3.8/site-packages/airflow/example_dags/example_datasets.py
[2024-01-11T19:00:11.505+0000] {logging_mixin.py:188} INFO - [2024-01-11T19:00:11.505+0000] {dag.py:3033} INFO - Sync 6 DAGs
[2024-01-11T19:00:11.518+0000] {logging_mixin.py:188} INFO - [2024-01-11T19:00:11.518+0000] {dag.py:3820} INFO - Setting next_dagrun for dataset_consumes_1 to None, run_after=None
[2024-01-11T19:00:11.520+0000] {logging_mixin.py:188} INFO - [2024-01-11T19:00:11.520+0000] {dag.py:3820} INFO - Setting next_dagrun for dataset_consumes_1_and_2 to None, run_after=None
[2024-01-11T19:00:11.521+0000] {logging_mixin.py:188} INFO - [2024-01-11T19:00:11.521+0000] {dag.py:3820} INFO - Setting next_dagrun for dataset_consumes_1_never_scheduled to None, run_after=None
[2024-01-11T19:00:11.522+0000] {logging_mixin.py:188} INFO - [2024-01-11T19:00:11.522+0000] {dag.py:3820} INFO - Setting next_dagrun for dataset_consumes_unknown_never_scheduled to None, run_after=None
[2024-01-11T19:00:11.524+0000] {logging_mixin.py:188} INFO - [2024-01-11T19:00:11.523+0000] {dag.py:3820} INFO - Setting next_dagrun for dataset_produces_1 to 2024-01-10T00:00:00+00:00, run_after=2024-01-11T00:00:00+00:00
[2024-01-11T19:00:11.524+0000] {logging_mixin.py:188} INFO - [2024-01-11T19:00:11.524+0000] {dag.py:3820} INFO - Setting next_dagrun for dataset_produces_2 to None, run_after=None
[2024-01-11T19:00:11.540+0000] {processor.py:183} INFO - Processing /home/airflow/.local/lib/python3.8/site-packages/airflow/example_dags/example_datasets.py took 0.062 seconds
[2024-01-11T19:00:42.165+0000] {processor.py:161} INFO - Started process (PID=415) to work on /home/airflow/.local/lib/python3.8/site-packages/airflow/example_dags/example_datasets.py
[2024-01-11T19:00:42.166+0000] {processor.py:830} INFO - Processing file /home/airflow/.local/lib/python3.8/site-packages/airflow/example_dags/example_datasets.py for tasks to queue
[2024-01-11T19:00:42.167+0000] {logging_mixin.py:188} INFO - [2024-01-11T19:00:42.167+0000] {dagbag.py:538} INFO - Filling up the DagBag from /home/airflow/.local/lib/python3.8/site-packages/airflow/example_dags/example_datasets.py
[2024-01-11T19:00:42.172+0000] {processor.py:840} INFO - DAG(s) 'dataset_consumes_1_and_2', 'dataset_consumes_1', 'dataset_consumes_unknown_never_scheduled', 'dataset_produces_2', 'dataset_consumes_1_never_scheduled', 'dataset_produces_1' retrieved from /home/airflow/.local/lib/python3.8/site-packages/airflow/example_dags/example_datasets.py
[2024-01-11T19:00:42.190+0000] {logging_mixin.py:188} INFO - [2024-01-11T19:00:42.190+0000] {dag.py:3033} INFO - Sync 6 DAGs
[2024-01-11T19:00:42.201+0000] {logging_mixin.py:188} INFO - [2024-01-11T19:00:42.201+0000] {dag.py:3820} INFO - Setting next_dagrun for dataset_consumes_1 to None, run_after=None
[2024-01-11T19:00:42.203+0000] {logging_mixin.py:188} INFO - [2024-01-11T19:00:42.203+0000] {dag.py:3820} INFO - Setting next_dagrun for dataset_consumes_1_and_2 to None, run_after=None
[2024-01-11T19:00:42.203+0000] {logging_mixin.py:188} INFO - [2024-01-11T19:00:42.203+0000] {dag.py:3820} INFO - Setting next_dagrun for dataset_consumes_1_never_scheduled to None, run_after=None
[2024-01-11T19:00:42.204+0000] {logging_mixin.py:188} INFO - [2024-01-11T19:00:42.204+0000] {dag.py:3820} INFO - Setting next_dagrun for dataset_consumes_unknown_never_scheduled to None, run_after=None
[2024-01-11T19:00:42.206+0000] {logging_mixin.py:188} INFO - [2024-01-11T19:00:42.205+0000] {dag.py:3820} INFO - Setting next_dagrun for dataset_produces_1 to 2024-01-10T00:00:00+00:00, run_after=2024-01-11T00:00:00+00:00
[2024-01-11T19:00:42.206+0000] {logging_mixin.py:188} INFO - [2024-01-11T19:00:42.206+0000] {dag.py:3820} INFO - Setting next_dagrun for dataset_produces_2 to None, run_after=None
[2024-01-11T19:00:42.222+0000] {processor.py:183} INFO - Processing /home/airflow/.local/lib/python3.8/site-packages/airflow/example_dags/example_datasets.py took 0.059 seconds
[2024-01-11T19:01:13.133+0000] {processor.py:161} INFO - Started process (PID=471) to work on /home/airflow/.local/lib/python3.8/site-packages/airflow/example_dags/example_datasets.py
[2024-01-11T19:01:13.134+0000] {processor.py:830} INFO - Processing file /home/airflow/.local/lib/python3.8/site-packages/airflow/example_dags/example_datasets.py for tasks to queue
[2024-01-11T19:01:13.135+0000] {logging_mixin.py:188} INFO - [2024-01-11T19:01:13.135+0000] {dagbag.py:538} INFO - Filling up the DagBag from /home/airflow/.local/lib/python3.8/site-packages/airflow/example_dags/example_datasets.py
[2024-01-11T19:01:13.141+0000] {processor.py:840} INFO - DAG(s) 'dataset_consumes_unknown_never_scheduled', 'dataset_consumes_1', 'dataset_consumes_1_and_2', 'dataset_produces_2', 'dataset_consumes_1_never_scheduled', 'dataset_produces_1' retrieved from /home/airflow/.local/lib/python3.8/site-packages/airflow/example_dags/example_datasets.py
[2024-01-11T19:01:13.162+0000] {logging_mixin.py:188} INFO - [2024-01-11T19:01:13.162+0000] {dag.py:3033} INFO - Sync 6 DAGs
[2024-01-11T19:01:13.176+0000] {logging_mixin.py:188} INFO - [2024-01-11T19:01:13.176+0000] {dag.py:3820} INFO - Setting next_dagrun for dataset_consumes_1 to None, run_after=None
[2024-01-11T19:01:13.178+0000] {logging_mixin.py:188} INFO - [2024-01-11T19:01:13.178+0000] {dag.py:3820} INFO - Setting next_dagrun for dataset_consumes_1_and_2 to None, run_after=None
[2024-01-11T19:01:13.179+0000] {logging_mixin.py:188} INFO - [2024-01-11T19:01:13.179+0000] {dag.py:3820} INFO - Setting next_dagrun for dataset_consumes_1_never_scheduled to None, run_after=None
[2024-01-11T19:01:13.180+0000] {logging_mixin.py:188} INFO - [2024-01-11T19:01:13.180+0000] {dag.py:3820} INFO - Setting next_dagrun for dataset_consumes_unknown_never_scheduled to None, run_after=None
[2024-01-11T19:01:13.182+0000] {logging_mixin.py:188} INFO - [2024-01-11T19:01:13.181+0000] {dag.py:3820} INFO - Setting next_dagrun for dataset_produces_1 to 2024-01-10T00:00:00+00:00, run_after=2024-01-11T00:00:00+00:00
[2024-01-11T19:01:13.183+0000] {logging_mixin.py:188} INFO - [2024-01-11T19:01:13.182+0000] {dag.py:3820} INFO - Setting next_dagrun for dataset_produces_2 to None, run_after=None
[2024-01-11T19:01:13.200+0000] {processor.py:183} INFO - Processing /home/airflow/.local/lib/python3.8/site-packages/airflow/example_dags/example_datasets.py took 0.070 seconds
[2024-01-11T19:01:44.206+0000] {processor.py:161} INFO - Started process (PID=527) to work on /home/airflow/.local/lib/python3.8/site-packages/airflow/example_dags/example_datasets.py
[2024-01-11T19:01:44.207+0000] {processor.py:830} INFO - Processing file /home/airflow/.local/lib/python3.8/site-packages/airflow/example_dags/example_datasets.py for tasks to queue
[2024-01-11T19:01:44.209+0000] {logging_mixin.py:188} INFO - [2024-01-11T19:01:44.209+0000] {dagbag.py:538} INFO - Filling up the DagBag from /home/airflow/.local/lib/python3.8/site-packages/airflow/example_dags/example_datasets.py
[2024-01-11T19:01:44.214+0000] {processor.py:840} INFO - DAG(s) 'dataset_produces_1', 'dataset_consumes_1_never_scheduled', 'dataset_consumes_1_and_2', 'dataset_consumes_unknown_never_scheduled', 'dataset_consumes_1', 'dataset_produces_2' retrieved from /home/airflow/.local/lib/python3.8/site-packages/airflow/example_dags/example_datasets.py
[2024-01-11T19:01:44.233+0000] {logging_mixin.py:188} INFO - [2024-01-11T19:01:44.233+0000] {dag.py:3033} INFO - Sync 6 DAGs
[2024-01-11T19:01:44.246+0000] {logging_mixin.py:188} INFO - [2024-01-11T19:01:44.246+0000] {dag.py:3820} INFO - Setting next_dagrun for dataset_consumes_1 to None, run_after=None
[2024-01-11T19:01:44.248+0000] {logging_mixin.py:188} INFO - [2024-01-11T19:01:44.248+0000] {dag.py:3820} INFO - Setting next_dagrun for dataset_consumes_1_and_2 to None, run_after=None
[2024-01-11T19:01:44.249+0000] {logging_mixin.py:188} INFO - [2024-01-11T19:01:44.249+0000] {dag.py:3820} INFO - Setting next_dagrun for dataset_consumes_1_never_scheduled to None, run_after=None
[2024-01-11T19:01:44.249+0000] {logging_mixin.py:188} INFO - [2024-01-11T19:01:44.249+0000] {dag.py:3820} INFO - Setting next_dagrun for dataset_consumes_unknown_never_scheduled to None, run_after=None
[2024-01-11T19:01:44.251+0000] {logging_mixin.py:188} INFO - [2024-01-11T19:01:44.250+0000] {dag.py:3820} INFO - Setting next_dagrun for dataset_produces_1 to 2024-01-10T00:00:00+00:00, run_after=2024-01-11T00:00:00+00:00
[2024-01-11T19:01:44.251+0000] {logging_mixin.py:188} INFO - [2024-01-11T19:01:44.251+0000] {dag.py:3820} INFO - Setting next_dagrun for dataset_produces_2 to None, run_after=None
[2024-01-11T19:01:44.268+0000] {processor.py:183} INFO - Processing /home/airflow/.local/lib/python3.8/site-packages/airflow/example_dags/example_datasets.py took 0.063 seconds
[2024-01-11T19:02:14.974+0000] {processor.py:161} INFO - Started process (PID=583) to work on /home/airflow/.local/lib/python3.8/site-packages/airflow/example_dags/example_datasets.py
[2024-01-11T19:02:14.974+0000] {processor.py:830} INFO - Processing file /home/airflow/.local/lib/python3.8/site-packages/airflow/example_dags/example_datasets.py for tasks to queue
[2024-01-11T19:02:14.976+0000] {logging_mixin.py:188} INFO - [2024-01-11T19:02:14.976+0000] {dagbag.py:538} INFO - Filling up the DagBag from /home/airflow/.local/lib/python3.8/site-packages/airflow/example_dags/example_datasets.py
[2024-01-11T19:02:14.981+0000] {processor.py:840} INFO - DAG(s) 'dataset_consumes_1', 'dataset_consumes_1_and_2', 'dataset_consumes_1_never_scheduled', 'dataset_produces_2', 'dataset_consumes_unknown_never_scheduled', 'dataset_produces_1' retrieved from /home/airflow/.local/lib/python3.8/site-packages/airflow/example_dags/example_datasets.py
[2024-01-11T19:02:14.999+0000] {logging_mixin.py:188} INFO - [2024-01-11T19:02:14.999+0000] {dag.py:3033} INFO - Sync 6 DAGs
[2024-01-11T19:02:15.011+0000] {logging_mixin.py:188} INFO - [2024-01-11T19:02:15.011+0000] {dag.py:3820} INFO - Setting next_dagrun for dataset_consumes_1 to None, run_after=None
[2024-01-11T19:02:15.013+0000] {logging_mixin.py:188} INFO - [2024-01-11T19:02:15.012+0000] {dag.py:3820} INFO - Setting next_dagrun for dataset_consumes_1_and_2 to None, run_after=None
[2024-01-11T19:02:15.013+0000] {logging_mixin.py:188} INFO - [2024-01-11T19:02:15.013+0000] {dag.py:3820} INFO - Setting next_dagrun for dataset_consumes_1_never_scheduled to None, run_after=None
[2024-01-11T19:02:15.014+0000] {logging_mixin.py:188} INFO - [2024-01-11T19:02:15.014+0000] {dag.py:3820} INFO - Setting next_dagrun for dataset_consumes_unknown_never_scheduled to None, run_after=None
[2024-01-11T19:02:15.015+0000] {logging_mixin.py:188} INFO - [2024-01-11T19:02:15.015+0000] {dag.py:3820} INFO - Setting next_dagrun for dataset_produces_1 to 2024-01-10T00:00:00+00:00, run_after=2024-01-11T00:00:00+00:00
[2024-01-11T19:02:15.016+0000] {logging_mixin.py:188} INFO - [2024-01-11T19:02:15.016+0000] {dag.py:3820} INFO - Setting next_dagrun for dataset_produces_2 to None, run_after=None
[2024-01-11T19:02:15.032+0000] {processor.py:183} INFO - Processing /home/airflow/.local/lib/python3.8/site-packages/airflow/example_dags/example_datasets.py took 0.060 seconds
[2024-01-11T19:02:45.818+0000] {processor.py:161} INFO - Started process (PID=639) to work on /home/airflow/.local/lib/python3.8/site-packages/airflow/example_dags/example_datasets.py
[2024-01-11T19:02:45.819+0000] {processor.py:830} INFO - Processing file /home/airflow/.local/lib/python3.8/site-packages/airflow/example_dags/example_datasets.py for tasks to queue
[2024-01-11T19:02:45.820+0000] {logging_mixin.py:188} INFO - [2024-01-11T19:02:45.820+0000] {dagbag.py:538} INFO - Filling up the DagBag from /home/airflow/.local/lib/python3.8/site-packages/airflow/example_dags/example_datasets.py
[2024-01-11T19:02:45.826+0000] {processor.py:840} INFO - DAG(s) 'dataset_consumes_1_never_scheduled', 'dataset_produces_2', 'dataset_consumes_unknown_never_scheduled', 'dataset_produces_1', 'dataset_consumes_1_and_2', 'dataset_consumes_1' retrieved from /home/airflow/.local/lib/python3.8/site-packages/airflow/example_dags/example_datasets.py
[2024-01-11T19:02:45.844+0000] {logging_mixin.py:188} INFO - [2024-01-11T19:02:45.844+0000] {dag.py:3033} INFO - Sync 6 DAGs
[2024-01-11T19:02:45.856+0000] {logging_mixin.py:188} INFO - [2024-01-11T19:02:45.856+0000] {dag.py:3820} INFO - Setting next_dagrun for dataset_consumes_1 to None, run_after=None
[2024-01-11T19:02:45.858+0000] {logging_mixin.py:188} INFO - [2024-01-11T19:02:45.858+0000] {dag.py:3820} INFO - Setting next_dagrun for dataset_consumes_1_and_2 to None, run_after=None
[2024-01-11T19:02:45.858+0000] {logging_mixin.py:188} INFO - [2024-01-11T19:02:45.858+0000] {dag.py:3820} INFO - Setting next_dagrun for dataset_consumes_1_never_scheduled to None, run_after=None
[2024-01-11T19:02:45.859+0000] {logging_mixin.py:188} INFO - [2024-01-11T19:02:45.859+0000] {dag.py:3820} INFO - Setting next_dagrun for dataset_consumes_unknown_never_scheduled to None, run_after=None
[2024-01-11T19:02:45.860+0000] {logging_mixin.py:188} INFO - [2024-01-11T19:02:45.860+0000] {dag.py:3820} INFO - Setting next_dagrun for dataset_produces_1 to 2024-01-10T00:00:00+00:00, run_after=2024-01-11T00:00:00+00:00
[2024-01-11T19:02:45.861+0000] {logging_mixin.py:188} INFO - [2024-01-11T19:02:45.861+0000] {dag.py:3820} INFO - Setting next_dagrun for dataset_produces_2 to None, run_after=None
[2024-01-11T19:02:45.877+0000] {processor.py:183} INFO - Processing /home/airflow/.local/lib/python3.8/site-packages/airflow/example_dags/example_datasets.py took 0.061 seconds
[2024-01-11T19:03:16.730+0000] {processor.py:161} INFO - Started process (PID=694) to work on /home/airflow/.local/lib/python3.8/site-packages/airflow/example_dags/example_datasets.py
[2024-01-11T19:03:16.731+0000] {processor.py:830} INFO - Processing file /home/airflow/.local/lib/python3.8/site-packages/airflow/example_dags/example_datasets.py for tasks to queue
[2024-01-11T19:03:16.732+0000] {logging_mixin.py:188} INFO - [2024-01-11T19:03:16.732+0000] {dagbag.py:538} INFO - Filling up the DagBag from /home/airflow/.local/lib/python3.8/site-packages/airflow/example_dags/example_datasets.py
[2024-01-11T19:03:16.738+0000] {processor.py:840} INFO - DAG(s) 'dataset_consumes_1_and_2', 'dataset_consumes_1_never_scheduled', 'dataset_consumes_unknown_never_scheduled', 'dataset_produces_1', 'dataset_consumes_1', 'dataset_produces_2' retrieved from /home/airflow/.local/lib/python3.8/site-packages/airflow/example_dags/example_datasets.py
[2024-01-11T19:03:16.757+0000] {logging_mixin.py:188} INFO - [2024-01-11T19:03:16.757+0000] {dag.py:3033} INFO - Sync 6 DAGs
[2024-01-11T19:03:16.769+0000] {logging_mixin.py:188} INFO - [2024-01-11T19:03:16.769+0000] {dag.py:3820} INFO - Setting next_dagrun for dataset_consumes_1 to None, run_after=None
[2024-01-11T19:03:16.771+0000] {logging_mixin.py:188} INFO - [2024-01-11T19:03:16.771+0000] {dag.py:3820} INFO - Setting next_dagrun for dataset_consumes_1_and_2 to None, run_after=None
[2024-01-11T19:03:16.771+0000] {logging_mixin.py:188} INFO - [2024-01-11T19:03:16.771+0000] {dag.py:3820} INFO - Setting next_dagrun for dataset_consumes_1_never_scheduled to None, run_after=None
[2024-01-11T19:03:16.772+0000] {logging_mixin.py:188} INFO - [2024-01-11T19:03:16.772+0000] {dag.py:3820} INFO - Setting next_dagrun for dataset_consumes_unknown_never_scheduled to None, run_after=None
[2024-01-11T19:03:16.773+0000] {logging_mixin.py:188} INFO - [2024-01-11T19:03:16.773+0000] {dag.py:3820} INFO - Setting next_dagrun for dataset_produces_1 to 2024-01-10T00:00:00+00:00, run_after=2024-01-11T00:00:00+00:00
[2024-01-11T19:03:16.774+0000] {logging_mixin.py:188} INFO - [2024-01-11T19:03:16.774+0000] {dag.py:3820} INFO - Setting next_dagrun for dataset_produces_2 to None, run_after=None
[2024-01-11T19:03:16.790+0000] {processor.py:183} INFO - Processing /home/airflow/.local/lib/python3.8/site-packages/airflow/example_dags/example_datasets.py took 0.062 seconds
[2024-01-11T19:03:46.817+0000] {processor.py:161} INFO - Started process (PID=750) to work on /home/airflow/.local/lib/python3.8/site-packages/airflow/example_dags/example_datasets.py
[2024-01-11T19:03:46.818+0000] {processor.py:830} INFO - Processing file /home/airflow/.local/lib/python3.8/site-packages/airflow/example_dags/example_datasets.py for tasks to queue
[2024-01-11T19:03:46.820+0000] {logging_mixin.py:188} INFO - [2024-01-11T19:03:46.820+0000] {dagbag.py:538} INFO - Filling up the DagBag from /home/airflow/.local/lib/python3.8/site-packages/airflow/example_dags/example_datasets.py
[2024-01-11T19:03:46.825+0000] {processor.py:840} INFO - DAG(s) 'dataset_consumes_1_never_scheduled', 'dataset_consumes_unknown_never_scheduled', 'dataset_consumes_1', 'dataset_consumes_1_and_2', 'dataset_produces_2', 'dataset_produces_1' retrieved from /home/airflow/.local/lib/python3.8/site-packages/airflow/example_dags/example_datasets.py
[2024-01-11T19:03:46.846+0000] {logging_mixin.py:188} INFO - [2024-01-11T19:03:46.846+0000] {dag.py:3033} INFO - Sync 6 DAGs
[2024-01-11T19:03:46.859+0000] {logging_mixin.py:188} INFO - [2024-01-11T19:03:46.859+0000] {dag.py:3820} INFO - Setting next_dagrun for dataset_consumes_1 to None, run_after=None
[2024-01-11T19:03:46.861+0000] {logging_mixin.py:188} INFO - [2024-01-11T19:03:46.861+0000] {dag.py:3820} INFO - Setting next_dagrun for dataset_consumes_1_and_2 to None, run_after=None
[2024-01-11T19:03:46.862+0000] {logging_mixin.py:188} INFO - [2024-01-11T19:03:46.862+0000] {dag.py:3820} INFO - Setting next_dagrun for dataset_consumes_1_never_scheduled to None, run_after=None
[2024-01-11T19:03:46.863+0000] {logging_mixin.py:188} INFO - [2024-01-11T19:03:46.863+0000] {dag.py:3820} INFO - Setting next_dagrun for dataset_consumes_unknown_never_scheduled to None, run_after=None
[2024-01-11T19:03:46.864+0000] {logging_mixin.py:188} INFO - [2024-01-11T19:03:46.864+0000] {dag.py:3820} INFO - Setting next_dagrun for dataset_produces_1 to 2024-01-10T00:00:00+00:00, run_after=2024-01-11T00:00:00+00:00
[2024-01-11T19:03:46.865+0000] {logging_mixin.py:188} INFO - [2024-01-11T19:03:46.865+0000] {dag.py:3820} INFO - Setting next_dagrun for dataset_produces_2 to None, run_after=None
[2024-01-11T19:03:46.882+0000] {processor.py:183} INFO - Processing /home/airflow/.local/lib/python3.8/site-packages/airflow/example_dags/example_datasets.py took 0.067 seconds
[2024-01-11T19:04:17.913+0000] {processor.py:161} INFO - Started process (PID=806) to work on /home/airflow/.local/lib/python3.8/site-packages/airflow/example_dags/example_datasets.py
[2024-01-11T19:04:17.915+0000] {processor.py:830} INFO - Processing file /home/airflow/.local/lib/python3.8/site-packages/airflow/example_dags/example_datasets.py for tasks to queue
[2024-01-11T19:04:17.917+0000] {logging_mixin.py:188} INFO - [2024-01-11T19:04:17.917+0000] {dagbag.py:538} INFO - Filling up the DagBag from /home/airflow/.local/lib/python3.8/site-packages/airflow/example_dags/example_datasets.py
[2024-01-11T19:04:17.925+0000] {processor.py:840} INFO - DAG(s) 'dataset_consumes_1_never_scheduled', 'dataset_produces_2', 'dataset_consumes_1_and_2', 'dataset_consumes_1', 'dataset_consumes_unknown_never_scheduled', 'dataset_produces_1' retrieved from /home/airflow/.local/lib/python3.8/site-packages/airflow/example_dags/example_datasets.py
[2024-01-11T19:04:17.949+0000] {logging_mixin.py:188} INFO - [2024-01-11T19:04:17.949+0000] {dag.py:3033} INFO - Sync 6 DAGs
[2024-01-11T19:04:17.962+0000] {logging_mixin.py:188} INFO - [2024-01-11T19:04:17.962+0000] {dag.py:3820} INFO - Setting next_dagrun for dataset_consumes_1 to None, run_after=None
[2024-01-11T19:04:17.964+0000] {logging_mixin.py:188} INFO - [2024-01-11T19:04:17.964+0000] {dag.py:3820} INFO - Setting next_dagrun for dataset_consumes_1_and_2 to None, run_after=None
[2024-01-11T19:04:17.965+0000] {logging_mixin.py:188} INFO - [2024-01-11T19:04:17.965+0000] {dag.py:3820} INFO - Setting next_dagrun for dataset_consumes_1_never_scheduled to None, run_after=None
[2024-01-11T19:04:17.965+0000] {logging_mixin.py:188} INFO - [2024-01-11T19:04:17.965+0000] {dag.py:3820} INFO - Setting next_dagrun for dataset_consumes_unknown_never_scheduled to None, run_after=None
[2024-01-11T19:04:17.967+0000] {logging_mixin.py:188} INFO - [2024-01-11T19:04:17.967+0000] {dag.py:3820} INFO - Setting next_dagrun for dataset_produces_1 to 2024-01-10T00:00:00+00:00, run_after=2024-01-11T00:00:00+00:00
[2024-01-11T19:04:17.967+0000] {logging_mixin.py:188} INFO - [2024-01-11T19:04:17.967+0000] {dag.py:3820} INFO - Setting next_dagrun for dataset_produces_2 to None, run_after=None
[2024-01-11T19:04:17.982+0000] {processor.py:183} INFO - Processing /home/airflow/.local/lib/python3.8/site-packages/airflow/example_dags/example_datasets.py took 0.073 seconds
[2024-01-11T19:04:48.735+0000] {processor.py:161} INFO - Started process (PID=862) to work on /home/airflow/.local/lib/python3.8/site-packages/airflow/example_dags/example_datasets.py
[2024-01-11T19:04:48.736+0000] {processor.py:830} INFO - Processing file /home/airflow/.local/lib/python3.8/site-packages/airflow/example_dags/example_datasets.py for tasks to queue
[2024-01-11T19:04:48.739+0000] {logging_mixin.py:188} INFO - [2024-01-11T19:04:48.739+0000] {dagbag.py:538} INFO - Filling up the DagBag from /home/airflow/.local/lib/python3.8/site-packages/airflow/example_dags/example_datasets.py
[2024-01-11T19:04:48.749+0000] {processor.py:840} INFO - DAG(s) 'dataset_produces_2', 'dataset_consumes_1_and_2', 'dataset_consumes_1_never_scheduled', 'dataset_consumes_unknown_never_scheduled', 'dataset_produces_1', 'dataset_consumes_1' retrieved from /home/airflow/.local/lib/python3.8/site-packages/airflow/example_dags/example_datasets.py
[2024-01-11T19:04:48.777+0000] {logging_mixin.py:188} INFO - [2024-01-11T19:04:48.777+0000] {dag.py:3033} INFO - Sync 6 DAGs
[2024-01-11T19:04:48.791+0000] {logging_mixin.py:188} INFO - [2024-01-11T19:04:48.791+0000] {dag.py:3820} INFO - Setting next_dagrun for dataset_consumes_1 to None, run_after=None
[2024-01-11T19:04:48.793+0000] {logging_mixin.py:188} INFO - [2024-01-11T19:04:48.793+0000] {dag.py:3820} INFO - Setting next_dagrun for dataset_consumes_1_and_2 to None, run_after=None
[2024-01-11T19:04:48.794+0000] {logging_mixin.py:188} INFO - [2024-01-11T19:04:48.794+0000] {dag.py:3820} INFO - Setting next_dagrun for dataset_consumes_1_never_scheduled to None, run_after=None
[2024-01-11T19:04:48.795+0000] {logging_mixin.py:188} INFO - [2024-01-11T19:04:48.795+0000] {dag.py:3820} INFO - Setting next_dagrun for dataset_consumes_unknown_never_scheduled to None, run_after=None
[2024-01-11T19:04:48.796+0000] {logging_mixin.py:188} INFO - [2024-01-11T19:04:48.796+0000] {dag.py:3820} INFO - Setting next_dagrun for dataset_produces_1 to 2024-01-10T00:00:00+00:00, run_after=2024-01-11T00:00:00+00:00
[2024-01-11T19:04:48.797+0000] {logging_mixin.py:188} INFO - [2024-01-11T19:04:48.797+0000] {dag.py:3820} INFO - Setting next_dagrun for dataset_produces_2 to None, run_after=None
[2024-01-11T19:04:48.816+0000] {processor.py:183} INFO - Processing /home/airflow/.local/lib/python3.8/site-packages/airflow/example_dags/example_datasets.py took 0.085 seconds
