[2024-01-11T18:57:37.338+0000] {processor.py:161} INFO - Started process (PID=71) to work on /home/airflow/.local/lib/python3.8/site-packages/airflow/example_dags/example_branch_operator.py
[2024-01-11T18:57:37.339+0000] {processor.py:830} INFO - Processing file /home/airflow/.local/lib/python3.8/site-packages/airflow/example_dags/example_branch_operator.py for tasks to queue
[2024-01-11T18:57:37.343+0000] {logging_mixin.py:188} INFO - [2024-01-11T18:57:37.342+0000] {dagbag.py:538} INFO - Filling up the DagBag from /home/airflow/.local/lib/python3.8/site-packages/airflow/example_dags/example_branch_operator.py
[2024-01-11T18:57:37.362+0000] {processor.py:840} INFO - DAG(s) 'example_branch_operator' retrieved from /home/airflow/.local/lib/python3.8/site-packages/airflow/example_dags/example_branch_operator.py
[2024-01-11T18:57:37.374+0000] {logging_mixin.py:188} INFO - [2024-01-11T18:57:37.374+0000] {dag.py:3033} INFO - Sync 1 DAGs
[2024-01-11T18:57:37.400+0000] {logging_mixin.py:188} INFO - [2024-01-11T18:57:37.400+0000] {dag.py:3820} INFO - Setting next_dagrun for example_branch_operator to 2024-01-10T00:00:00+00:00, run_after=2024-01-11T00:00:00+00:00
[2024-01-11T18:57:37.418+0000] {processor.py:183} INFO - Processing /home/airflow/.local/lib/python3.8/site-packages/airflow/example_dags/example_branch_operator.py took 0.083 seconds
[2024-01-11T18:58:07.626+0000] {processor.py:161} INFO - Started process (PID=127) to work on /home/airflow/.local/lib/python3.8/site-packages/airflow/example_dags/example_branch_operator.py
[2024-01-11T18:58:07.627+0000] {processor.py:830} INFO - Processing file /home/airflow/.local/lib/python3.8/site-packages/airflow/example_dags/example_branch_operator.py for tasks to queue
[2024-01-11T18:58:07.628+0000] {logging_mixin.py:188} INFO - [2024-01-11T18:58:07.628+0000] {dagbag.py:538} INFO - Filling up the DagBag from /home/airflow/.local/lib/python3.8/site-packages/airflow/example_dags/example_branch_operator.py
[2024-01-11T18:58:07.638+0000] {processor.py:840} INFO - DAG(s) 'example_branch_operator' retrieved from /home/airflow/.local/lib/python3.8/site-packages/airflow/example_dags/example_branch_operator.py
[2024-01-11T18:58:07.694+0000] {logging_mixin.py:188} INFO - [2024-01-11T18:58:07.694+0000] {dag.py:3033} INFO - Sync 1 DAGs
[2024-01-11T18:58:07.705+0000] {logging_mixin.py:188} INFO - [2024-01-11T18:58:07.705+0000] {dag.py:3820} INFO - Setting next_dagrun for example_branch_operator to 2024-01-10T00:00:00+00:00, run_after=2024-01-11T00:00:00+00:00
[2024-01-11T18:58:07.716+0000] {processor.py:183} INFO - Processing /home/airflow/.local/lib/python3.8/site-packages/airflow/example_dags/example_branch_operator.py took 0.092 seconds
[2024-01-11T18:58:37.776+0000] {processor.py:161} INFO - Started process (PID=183) to work on /home/airflow/.local/lib/python3.8/site-packages/airflow/example_dags/example_branch_operator.py
[2024-01-11T18:58:37.777+0000] {processor.py:830} INFO - Processing file /home/airflow/.local/lib/python3.8/site-packages/airflow/example_dags/example_branch_operator.py for tasks to queue
[2024-01-11T18:58:37.778+0000] {logging_mixin.py:188} INFO - [2024-01-11T18:58:37.778+0000] {dagbag.py:538} INFO - Filling up the DagBag from /home/airflow/.local/lib/python3.8/site-packages/airflow/example_dags/example_branch_operator.py
[2024-01-11T18:58:37.788+0000] {processor.py:840} INFO - DAG(s) 'example_branch_operator' retrieved from /home/airflow/.local/lib/python3.8/site-packages/airflow/example_dags/example_branch_operator.py
[2024-01-11T18:58:37.801+0000] {logging_mixin.py:188} INFO - [2024-01-11T18:58:37.801+0000] {dag.py:3033} INFO - Sync 1 DAGs
[2024-01-11T18:58:37.812+0000] {logging_mixin.py:188} INFO - [2024-01-11T18:58:37.812+0000] {dag.py:3820} INFO - Setting next_dagrun for example_branch_operator to 2024-01-10T00:00:00+00:00, run_after=2024-01-11T00:00:00+00:00
[2024-01-11T18:58:37.820+0000] {processor.py:183} INFO - Processing /home/airflow/.local/lib/python3.8/site-packages/airflow/example_dags/example_branch_operator.py took 0.046 seconds
[2024-01-11T18:59:08.511+0000] {processor.py:161} INFO - Started process (PID=239) to work on /home/airflow/.local/lib/python3.8/site-packages/airflow/example_dags/example_branch_operator.py
[2024-01-11T18:59:08.512+0000] {processor.py:830} INFO - Processing file /home/airflow/.local/lib/python3.8/site-packages/airflow/example_dags/example_branch_operator.py for tasks to queue
[2024-01-11T18:59:08.514+0000] {logging_mixin.py:188} INFO - [2024-01-11T18:59:08.514+0000] {dagbag.py:538} INFO - Filling up the DagBag from /home/airflow/.local/lib/python3.8/site-packages/airflow/example_dags/example_branch_operator.py
[2024-01-11T18:59:08.524+0000] {processor.py:840} INFO - DAG(s) 'example_branch_operator' retrieved from /home/airflow/.local/lib/python3.8/site-packages/airflow/example_dags/example_branch_operator.py
[2024-01-11T18:59:08.539+0000] {logging_mixin.py:188} INFO - [2024-01-11T18:59:08.539+0000] {dag.py:3033} INFO - Sync 1 DAGs
[2024-01-11T18:59:08.552+0000] {logging_mixin.py:188} INFO - [2024-01-11T18:59:08.552+0000] {dag.py:3820} INFO - Setting next_dagrun for example_branch_operator to 2024-01-10T00:00:00+00:00, run_after=2024-01-11T00:00:00+00:00
[2024-01-11T18:59:08.563+0000] {processor.py:183} INFO - Processing /home/airflow/.local/lib/python3.8/site-packages/airflow/example_dags/example_branch_operator.py took 0.054 seconds
[2024-01-11T18:59:39.346+0000] {processor.py:161} INFO - Started process (PID=295) to work on /home/airflow/.local/lib/python3.8/site-packages/airflow/example_dags/example_branch_operator.py
[2024-01-11T18:59:39.346+0000] {processor.py:830} INFO - Processing file /home/airflow/.local/lib/python3.8/site-packages/airflow/example_dags/example_branch_operator.py for tasks to queue
[2024-01-11T18:59:39.348+0000] {logging_mixin.py:188} INFO - [2024-01-11T18:59:39.348+0000] {dagbag.py:538} INFO - Filling up the DagBag from /home/airflow/.local/lib/python3.8/site-packages/airflow/example_dags/example_branch_operator.py
[2024-01-11T18:59:39.358+0000] {processor.py:840} INFO - DAG(s) 'example_branch_operator' retrieved from /home/airflow/.local/lib/python3.8/site-packages/airflow/example_dags/example_branch_operator.py
[2024-01-11T18:59:39.374+0000] {logging_mixin.py:188} INFO - [2024-01-11T18:59:39.374+0000] {dag.py:3033} INFO - Sync 1 DAGs
[2024-01-11T18:59:39.386+0000] {logging_mixin.py:188} INFO - [2024-01-11T18:59:39.386+0000] {dag.py:3820} INFO - Setting next_dagrun for example_branch_operator to 2024-01-10T00:00:00+00:00, run_after=2024-01-11T00:00:00+00:00
[2024-01-11T18:59:39.396+0000] {processor.py:183} INFO - Processing /home/airflow/.local/lib/python3.8/site-packages/airflow/example_dags/example_branch_operator.py took 0.052 seconds
[2024-01-11T19:00:10.201+0000] {processor.py:161} INFO - Started process (PID=351) to work on /home/airflow/.local/lib/python3.8/site-packages/airflow/example_dags/example_branch_operator.py
[2024-01-11T19:00:10.201+0000] {processor.py:830} INFO - Processing file /home/airflow/.local/lib/python3.8/site-packages/airflow/example_dags/example_branch_operator.py for tasks to queue
[2024-01-11T19:00:10.203+0000] {logging_mixin.py:188} INFO - [2024-01-11T19:00:10.203+0000] {dagbag.py:538} INFO - Filling up the DagBag from /home/airflow/.local/lib/python3.8/site-packages/airflow/example_dags/example_branch_operator.py
[2024-01-11T19:00:10.214+0000] {processor.py:840} INFO - DAG(s) 'example_branch_operator' retrieved from /home/airflow/.local/lib/python3.8/site-packages/airflow/example_dags/example_branch_operator.py
[2024-01-11T19:00:10.230+0000] {logging_mixin.py:188} INFO - [2024-01-11T19:00:10.230+0000] {dag.py:3033} INFO - Sync 1 DAGs
[2024-01-11T19:00:10.242+0000] {logging_mixin.py:188} INFO - [2024-01-11T19:00:10.242+0000] {dag.py:3820} INFO - Setting next_dagrun for example_branch_operator to 2024-01-10T00:00:00+00:00, run_after=2024-01-11T00:00:00+00:00
[2024-01-11T19:00:10.251+0000] {processor.py:183} INFO - Processing /home/airflow/.local/lib/python3.8/site-packages/airflow/example_dags/example_branch_operator.py took 0.053 seconds
[2024-01-11T19:00:40.898+0000] {processor.py:161} INFO - Started process (PID=407) to work on /home/airflow/.local/lib/python3.8/site-packages/airflow/example_dags/example_branch_operator.py
[2024-01-11T19:00:40.899+0000] {processor.py:830} INFO - Processing file /home/airflow/.local/lib/python3.8/site-packages/airflow/example_dags/example_branch_operator.py for tasks to queue
[2024-01-11T19:00:40.901+0000] {logging_mixin.py:188} INFO - [2024-01-11T19:00:40.901+0000] {dagbag.py:538} INFO - Filling up the DagBag from /home/airflow/.local/lib/python3.8/site-packages/airflow/example_dags/example_branch_operator.py
[2024-01-11T19:00:40.911+0000] {processor.py:840} INFO - DAG(s) 'example_branch_operator' retrieved from /home/airflow/.local/lib/python3.8/site-packages/airflow/example_dags/example_branch_operator.py
[2024-01-11T19:00:40.926+0000] {logging_mixin.py:188} INFO - [2024-01-11T19:00:40.926+0000] {dag.py:3033} INFO - Sync 1 DAGs
[2024-01-11T19:00:40.937+0000] {logging_mixin.py:188} INFO - [2024-01-11T19:00:40.937+0000] {dag.py:3820} INFO - Setting next_dagrun for example_branch_operator to 2024-01-10T00:00:00+00:00, run_after=2024-01-11T00:00:00+00:00
[2024-01-11T19:00:40.946+0000] {processor.py:183} INFO - Processing /home/airflow/.local/lib/python3.8/site-packages/airflow/example_dags/example_branch_operator.py took 0.050 seconds
[2024-01-11T19:01:11.850+0000] {processor.py:161} INFO - Started process (PID=463) to work on /home/airflow/.local/lib/python3.8/site-packages/airflow/example_dags/example_branch_operator.py
[2024-01-11T19:01:11.851+0000] {processor.py:830} INFO - Processing file /home/airflow/.local/lib/python3.8/site-packages/airflow/example_dags/example_branch_operator.py for tasks to queue
[2024-01-11T19:01:11.852+0000] {logging_mixin.py:188} INFO - [2024-01-11T19:01:11.852+0000] {dagbag.py:538} INFO - Filling up the DagBag from /home/airflow/.local/lib/python3.8/site-packages/airflow/example_dags/example_branch_operator.py
[2024-01-11T19:01:11.861+0000] {processor.py:840} INFO - DAG(s) 'example_branch_operator' retrieved from /home/airflow/.local/lib/python3.8/site-packages/airflow/example_dags/example_branch_operator.py
[2024-01-11T19:01:11.877+0000] {logging_mixin.py:188} INFO - [2024-01-11T19:01:11.877+0000] {dag.py:3033} INFO - Sync 1 DAGs
[2024-01-11T19:01:11.889+0000] {logging_mixin.py:188} INFO - [2024-01-11T19:01:11.889+0000] {dag.py:3820} INFO - Setting next_dagrun for example_branch_operator to 2024-01-10T00:00:00+00:00, run_after=2024-01-11T00:00:00+00:00
[2024-01-11T19:01:11.899+0000] {processor.py:183} INFO - Processing /home/airflow/.local/lib/python3.8/site-packages/airflow/example_dags/example_branch_operator.py took 0.051 seconds
[2024-01-11T19:01:42.857+0000] {processor.py:161} INFO - Started process (PID=519) to work on /home/airflow/.local/lib/python3.8/site-packages/airflow/example_dags/example_branch_operator.py
[2024-01-11T19:01:42.857+0000] {processor.py:830} INFO - Processing file /home/airflow/.local/lib/python3.8/site-packages/airflow/example_dags/example_branch_operator.py for tasks to queue
[2024-01-11T19:01:42.859+0000] {logging_mixin.py:188} INFO - [2024-01-11T19:01:42.859+0000] {dagbag.py:538} INFO - Filling up the DagBag from /home/airflow/.local/lib/python3.8/site-packages/airflow/example_dags/example_branch_operator.py
[2024-01-11T19:01:42.869+0000] {processor.py:840} INFO - DAG(s) 'example_branch_operator' retrieved from /home/airflow/.local/lib/python3.8/site-packages/airflow/example_dags/example_branch_operator.py
[2024-01-11T19:01:42.884+0000] {logging_mixin.py:188} INFO - [2024-01-11T19:01:42.884+0000] {dag.py:3033} INFO - Sync 1 DAGs
[2024-01-11T19:01:42.896+0000] {logging_mixin.py:188} INFO - [2024-01-11T19:01:42.896+0000] {dag.py:3820} INFO - Setting next_dagrun for example_branch_operator to 2024-01-10T00:00:00+00:00, run_after=2024-01-11T00:00:00+00:00
[2024-01-11T19:01:42.905+0000] {processor.py:183} INFO - Processing /home/airflow/.local/lib/python3.8/site-packages/airflow/example_dags/example_branch_operator.py took 0.050 seconds
[2024-01-11T19:02:13.681+0000] {processor.py:161} INFO - Started process (PID=575) to work on /home/airflow/.local/lib/python3.8/site-packages/airflow/example_dags/example_branch_operator.py
[2024-01-11T19:02:13.682+0000] {processor.py:830} INFO - Processing file /home/airflow/.local/lib/python3.8/site-packages/airflow/example_dags/example_branch_operator.py for tasks to queue
[2024-01-11T19:02:13.683+0000] {logging_mixin.py:188} INFO - [2024-01-11T19:02:13.683+0000] {dagbag.py:538} INFO - Filling up the DagBag from /home/airflow/.local/lib/python3.8/site-packages/airflow/example_dags/example_branch_operator.py
[2024-01-11T19:02:13.693+0000] {processor.py:840} INFO - DAG(s) 'example_branch_operator' retrieved from /home/airflow/.local/lib/python3.8/site-packages/airflow/example_dags/example_branch_operator.py
[2024-01-11T19:02:13.707+0000] {logging_mixin.py:188} INFO - [2024-01-11T19:02:13.707+0000] {dag.py:3033} INFO - Sync 1 DAGs
[2024-01-11T19:02:13.718+0000] {logging_mixin.py:188} INFO - [2024-01-11T19:02:13.718+0000] {dag.py:3820} INFO - Setting next_dagrun for example_branch_operator to 2024-01-10T00:00:00+00:00, run_after=2024-01-11T00:00:00+00:00
[2024-01-11T19:02:13.728+0000] {processor.py:183} INFO - Processing /home/airflow/.local/lib/python3.8/site-packages/airflow/example_dags/example_branch_operator.py took 0.049 seconds
[2024-01-11T19:02:44.506+0000] {processor.py:161} INFO - Started process (PID=631) to work on /home/airflow/.local/lib/python3.8/site-packages/airflow/example_dags/example_branch_operator.py
[2024-01-11T19:02:44.507+0000] {processor.py:830} INFO - Processing file /home/airflow/.local/lib/python3.8/site-packages/airflow/example_dags/example_branch_operator.py for tasks to queue
[2024-01-11T19:02:44.509+0000] {logging_mixin.py:188} INFO - [2024-01-11T19:02:44.508+0000] {dagbag.py:538} INFO - Filling up the DagBag from /home/airflow/.local/lib/python3.8/site-packages/airflow/example_dags/example_branch_operator.py
[2024-01-11T19:02:44.518+0000] {processor.py:840} INFO - DAG(s) 'example_branch_operator' retrieved from /home/airflow/.local/lib/python3.8/site-packages/airflow/example_dags/example_branch_operator.py
[2024-01-11T19:02:44.533+0000] {logging_mixin.py:188} INFO - [2024-01-11T19:02:44.533+0000] {dag.py:3033} INFO - Sync 1 DAGs
[2024-01-11T19:02:44.545+0000] {logging_mixin.py:188} INFO - [2024-01-11T19:02:44.545+0000] {dag.py:3820} INFO - Setting next_dagrun for example_branch_operator to 2024-01-10T00:00:00+00:00, run_after=2024-01-11T00:00:00+00:00
[2024-01-11T19:02:44.555+0000] {processor.py:183} INFO - Processing /home/airflow/.local/lib/python3.8/site-packages/airflow/example_dags/example_branch_operator.py took 0.051 seconds
[2024-01-11T19:03:15.393+0000] {processor.py:161} INFO - Started process (PID=686) to work on /home/airflow/.local/lib/python3.8/site-packages/airflow/example_dags/example_branch_operator.py
[2024-01-11T19:03:15.394+0000] {processor.py:830} INFO - Processing file /home/airflow/.local/lib/python3.8/site-packages/airflow/example_dags/example_branch_operator.py for tasks to queue
[2024-01-11T19:03:15.395+0000] {logging_mixin.py:188} INFO - [2024-01-11T19:03:15.395+0000] {dagbag.py:538} INFO - Filling up the DagBag from /home/airflow/.local/lib/python3.8/site-packages/airflow/example_dags/example_branch_operator.py
[2024-01-11T19:03:15.405+0000] {processor.py:840} INFO - DAG(s) 'example_branch_operator' retrieved from /home/airflow/.local/lib/python3.8/site-packages/airflow/example_dags/example_branch_operator.py
[2024-01-11T19:03:15.420+0000] {logging_mixin.py:188} INFO - [2024-01-11T19:03:15.420+0000] {dag.py:3033} INFO - Sync 1 DAGs
[2024-01-11T19:03:15.432+0000] {logging_mixin.py:188} INFO - [2024-01-11T19:03:15.432+0000] {dag.py:3820} INFO - Setting next_dagrun for example_branch_operator to 2024-01-10T00:00:00+00:00, run_after=2024-01-11T00:00:00+00:00
[2024-01-11T19:03:15.441+0000] {processor.py:183} INFO - Processing /home/airflow/.local/lib/python3.8/site-packages/airflow/example_dags/example_branch_operator.py took 0.050 seconds
[2024-01-11T19:03:45.494+0000] {processor.py:161} INFO - Started process (PID=742) to work on /home/airflow/.local/lib/python3.8/site-packages/airflow/example_dags/example_branch_operator.py
[2024-01-11T19:03:45.494+0000] {processor.py:830} INFO - Processing file /home/airflow/.local/lib/python3.8/site-packages/airflow/example_dags/example_branch_operator.py for tasks to queue
[2024-01-11T19:03:45.496+0000] {logging_mixin.py:188} INFO - [2024-01-11T19:03:45.496+0000] {dagbag.py:538} INFO - Filling up the DagBag from /home/airflow/.local/lib/python3.8/site-packages/airflow/example_dags/example_branch_operator.py
[2024-01-11T19:03:45.506+0000] {processor.py:840} INFO - DAG(s) 'example_branch_operator' retrieved from /home/airflow/.local/lib/python3.8/site-packages/airflow/example_dags/example_branch_operator.py
[2024-01-11T19:03:45.522+0000] {logging_mixin.py:188} INFO - [2024-01-11T19:03:45.522+0000] {dag.py:3033} INFO - Sync 1 DAGs
[2024-01-11T19:03:45.536+0000] {logging_mixin.py:188} INFO - [2024-01-11T19:03:45.536+0000] {dag.py:3820} INFO - Setting next_dagrun for example_branch_operator to 2024-01-10T00:00:00+00:00, run_after=2024-01-11T00:00:00+00:00
[2024-01-11T19:03:45.548+0000] {processor.py:183} INFO - Processing /home/airflow/.local/lib/python3.8/site-packages/airflow/example_dags/example_branch_operator.py took 0.057 seconds
[2024-01-11T19:04:15.665+0000] {processor.py:161} INFO - Started process (PID=798) to work on /home/airflow/.local/lib/python3.8/site-packages/airflow/example_dags/example_branch_operator.py
[2024-01-11T19:04:15.665+0000] {processor.py:830} INFO - Processing file /home/airflow/.local/lib/python3.8/site-packages/airflow/example_dags/example_branch_operator.py for tasks to queue
[2024-01-11T19:04:15.667+0000] {logging_mixin.py:188} INFO - [2024-01-11T19:04:15.667+0000] {dagbag.py:538} INFO - Filling up the DagBag from /home/airflow/.local/lib/python3.8/site-packages/airflow/example_dags/example_branch_operator.py
[2024-01-11T19:04:15.676+0000] {processor.py:840} INFO - DAG(s) 'example_branch_operator' retrieved from /home/airflow/.local/lib/python3.8/site-packages/airflow/example_dags/example_branch_operator.py
[2024-01-11T19:04:15.691+0000] {logging_mixin.py:188} INFO - [2024-01-11T19:04:15.691+0000] {dag.py:3033} INFO - Sync 1 DAGs
[2024-01-11T19:04:15.702+0000] {logging_mixin.py:188} INFO - [2024-01-11T19:04:15.702+0000] {dag.py:3820} INFO - Setting next_dagrun for example_branch_operator to 2024-01-10T00:00:00+00:00, run_after=2024-01-11T00:00:00+00:00
[2024-01-11T19:04:15.712+0000] {processor.py:183} INFO - Processing /home/airflow/.local/lib/python3.8/site-packages/airflow/example_dags/example_branch_operator.py took 0.050 seconds
[2024-01-11T19:04:46.449+0000] {processor.py:161} INFO - Started process (PID=854) to work on /home/airflow/.local/lib/python3.8/site-packages/airflow/example_dags/example_branch_operator.py
[2024-01-11T19:04:46.449+0000] {processor.py:830} INFO - Processing file /home/airflow/.local/lib/python3.8/site-packages/airflow/example_dags/example_branch_operator.py for tasks to queue
[2024-01-11T19:04:46.451+0000] {logging_mixin.py:188} INFO - [2024-01-11T19:04:46.451+0000] {dagbag.py:538} INFO - Filling up the DagBag from /home/airflow/.local/lib/python3.8/site-packages/airflow/example_dags/example_branch_operator.py
[2024-01-11T19:04:46.460+0000] {processor.py:840} INFO - DAG(s) 'example_branch_operator' retrieved from /home/airflow/.local/lib/python3.8/site-packages/airflow/example_dags/example_branch_operator.py
[2024-01-11T19:04:46.474+0000] {logging_mixin.py:188} INFO - [2024-01-11T19:04:46.474+0000] {dag.py:3033} INFO - Sync 1 DAGs
[2024-01-11T19:04:46.487+0000] {logging_mixin.py:188} INFO - [2024-01-11T19:04:46.487+0000] {dag.py:3820} INFO - Setting next_dagrun for example_branch_operator to 2024-01-10T00:00:00+00:00, run_after=2024-01-11T00:00:00+00:00
[2024-01-11T19:04:46.496+0000] {processor.py:183} INFO - Processing /home/airflow/.local/lib/python3.8/site-packages/airflow/example_dags/example_branch_operator.py took 0.050 seconds
