[2024-01-11T18:57:35.426+0000] {processor.py:161} INFO - Started process (PID=38) to work on /home/airflow/.local/lib/python3.8/site-packages/airflow/example_dags/example_branch_day_of_week_operator.py
[2024-01-11T18:57:35.426+0000] {processor.py:830} INFO - Processing file /home/airflow/.local/lib/python3.8/site-packages/airflow/example_dags/example_branch_day_of_week_operator.py for tasks to queue
[2024-01-11T18:57:35.428+0000] {logging_mixin.py:188} INFO - [2024-01-11T18:57:35.428+0000] {dagbag.py:538} INFO - Filling up the DagBag from /home/airflow/.local/lib/python3.8/site-packages/airflow/example_dags/example_branch_day_of_week_operator.py
[2024-01-11T18:57:35.433+0000] {processor.py:840} INFO - DAG(s) 'example_weekday_branch_operator' retrieved from /home/airflow/.local/lib/python3.8/site-packages/airflow/example_dags/example_branch_day_of_week_operator.py
[2024-01-11T18:57:35.441+0000] {logging_mixin.py:188} INFO - [2024-01-11T18:57:35.441+0000] {dag.py:3033} INFO - Sync 1 DAGs
[2024-01-11T18:57:35.457+0000] {logging_mixin.py:188} INFO - [2024-01-11T18:57:35.457+0000] {dag.py:3820} INFO - Setting next_dagrun for example_weekday_branch_operator to 2024-01-10T00:00:00+00:00, run_after=2024-01-11T00:00:00+00:00
[2024-01-11T18:57:35.469+0000] {processor.py:183} INFO - Processing /home/airflow/.local/lib/python3.8/site-packages/airflow/example_dags/example_branch_day_of_week_operator.py took 0.045 seconds
[2024-01-11T18:58:05.827+0000] {processor.py:161} INFO - Started process (PID=94) to work on /home/airflow/.local/lib/python3.8/site-packages/airflow/example_dags/example_branch_day_of_week_operator.py
[2024-01-11T18:58:05.828+0000] {processor.py:830} INFO - Processing file /home/airflow/.local/lib/python3.8/site-packages/airflow/example_dags/example_branch_day_of_week_operator.py for tasks to queue
[2024-01-11T18:58:05.829+0000] {logging_mixin.py:188} INFO - [2024-01-11T18:58:05.829+0000] {dagbag.py:538} INFO - Filling up the DagBag from /home/airflow/.local/lib/python3.8/site-packages/airflow/example_dags/example_branch_day_of_week_operator.py
[2024-01-11T18:58:05.834+0000] {processor.py:840} INFO - DAG(s) 'example_weekday_branch_operator' retrieved from /home/airflow/.local/lib/python3.8/site-packages/airflow/example_dags/example_branch_day_of_week_operator.py
[2024-01-11T18:58:05.883+0000] {logging_mixin.py:188} INFO - [2024-01-11T18:58:05.883+0000] {dag.py:3033} INFO - Sync 1 DAGs
[2024-01-11T18:58:05.894+0000] {logging_mixin.py:188} INFO - [2024-01-11T18:58:05.894+0000] {dag.py:3820} INFO - Setting next_dagrun for example_weekday_branch_operator to 2024-01-10T00:00:00+00:00, run_after=2024-01-11T00:00:00+00:00
[2024-01-11T18:58:05.904+0000] {processor.py:183} INFO - Processing /home/airflow/.local/lib/python3.8/site-packages/airflow/example_dags/example_branch_day_of_week_operator.py took 0.080 seconds
[2024-01-11T18:58:36.677+0000] {processor.py:161} INFO - Started process (PID=150) to work on /home/airflow/.local/lib/python3.8/site-packages/airflow/example_dags/example_branch_day_of_week_operator.py
[2024-01-11T18:58:36.677+0000] {processor.py:830} INFO - Processing file /home/airflow/.local/lib/python3.8/site-packages/airflow/example_dags/example_branch_day_of_week_operator.py for tasks to queue
[2024-01-11T18:58:36.679+0000] {logging_mixin.py:188} INFO - [2024-01-11T18:58:36.679+0000] {dagbag.py:538} INFO - Filling up the DagBag from /home/airflow/.local/lib/python3.8/site-packages/airflow/example_dags/example_branch_day_of_week_operator.py
[2024-01-11T18:58:36.684+0000] {processor.py:840} INFO - DAG(s) 'example_weekday_branch_operator' retrieved from /home/airflow/.local/lib/python3.8/site-packages/airflow/example_dags/example_branch_day_of_week_operator.py
[2024-01-11T18:58:36.696+0000] {logging_mixin.py:188} INFO - [2024-01-11T18:58:36.696+0000] {dag.py:3033} INFO - Sync 1 DAGs
[2024-01-11T18:58:36.707+0000] {logging_mixin.py:188} INFO - [2024-01-11T18:58:36.707+0000] {dag.py:3820} INFO - Setting next_dagrun for example_weekday_branch_operator to 2024-01-10T00:00:00+00:00, run_after=2024-01-11T00:00:00+00:00
[2024-01-11T18:58:36.717+0000] {processor.py:183} INFO - Processing /home/airflow/.local/lib/python3.8/site-packages/airflow/example_dags/example_branch_day_of_week_operator.py took 0.042 seconds
[2024-01-11T18:59:07.558+0000] {processor.py:161} INFO - Started process (PID=206) to work on /home/airflow/.local/lib/python3.8/site-packages/airflow/example_dags/example_branch_day_of_week_operator.py
[2024-01-11T18:59:07.559+0000] {processor.py:830} INFO - Processing file /home/airflow/.local/lib/python3.8/site-packages/airflow/example_dags/example_branch_day_of_week_operator.py for tasks to queue
[2024-01-11T18:59:07.560+0000] {logging_mixin.py:188} INFO - [2024-01-11T18:59:07.560+0000] {dagbag.py:538} INFO - Filling up the DagBag from /home/airflow/.local/lib/python3.8/site-packages/airflow/example_dags/example_branch_day_of_week_operator.py
[2024-01-11T18:59:07.565+0000] {processor.py:840} INFO - DAG(s) 'example_weekday_branch_operator' retrieved from /home/airflow/.local/lib/python3.8/site-packages/airflow/example_dags/example_branch_day_of_week_operator.py
[2024-01-11T18:59:07.577+0000] {logging_mixin.py:188} INFO - [2024-01-11T18:59:07.577+0000] {dag.py:3033} INFO - Sync 1 DAGs
[2024-01-11T18:59:07.590+0000] {logging_mixin.py:188} INFO - [2024-01-11T18:59:07.590+0000] {dag.py:3820} INFO - Setting next_dagrun for example_weekday_branch_operator to 2024-01-10T00:00:00+00:00, run_after=2024-01-11T00:00:00+00:00
[2024-01-11T18:59:07.600+0000] {processor.py:183} INFO - Processing /home/airflow/.local/lib/python3.8/site-packages/airflow/example_dags/example_branch_day_of_week_operator.py took 0.044 seconds
[2024-01-11T18:59:38.434+0000] {processor.py:161} INFO - Started process (PID=262) to work on /home/airflow/.local/lib/python3.8/site-packages/airflow/example_dags/example_branch_day_of_week_operator.py
[2024-01-11T18:59:38.434+0000] {processor.py:830} INFO - Processing file /home/airflow/.local/lib/python3.8/site-packages/airflow/example_dags/example_branch_day_of_week_operator.py for tasks to queue
[2024-01-11T18:59:38.436+0000] {logging_mixin.py:188} INFO - [2024-01-11T18:59:38.435+0000] {dagbag.py:538} INFO - Filling up the DagBag from /home/airflow/.local/lib/python3.8/site-packages/airflow/example_dags/example_branch_day_of_week_operator.py
[2024-01-11T18:59:38.440+0000] {processor.py:840} INFO - DAG(s) 'example_weekday_branch_operator' retrieved from /home/airflow/.local/lib/python3.8/site-packages/airflow/example_dags/example_branch_day_of_week_operator.py
[2024-01-11T18:59:38.453+0000] {logging_mixin.py:188} INFO - [2024-01-11T18:59:38.453+0000] {dag.py:3033} INFO - Sync 1 DAGs
[2024-01-11T18:59:38.464+0000] {logging_mixin.py:188} INFO - [2024-01-11T18:59:38.464+0000] {dag.py:3820} INFO - Setting next_dagrun for example_weekday_branch_operator to 2024-01-10T00:00:00+00:00, run_after=2024-01-11T00:00:00+00:00
[2024-01-11T18:59:38.473+0000] {processor.py:183} INFO - Processing /home/airflow/.local/lib/python3.8/site-packages/airflow/example_dags/example_branch_day_of_week_operator.py took 0.042 seconds
[2024-01-11T19:00:09.279+0000] {processor.py:161} INFO - Started process (PID=318) to work on /home/airflow/.local/lib/python3.8/site-packages/airflow/example_dags/example_branch_day_of_week_operator.py
[2024-01-11T19:00:09.280+0000] {processor.py:830} INFO - Processing file /home/airflow/.local/lib/python3.8/site-packages/airflow/example_dags/example_branch_day_of_week_operator.py for tasks to queue
[2024-01-11T19:00:09.282+0000] {logging_mixin.py:188} INFO - [2024-01-11T19:00:09.282+0000] {dagbag.py:538} INFO - Filling up the DagBag from /home/airflow/.local/lib/python3.8/site-packages/airflow/example_dags/example_branch_day_of_week_operator.py
[2024-01-11T19:00:09.287+0000] {processor.py:840} INFO - DAG(s) 'example_weekday_branch_operator' retrieved from /home/airflow/.local/lib/python3.8/site-packages/airflow/example_dags/example_branch_day_of_week_operator.py
[2024-01-11T19:00:09.300+0000] {logging_mixin.py:188} INFO - [2024-01-11T19:00:09.299+0000] {dag.py:3033} INFO - Sync 1 DAGs
[2024-01-11T19:00:09.312+0000] {logging_mixin.py:188} INFO - [2024-01-11T19:00:09.312+0000] {dag.py:3820} INFO - Setting next_dagrun for example_weekday_branch_operator to 2024-01-10T00:00:00+00:00, run_after=2024-01-11T00:00:00+00:00
[2024-01-11T19:00:09.322+0000] {processor.py:183} INFO - Processing /home/airflow/.local/lib/python3.8/site-packages/airflow/example_dags/example_branch_day_of_week_operator.py took 0.046 seconds
[2024-01-11T19:00:40.000+0000] {processor.py:161} INFO - Started process (PID=374) to work on /home/airflow/.local/lib/python3.8/site-packages/airflow/example_dags/example_branch_day_of_week_operator.py
[2024-01-11T19:00:40.001+0000] {processor.py:830} INFO - Processing file /home/airflow/.local/lib/python3.8/site-packages/airflow/example_dags/example_branch_day_of_week_operator.py for tasks to queue
[2024-01-11T19:00:40.002+0000] {logging_mixin.py:188} INFO - [2024-01-11T19:00:40.002+0000] {dagbag.py:538} INFO - Filling up the DagBag from /home/airflow/.local/lib/python3.8/site-packages/airflow/example_dags/example_branch_day_of_week_operator.py
[2024-01-11T19:00:40.007+0000] {processor.py:840} INFO - DAG(s) 'example_weekday_branch_operator' retrieved from /home/airflow/.local/lib/python3.8/site-packages/airflow/example_dags/example_branch_day_of_week_operator.py
[2024-01-11T19:00:40.019+0000] {logging_mixin.py:188} INFO - [2024-01-11T19:00:40.019+0000] {dag.py:3033} INFO - Sync 1 DAGs
[2024-01-11T19:00:40.031+0000] {logging_mixin.py:188} INFO - [2024-01-11T19:00:40.031+0000] {dag.py:3820} INFO - Setting next_dagrun for example_weekday_branch_operator to 2024-01-10T00:00:00+00:00, run_after=2024-01-11T00:00:00+00:00
[2024-01-11T19:00:40.040+0000] {processor.py:183} INFO - Processing /home/airflow/.local/lib/python3.8/site-packages/airflow/example_dags/example_branch_day_of_week_operator.py took 0.042 seconds
[2024-01-11T19:01:10.765+0000] {processor.py:161} INFO - Started process (PID=430) to work on /home/airflow/.local/lib/python3.8/site-packages/airflow/example_dags/example_branch_day_of_week_operator.py
[2024-01-11T19:01:10.766+0000] {processor.py:830} INFO - Processing file /home/airflow/.local/lib/python3.8/site-packages/airflow/example_dags/example_branch_day_of_week_operator.py for tasks to queue
[2024-01-11T19:01:10.767+0000] {logging_mixin.py:188} INFO - [2024-01-11T19:01:10.767+0000] {dagbag.py:538} INFO - Filling up the DagBag from /home/airflow/.local/lib/python3.8/site-packages/airflow/example_dags/example_branch_day_of_week_operator.py
[2024-01-11T19:01:10.772+0000] {processor.py:840} INFO - DAG(s) 'example_weekday_branch_operator' retrieved from /home/airflow/.local/lib/python3.8/site-packages/airflow/example_dags/example_branch_day_of_week_operator.py
[2024-01-11T19:01:10.785+0000] {logging_mixin.py:188} INFO - [2024-01-11T19:01:10.784+0000] {dag.py:3033} INFO - Sync 1 DAGs
[2024-01-11T19:01:10.797+0000] {logging_mixin.py:188} INFO - [2024-01-11T19:01:10.797+0000] {dag.py:3820} INFO - Setting next_dagrun for example_weekday_branch_operator to 2024-01-10T00:00:00+00:00, run_after=2024-01-11T00:00:00+00:00
[2024-01-11T19:01:10.806+0000] {processor.py:183} INFO - Processing /home/airflow/.local/lib/python3.8/site-packages/airflow/example_dags/example_branch_day_of_week_operator.py took 0.043 seconds
[2024-01-11T19:01:40.877+0000] {processor.py:161} INFO - Started process (PID=486) to work on /home/airflow/.local/lib/python3.8/site-packages/airflow/example_dags/example_branch_day_of_week_operator.py
[2024-01-11T19:01:40.878+0000] {processor.py:830} INFO - Processing file /home/airflow/.local/lib/python3.8/site-packages/airflow/example_dags/example_branch_day_of_week_operator.py for tasks to queue
[2024-01-11T19:01:40.879+0000] {logging_mixin.py:188} INFO - [2024-01-11T19:01:40.879+0000] {dagbag.py:538} INFO - Filling up the DagBag from /home/airflow/.local/lib/python3.8/site-packages/airflow/example_dags/example_branch_day_of_week_operator.py
[2024-01-11T19:01:40.884+0000] {processor.py:840} INFO - DAG(s) 'example_weekday_branch_operator' retrieved from /home/airflow/.local/lib/python3.8/site-packages/airflow/example_dags/example_branch_day_of_week_operator.py
[2024-01-11T19:01:40.896+0000] {logging_mixin.py:188} INFO - [2024-01-11T19:01:40.895+0000] {dag.py:3033} INFO - Sync 1 DAGs
[2024-01-11T19:01:40.907+0000] {logging_mixin.py:188} INFO - [2024-01-11T19:01:40.907+0000] {dag.py:3820} INFO - Setting next_dagrun for example_weekday_branch_operator to 2024-01-10T00:00:00+00:00, run_after=2024-01-11T00:00:00+00:00
[2024-01-11T19:01:40.916+0000] {processor.py:183} INFO - Processing /home/airflow/.local/lib/python3.8/site-packages/airflow/example_dags/example_branch_day_of_week_operator.py took 0.042 seconds
[2024-01-11T19:02:11.748+0000] {processor.py:161} INFO - Started process (PID=542) to work on /home/airflow/.local/lib/python3.8/site-packages/airflow/example_dags/example_branch_day_of_week_operator.py
[2024-01-11T19:02:11.749+0000] {processor.py:830} INFO - Processing file /home/airflow/.local/lib/python3.8/site-packages/airflow/example_dags/example_branch_day_of_week_operator.py for tasks to queue
[2024-01-11T19:02:11.750+0000] {logging_mixin.py:188} INFO - [2024-01-11T19:02:11.750+0000] {dagbag.py:538} INFO - Filling up the DagBag from /home/airflow/.local/lib/python3.8/site-packages/airflow/example_dags/example_branch_day_of_week_operator.py
[2024-01-11T19:02:11.755+0000] {processor.py:840} INFO - DAG(s) 'example_weekday_branch_operator' retrieved from /home/airflow/.local/lib/python3.8/site-packages/airflow/example_dags/example_branch_day_of_week_operator.py
[2024-01-11T19:02:11.768+0000] {logging_mixin.py:188} INFO - [2024-01-11T19:02:11.768+0000] {dag.py:3033} INFO - Sync 1 DAGs
[2024-01-11T19:02:11.781+0000] {logging_mixin.py:188} INFO - [2024-01-11T19:02:11.781+0000] {dag.py:3820} INFO - Setting next_dagrun for example_weekday_branch_operator to 2024-01-10T00:00:00+00:00, run_after=2024-01-11T00:00:00+00:00
[2024-01-11T19:02:11.791+0000] {processor.py:183} INFO - Processing /home/airflow/.local/lib/python3.8/site-packages/airflow/example_dags/example_branch_day_of_week_operator.py took 0.045 seconds
[2024-01-11T19:02:42.546+0000] {processor.py:161} INFO - Started process (PID=598) to work on /home/airflow/.local/lib/python3.8/site-packages/airflow/example_dags/example_branch_day_of_week_operator.py
[2024-01-11T19:02:42.547+0000] {processor.py:830} INFO - Processing file /home/airflow/.local/lib/python3.8/site-packages/airflow/example_dags/example_branch_day_of_week_operator.py for tasks to queue
[2024-01-11T19:02:42.549+0000] {logging_mixin.py:188} INFO - [2024-01-11T19:02:42.549+0000] {dagbag.py:538} INFO - Filling up the DagBag from /home/airflow/.local/lib/python3.8/site-packages/airflow/example_dags/example_branch_day_of_week_operator.py
[2024-01-11T19:02:42.554+0000] {processor.py:840} INFO - DAG(s) 'example_weekday_branch_operator' retrieved from /home/airflow/.local/lib/python3.8/site-packages/airflow/example_dags/example_branch_day_of_week_operator.py
[2024-01-11T19:02:42.566+0000] {logging_mixin.py:188} INFO - [2024-01-11T19:02:42.566+0000] {dag.py:3033} INFO - Sync 1 DAGs
[2024-01-11T19:02:42.580+0000] {logging_mixin.py:188} INFO - [2024-01-11T19:02:42.579+0000] {dag.py:3820} INFO - Setting next_dagrun for example_weekday_branch_operator to 2024-01-10T00:00:00+00:00, run_after=2024-01-11T00:00:00+00:00
[2024-01-11T19:02:42.590+0000] {processor.py:183} INFO - Processing /home/airflow/.local/lib/python3.8/site-packages/airflow/example_dags/example_branch_day_of_week_operator.py took 0.045 seconds
[2024-01-11T19:03:13.363+0000] {processor.py:161} INFO - Started process (PID=653) to work on /home/airflow/.local/lib/python3.8/site-packages/airflow/example_dags/example_branch_day_of_week_operator.py
[2024-01-11T19:03:13.364+0000] {processor.py:830} INFO - Processing file /home/airflow/.local/lib/python3.8/site-packages/airflow/example_dags/example_branch_day_of_week_operator.py for tasks to queue
[2024-01-11T19:03:13.366+0000] {logging_mixin.py:188} INFO - [2024-01-11T19:03:13.365+0000] {dagbag.py:538} INFO - Filling up the DagBag from /home/airflow/.local/lib/python3.8/site-packages/airflow/example_dags/example_branch_day_of_week_operator.py
[2024-01-11T19:03:13.371+0000] {processor.py:840} INFO - DAG(s) 'example_weekday_branch_operator' retrieved from /home/airflow/.local/lib/python3.8/site-packages/airflow/example_dags/example_branch_day_of_week_operator.py
[2024-01-11T19:03:13.383+0000] {logging_mixin.py:188} INFO - [2024-01-11T19:03:13.383+0000] {dag.py:3033} INFO - Sync 1 DAGs
[2024-01-11T19:03:13.396+0000] {logging_mixin.py:188} INFO - [2024-01-11T19:03:13.396+0000] {dag.py:3820} INFO - Setting next_dagrun for example_weekday_branch_operator to 2024-01-10T00:00:00+00:00, run_after=2024-01-11T00:00:00+00:00
[2024-01-11T19:03:13.405+0000] {processor.py:183} INFO - Processing /home/airflow/.local/lib/python3.8/site-packages/airflow/example_dags/example_branch_day_of_week_operator.py took 0.045 seconds
[2024-01-11T19:03:43.465+0000] {processor.py:161} INFO - Started process (PID=709) to work on /home/airflow/.local/lib/python3.8/site-packages/airflow/example_dags/example_branch_day_of_week_operator.py
[2024-01-11T19:03:43.466+0000] {processor.py:830} INFO - Processing file /home/airflow/.local/lib/python3.8/site-packages/airflow/example_dags/example_branch_day_of_week_operator.py for tasks to queue
[2024-01-11T19:03:43.467+0000] {logging_mixin.py:188} INFO - [2024-01-11T19:03:43.467+0000] {dagbag.py:538} INFO - Filling up the DagBag from /home/airflow/.local/lib/python3.8/site-packages/airflow/example_dags/example_branch_day_of_week_operator.py
[2024-01-11T19:03:43.471+0000] {processor.py:840} INFO - DAG(s) 'example_weekday_branch_operator' retrieved from /home/airflow/.local/lib/python3.8/site-packages/airflow/example_dags/example_branch_day_of_week_operator.py
[2024-01-11T19:03:43.483+0000] {logging_mixin.py:188} INFO - [2024-01-11T19:03:43.483+0000] {dag.py:3033} INFO - Sync 1 DAGs
[2024-01-11T19:03:43.495+0000] {logging_mixin.py:188} INFO - [2024-01-11T19:03:43.495+0000] {dag.py:3820} INFO - Setting next_dagrun for example_weekday_branch_operator to 2024-01-10T00:00:00+00:00, run_after=2024-01-11T00:00:00+00:00
[2024-01-11T19:03:43.505+0000] {processor.py:183} INFO - Processing /home/airflow/.local/lib/python3.8/site-packages/airflow/example_dags/example_branch_day_of_week_operator.py took 0.042 seconds
[2024-01-11T19:04:13.644+0000] {processor.py:161} INFO - Started process (PID=765) to work on /home/airflow/.local/lib/python3.8/site-packages/airflow/example_dags/example_branch_day_of_week_operator.py
[2024-01-11T19:04:13.645+0000] {processor.py:830} INFO - Processing file /home/airflow/.local/lib/python3.8/site-packages/airflow/example_dags/example_branch_day_of_week_operator.py for tasks to queue
[2024-01-11T19:04:13.646+0000] {logging_mixin.py:188} INFO - [2024-01-11T19:04:13.646+0000] {dagbag.py:538} INFO - Filling up the DagBag from /home/airflow/.local/lib/python3.8/site-packages/airflow/example_dags/example_branch_day_of_week_operator.py
[2024-01-11T19:04:13.651+0000] {processor.py:840} INFO - DAG(s) 'example_weekday_branch_operator' retrieved from /home/airflow/.local/lib/python3.8/site-packages/airflow/example_dags/example_branch_day_of_week_operator.py
[2024-01-11T19:04:13.663+0000] {logging_mixin.py:188} INFO - [2024-01-11T19:04:13.663+0000] {dag.py:3033} INFO - Sync 1 DAGs
[2024-01-11T19:04:13.674+0000] {logging_mixin.py:188} INFO - [2024-01-11T19:04:13.674+0000] {dag.py:3820} INFO - Setting next_dagrun for example_weekday_branch_operator to 2024-01-10T00:00:00+00:00, run_after=2024-01-11T00:00:00+00:00
[2024-01-11T19:04:13.683+0000] {processor.py:183} INFO - Processing /home/airflow/.local/lib/python3.8/site-packages/airflow/example_dags/example_branch_day_of_week_operator.py took 0.041 seconds
[2024-01-11T19:04:44.521+0000] {processor.py:161} INFO - Started process (PID=821) to work on /home/airflow/.local/lib/python3.8/site-packages/airflow/example_dags/example_branch_day_of_week_operator.py
[2024-01-11T19:04:44.522+0000] {processor.py:830} INFO - Processing file /home/airflow/.local/lib/python3.8/site-packages/airflow/example_dags/example_branch_day_of_week_operator.py for tasks to queue
[2024-01-11T19:04:44.523+0000] {logging_mixin.py:188} INFO - [2024-01-11T19:04:44.523+0000] {dagbag.py:538} INFO - Filling up the DagBag from /home/airflow/.local/lib/python3.8/site-packages/airflow/example_dags/example_branch_day_of_week_operator.py
[2024-01-11T19:04:44.528+0000] {processor.py:840} INFO - DAG(s) 'example_weekday_branch_operator' retrieved from /home/airflow/.local/lib/python3.8/site-packages/airflow/example_dags/example_branch_day_of_week_operator.py
[2024-01-11T19:04:44.540+0000] {logging_mixin.py:188} INFO - [2024-01-11T19:04:44.540+0000] {dag.py:3033} INFO - Sync 1 DAGs
[2024-01-11T19:04:44.552+0000] {logging_mixin.py:188} INFO - [2024-01-11T19:04:44.552+0000] {dag.py:3820} INFO - Setting next_dagrun for example_weekday_branch_operator to 2024-01-10T00:00:00+00:00, run_after=2024-01-11T00:00:00+00:00
[2024-01-11T19:04:44.562+0000] {processor.py:183} INFO - Processing /home/airflow/.local/lib/python3.8/site-packages/airflow/example_dags/example_branch_day_of_week_operator.py took 0.043 seconds
