[2024-01-11T18:57:36.118+0000] {processor.py:161} INFO - Started process (PID=52) to work on /home/airflow/.local/lib/python3.8/site-packages/airflow/example_dags/example_python_operator.py
[2024-01-11T18:57:36.118+0000] {processor.py:830} INFO - Processing file /home/airflow/.local/lib/python3.8/site-packages/airflow/example_dags/example_python_operator.py for tasks to queue
[2024-01-11T18:57:36.120+0000] {logging_mixin.py:188} INFO - [2024-01-11T18:57:36.120+0000] {dagbag.py:538} INFO - Filling up the DagBag from /home/airflow/.local/lib/python3.8/site-packages/airflow/example_dags/example_python_operator.py
[2024-01-11T18:57:36.136+0000] {processor.py:840} INFO - DAG(s) 'example_python_operator' retrieved from /home/airflow/.local/lib/python3.8/site-packages/airflow/example_dags/example_python_operator.py
[2024-01-11T18:57:36.173+0000] {logging_mixin.py:188} INFO - [2024-01-11T18:57:36.173+0000] {dag.py:3033} INFO - Sync 1 DAGs
[2024-01-11T18:57:36.186+0000] {logging_mixin.py:188} INFO - [2024-01-11T18:57:36.186+0000] {dag.py:3820} INFO - Setting next_dagrun for example_python_operator to None, run_after=None
[2024-01-11T18:57:36.237+0000] {processor.py:183} INFO - Processing /home/airflow/.local/lib/python3.8/site-packages/airflow/example_dags/example_python_operator.py took 0.124 seconds
[2024-01-11T18:58:06.531+0000] {processor.py:161} INFO - Started process (PID=108) to work on /home/airflow/.local/lib/python3.8/site-packages/airflow/example_dags/example_python_operator.py
[2024-01-11T18:58:06.531+0000] {processor.py:830} INFO - Processing file /home/airflow/.local/lib/python3.8/site-packages/airflow/example_dags/example_python_operator.py for tasks to queue
[2024-01-11T18:58:06.533+0000] {logging_mixin.py:188} INFO - [2024-01-11T18:58:06.533+0000] {dagbag.py:538} INFO - Filling up the DagBag from /home/airflow/.local/lib/python3.8/site-packages/airflow/example_dags/example_python_operator.py
[2024-01-11T18:58:06.540+0000] {processor.py:840} INFO - DAG(s) 'example_python_operator' retrieved from /home/airflow/.local/lib/python3.8/site-packages/airflow/example_dags/example_python_operator.py
[2024-01-11T18:58:06.587+0000] {logging_mixin.py:188} INFO - [2024-01-11T18:58:06.587+0000] {dag.py:3033} INFO - Sync 1 DAGs
[2024-01-11T18:58:06.591+0000] {logging_mixin.py:188} INFO - [2024-01-11T18:58:06.591+0000] {dag.py:3820} INFO - Setting next_dagrun for example_python_operator to None, run_after=None
[2024-01-11T18:58:06.600+0000] {processor.py:183} INFO - Processing /home/airflow/.local/lib/python3.8/site-packages/airflow/example_dags/example_python_operator.py took 0.071 seconds
[2024-01-11T18:58:37.069+0000] {processor.py:161} INFO - Started process (PID=164) to work on /home/airflow/.local/lib/python3.8/site-packages/airflow/example_dags/example_python_operator.py
[2024-01-11T18:58:37.069+0000] {processor.py:830} INFO - Processing file /home/airflow/.local/lib/python3.8/site-packages/airflow/example_dags/example_python_operator.py for tasks to queue
[2024-01-11T18:58:37.071+0000] {logging_mixin.py:188} INFO - [2024-01-11T18:58:37.071+0000] {dagbag.py:538} INFO - Filling up the DagBag from /home/airflow/.local/lib/python3.8/site-packages/airflow/example_dags/example_python_operator.py
[2024-01-11T18:58:37.077+0000] {processor.py:840} INFO - DAG(s) 'example_python_operator' retrieved from /home/airflow/.local/lib/python3.8/site-packages/airflow/example_dags/example_python_operator.py
[2024-01-11T18:58:37.090+0000] {logging_mixin.py:188} INFO - [2024-01-11T18:58:37.090+0000] {dag.py:3033} INFO - Sync 1 DAGs
[2024-01-11T18:58:37.097+0000] {logging_mixin.py:188} INFO - [2024-01-11T18:58:37.096+0000] {dag.py:3820} INFO - Setting next_dagrun for example_python_operator to None, run_after=None
[2024-01-11T18:58:37.106+0000] {processor.py:183} INFO - Processing /home/airflow/.local/lib/python3.8/site-packages/airflow/example_dags/example_python_operator.py took 0.040 seconds
[2024-01-11T18:59:07.945+0000] {processor.py:161} INFO - Started process (PID=220) to work on /home/airflow/.local/lib/python3.8/site-packages/airflow/example_dags/example_python_operator.py
[2024-01-11T18:59:07.946+0000] {processor.py:830} INFO - Processing file /home/airflow/.local/lib/python3.8/site-packages/airflow/example_dags/example_python_operator.py for tasks to queue
[2024-01-11T18:59:07.947+0000] {logging_mixin.py:188} INFO - [2024-01-11T18:59:07.947+0000] {dagbag.py:538} INFO - Filling up the DagBag from /home/airflow/.local/lib/python3.8/site-packages/airflow/example_dags/example_python_operator.py
[2024-01-11T18:59:07.954+0000] {processor.py:840} INFO - DAG(s) 'example_python_operator' retrieved from /home/airflow/.local/lib/python3.8/site-packages/airflow/example_dags/example_python_operator.py
[2024-01-11T18:59:07.967+0000] {logging_mixin.py:188} INFO - [2024-01-11T18:59:07.967+0000] {dag.py:3033} INFO - Sync 1 DAGs
[2024-01-11T18:59:07.974+0000] {logging_mixin.py:188} INFO - [2024-01-11T18:59:07.974+0000] {dag.py:3820} INFO - Setting next_dagrun for example_python_operator to None, run_after=None
[2024-01-11T18:59:07.983+0000] {processor.py:183} INFO - Processing /home/airflow/.local/lib/python3.8/site-packages/airflow/example_dags/example_python_operator.py took 0.040 seconds
[2024-01-11T18:59:38.822+0000] {processor.py:161} INFO - Started process (PID=276) to work on /home/airflow/.local/lib/python3.8/site-packages/airflow/example_dags/example_python_operator.py
[2024-01-11T18:59:38.822+0000] {processor.py:830} INFO - Processing file /home/airflow/.local/lib/python3.8/site-packages/airflow/example_dags/example_python_operator.py for tasks to queue
[2024-01-11T18:59:38.824+0000] {logging_mixin.py:188} INFO - [2024-01-11T18:59:38.824+0000] {dagbag.py:538} INFO - Filling up the DagBag from /home/airflow/.local/lib/python3.8/site-packages/airflow/example_dags/example_python_operator.py
[2024-01-11T18:59:38.831+0000] {processor.py:840} INFO - DAG(s) 'example_python_operator' retrieved from /home/airflow/.local/lib/python3.8/site-packages/airflow/example_dags/example_python_operator.py
[2024-01-11T18:59:38.843+0000] {logging_mixin.py:188} INFO - [2024-01-11T18:59:38.843+0000] {dag.py:3033} INFO - Sync 1 DAGs
[2024-01-11T18:59:38.850+0000] {logging_mixin.py:188} INFO - [2024-01-11T18:59:38.850+0000] {dag.py:3820} INFO - Setting next_dagrun for example_python_operator to None, run_after=None
[2024-01-11T18:59:38.859+0000] {processor.py:183} INFO - Processing /home/airflow/.local/lib/python3.8/site-packages/airflow/example_dags/example_python_operator.py took 0.040 seconds
[2024-01-11T19:00:09.672+0000] {processor.py:161} INFO - Started process (PID=332) to work on /home/airflow/.local/lib/python3.8/site-packages/airflow/example_dags/example_python_operator.py
[2024-01-11T19:00:09.673+0000] {processor.py:830} INFO - Processing file /home/airflow/.local/lib/python3.8/site-packages/airflow/example_dags/example_python_operator.py for tasks to queue
[2024-01-11T19:00:09.674+0000] {logging_mixin.py:188} INFO - [2024-01-11T19:00:09.674+0000] {dagbag.py:538} INFO - Filling up the DagBag from /home/airflow/.local/lib/python3.8/site-packages/airflow/example_dags/example_python_operator.py
[2024-01-11T19:00:09.681+0000] {processor.py:840} INFO - DAG(s) 'example_python_operator' retrieved from /home/airflow/.local/lib/python3.8/site-packages/airflow/example_dags/example_python_operator.py
[2024-01-11T19:00:09.693+0000] {logging_mixin.py:188} INFO - [2024-01-11T19:00:09.693+0000] {dag.py:3033} INFO - Sync 1 DAGs
[2024-01-11T19:00:09.700+0000] {logging_mixin.py:188} INFO - [2024-01-11T19:00:09.699+0000] {dag.py:3820} INFO - Setting next_dagrun for example_python_operator to None, run_after=None
[2024-01-11T19:00:09.709+0000] {processor.py:183} INFO - Processing /home/airflow/.local/lib/python3.8/site-packages/airflow/example_dags/example_python_operator.py took 0.039 seconds
[2024-01-11T19:00:40.380+0000] {processor.py:161} INFO - Started process (PID=388) to work on /home/airflow/.local/lib/python3.8/site-packages/airflow/example_dags/example_python_operator.py
[2024-01-11T19:00:40.381+0000] {processor.py:830} INFO - Processing file /home/airflow/.local/lib/python3.8/site-packages/airflow/example_dags/example_python_operator.py for tasks to queue
[2024-01-11T19:00:40.383+0000] {logging_mixin.py:188} INFO - [2024-01-11T19:00:40.382+0000] {dagbag.py:538} INFO - Filling up the DagBag from /home/airflow/.local/lib/python3.8/site-packages/airflow/example_dags/example_python_operator.py
[2024-01-11T19:00:40.389+0000] {processor.py:840} INFO - DAG(s) 'example_python_operator' retrieved from /home/airflow/.local/lib/python3.8/site-packages/airflow/example_dags/example_python_operator.py
[2024-01-11T19:00:40.402+0000] {logging_mixin.py:188} INFO - [2024-01-11T19:00:40.402+0000] {dag.py:3033} INFO - Sync 1 DAGs
[2024-01-11T19:00:40.409+0000] {logging_mixin.py:188} INFO - [2024-01-11T19:00:40.409+0000] {dag.py:3820} INFO - Setting next_dagrun for example_python_operator to None, run_after=None
[2024-01-11T19:00:40.418+0000] {processor.py:183} INFO - Processing /home/airflow/.local/lib/python3.8/site-packages/airflow/example_dags/example_python_operator.py took 0.040 seconds
[2024-01-11T19:01:11.197+0000] {processor.py:161} INFO - Started process (PID=444) to work on /home/airflow/.local/lib/python3.8/site-packages/airflow/example_dags/example_python_operator.py
[2024-01-11T19:01:11.198+0000] {processor.py:830} INFO - Processing file /home/airflow/.local/lib/python3.8/site-packages/airflow/example_dags/example_python_operator.py for tasks to queue
[2024-01-11T19:01:11.200+0000] {logging_mixin.py:188} INFO - [2024-01-11T19:01:11.200+0000] {dagbag.py:538} INFO - Filling up the DagBag from /home/airflow/.local/lib/python3.8/site-packages/airflow/example_dags/example_python_operator.py
[2024-01-11T19:01:11.208+0000] {processor.py:840} INFO - DAG(s) 'example_python_operator' retrieved from /home/airflow/.local/lib/python3.8/site-packages/airflow/example_dags/example_python_operator.py
[2024-01-11T19:01:11.222+0000] {logging_mixin.py:188} INFO - [2024-01-11T19:01:11.222+0000] {dag.py:3033} INFO - Sync 1 DAGs
[2024-01-11T19:01:11.229+0000] {logging_mixin.py:188} INFO - [2024-01-11T19:01:11.229+0000] {dag.py:3820} INFO - Setting next_dagrun for example_python_operator to None, run_after=None
[2024-01-11T19:01:11.259+0000] {processor.py:183} INFO - Processing /home/airflow/.local/lib/python3.8/site-packages/airflow/example_dags/example_python_operator.py took 0.064 seconds
[2024-01-11T19:01:41.275+0000] {processor.py:161} INFO - Started process (PID=500) to work on /home/airflow/.local/lib/python3.8/site-packages/airflow/example_dags/example_python_operator.py
[2024-01-11T19:01:41.276+0000] {processor.py:830} INFO - Processing file /home/airflow/.local/lib/python3.8/site-packages/airflow/example_dags/example_python_operator.py for tasks to queue
[2024-01-11T19:01:41.277+0000] {logging_mixin.py:188} INFO - [2024-01-11T19:01:41.277+0000] {dagbag.py:538} INFO - Filling up the DagBag from /home/airflow/.local/lib/python3.8/site-packages/airflow/example_dags/example_python_operator.py
[2024-01-11T19:01:41.283+0000] {processor.py:840} INFO - DAG(s) 'example_python_operator' retrieved from /home/airflow/.local/lib/python3.8/site-packages/airflow/example_dags/example_python_operator.py
[2024-01-11T19:01:41.295+0000] {logging_mixin.py:188} INFO - [2024-01-11T19:01:41.294+0000] {dag.py:3033} INFO - Sync 1 DAGs
[2024-01-11T19:01:41.300+0000] {logging_mixin.py:188} INFO - [2024-01-11T19:01:41.300+0000] {dag.py:3820} INFO - Setting next_dagrun for example_python_operator to None, run_after=None
[2024-01-11T19:01:41.308+0000] {processor.py:183} INFO - Processing /home/airflow/.local/lib/python3.8/site-packages/airflow/example_dags/example_python_operator.py took 0.035 seconds
[2024-01-11T19:02:12.126+0000] {processor.py:161} INFO - Started process (PID=556) to work on /home/airflow/.local/lib/python3.8/site-packages/airflow/example_dags/example_python_operator.py
[2024-01-11T19:02:12.127+0000] {processor.py:830} INFO - Processing file /home/airflow/.local/lib/python3.8/site-packages/airflow/example_dags/example_python_operator.py for tasks to queue
[2024-01-11T19:02:12.128+0000] {logging_mixin.py:188} INFO - [2024-01-11T19:02:12.128+0000] {dagbag.py:538} INFO - Filling up the DagBag from /home/airflow/.local/lib/python3.8/site-packages/airflow/example_dags/example_python_operator.py
[2024-01-11T19:02:12.134+0000] {processor.py:840} INFO - DAG(s) 'example_python_operator' retrieved from /home/airflow/.local/lib/python3.8/site-packages/airflow/example_dags/example_python_operator.py
[2024-01-11T19:02:12.146+0000] {logging_mixin.py:188} INFO - [2024-01-11T19:02:12.146+0000] {dag.py:3033} INFO - Sync 1 DAGs
[2024-01-11T19:02:12.153+0000] {logging_mixin.py:188} INFO - [2024-01-11T19:02:12.153+0000] {dag.py:3820} INFO - Setting next_dagrun for example_python_operator to None, run_after=None
[2024-01-11T19:02:12.162+0000] {processor.py:183} INFO - Processing /home/airflow/.local/lib/python3.8/site-packages/airflow/example_dags/example_python_operator.py took 0.038 seconds
[2024-01-11T19:02:42.937+0000] {processor.py:161} INFO - Started process (PID=612) to work on /home/airflow/.local/lib/python3.8/site-packages/airflow/example_dags/example_python_operator.py
[2024-01-11T19:02:42.937+0000] {processor.py:830} INFO - Processing file /home/airflow/.local/lib/python3.8/site-packages/airflow/example_dags/example_python_operator.py for tasks to queue
[2024-01-11T19:02:42.939+0000] {logging_mixin.py:188} INFO - [2024-01-11T19:02:42.939+0000] {dagbag.py:538} INFO - Filling up the DagBag from /home/airflow/.local/lib/python3.8/site-packages/airflow/example_dags/example_python_operator.py
[2024-01-11T19:02:42.945+0000] {processor.py:840} INFO - DAG(s) 'example_python_operator' retrieved from /home/airflow/.local/lib/python3.8/site-packages/airflow/example_dags/example_python_operator.py
[2024-01-11T19:02:42.958+0000] {logging_mixin.py:188} INFO - [2024-01-11T19:02:42.957+0000] {dag.py:3033} INFO - Sync 1 DAGs
[2024-01-11T19:02:42.964+0000] {logging_mixin.py:188} INFO - [2024-01-11T19:02:42.964+0000] {dag.py:3820} INFO - Setting next_dagrun for example_python_operator to None, run_after=None
[2024-01-11T19:02:42.972+0000] {processor.py:183} INFO - Processing /home/airflow/.local/lib/python3.8/site-packages/airflow/example_dags/example_python_operator.py took 0.038 seconds
[2024-01-11T19:03:13.786+0000] {processor.py:161} INFO - Started process (PID=667) to work on /home/airflow/.local/lib/python3.8/site-packages/airflow/example_dags/example_python_operator.py
[2024-01-11T19:03:13.787+0000] {processor.py:830} INFO - Processing file /home/airflow/.local/lib/python3.8/site-packages/airflow/example_dags/example_python_operator.py for tasks to queue
[2024-01-11T19:03:13.788+0000] {logging_mixin.py:188} INFO - [2024-01-11T19:03:13.788+0000] {dagbag.py:538} INFO - Filling up the DagBag from /home/airflow/.local/lib/python3.8/site-packages/airflow/example_dags/example_python_operator.py
[2024-01-11T19:03:13.795+0000] {processor.py:840} INFO - DAG(s) 'example_python_operator' retrieved from /home/airflow/.local/lib/python3.8/site-packages/airflow/example_dags/example_python_operator.py
[2024-01-11T19:03:13.807+0000] {logging_mixin.py:188} INFO - [2024-01-11T19:03:13.807+0000] {dag.py:3033} INFO - Sync 1 DAGs
[2024-01-11T19:03:13.814+0000] {logging_mixin.py:188} INFO - [2024-01-11T19:03:13.814+0000] {dag.py:3820} INFO - Setting next_dagrun for example_python_operator to None, run_after=None
[2024-01-11T19:03:13.823+0000] {processor.py:183} INFO - Processing /home/airflow/.local/lib/python3.8/site-packages/airflow/example_dags/example_python_operator.py took 0.039 seconds
[2024-01-11T19:03:43.852+0000] {processor.py:161} INFO - Started process (PID=723) to work on /home/airflow/.local/lib/python3.8/site-packages/airflow/example_dags/example_python_operator.py
[2024-01-11T19:03:43.853+0000] {processor.py:830} INFO - Processing file /home/airflow/.local/lib/python3.8/site-packages/airflow/example_dags/example_python_operator.py for tasks to queue
[2024-01-11T19:03:43.855+0000] {logging_mixin.py:188} INFO - [2024-01-11T19:03:43.854+0000] {dagbag.py:538} INFO - Filling up the DagBag from /home/airflow/.local/lib/python3.8/site-packages/airflow/example_dags/example_python_operator.py
[2024-01-11T19:03:43.861+0000] {processor.py:840} INFO - DAG(s) 'example_python_operator' retrieved from /home/airflow/.local/lib/python3.8/site-packages/airflow/example_dags/example_python_operator.py
[2024-01-11T19:03:43.875+0000] {logging_mixin.py:188} INFO - [2024-01-11T19:03:43.875+0000] {dag.py:3033} INFO - Sync 1 DAGs
[2024-01-11T19:03:43.881+0000] {logging_mixin.py:188} INFO - [2024-01-11T19:03:43.881+0000] {dag.py:3820} INFO - Setting next_dagrun for example_python_operator to None, run_after=None
[2024-01-11T19:03:43.892+0000] {processor.py:183} INFO - Processing /home/airflow/.local/lib/python3.8/site-packages/airflow/example_dags/example_python_operator.py took 0.042 seconds
[2024-01-11T19:04:14.059+0000] {processor.py:161} INFO - Started process (PID=779) to work on /home/airflow/.local/lib/python3.8/site-packages/airflow/example_dags/example_python_operator.py
[2024-01-11T19:04:14.060+0000] {processor.py:830} INFO - Processing file /home/airflow/.local/lib/python3.8/site-packages/airflow/example_dags/example_python_operator.py for tasks to queue
[2024-01-11T19:04:14.061+0000] {logging_mixin.py:188} INFO - [2024-01-11T19:04:14.061+0000] {dagbag.py:538} INFO - Filling up the DagBag from /home/airflow/.local/lib/python3.8/site-packages/airflow/example_dags/example_python_operator.py
[2024-01-11T19:04:14.068+0000] {processor.py:840} INFO - DAG(s) 'example_python_operator' retrieved from /home/airflow/.local/lib/python3.8/site-packages/airflow/example_dags/example_python_operator.py
[2024-01-11T19:04:14.079+0000] {logging_mixin.py:188} INFO - [2024-01-11T19:04:14.079+0000] {dag.py:3033} INFO - Sync 1 DAGs
[2024-01-11T19:04:14.085+0000] {logging_mixin.py:188} INFO - [2024-01-11T19:04:14.085+0000] {dag.py:3820} INFO - Setting next_dagrun for example_python_operator to None, run_after=None
[2024-01-11T19:04:14.093+0000] {processor.py:183} INFO - Processing /home/airflow/.local/lib/python3.8/site-packages/airflow/example_dags/example_python_operator.py took 0.036 seconds
[2024-01-11T19:04:44.897+0000] {processor.py:161} INFO - Started process (PID=835) to work on /home/airflow/.local/lib/python3.8/site-packages/airflow/example_dags/example_python_operator.py
[2024-01-11T19:04:44.898+0000] {processor.py:830} INFO - Processing file /home/airflow/.local/lib/python3.8/site-packages/airflow/example_dags/example_python_operator.py for tasks to queue
[2024-01-11T19:04:44.899+0000] {logging_mixin.py:188} INFO - [2024-01-11T19:04:44.899+0000] {dagbag.py:538} INFO - Filling up the DagBag from /home/airflow/.local/lib/python3.8/site-packages/airflow/example_dags/example_python_operator.py
[2024-01-11T19:04:44.905+0000] {processor.py:840} INFO - DAG(s) 'example_python_operator' retrieved from /home/airflow/.local/lib/python3.8/site-packages/airflow/example_dags/example_python_operator.py
[2024-01-11T19:04:44.917+0000] {logging_mixin.py:188} INFO - [2024-01-11T19:04:44.917+0000] {dag.py:3033} INFO - Sync 1 DAGs
[2024-01-11T19:04:44.923+0000] {logging_mixin.py:188} INFO - [2024-01-11T19:04:44.923+0000] {dag.py:3820} INFO - Setting next_dagrun for example_python_operator to None, run_after=None
[2024-01-11T19:04:44.932+0000] {processor.py:183} INFO - Processing /home/airflow/.local/lib/python3.8/site-packages/airflow/example_dags/example_python_operator.py took 0.037 seconds
