[2024-01-11T18:57:37.654+0000] {processor.py:161} INFO - Started process (PID=76) to work on /home/airflow/.local/lib/python3.8/site-packages/airflow/example_dags/example_latest_only_with_trigger.py
[2024-01-11T18:57:37.656+0000] {processor.py:830} INFO - Processing file /home/airflow/.local/lib/python3.8/site-packages/airflow/example_dags/example_latest_only_with_trigger.py for tasks to queue
[2024-01-11T18:57:37.660+0000] {logging_mixin.py:188} INFO - [2024-01-11T18:57:37.660+0000] {dagbag.py:538} INFO - Filling up the DagBag from /home/airflow/.local/lib/python3.8/site-packages/airflow/example_dags/example_latest_only_with_trigger.py
[2024-01-11T18:57:37.669+0000] {processor.py:840} INFO - DAG(s) 'latest_only_with_trigger' retrieved from /home/airflow/.local/lib/python3.8/site-packages/airflow/example_dags/example_latest_only_with_trigger.py
[2024-01-11T18:57:37.685+0000] {logging_mixin.py:188} INFO - [2024-01-11T18:57:37.685+0000] {dag.py:3033} INFO - Sync 1 DAGs
[2024-01-11T18:57:37.717+0000] {logging_mixin.py:188} INFO - [2024-01-11T18:57:37.716+0000] {dag.py:3820} INFO - Setting next_dagrun for latest_only_with_trigger to 2024-01-11T12:00:00+00:00, run_after=2024-01-11T16:00:00+00:00
[2024-01-11T18:57:37.738+0000] {processor.py:183} INFO - Processing /home/airflow/.local/lib/python3.8/site-packages/airflow/example_dags/example_latest_only_with_trigger.py took 0.100 seconds
[2024-01-11T18:58:07.925+0000] {processor.py:161} INFO - Started process (PID=132) to work on /home/airflow/.local/lib/python3.8/site-packages/airflow/example_dags/example_latest_only_with_trigger.py
[2024-01-11T18:58:07.927+0000] {processor.py:830} INFO - Processing file /home/airflow/.local/lib/python3.8/site-packages/airflow/example_dags/example_latest_only_with_trigger.py for tasks to queue
[2024-01-11T18:58:07.930+0000] {logging_mixin.py:188} INFO - [2024-01-11T18:58:07.929+0000] {dagbag.py:538} INFO - Filling up the DagBag from /home/airflow/.local/lib/python3.8/site-packages/airflow/example_dags/example_latest_only_with_trigger.py
[2024-01-11T18:58:07.934+0000] {processor.py:840} INFO - DAG(s) 'latest_only_with_trigger' retrieved from /home/airflow/.local/lib/python3.8/site-packages/airflow/example_dags/example_latest_only_with_trigger.py
[2024-01-11T18:58:07.993+0000] {logging_mixin.py:188} INFO - [2024-01-11T18:58:07.992+0000] {dag.py:3033} INFO - Sync 1 DAGs
[2024-01-11T18:58:08.004+0000] {logging_mixin.py:188} INFO - [2024-01-11T18:58:08.004+0000] {dag.py:3820} INFO - Setting next_dagrun for latest_only_with_trigger to 2024-01-11T12:00:00+00:00, run_after=2024-01-11T16:00:00+00:00
[2024-01-11T18:58:08.016+0000] {processor.py:183} INFO - Processing /home/airflow/.local/lib/python3.8/site-packages/airflow/example_dags/example_latest_only_with_trigger.py took 0.093 seconds
[2024-01-11T18:58:38.940+0000] {processor.py:161} INFO - Started process (PID=188) to work on /home/airflow/.local/lib/python3.8/site-packages/airflow/example_dags/example_latest_only_with_trigger.py
[2024-01-11T18:58:38.940+0000] {processor.py:830} INFO - Processing file /home/airflow/.local/lib/python3.8/site-packages/airflow/example_dags/example_latest_only_with_trigger.py for tasks to queue
[2024-01-11T18:58:38.942+0000] {logging_mixin.py:188} INFO - [2024-01-11T18:58:38.942+0000] {dagbag.py:538} INFO - Filling up the DagBag from /home/airflow/.local/lib/python3.8/site-packages/airflow/example_dags/example_latest_only_with_trigger.py
[2024-01-11T18:58:38.945+0000] {processor.py:840} INFO - DAG(s) 'latest_only_with_trigger' retrieved from /home/airflow/.local/lib/python3.8/site-packages/airflow/example_dags/example_latest_only_with_trigger.py
[2024-01-11T18:58:38.958+0000] {logging_mixin.py:188} INFO - [2024-01-11T18:58:38.958+0000] {dag.py:3033} INFO - Sync 1 DAGs
[2024-01-11T18:58:38.969+0000] {logging_mixin.py:188} INFO - [2024-01-11T18:58:38.969+0000] {dag.py:3820} INFO - Setting next_dagrun for latest_only_with_trigger to 2024-01-11T12:00:00+00:00, run_after=2024-01-11T16:00:00+00:00
[2024-01-11T18:58:38.978+0000] {processor.py:183} INFO - Processing /home/airflow/.local/lib/python3.8/site-packages/airflow/example_dags/example_latest_only_with_trigger.py took 0.040 seconds
[2024-01-11T18:59:09.736+0000] {processor.py:161} INFO - Started process (PID=244) to work on /home/airflow/.local/lib/python3.8/site-packages/airflow/example_dags/example_latest_only_with_trigger.py
[2024-01-11T18:59:09.737+0000] {processor.py:830} INFO - Processing file /home/airflow/.local/lib/python3.8/site-packages/airflow/example_dags/example_latest_only_with_trigger.py for tasks to queue
[2024-01-11T18:59:09.738+0000] {logging_mixin.py:188} INFO - [2024-01-11T18:59:09.738+0000] {dagbag.py:538} INFO - Filling up the DagBag from /home/airflow/.local/lib/python3.8/site-packages/airflow/example_dags/example_latest_only_with_trigger.py
[2024-01-11T18:59:09.742+0000] {processor.py:840} INFO - DAG(s) 'latest_only_with_trigger' retrieved from /home/airflow/.local/lib/python3.8/site-packages/airflow/example_dags/example_latest_only_with_trigger.py
[2024-01-11T18:59:09.754+0000] {logging_mixin.py:188} INFO - [2024-01-11T18:59:09.754+0000] {dag.py:3033} INFO - Sync 1 DAGs
[2024-01-11T18:59:09.766+0000] {logging_mixin.py:188} INFO - [2024-01-11T18:59:09.766+0000] {dag.py:3820} INFO - Setting next_dagrun for latest_only_with_trigger to 2024-01-11T12:00:00+00:00, run_after=2024-01-11T16:00:00+00:00
[2024-01-11T18:59:09.775+0000] {processor.py:183} INFO - Processing /home/airflow/.local/lib/python3.8/site-packages/airflow/example_dags/example_latest_only_with_trigger.py took 0.042 seconds
[2024-01-11T18:59:40.531+0000] {processor.py:161} INFO - Started process (PID=300) to work on /home/airflow/.local/lib/python3.8/site-packages/airflow/example_dags/example_latest_only_with_trigger.py
[2024-01-11T18:59:40.532+0000] {processor.py:830} INFO - Processing file /home/airflow/.local/lib/python3.8/site-packages/airflow/example_dags/example_latest_only_with_trigger.py for tasks to queue
[2024-01-11T18:59:40.533+0000] {logging_mixin.py:188} INFO - [2024-01-11T18:59:40.533+0000] {dagbag.py:538} INFO - Filling up the DagBag from /home/airflow/.local/lib/python3.8/site-packages/airflow/example_dags/example_latest_only_with_trigger.py
[2024-01-11T18:59:40.537+0000] {processor.py:840} INFO - DAG(s) 'latest_only_with_trigger' retrieved from /home/airflow/.local/lib/python3.8/site-packages/airflow/example_dags/example_latest_only_with_trigger.py
[2024-01-11T18:59:40.550+0000] {logging_mixin.py:188} INFO - [2024-01-11T18:59:40.550+0000] {dag.py:3033} INFO - Sync 1 DAGs
[2024-01-11T18:59:40.562+0000] {logging_mixin.py:188} INFO - [2024-01-11T18:59:40.562+0000] {dag.py:3820} INFO - Setting next_dagrun for latest_only_with_trigger to 2024-01-11T12:00:00+00:00, run_after=2024-01-11T16:00:00+00:00
[2024-01-11T18:59:40.572+0000] {processor.py:183} INFO - Processing /home/airflow/.local/lib/python3.8/site-packages/airflow/example_dags/example_latest_only_with_trigger.py took 0.043 seconds
[2024-01-11T19:00:11.379+0000] {processor.py:161} INFO - Started process (PID=356) to work on /home/airflow/.local/lib/python3.8/site-packages/airflow/example_dags/example_latest_only_with_trigger.py
[2024-01-11T19:00:11.379+0000] {processor.py:830} INFO - Processing file /home/airflow/.local/lib/python3.8/site-packages/airflow/example_dags/example_latest_only_with_trigger.py for tasks to queue
[2024-01-11T19:00:11.381+0000] {logging_mixin.py:188} INFO - [2024-01-11T19:00:11.380+0000] {dagbag.py:538} INFO - Filling up the DagBag from /home/airflow/.local/lib/python3.8/site-packages/airflow/example_dags/example_latest_only_with_trigger.py
[2024-01-11T19:00:11.384+0000] {processor.py:840} INFO - DAG(s) 'latest_only_with_trigger' retrieved from /home/airflow/.local/lib/python3.8/site-packages/airflow/example_dags/example_latest_only_with_trigger.py
[2024-01-11T19:00:11.396+0000] {logging_mixin.py:188} INFO - [2024-01-11T19:00:11.396+0000] {dag.py:3033} INFO - Sync 1 DAGs
[2024-01-11T19:00:11.406+0000] {logging_mixin.py:188} INFO - [2024-01-11T19:00:11.406+0000] {dag.py:3820} INFO - Setting next_dagrun for latest_only_with_trigger to 2024-01-11T12:00:00+00:00, run_after=2024-01-11T16:00:00+00:00
[2024-01-11T19:00:11.415+0000] {processor.py:183} INFO - Processing /home/airflow/.local/lib/python3.8/site-packages/airflow/example_dags/example_latest_only_with_trigger.py took 0.039 seconds
[2024-01-11T19:00:42.059+0000] {processor.py:161} INFO - Started process (PID=412) to work on /home/airflow/.local/lib/python3.8/site-packages/airflow/example_dags/example_latest_only_with_trigger.py
[2024-01-11T19:00:42.059+0000] {processor.py:830} INFO - Processing file /home/airflow/.local/lib/python3.8/site-packages/airflow/example_dags/example_latest_only_with_trigger.py for tasks to queue
[2024-01-11T19:00:42.061+0000] {logging_mixin.py:188} INFO - [2024-01-11T19:00:42.061+0000] {dagbag.py:538} INFO - Filling up the DagBag from /home/airflow/.local/lib/python3.8/site-packages/airflow/example_dags/example_latest_only_with_trigger.py
[2024-01-11T19:00:42.064+0000] {processor.py:840} INFO - DAG(s) 'latest_only_with_trigger' retrieved from /home/airflow/.local/lib/python3.8/site-packages/airflow/example_dags/example_latest_only_with_trigger.py
[2024-01-11T19:00:42.077+0000] {logging_mixin.py:188} INFO - [2024-01-11T19:00:42.077+0000] {dag.py:3033} INFO - Sync 1 DAGs
[2024-01-11T19:00:42.087+0000] {logging_mixin.py:188} INFO - [2024-01-11T19:00:42.087+0000] {dag.py:3820} INFO - Setting next_dagrun for latest_only_with_trigger to 2024-01-11T12:00:00+00:00, run_after=2024-01-11T16:00:00+00:00
[2024-01-11T19:00:42.097+0000] {processor.py:183} INFO - Processing /home/airflow/.local/lib/python3.8/site-packages/airflow/example_dags/example_latest_only_with_trigger.py took 0.040 seconds
[2024-01-11T19:01:13.046+0000] {processor.py:161} INFO - Started process (PID=468) to work on /home/airflow/.local/lib/python3.8/site-packages/airflow/example_dags/example_latest_only_with_trigger.py
[2024-01-11T19:01:13.047+0000] {processor.py:830} INFO - Processing file /home/airflow/.local/lib/python3.8/site-packages/airflow/example_dags/example_latest_only_with_trigger.py for tasks to queue
[2024-01-11T19:01:13.048+0000] {logging_mixin.py:188} INFO - [2024-01-11T19:01:13.048+0000] {dagbag.py:538} INFO - Filling up the DagBag from /home/airflow/.local/lib/python3.8/site-packages/airflow/example_dags/example_latest_only_with_trigger.py
[2024-01-11T19:01:13.052+0000] {processor.py:840} INFO - DAG(s) 'latest_only_with_trigger' retrieved from /home/airflow/.local/lib/python3.8/site-packages/airflow/example_dags/example_latest_only_with_trigger.py
[2024-01-11T19:01:13.065+0000] {logging_mixin.py:188} INFO - [2024-01-11T19:01:13.065+0000] {dag.py:3033} INFO - Sync 1 DAGs
[2024-01-11T19:01:13.078+0000] {logging_mixin.py:188} INFO - [2024-01-11T19:01:13.078+0000] {dag.py:3820} INFO - Setting next_dagrun for latest_only_with_trigger to 2024-01-11T12:00:00+00:00, run_after=2024-01-11T16:00:00+00:00
[2024-01-11T19:01:13.089+0000] {processor.py:183} INFO - Processing /home/airflow/.local/lib/python3.8/site-packages/airflow/example_dags/example_latest_only_with_trigger.py took 0.045 seconds
[2024-01-11T19:01:44.050+0000] {processor.py:161} INFO - Started process (PID=524) to work on /home/airflow/.local/lib/python3.8/site-packages/airflow/example_dags/example_latest_only_with_trigger.py
[2024-01-11T19:01:44.050+0000] {processor.py:830} INFO - Processing file /home/airflow/.local/lib/python3.8/site-packages/airflow/example_dags/example_latest_only_with_trigger.py for tasks to queue
[2024-01-11T19:01:44.052+0000] {logging_mixin.py:188} INFO - [2024-01-11T19:01:44.052+0000] {dagbag.py:538} INFO - Filling up the DagBag from /home/airflow/.local/lib/python3.8/site-packages/airflow/example_dags/example_latest_only_with_trigger.py
[2024-01-11T19:01:44.056+0000] {processor.py:840} INFO - DAG(s) 'latest_only_with_trigger' retrieved from /home/airflow/.local/lib/python3.8/site-packages/airflow/example_dags/example_latest_only_with_trigger.py
[2024-01-11T19:01:44.069+0000] {logging_mixin.py:188} INFO - [2024-01-11T19:01:44.069+0000] {dag.py:3033} INFO - Sync 1 DAGs
[2024-01-11T19:01:44.080+0000] {logging_mixin.py:188} INFO - [2024-01-11T19:01:44.080+0000] {dag.py:3820} INFO - Setting next_dagrun for latest_only_with_trigger to 2024-01-11T12:00:00+00:00, run_after=2024-01-11T16:00:00+00:00
[2024-01-11T19:01:44.089+0000] {processor.py:183} INFO - Processing /home/airflow/.local/lib/python3.8/site-packages/airflow/example_dags/example_latest_only_with_trigger.py took 0.041 seconds
[2024-01-11T19:02:14.874+0000] {processor.py:161} INFO - Started process (PID=580) to work on /home/airflow/.local/lib/python3.8/site-packages/airflow/example_dags/example_latest_only_with_trigger.py
[2024-01-11T19:02:14.875+0000] {processor.py:830} INFO - Processing file /home/airflow/.local/lib/python3.8/site-packages/airflow/example_dags/example_latest_only_with_trigger.py for tasks to queue
[2024-01-11T19:02:14.876+0000] {logging_mixin.py:188} INFO - [2024-01-11T19:02:14.876+0000] {dagbag.py:538} INFO - Filling up the DagBag from /home/airflow/.local/lib/python3.8/site-packages/airflow/example_dags/example_latest_only_with_trigger.py
[2024-01-11T19:02:14.880+0000] {processor.py:840} INFO - DAG(s) 'latest_only_with_trigger' retrieved from /home/airflow/.local/lib/python3.8/site-packages/airflow/example_dags/example_latest_only_with_trigger.py
[2024-01-11T19:02:14.892+0000] {logging_mixin.py:188} INFO - [2024-01-11T19:02:14.891+0000] {dag.py:3033} INFO - Sync 1 DAGs
[2024-01-11T19:02:14.902+0000] {logging_mixin.py:188} INFO - [2024-01-11T19:02:14.902+0000] {dag.py:3820} INFO - Setting next_dagrun for latest_only_with_trigger to 2024-01-11T12:00:00+00:00, run_after=2024-01-11T16:00:00+00:00
[2024-01-11T19:02:14.911+0000] {processor.py:183} INFO - Processing /home/airflow/.local/lib/python3.8/site-packages/airflow/example_dags/example_latest_only_with_trigger.py took 0.038 seconds
[2024-01-11T19:02:45.715+0000] {processor.py:161} INFO - Started process (PID=636) to work on /home/airflow/.local/lib/python3.8/site-packages/airflow/example_dags/example_latest_only_with_trigger.py
[2024-01-11T19:02:45.716+0000] {processor.py:830} INFO - Processing file /home/airflow/.local/lib/python3.8/site-packages/airflow/example_dags/example_latest_only_with_trigger.py for tasks to queue
[2024-01-11T19:02:45.717+0000] {logging_mixin.py:188} INFO - [2024-01-11T19:02:45.717+0000] {dagbag.py:538} INFO - Filling up the DagBag from /home/airflow/.local/lib/python3.8/site-packages/airflow/example_dags/example_latest_only_with_trigger.py
[2024-01-11T19:02:45.721+0000] {processor.py:840} INFO - DAG(s) 'latest_only_with_trigger' retrieved from /home/airflow/.local/lib/python3.8/site-packages/airflow/example_dags/example_latest_only_with_trigger.py
[2024-01-11T19:02:45.733+0000] {logging_mixin.py:188} INFO - [2024-01-11T19:02:45.733+0000] {dag.py:3033} INFO - Sync 1 DAGs
[2024-01-11T19:02:45.744+0000] {logging_mixin.py:188} INFO - [2024-01-11T19:02:45.744+0000] {dag.py:3820} INFO - Setting next_dagrun for latest_only_with_trigger to 2024-01-11T12:00:00+00:00, run_after=2024-01-11T16:00:00+00:00
[2024-01-11T19:02:45.753+0000] {processor.py:183} INFO - Processing /home/airflow/.local/lib/python3.8/site-packages/airflow/example_dags/example_latest_only_with_trigger.py took 0.040 seconds
[2024-01-11T19:03:16.576+0000] {processor.py:161} INFO - Started process (PID=691) to work on /home/airflow/.local/lib/python3.8/site-packages/airflow/example_dags/example_latest_only_with_trigger.py
[2024-01-11T19:03:16.577+0000] {processor.py:830} INFO - Processing file /home/airflow/.local/lib/python3.8/site-packages/airflow/example_dags/example_latest_only_with_trigger.py for tasks to queue
[2024-01-11T19:03:16.578+0000] {logging_mixin.py:188} INFO - [2024-01-11T19:03:16.578+0000] {dagbag.py:538} INFO - Filling up the DagBag from /home/airflow/.local/lib/python3.8/site-packages/airflow/example_dags/example_latest_only_with_trigger.py
[2024-01-11T19:03:16.582+0000] {processor.py:840} INFO - DAG(s) 'latest_only_with_trigger' retrieved from /home/airflow/.local/lib/python3.8/site-packages/airflow/example_dags/example_latest_only_with_trigger.py
[2024-01-11T19:03:16.596+0000] {logging_mixin.py:188} INFO - [2024-01-11T19:03:16.595+0000] {dag.py:3033} INFO - Sync 1 DAGs
[2024-01-11T19:03:16.609+0000] {logging_mixin.py:188} INFO - [2024-01-11T19:03:16.608+0000] {dag.py:3820} INFO - Setting next_dagrun for latest_only_with_trigger to 2024-01-11T12:00:00+00:00, run_after=2024-01-11T16:00:00+00:00
[2024-01-11T19:03:16.619+0000] {processor.py:183} INFO - Processing /home/airflow/.local/lib/python3.8/site-packages/airflow/example_dags/example_latest_only_with_trigger.py took 0.046 seconds
[2024-01-11T19:03:46.703+0000] {processor.py:161} INFO - Started process (PID=746) to work on /home/airflow/.local/lib/python3.8/site-packages/airflow/example_dags/example_latest_only_with_trigger.py
[2024-01-11T19:03:46.704+0000] {processor.py:830} INFO - Processing file /home/airflow/.local/lib/python3.8/site-packages/airflow/example_dags/example_latest_only_with_trigger.py for tasks to queue
[2024-01-11T19:03:46.706+0000] {logging_mixin.py:188} INFO - [2024-01-11T19:03:46.705+0000] {dagbag.py:538} INFO - Filling up the DagBag from /home/airflow/.local/lib/python3.8/site-packages/airflow/example_dags/example_latest_only_with_trigger.py
[2024-01-11T19:03:46.710+0000] {processor.py:840} INFO - DAG(s) 'latest_only_with_trigger' retrieved from /home/airflow/.local/lib/python3.8/site-packages/airflow/example_dags/example_latest_only_with_trigger.py
[2024-01-11T19:03:46.722+0000] {logging_mixin.py:188} INFO - [2024-01-11T19:03:46.722+0000] {dag.py:3033} INFO - Sync 1 DAGs
[2024-01-11T19:03:46.734+0000] {logging_mixin.py:188} INFO - [2024-01-11T19:03:46.734+0000] {dag.py:3820} INFO - Setting next_dagrun for latest_only_with_trigger to 2024-01-11T12:00:00+00:00, run_after=2024-01-11T16:00:00+00:00
[2024-01-11T19:03:46.744+0000] {processor.py:183} INFO - Processing /home/airflow/.local/lib/python3.8/site-packages/airflow/example_dags/example_latest_only_with_trigger.py took 0.043 seconds
[2024-01-11T19:04:16.774+0000] {processor.py:161} INFO - Started process (PID=802) to work on /home/airflow/.local/lib/python3.8/site-packages/airflow/example_dags/example_latest_only_with_trigger.py
[2024-01-11T19:04:16.775+0000] {processor.py:830} INFO - Processing file /home/airflow/.local/lib/python3.8/site-packages/airflow/example_dags/example_latest_only_with_trigger.py for tasks to queue
[2024-01-11T19:04:16.776+0000] {logging_mixin.py:188} INFO - [2024-01-11T19:04:16.776+0000] {dagbag.py:538} INFO - Filling up the DagBag from /home/airflow/.local/lib/python3.8/site-packages/airflow/example_dags/example_latest_only_with_trigger.py
[2024-01-11T19:04:16.779+0000] {processor.py:840} INFO - DAG(s) 'latest_only_with_trigger' retrieved from /home/airflow/.local/lib/python3.8/site-packages/airflow/example_dags/example_latest_only_with_trigger.py
[2024-01-11T19:04:16.791+0000] {logging_mixin.py:188} INFO - [2024-01-11T19:04:16.791+0000] {dag.py:3033} INFO - Sync 1 DAGs
[2024-01-11T19:04:16.802+0000] {logging_mixin.py:188} INFO - [2024-01-11T19:04:16.802+0000] {dag.py:3820} INFO - Setting next_dagrun for latest_only_with_trigger to 2024-01-11T12:00:00+00:00, run_after=2024-01-11T16:00:00+00:00
[2024-01-11T19:04:16.811+0000] {processor.py:183} INFO - Processing /home/airflow/.local/lib/python3.8/site-packages/airflow/example_dags/example_latest_only_with_trigger.py took 0.039 seconds
[2024-01-11T19:04:47.584+0000] {processor.py:161} INFO - Started process (PID=858) to work on /home/airflow/.local/lib/python3.8/site-packages/airflow/example_dags/example_latest_only_with_trigger.py
[2024-01-11T19:04:47.585+0000] {processor.py:830} INFO - Processing file /home/airflow/.local/lib/python3.8/site-packages/airflow/example_dags/example_latest_only_with_trigger.py for tasks to queue
[2024-01-11T19:04:47.587+0000] {logging_mixin.py:188} INFO - [2024-01-11T19:04:47.587+0000] {dagbag.py:538} INFO - Filling up the DagBag from /home/airflow/.local/lib/python3.8/site-packages/airflow/example_dags/example_latest_only_with_trigger.py
[2024-01-11T19:04:47.593+0000] {processor.py:840} INFO - DAG(s) 'latest_only_with_trigger' retrieved from /home/airflow/.local/lib/python3.8/site-packages/airflow/example_dags/example_latest_only_with_trigger.py
[2024-01-11T19:04:47.610+0000] {logging_mixin.py:188} INFO - [2024-01-11T19:04:47.610+0000] {dag.py:3033} INFO - Sync 1 DAGs
[2024-01-11T19:04:47.623+0000] {logging_mixin.py:188} INFO - [2024-01-11T19:04:47.623+0000] {dag.py:3820} INFO - Setting next_dagrun for latest_only_with_trigger to 2024-01-11T12:00:00+00:00, run_after=2024-01-11T16:00:00+00:00
[2024-01-11T19:04:47.632+0000] {processor.py:183} INFO - Processing /home/airflow/.local/lib/python3.8/site-packages/airflow/example_dags/example_latest_only_with_trigger.py took 0.052 seconds
