[2024-01-11T18:57:37.773+0000] {processor.py:161} INFO - Started process (PID=78) to work on /home/airflow/.local/lib/python3.8/site-packages/airflow/example_dags/example_setup_teardown_taskflow.py
[2024-01-11T18:57:37.774+0000] {processor.py:830} INFO - Processing file /home/airflow/.local/lib/python3.8/site-packages/airflow/example_dags/example_setup_teardown_taskflow.py for tasks to queue
[2024-01-11T18:57:37.777+0000] {logging_mixin.py:188} INFO - [2024-01-11T18:57:37.776+0000] {dagbag.py:538} INFO - Filling up the DagBag from /home/airflow/.local/lib/python3.8/site-packages/airflow/example_dags/example_setup_teardown_taskflow.py
[2024-01-11T18:57:37.788+0000] {processor.py:840} INFO - DAG(s) 'example_setup_teardown_taskflow' retrieved from /home/airflow/.local/lib/python3.8/site-packages/airflow/example_dags/example_setup_teardown_taskflow.py
[2024-01-11T18:57:37.799+0000] {logging_mixin.py:188} INFO - [2024-01-11T18:57:37.799+0000] {dag.py:3033} INFO - Sync 1 DAGs
[2024-01-11T18:57:37.821+0000] {logging_mixin.py:188} INFO - [2024-01-11T18:57:37.821+0000] {dag.py:3820} INFO - Setting next_dagrun for example_setup_teardown_taskflow to 2024-01-10T00:00:00+00:00, run_after=2024-01-11T00:00:00+00:00
[2024-01-11T18:57:37.840+0000] {processor.py:183} INFO - Processing /home/airflow/.local/lib/python3.8/site-packages/airflow/example_dags/example_setup_teardown_taskflow.py took 0.071 seconds
[2024-01-11T18:58:08.033+0000] {processor.py:161} INFO - Started process (PID=134) to work on /home/airflow/.local/lib/python3.8/site-packages/airflow/example_dags/example_setup_teardown_taskflow.py
[2024-01-11T18:58:08.034+0000] {processor.py:830} INFO - Processing file /home/airflow/.local/lib/python3.8/site-packages/airflow/example_dags/example_setup_teardown_taskflow.py for tasks to queue
[2024-01-11T18:58:08.035+0000] {logging_mixin.py:188} INFO - [2024-01-11T18:58:08.035+0000] {dagbag.py:538} INFO - Filling up the DagBag from /home/airflow/.local/lib/python3.8/site-packages/airflow/example_dags/example_setup_teardown_taskflow.py
[2024-01-11T18:58:08.042+0000] {processor.py:840} INFO - DAG(s) 'example_setup_teardown_taskflow' retrieved from /home/airflow/.local/lib/python3.8/site-packages/airflow/example_dags/example_setup_teardown_taskflow.py
[2024-01-11T18:58:08.094+0000] {logging_mixin.py:188} INFO - [2024-01-11T18:58:08.094+0000] {dag.py:3033} INFO - Sync 1 DAGs
[2024-01-11T18:58:08.106+0000] {logging_mixin.py:188} INFO - [2024-01-11T18:58:08.105+0000] {dag.py:3820} INFO - Setting next_dagrun for example_setup_teardown_taskflow to 2024-01-10T00:00:00+00:00, run_after=2024-01-11T00:00:00+00:00
[2024-01-11T18:58:08.117+0000] {processor.py:183} INFO - Processing /home/airflow/.local/lib/python3.8/site-packages/airflow/example_dags/example_setup_teardown_taskflow.py took 0.086 seconds
[2024-01-11T18:58:38.999+0000] {processor.py:161} INFO - Started process (PID=190) to work on /home/airflow/.local/lib/python3.8/site-packages/airflow/example_dags/example_setup_teardown_taskflow.py
[2024-01-11T18:58:38.999+0000] {processor.py:830} INFO - Processing file /home/airflow/.local/lib/python3.8/site-packages/airflow/example_dags/example_setup_teardown_taskflow.py for tasks to queue
[2024-01-11T18:58:39.001+0000] {logging_mixin.py:188} INFO - [2024-01-11T18:58:39.001+0000] {dagbag.py:538} INFO - Filling up the DagBag from /home/airflow/.local/lib/python3.8/site-packages/airflow/example_dags/example_setup_teardown_taskflow.py
[2024-01-11T18:58:39.007+0000] {processor.py:840} INFO - DAG(s) 'example_setup_teardown_taskflow' retrieved from /home/airflow/.local/lib/python3.8/site-packages/airflow/example_dags/example_setup_teardown_taskflow.py
[2024-01-11T18:58:39.021+0000] {logging_mixin.py:188} INFO - [2024-01-11T18:58:39.021+0000] {dag.py:3033} INFO - Sync 1 DAGs
[2024-01-11T18:58:39.033+0000] {logging_mixin.py:188} INFO - [2024-01-11T18:58:39.033+0000] {dag.py:3820} INFO - Setting next_dagrun for example_setup_teardown_taskflow to 2024-01-10T00:00:00+00:00, run_after=2024-01-11T00:00:00+00:00
[2024-01-11T18:58:39.043+0000] {processor.py:183} INFO - Processing /home/airflow/.local/lib/python3.8/site-packages/airflow/example_dags/example_setup_teardown_taskflow.py took 0.047 seconds
[2024-01-11T18:59:09.801+0000] {processor.py:161} INFO - Started process (PID=246) to work on /home/airflow/.local/lib/python3.8/site-packages/airflow/example_dags/example_setup_teardown_taskflow.py
[2024-01-11T18:59:09.802+0000] {processor.py:830} INFO - Processing file /home/airflow/.local/lib/python3.8/site-packages/airflow/example_dags/example_setup_teardown_taskflow.py for tasks to queue
[2024-01-11T18:59:09.804+0000] {logging_mixin.py:188} INFO - [2024-01-11T18:59:09.804+0000] {dagbag.py:538} INFO - Filling up the DagBag from /home/airflow/.local/lib/python3.8/site-packages/airflow/example_dags/example_setup_teardown_taskflow.py
[2024-01-11T18:59:09.809+0000] {processor.py:840} INFO - DAG(s) 'example_setup_teardown_taskflow' retrieved from /home/airflow/.local/lib/python3.8/site-packages/airflow/example_dags/example_setup_teardown_taskflow.py
[2024-01-11T18:59:09.823+0000] {logging_mixin.py:188} INFO - [2024-01-11T18:59:09.823+0000] {dag.py:3033} INFO - Sync 1 DAGs
[2024-01-11T18:59:09.835+0000] {logging_mixin.py:188} INFO - [2024-01-11T18:59:09.835+0000] {dag.py:3820} INFO - Setting next_dagrun for example_setup_teardown_taskflow to 2024-01-10T00:00:00+00:00, run_after=2024-01-11T00:00:00+00:00
[2024-01-11T18:59:09.845+0000] {processor.py:183} INFO - Processing /home/airflow/.local/lib/python3.8/site-packages/airflow/example_dags/example_setup_teardown_taskflow.py took 0.046 seconds
[2024-01-11T18:59:40.603+0000] {processor.py:161} INFO - Started process (PID=302) to work on /home/airflow/.local/lib/python3.8/site-packages/airflow/example_dags/example_setup_teardown_taskflow.py
[2024-01-11T18:59:40.604+0000] {processor.py:830} INFO - Processing file /home/airflow/.local/lib/python3.8/site-packages/airflow/example_dags/example_setup_teardown_taskflow.py for tasks to queue
[2024-01-11T18:59:40.606+0000] {logging_mixin.py:188} INFO - [2024-01-11T18:59:40.606+0000] {dagbag.py:538} INFO - Filling up the DagBag from /home/airflow/.local/lib/python3.8/site-packages/airflow/example_dags/example_setup_teardown_taskflow.py
[2024-01-11T18:59:40.615+0000] {processor.py:840} INFO - DAG(s) 'example_setup_teardown_taskflow' retrieved from /home/airflow/.local/lib/python3.8/site-packages/airflow/example_dags/example_setup_teardown_taskflow.py
[2024-01-11T18:59:40.629+0000] {logging_mixin.py:188} INFO - [2024-01-11T18:59:40.629+0000] {dag.py:3033} INFO - Sync 1 DAGs
[2024-01-11T18:59:40.648+0000] {logging_mixin.py:188} INFO - [2024-01-11T18:59:40.647+0000] {dag.py:3820} INFO - Setting next_dagrun for example_setup_teardown_taskflow to 2024-01-10T00:00:00+00:00, run_after=2024-01-11T00:00:00+00:00
[2024-01-11T18:59:40.659+0000] {processor.py:183} INFO - Processing /home/airflow/.local/lib/python3.8/site-packages/airflow/example_dags/example_setup_teardown_taskflow.py took 0.060 seconds
[2024-01-11T19:00:11.435+0000] {processor.py:161} INFO - Started process (PID=358) to work on /home/airflow/.local/lib/python3.8/site-packages/airflow/example_dags/example_setup_teardown_taskflow.py
[2024-01-11T19:00:11.436+0000] {processor.py:830} INFO - Processing file /home/airflow/.local/lib/python3.8/site-packages/airflow/example_dags/example_setup_teardown_taskflow.py for tasks to queue
[2024-01-11T19:00:11.437+0000] {logging_mixin.py:188} INFO - [2024-01-11T19:00:11.437+0000] {dagbag.py:538} INFO - Filling up the DagBag from /home/airflow/.local/lib/python3.8/site-packages/airflow/example_dags/example_setup_teardown_taskflow.py
[2024-01-11T19:00:11.442+0000] {processor.py:840} INFO - DAG(s) 'example_setup_teardown_taskflow' retrieved from /home/airflow/.local/lib/python3.8/site-packages/airflow/example_dags/example_setup_teardown_taskflow.py
[2024-01-11T19:00:11.454+0000] {logging_mixin.py:188} INFO - [2024-01-11T19:00:11.454+0000] {dag.py:3033} INFO - Sync 1 DAGs
[2024-01-11T19:00:11.465+0000] {logging_mixin.py:188} INFO - [2024-01-11T19:00:11.465+0000] {dag.py:3820} INFO - Setting next_dagrun for example_setup_teardown_taskflow to 2024-01-10T00:00:00+00:00, run_after=2024-01-11T00:00:00+00:00
[2024-01-11T19:00:11.474+0000] {processor.py:183} INFO - Processing /home/airflow/.local/lib/python3.8/site-packages/airflow/example_dags/example_setup_teardown_taskflow.py took 0.041 seconds
[2024-01-11T19:00:42.163+0000] {processor.py:161} INFO - Started process (PID=414) to work on /home/airflow/.local/lib/python3.8/site-packages/airflow/example_dags/example_setup_teardown_taskflow.py
[2024-01-11T19:00:42.163+0000] {processor.py:830} INFO - Processing file /home/airflow/.local/lib/python3.8/site-packages/airflow/example_dags/example_setup_teardown_taskflow.py for tasks to queue
[2024-01-11T19:00:42.165+0000] {logging_mixin.py:188} INFO - [2024-01-11T19:00:42.165+0000] {dagbag.py:538} INFO - Filling up the DagBag from /home/airflow/.local/lib/python3.8/site-packages/airflow/example_dags/example_setup_teardown_taskflow.py
[2024-01-11T19:00:42.170+0000] {processor.py:840} INFO - DAG(s) 'example_setup_teardown_taskflow' retrieved from /home/airflow/.local/lib/python3.8/site-packages/airflow/example_dags/example_setup_teardown_taskflow.py
[2024-01-11T19:00:42.182+0000] {logging_mixin.py:188} INFO - [2024-01-11T19:00:42.182+0000] {dag.py:3033} INFO - Sync 1 DAGs
[2024-01-11T19:00:42.194+0000] {logging_mixin.py:188} INFO - [2024-01-11T19:00:42.193+0000] {dag.py:3820} INFO - Setting next_dagrun for example_setup_teardown_taskflow to 2024-01-10T00:00:00+00:00, run_after=2024-01-11T00:00:00+00:00
[2024-01-11T19:00:42.202+0000] {processor.py:183} INFO - Processing /home/airflow/.local/lib/python3.8/site-packages/airflow/example_dags/example_setup_teardown_taskflow.py took 0.042 seconds
[2024-01-11T19:01:13.104+0000] {processor.py:161} INFO - Started process (PID=470) to work on /home/airflow/.local/lib/python3.8/site-packages/airflow/example_dags/example_setup_teardown_taskflow.py
[2024-01-11T19:01:13.105+0000] {processor.py:830} INFO - Processing file /home/airflow/.local/lib/python3.8/site-packages/airflow/example_dags/example_setup_teardown_taskflow.py for tasks to queue
[2024-01-11T19:01:13.107+0000] {logging_mixin.py:188} INFO - [2024-01-11T19:01:13.107+0000] {dagbag.py:538} INFO - Filling up the DagBag from /home/airflow/.local/lib/python3.8/site-packages/airflow/example_dags/example_setup_teardown_taskflow.py
[2024-01-11T19:01:13.113+0000] {processor.py:840} INFO - DAG(s) 'example_setup_teardown_taskflow' retrieved from /home/airflow/.local/lib/python3.8/site-packages/airflow/example_dags/example_setup_teardown_taskflow.py
[2024-01-11T19:01:13.127+0000] {logging_mixin.py:188} INFO - [2024-01-11T19:01:13.127+0000] {dag.py:3033} INFO - Sync 1 DAGs
[2024-01-11T19:01:13.140+0000] {logging_mixin.py:188} INFO - [2024-01-11T19:01:13.139+0000] {dag.py:3820} INFO - Setting next_dagrun for example_setup_teardown_taskflow to 2024-01-10T00:00:00+00:00, run_after=2024-01-11T00:00:00+00:00
[2024-01-11T19:01:13.151+0000] {processor.py:183} INFO - Processing /home/airflow/.local/lib/python3.8/site-packages/airflow/example_dags/example_setup_teardown_taskflow.py took 0.049 seconds
[2024-01-11T19:01:44.163+0000] {processor.py:161} INFO - Started process (PID=526) to work on /home/airflow/.local/lib/python3.8/site-packages/airflow/example_dags/example_setup_teardown_taskflow.py
[2024-01-11T19:01:44.165+0000] {processor.py:830} INFO - Processing file /home/airflow/.local/lib/python3.8/site-packages/airflow/example_dags/example_setup_teardown_taskflow.py for tasks to queue
[2024-01-11T19:01:44.166+0000] {logging_mixin.py:188} INFO - [2024-01-11T19:01:44.166+0000] {dagbag.py:538} INFO - Filling up the DagBag from /home/airflow/.local/lib/python3.8/site-packages/airflow/example_dags/example_setup_teardown_taskflow.py
[2024-01-11T19:01:44.172+0000] {processor.py:840} INFO - DAG(s) 'example_setup_teardown_taskflow' retrieved from /home/airflow/.local/lib/python3.8/site-packages/airflow/example_dags/example_setup_teardown_taskflow.py
[2024-01-11T19:01:44.188+0000] {logging_mixin.py:188} INFO - [2024-01-11T19:01:44.188+0000] {dag.py:3033} INFO - Sync 1 DAGs
[2024-01-11T19:01:44.200+0000] {logging_mixin.py:188} INFO - [2024-01-11T19:01:44.200+0000] {dag.py:3820} INFO - Setting next_dagrun for example_setup_teardown_taskflow to 2024-01-10T00:00:00+00:00, run_after=2024-01-11T00:00:00+00:00
[2024-01-11T19:01:44.210+0000] {processor.py:183} INFO - Processing /home/airflow/.local/lib/python3.8/site-packages/airflow/example_dags/example_setup_teardown_taskflow.py took 0.049 seconds
[2024-01-11T19:02:14.931+0000] {processor.py:161} INFO - Started process (PID=582) to work on /home/airflow/.local/lib/python3.8/site-packages/airflow/example_dags/example_setup_teardown_taskflow.py
[2024-01-11T19:02:14.932+0000] {processor.py:830} INFO - Processing file /home/airflow/.local/lib/python3.8/site-packages/airflow/example_dags/example_setup_teardown_taskflow.py for tasks to queue
[2024-01-11T19:02:14.934+0000] {logging_mixin.py:188} INFO - [2024-01-11T19:02:14.934+0000] {dagbag.py:538} INFO - Filling up the DagBag from /home/airflow/.local/lib/python3.8/site-packages/airflow/example_dags/example_setup_teardown_taskflow.py
[2024-01-11T19:02:14.939+0000] {processor.py:840} INFO - DAG(s) 'example_setup_teardown_taskflow' retrieved from /home/airflow/.local/lib/python3.8/site-packages/airflow/example_dags/example_setup_teardown_taskflow.py
[2024-01-11T19:02:14.951+0000] {logging_mixin.py:188} INFO - [2024-01-11T19:02:14.951+0000] {dag.py:3033} INFO - Sync 1 DAGs
[2024-01-11T19:02:14.961+0000] {logging_mixin.py:188} INFO - [2024-01-11T19:02:14.961+0000] {dag.py:3820} INFO - Setting next_dagrun for example_setup_teardown_taskflow to 2024-01-10T00:00:00+00:00, run_after=2024-01-11T00:00:00+00:00
[2024-01-11T19:02:14.970+0000] {processor.py:183} INFO - Processing /home/airflow/.local/lib/python3.8/site-packages/airflow/example_dags/example_setup_teardown_taskflow.py took 0.041 seconds
[2024-01-11T19:02:45.774+0000] {processor.py:161} INFO - Started process (PID=638) to work on /home/airflow/.local/lib/python3.8/site-packages/airflow/example_dags/example_setup_teardown_taskflow.py
[2024-01-11T19:02:45.775+0000] {processor.py:830} INFO - Processing file /home/airflow/.local/lib/python3.8/site-packages/airflow/example_dags/example_setup_teardown_taskflow.py for tasks to queue
[2024-01-11T19:02:45.776+0000] {logging_mixin.py:188} INFO - [2024-01-11T19:02:45.776+0000] {dagbag.py:538} INFO - Filling up the DagBag from /home/airflow/.local/lib/python3.8/site-packages/airflow/example_dags/example_setup_teardown_taskflow.py
[2024-01-11T19:02:45.782+0000] {processor.py:840} INFO - DAG(s) 'example_setup_teardown_taskflow' retrieved from /home/airflow/.local/lib/python3.8/site-packages/airflow/example_dags/example_setup_teardown_taskflow.py
[2024-01-11T19:02:45.793+0000] {logging_mixin.py:188} INFO - [2024-01-11T19:02:45.793+0000] {dag.py:3033} INFO - Sync 1 DAGs
[2024-01-11T19:02:45.804+0000] {logging_mixin.py:188} INFO - [2024-01-11T19:02:45.804+0000] {dag.py:3820} INFO - Setting next_dagrun for example_setup_teardown_taskflow to 2024-01-10T00:00:00+00:00, run_after=2024-01-11T00:00:00+00:00
[2024-01-11T19:02:45.813+0000] {processor.py:183} INFO - Processing /home/airflow/.local/lib/python3.8/site-packages/airflow/example_dags/example_setup_teardown_taskflow.py took 0.041 seconds
[2024-01-11T19:03:16.698+0000] {processor.py:161} INFO - Started process (PID=693) to work on /home/airflow/.local/lib/python3.8/site-packages/airflow/example_dags/example_setup_teardown_taskflow.py
[2024-01-11T19:03:16.700+0000] {processor.py:830} INFO - Processing file /home/airflow/.local/lib/python3.8/site-packages/airflow/example_dags/example_setup_teardown_taskflow.py for tasks to queue
[2024-01-11T19:03:16.701+0000] {logging_mixin.py:188} INFO - [2024-01-11T19:03:16.701+0000] {dagbag.py:538} INFO - Filling up the DagBag from /home/airflow/.local/lib/python3.8/site-packages/airflow/example_dags/example_setup_teardown_taskflow.py
[2024-01-11T19:03:16.706+0000] {processor.py:840} INFO - DAG(s) 'example_setup_teardown_taskflow' retrieved from /home/airflow/.local/lib/python3.8/site-packages/airflow/example_dags/example_setup_teardown_taskflow.py
[2024-01-11T19:03:16.718+0000] {logging_mixin.py:188} INFO - [2024-01-11T19:03:16.718+0000] {dag.py:3033} INFO - Sync 1 DAGs
[2024-01-11T19:03:16.729+0000] {logging_mixin.py:188} INFO - [2024-01-11T19:03:16.729+0000] {dag.py:3820} INFO - Setting next_dagrun for example_setup_teardown_taskflow to 2024-01-10T00:00:00+00:00, run_after=2024-01-11T00:00:00+00:00
[2024-01-11T19:03:16.738+0000] {processor.py:183} INFO - Processing /home/airflow/.local/lib/python3.8/site-packages/airflow/example_dags/example_setup_teardown_taskflow.py took 0.044 seconds
[2024-01-11T19:03:46.761+0000] {processor.py:161} INFO - Started process (PID=749) to work on /home/airflow/.local/lib/python3.8/site-packages/airflow/example_dags/example_setup_teardown_taskflow.py
[2024-01-11T19:03:46.762+0000] {processor.py:830} INFO - Processing file /home/airflow/.local/lib/python3.8/site-packages/airflow/example_dags/example_setup_teardown_taskflow.py for tasks to queue
[2024-01-11T19:03:46.763+0000] {logging_mixin.py:188} INFO - [2024-01-11T19:03:46.763+0000] {dagbag.py:538} INFO - Filling up the DagBag from /home/airflow/.local/lib/python3.8/site-packages/airflow/example_dags/example_setup_teardown_taskflow.py
[2024-01-11T19:03:46.768+0000] {processor.py:840} INFO - DAG(s) 'example_setup_teardown_taskflow' retrieved from /home/airflow/.local/lib/python3.8/site-packages/airflow/example_dags/example_setup_teardown_taskflow.py
[2024-01-11T19:03:46.781+0000] {logging_mixin.py:188} INFO - [2024-01-11T19:03:46.781+0000] {dag.py:3033} INFO - Sync 1 DAGs
[2024-01-11T19:03:46.793+0000] {logging_mixin.py:188} INFO - [2024-01-11T19:03:46.793+0000] {dag.py:3820} INFO - Setting next_dagrun for example_setup_teardown_taskflow to 2024-01-10T00:00:00+00:00, run_after=2024-01-11T00:00:00+00:00
[2024-01-11T19:03:46.803+0000] {processor.py:183} INFO - Processing /home/airflow/.local/lib/python3.8/site-packages/airflow/example_dags/example_setup_teardown_taskflow.py took 0.044 seconds
[2024-01-11T19:04:16.838+0000] {processor.py:161} INFO - Started process (PID=804) to work on /home/airflow/.local/lib/python3.8/site-packages/airflow/example_dags/example_setup_teardown_taskflow.py
[2024-01-11T19:04:16.838+0000] {processor.py:830} INFO - Processing file /home/airflow/.local/lib/python3.8/site-packages/airflow/example_dags/example_setup_teardown_taskflow.py for tasks to queue
[2024-01-11T19:04:16.840+0000] {logging_mixin.py:188} INFO - [2024-01-11T19:04:16.840+0000] {dagbag.py:538} INFO - Filling up the DagBag from /home/airflow/.local/lib/python3.8/site-packages/airflow/example_dags/example_setup_teardown_taskflow.py
[2024-01-11T19:04:16.845+0000] {processor.py:840} INFO - DAG(s) 'example_setup_teardown_taskflow' retrieved from /home/airflow/.local/lib/python3.8/site-packages/airflow/example_dags/example_setup_teardown_taskflow.py
[2024-01-11T19:04:16.857+0000] {logging_mixin.py:188} INFO - [2024-01-11T19:04:16.857+0000] {dag.py:3033} INFO - Sync 1 DAGs
[2024-01-11T19:04:16.869+0000] {logging_mixin.py:188} INFO - [2024-01-11T19:04:16.869+0000] {dag.py:3820} INFO - Setting next_dagrun for example_setup_teardown_taskflow to 2024-01-10T00:00:00+00:00, run_after=2024-01-11T00:00:00+00:00
[2024-01-11T19:04:16.878+0000] {processor.py:183} INFO - Processing /home/airflow/.local/lib/python3.8/site-packages/airflow/example_dags/example_setup_teardown_taskflow.py took 0.042 seconds
[2024-01-11T19:04:47.660+0000] {processor.py:161} INFO - Started process (PID=860) to work on /home/airflow/.local/lib/python3.8/site-packages/airflow/example_dags/example_setup_teardown_taskflow.py
[2024-01-11T19:04:47.661+0000] {processor.py:830} INFO - Processing file /home/airflow/.local/lib/python3.8/site-packages/airflow/example_dags/example_setup_teardown_taskflow.py for tasks to queue
[2024-01-11T19:04:47.663+0000] {logging_mixin.py:188} INFO - [2024-01-11T19:04:47.662+0000] {dagbag.py:538} INFO - Filling up the DagBag from /home/airflow/.local/lib/python3.8/site-packages/airflow/example_dags/example_setup_teardown_taskflow.py
[2024-01-11T19:04:47.668+0000] {processor.py:840} INFO - DAG(s) 'example_setup_teardown_taskflow' retrieved from /home/airflow/.local/lib/python3.8/site-packages/airflow/example_dags/example_setup_teardown_taskflow.py
[2024-01-11T19:04:47.680+0000] {logging_mixin.py:188} INFO - [2024-01-11T19:04:47.679+0000] {dag.py:3033} INFO - Sync 1 DAGs
[2024-01-11T19:04:47.690+0000] {logging_mixin.py:188} INFO - [2024-01-11T19:04:47.690+0000] {dag.py:3820} INFO - Setting next_dagrun for example_setup_teardown_taskflow to 2024-01-10T00:00:00+00:00, run_after=2024-01-11T00:00:00+00:00
[2024-01-11T19:04:47.698+0000] {processor.py:183} INFO - Processing /home/airflow/.local/lib/python3.8/site-packages/airflow/example_dags/example_setup_teardown_taskflow.py took 0.040 seconds
