[2024-01-11T18:57:36.128+0000] {processor.py:161} INFO - Started process (PID=53) to work on /home/airflow/.local/lib/python3.8/site-packages/airflow/example_dags/example_sla_dag.py
[2024-01-11T18:57:36.129+0000] {processor.py:830} INFO - Processing file /home/airflow/.local/lib/python3.8/site-packages/airflow/example_dags/example_sla_dag.py for tasks to queue
[2024-01-11T18:57:36.131+0000] {logging_mixin.py:188} INFO - [2024-01-11T18:57:36.131+0000] {dagbag.py:538} INFO - Filling up the DagBag from /home/airflow/.local/lib/python3.8/site-packages/airflow/example_dags/example_sla_dag.py
[2024-01-11T18:57:36.166+0000] {processor.py:840} INFO - DAG(s) 'example_sla_dag' retrieved from /home/airflow/.local/lib/python3.8/site-packages/airflow/example_dags/example_sla_dag.py
[2024-01-11T18:57:36.184+0000] {logging_mixin.py:188} INFO - [2024-01-11T18:57:36.184+0000] {dag.py:3033} INFO - Sync 1 DAGs
[2024-01-11T18:57:36.217+0000] {logging_mixin.py:188} INFO - [2024-01-11T18:57:36.217+0000] {dag.py:3820} INFO - Setting next_dagrun for example_sla_dag to 2024-01-11T18:54:00+00:00, run_after=2024-01-11T18:56:00+00:00
[2024-01-11T18:57:36.238+0000] {processor.py:183} INFO - Processing /home/airflow/.local/lib/python3.8/site-packages/airflow/example_dags/example_sla_dag.py took 0.113 seconds
[2024-01-11T18:58:06.612+0000] {processor.py:161} INFO - Started process (PID=109) to work on /home/airflow/.local/lib/python3.8/site-packages/airflow/example_dags/example_sla_dag.py
[2024-01-11T18:58:06.613+0000] {processor.py:830} INFO - Processing file /home/airflow/.local/lib/python3.8/site-packages/airflow/example_dags/example_sla_dag.py for tasks to queue
[2024-01-11T18:58:06.614+0000] {logging_mixin.py:188} INFO - [2024-01-11T18:58:06.614+0000] {dagbag.py:538} INFO - Filling up the DagBag from /home/airflow/.local/lib/python3.8/site-packages/airflow/example_dags/example_sla_dag.py
[2024-01-11T18:58:06.619+0000] {processor.py:840} INFO - DAG(s) 'example_sla_dag' retrieved from /home/airflow/.local/lib/python3.8/site-packages/airflow/example_dags/example_sla_dag.py
[2024-01-11T18:58:06.666+0000] {logging_mixin.py:188} INFO - [2024-01-11T18:58:06.666+0000] {dag.py:3033} INFO - Sync 1 DAGs
[2024-01-11T18:58:06.677+0000] {logging_mixin.py:188} INFO - [2024-01-11T18:58:06.677+0000] {dag.py:3820} INFO - Setting next_dagrun for example_sla_dag to 2024-01-11T18:56:00+00:00, run_after=2024-01-11T18:58:00+00:00
[2024-01-11T18:58:06.686+0000] {processor.py:183} INFO - Processing /home/airflow/.local/lib/python3.8/site-packages/airflow/example_dags/example_sla_dag.py took 0.076 seconds
[2024-01-11T18:58:37.093+0000] {processor.py:161} INFO - Started process (PID=165) to work on /home/airflow/.local/lib/python3.8/site-packages/airflow/example_dags/example_sla_dag.py
[2024-01-11T18:58:37.093+0000] {processor.py:830} INFO - Processing file /home/airflow/.local/lib/python3.8/site-packages/airflow/example_dags/example_sla_dag.py for tasks to queue
[2024-01-11T18:58:37.095+0000] {logging_mixin.py:188} INFO - [2024-01-11T18:58:37.095+0000] {dagbag.py:538} INFO - Filling up the DagBag from /home/airflow/.local/lib/python3.8/site-packages/airflow/example_dags/example_sla_dag.py
[2024-01-11T18:58:37.100+0000] {processor.py:840} INFO - DAG(s) 'example_sla_dag' retrieved from /home/airflow/.local/lib/python3.8/site-packages/airflow/example_dags/example_sla_dag.py
[2024-01-11T18:58:37.111+0000] {logging_mixin.py:188} INFO - [2024-01-11T18:58:37.111+0000] {dag.py:3033} INFO - Sync 1 DAGs
[2024-01-11T18:58:37.125+0000] {logging_mixin.py:188} INFO - [2024-01-11T18:58:37.124+0000] {dag.py:3820} INFO - Setting next_dagrun for example_sla_dag to 2024-01-11T18:56:00+00:00, run_after=2024-01-11T18:58:00+00:00
[2024-01-11T18:58:37.133+0000] {processor.py:183} INFO - Processing /home/airflow/.local/lib/python3.8/site-packages/airflow/example_dags/example_sla_dag.py took 0.043 seconds
[2024-01-11T18:59:07.968+0000] {processor.py:161} INFO - Started process (PID=221) to work on /home/airflow/.local/lib/python3.8/site-packages/airflow/example_dags/example_sla_dag.py
[2024-01-11T18:59:07.969+0000] {processor.py:830} INFO - Processing file /home/airflow/.local/lib/python3.8/site-packages/airflow/example_dags/example_sla_dag.py for tasks to queue
[2024-01-11T18:59:07.970+0000] {logging_mixin.py:188} INFO - [2024-01-11T18:59:07.970+0000] {dagbag.py:538} INFO - Filling up the DagBag from /home/airflow/.local/lib/python3.8/site-packages/airflow/example_dags/example_sla_dag.py
[2024-01-11T18:59:07.975+0000] {processor.py:840} INFO - DAG(s) 'example_sla_dag' retrieved from /home/airflow/.local/lib/python3.8/site-packages/airflow/example_dags/example_sla_dag.py
[2024-01-11T18:59:07.986+0000] {logging_mixin.py:188} INFO - [2024-01-11T18:59:07.986+0000] {dag.py:3033} INFO - Sync 1 DAGs
[2024-01-11T18:59:08.000+0000] {logging_mixin.py:188} INFO - [2024-01-11T18:59:08.000+0000] {dag.py:3820} INFO - Setting next_dagrun for example_sla_dag to 2024-01-11T18:56:00+00:00, run_after=2024-01-11T18:58:00+00:00
[2024-01-11T18:59:08.009+0000] {processor.py:183} INFO - Processing /home/airflow/.local/lib/python3.8/site-packages/airflow/example_dags/example_sla_dag.py took 0.043 seconds
[2024-01-11T18:59:38.846+0000] {processor.py:161} INFO - Started process (PID=277) to work on /home/airflow/.local/lib/python3.8/site-packages/airflow/example_dags/example_sla_dag.py
[2024-01-11T18:59:38.847+0000] {processor.py:830} INFO - Processing file /home/airflow/.local/lib/python3.8/site-packages/airflow/example_dags/example_sla_dag.py for tasks to queue
[2024-01-11T18:59:38.848+0000] {logging_mixin.py:188} INFO - [2024-01-11T18:59:38.848+0000] {dagbag.py:538} INFO - Filling up the DagBag from /home/airflow/.local/lib/python3.8/site-packages/airflow/example_dags/example_sla_dag.py
[2024-01-11T18:59:38.854+0000] {processor.py:840} INFO - DAG(s) 'example_sla_dag' retrieved from /home/airflow/.local/lib/python3.8/site-packages/airflow/example_dags/example_sla_dag.py
[2024-01-11T18:59:38.866+0000] {logging_mixin.py:188} INFO - [2024-01-11T18:59:38.866+0000] {dag.py:3033} INFO - Sync 1 DAGs
[2024-01-11T18:59:38.879+0000] {logging_mixin.py:188} INFO - [2024-01-11T18:59:38.879+0000] {dag.py:3820} INFO - Setting next_dagrun for example_sla_dag to 2024-01-11T18:56:00+00:00, run_after=2024-01-11T18:58:00+00:00
[2024-01-11T18:59:38.888+0000] {processor.py:183} INFO - Processing /home/airflow/.local/lib/python3.8/site-packages/airflow/example_dags/example_sla_dag.py took 0.044 seconds
[2024-01-11T19:00:09.704+0000] {processor.py:161} INFO - Started process (PID=333) to work on /home/airflow/.local/lib/python3.8/site-packages/airflow/example_dags/example_sla_dag.py
[2024-01-11T19:00:09.705+0000] {processor.py:830} INFO - Processing file /home/airflow/.local/lib/python3.8/site-packages/airflow/example_dags/example_sla_dag.py for tasks to queue
[2024-01-11T19:00:09.707+0000] {logging_mixin.py:188} INFO - [2024-01-11T19:00:09.706+0000] {dagbag.py:538} INFO - Filling up the DagBag from /home/airflow/.local/lib/python3.8/site-packages/airflow/example_dags/example_sla_dag.py
[2024-01-11T19:00:09.712+0000] {processor.py:840} INFO - DAG(s) 'example_sla_dag' retrieved from /home/airflow/.local/lib/python3.8/site-packages/airflow/example_dags/example_sla_dag.py
[2024-01-11T19:00:09.723+0000] {logging_mixin.py:188} INFO - [2024-01-11T19:00:09.723+0000] {dag.py:3033} INFO - Sync 1 DAGs
[2024-01-11T19:00:09.736+0000] {logging_mixin.py:188} INFO - [2024-01-11T19:00:09.736+0000] {dag.py:3820} INFO - Setting next_dagrun for example_sla_dag to 2024-01-11T18:58:00+00:00, run_after=2024-01-11T19:00:00+00:00
[2024-01-11T19:00:09.745+0000] {processor.py:183} INFO - Processing /home/airflow/.local/lib/python3.8/site-packages/airflow/example_dags/example_sla_dag.py took 0.043 seconds
[2024-01-11T19:00:40.406+0000] {processor.py:161} INFO - Started process (PID=389) to work on /home/airflow/.local/lib/python3.8/site-packages/airflow/example_dags/example_sla_dag.py
[2024-01-11T19:00:40.407+0000] {processor.py:830} INFO - Processing file /home/airflow/.local/lib/python3.8/site-packages/airflow/example_dags/example_sla_dag.py for tasks to queue
[2024-01-11T19:00:40.408+0000] {logging_mixin.py:188} INFO - [2024-01-11T19:00:40.408+0000] {dagbag.py:538} INFO - Filling up the DagBag from /home/airflow/.local/lib/python3.8/site-packages/airflow/example_dags/example_sla_dag.py
[2024-01-11T19:00:40.413+0000] {processor.py:840} INFO - DAG(s) 'example_sla_dag' retrieved from /home/airflow/.local/lib/python3.8/site-packages/airflow/example_dags/example_sla_dag.py
[2024-01-11T19:00:40.425+0000] {logging_mixin.py:188} INFO - [2024-01-11T19:00:40.424+0000] {dag.py:3033} INFO - Sync 1 DAGs
[2024-01-11T19:00:40.438+0000] {logging_mixin.py:188} INFO - [2024-01-11T19:00:40.438+0000] {dag.py:3820} INFO - Setting next_dagrun for example_sla_dag to 2024-01-11T18:58:00+00:00, run_after=2024-01-11T19:00:00+00:00
[2024-01-11T19:00:40.447+0000] {processor.py:183} INFO - Processing /home/airflow/.local/lib/python3.8/site-packages/airflow/example_dags/example_sla_dag.py took 0.043 seconds
[2024-01-11T19:01:11.276+0000] {processor.py:161} INFO - Started process (PID=445) to work on /home/airflow/.local/lib/python3.8/site-packages/airflow/example_dags/example_sla_dag.py
[2024-01-11T19:01:11.277+0000] {processor.py:830} INFO - Processing file /home/airflow/.local/lib/python3.8/site-packages/airflow/example_dags/example_sla_dag.py for tasks to queue
[2024-01-11T19:01:11.279+0000] {logging_mixin.py:188} INFO - [2024-01-11T19:01:11.278+0000] {dagbag.py:538} INFO - Filling up the DagBag from /home/airflow/.local/lib/python3.8/site-packages/airflow/example_dags/example_sla_dag.py
[2024-01-11T19:01:11.285+0000] {processor.py:840} INFO - DAG(s) 'example_sla_dag' retrieved from /home/airflow/.local/lib/python3.8/site-packages/airflow/example_dags/example_sla_dag.py
[2024-01-11T19:01:11.297+0000] {logging_mixin.py:188} INFO - [2024-01-11T19:01:11.297+0000] {dag.py:3033} INFO - Sync 1 DAGs
[2024-01-11T19:01:11.310+0000] {logging_mixin.py:188} INFO - [2024-01-11T19:01:11.310+0000] {dag.py:3820} INFO - Setting next_dagrun for example_sla_dag to 2024-01-11T18:58:00+00:00, run_after=2024-01-11T19:00:00+00:00
[2024-01-11T19:01:11.319+0000] {processor.py:183} INFO - Processing /home/airflow/.local/lib/python3.8/site-packages/airflow/example_dags/example_sla_dag.py took 0.046 seconds
[2024-01-11T19:01:42.308+0000] {processor.py:161} INFO - Started process (PID=501) to work on /home/airflow/.local/lib/python3.8/site-packages/airflow/example_dags/example_sla_dag.py
[2024-01-11T19:01:42.311+0000] {processor.py:830} INFO - Processing file /home/airflow/.local/lib/python3.8/site-packages/airflow/example_dags/example_sla_dag.py for tasks to queue
[2024-01-11T19:01:42.314+0000] {logging_mixin.py:188} INFO - [2024-01-11T19:01:42.313+0000] {dagbag.py:538} INFO - Filling up the DagBag from /home/airflow/.local/lib/python3.8/site-packages/airflow/example_dags/example_sla_dag.py
[2024-01-11T19:01:42.323+0000] {processor.py:840} INFO - DAG(s) 'example_sla_dag' retrieved from /home/airflow/.local/lib/python3.8/site-packages/airflow/example_dags/example_sla_dag.py
[2024-01-11T19:01:42.338+0000] {logging_mixin.py:188} INFO - [2024-01-11T19:01:42.338+0000] {dag.py:3033} INFO - Sync 1 DAGs
[2024-01-11T19:01:42.354+0000] {logging_mixin.py:188} INFO - [2024-01-11T19:01:42.354+0000] {dag.py:3820} INFO - Setting next_dagrun for example_sla_dag to 2024-01-11T18:58:00+00:00, run_after=2024-01-11T19:00:00+00:00
[2024-01-11T19:01:42.363+0000] {processor.py:183} INFO - Processing /home/airflow/.local/lib/python3.8/site-packages/airflow/example_dags/example_sla_dag.py took 0.061 seconds
[2024-01-11T19:02:13.184+0000] {processor.py:161} INFO - Started process (PID=557) to work on /home/airflow/.local/lib/python3.8/site-packages/airflow/example_dags/example_sla_dag.py
[2024-01-11T19:02:13.186+0000] {processor.py:830} INFO - Processing file /home/airflow/.local/lib/python3.8/site-packages/airflow/example_dags/example_sla_dag.py for tasks to queue
[2024-01-11T19:02:13.189+0000] {logging_mixin.py:188} INFO - [2024-01-11T19:02:13.189+0000] {dagbag.py:538} INFO - Filling up the DagBag from /home/airflow/.local/lib/python3.8/site-packages/airflow/example_dags/example_sla_dag.py
[2024-01-11T19:02:13.200+0000] {processor.py:840} INFO - DAG(s) 'example_sla_dag' retrieved from /home/airflow/.local/lib/python3.8/site-packages/airflow/example_dags/example_sla_dag.py
[2024-01-11T19:02:13.217+0000] {logging_mixin.py:188} INFO - [2024-01-11T19:02:13.217+0000] {dag.py:3033} INFO - Sync 1 DAGs
[2024-01-11T19:02:13.233+0000] {logging_mixin.py:188} INFO - [2024-01-11T19:02:13.233+0000] {dag.py:3820} INFO - Setting next_dagrun for example_sla_dag to 2024-01-11T19:00:00+00:00, run_after=2024-01-11T19:02:00+00:00
[2024-01-11T19:02:13.242+0000] {processor.py:183} INFO - Processing /home/airflow/.local/lib/python3.8/site-packages/airflow/example_dags/example_sla_dag.py took 0.064 seconds
[2024-01-11T19:02:43.994+0000] {processor.py:161} INFO - Started process (PID=613) to work on /home/airflow/.local/lib/python3.8/site-packages/airflow/example_dags/example_sla_dag.py
[2024-01-11T19:02:43.996+0000] {processor.py:830} INFO - Processing file /home/airflow/.local/lib/python3.8/site-packages/airflow/example_dags/example_sla_dag.py for tasks to queue
[2024-01-11T19:02:43.999+0000] {logging_mixin.py:188} INFO - [2024-01-11T19:02:43.999+0000] {dagbag.py:538} INFO - Filling up the DagBag from /home/airflow/.local/lib/python3.8/site-packages/airflow/example_dags/example_sla_dag.py
[2024-01-11T19:02:44.008+0000] {processor.py:840} INFO - DAG(s) 'example_sla_dag' retrieved from /home/airflow/.local/lib/python3.8/site-packages/airflow/example_dags/example_sla_dag.py
[2024-01-11T19:02:44.025+0000] {logging_mixin.py:188} INFO - [2024-01-11T19:02:44.025+0000] {dag.py:3033} INFO - Sync 1 DAGs
[2024-01-11T19:02:44.040+0000] {logging_mixin.py:188} INFO - [2024-01-11T19:02:44.040+0000] {dag.py:3820} INFO - Setting next_dagrun for example_sla_dag to 2024-01-11T19:00:00+00:00, run_after=2024-01-11T19:02:00+00:00
[2024-01-11T19:02:44.049+0000] {processor.py:183} INFO - Processing /home/airflow/.local/lib/python3.8/site-packages/airflow/example_dags/example_sla_dag.py took 0.060 seconds
[2024-01-11T19:03:14.800+0000] {processor.py:161} INFO - Started process (PID=668) to work on /home/airflow/.local/lib/python3.8/site-packages/airflow/example_dags/example_sla_dag.py
[2024-01-11T19:03:14.800+0000] {processor.py:830} INFO - Processing file /home/airflow/.local/lib/python3.8/site-packages/airflow/example_dags/example_sla_dag.py for tasks to queue
[2024-01-11T19:03:14.802+0000] {logging_mixin.py:188} INFO - [2024-01-11T19:03:14.802+0000] {dagbag.py:538} INFO - Filling up the DagBag from /home/airflow/.local/lib/python3.8/site-packages/airflow/example_dags/example_sla_dag.py
[2024-01-11T19:03:14.808+0000] {processor.py:840} INFO - DAG(s) 'example_sla_dag' retrieved from /home/airflow/.local/lib/python3.8/site-packages/airflow/example_dags/example_sla_dag.py
[2024-01-11T19:03:14.823+0000] {logging_mixin.py:188} INFO - [2024-01-11T19:03:14.823+0000] {dag.py:3033} INFO - Sync 1 DAGs
[2024-01-11T19:03:14.838+0000] {logging_mixin.py:188} INFO - [2024-01-11T19:03:14.838+0000] {dag.py:3820} INFO - Setting next_dagrun for example_sla_dag to 2024-01-11T19:00:00+00:00, run_after=2024-01-11T19:02:00+00:00
[2024-01-11T19:03:14.847+0000] {processor.py:183} INFO - Processing /home/airflow/.local/lib/python3.8/site-packages/airflow/example_dags/example_sla_dag.py took 0.054 seconds
[2024-01-11T19:03:44.910+0000] {processor.py:161} INFO - Started process (PID=724) to work on /home/airflow/.local/lib/python3.8/site-packages/airflow/example_dags/example_sla_dag.py
[2024-01-11T19:03:44.912+0000] {processor.py:830} INFO - Processing file /home/airflow/.local/lib/python3.8/site-packages/airflow/example_dags/example_sla_dag.py for tasks to queue
[2024-01-11T19:03:44.915+0000] {logging_mixin.py:188} INFO - [2024-01-11T19:03:44.914+0000] {dagbag.py:538} INFO - Filling up the DagBag from /home/airflow/.local/lib/python3.8/site-packages/airflow/example_dags/example_sla_dag.py
[2024-01-11T19:03:44.922+0000] {processor.py:840} INFO - DAG(s) 'example_sla_dag' retrieved from /home/airflow/.local/lib/python3.8/site-packages/airflow/example_dags/example_sla_dag.py
[2024-01-11T19:03:44.938+0000] {logging_mixin.py:188} INFO - [2024-01-11T19:03:44.938+0000] {dag.py:3033} INFO - Sync 1 DAGs
[2024-01-11T19:03:44.955+0000] {logging_mixin.py:188} INFO - [2024-01-11T19:03:44.955+0000] {dag.py:3820} INFO - Setting next_dagrun for example_sla_dag to 2024-01-11T19:00:00+00:00, run_after=2024-01-11T19:02:00+00:00
[2024-01-11T19:03:44.964+0000] {processor.py:183} INFO - Processing /home/airflow/.local/lib/python3.8/site-packages/airflow/example_dags/example_sla_dag.py took 0.058 seconds
[2024-01-11T19:04:15.094+0000] {processor.py:161} INFO - Started process (PID=780) to work on /home/airflow/.local/lib/python3.8/site-packages/airflow/example_dags/example_sla_dag.py
[2024-01-11T19:04:15.096+0000] {processor.py:830} INFO - Processing file /home/airflow/.local/lib/python3.8/site-packages/airflow/example_dags/example_sla_dag.py for tasks to queue
[2024-01-11T19:04:15.099+0000] {logging_mixin.py:188} INFO - [2024-01-11T19:04:15.099+0000] {dagbag.py:538} INFO - Filling up the DagBag from /home/airflow/.local/lib/python3.8/site-packages/airflow/example_dags/example_sla_dag.py
[2024-01-11T19:04:15.108+0000] {processor.py:840} INFO - DAG(s) 'example_sla_dag' retrieved from /home/airflow/.local/lib/python3.8/site-packages/airflow/example_dags/example_sla_dag.py
[2024-01-11T19:04:15.123+0000] {logging_mixin.py:188} INFO - [2024-01-11T19:04:15.123+0000] {dag.py:3033} INFO - Sync 1 DAGs
[2024-01-11T19:04:15.138+0000] {logging_mixin.py:188} INFO - [2024-01-11T19:04:15.138+0000] {dag.py:3820} INFO - Setting next_dagrun for example_sla_dag to 2024-01-11T19:02:00+00:00, run_after=2024-01-11T19:04:00+00:00
[2024-01-11T19:04:15.147+0000] {processor.py:183} INFO - Processing /home/airflow/.local/lib/python3.8/site-packages/airflow/example_dags/example_sla_dag.py took 0.058 seconds
[2024-01-11T19:04:45.952+0000] {processor.py:161} INFO - Started process (PID=836) to work on /home/airflow/.local/lib/python3.8/site-packages/airflow/example_dags/example_sla_dag.py
[2024-01-11T19:04:45.954+0000] {processor.py:830} INFO - Processing file /home/airflow/.local/lib/python3.8/site-packages/airflow/example_dags/example_sla_dag.py for tasks to queue
[2024-01-11T19:04:45.958+0000] {logging_mixin.py:188} INFO - [2024-01-11T19:04:45.957+0000] {dagbag.py:538} INFO - Filling up the DagBag from /home/airflow/.local/lib/python3.8/site-packages/airflow/example_dags/example_sla_dag.py
[2024-01-11T19:04:45.967+0000] {processor.py:840} INFO - DAG(s) 'example_sla_dag' retrieved from /home/airflow/.local/lib/python3.8/site-packages/airflow/example_dags/example_sla_dag.py
[2024-01-11T19:04:45.982+0000] {logging_mixin.py:188} INFO - [2024-01-11T19:04:45.982+0000] {dag.py:3033} INFO - Sync 1 DAGs
[2024-01-11T19:04:45.998+0000] {logging_mixin.py:188} INFO - [2024-01-11T19:04:45.998+0000] {dag.py:3820} INFO - Setting next_dagrun for example_sla_dag to 2024-01-11T19:02:00+00:00, run_after=2024-01-11T19:04:00+00:00
[2024-01-11T19:04:46.007+0000] {processor.py:183} INFO - Processing /home/airflow/.local/lib/python3.8/site-packages/airflow/example_dags/example_sla_dag.py took 0.060 seconds
