[2024-01-11T18:57:35.274+0000] {processor.py:161} INFO - Started process (PID=36) to work on /home/airflow/.local/lib/python3.8/site-packages/airflow/example_dags/example_subdag_operator.py
[2024-01-11T18:57:35.277+0000] {processor.py:830} INFO - Processing file /home/airflow/.local/lib/python3.8/site-packages/airflow/example_dags/example_subdag_operator.py for tasks to queue
[2024-01-11T18:57:35.282+0000] {logging_mixin.py:188} INFO - [2024-01-11T18:57:35.282+0000] {dagbag.py:538} INFO - Filling up the DagBag from /home/airflow/.local/lib/python3.8/site-packages/airflow/example_dags/example_subdag_operator.py
[2024-01-11T18:57:35.325+0000] {processor.py:840} INFO - DAG(s) 'example_subdag_operator.section-1', 'example_subdag_operator.section-2', 'example_subdag_operator' retrieved from /home/airflow/.local/lib/python3.8/site-packages/airflow/example_dags/example_subdag_operator.py
[2024-01-11T18:57:35.358+0000] {logging_mixin.py:188} INFO - [2024-01-11T18:57:35.358+0000] {dag.py:3033} INFO - Sync 3 DAGs
[2024-01-11T18:57:35.386+0000] {logging_mixin.py:188} INFO - [2024-01-11T18:57:35.386+0000] {dag.py:3820} INFO - Setting next_dagrun for example_subdag_operator to 2022-01-01T00:00:00+00:00, run_after=2022-01-01T00:00:00+00:00
[2024-01-11T18:57:35.390+0000] {logging_mixin.py:188} INFO - [2024-01-11T18:57:35.389+0000] {dag.py:3820} INFO - Setting next_dagrun for example_subdag_operator.section-1 to None, run_after=None
[2024-01-11T18:57:35.392+0000] {logging_mixin.py:188} INFO - [2024-01-11T18:57:35.391+0000] {dag.py:3820} INFO - Setting next_dagrun for example_subdag_operator.section-2 to None, run_after=None
[2024-01-11T18:57:35.397+0000] {logging_mixin.py:188} INFO - [2024-01-11T18:57:35.397+0000] {dag.py:3033} INFO - Sync 2 DAGs
[2024-01-11T18:57:35.402+0000] {logging_mixin.py:188} INFO - [2024-01-11T18:57:35.402+0000] {dag.py:3820} INFO - Setting next_dagrun for example_subdag_operator.section-1 to None, run_after=None
[2024-01-11T18:57:35.402+0000] {logging_mixin.py:188} INFO - [2024-01-11T18:57:35.402+0000] {dag.py:3820} INFO - Setting next_dagrun for example_subdag_operator.section-2 to None, run_after=None
[2024-01-11T18:57:35.410+0000] {processor.py:183} INFO - Processing /home/airflow/.local/lib/python3.8/site-packages/airflow/example_dags/example_subdag_operator.py took 0.150 seconds
[2024-01-11T18:58:05.687+0000] {processor.py:161} INFO - Started process (PID=92) to work on /home/airflow/.local/lib/python3.8/site-packages/airflow/example_dags/example_subdag_operator.py
[2024-01-11T18:58:05.689+0000] {processor.py:830} INFO - Processing file /home/airflow/.local/lib/python3.8/site-packages/airflow/example_dags/example_subdag_operator.py for tasks to queue
[2024-01-11T18:58:05.694+0000] {logging_mixin.py:188} INFO - [2024-01-11T18:58:05.694+0000] {dagbag.py:538} INFO - Filling up the DagBag from /home/airflow/.local/lib/python3.8/site-packages/airflow/example_dags/example_subdag_operator.py
[2024-01-11T18:58:05.723+0000] {processor.py:840} INFO - DAG(s) 'example_subdag_operator.section-1', 'example_subdag_operator.section-2', 'example_subdag_operator' retrieved from /home/airflow/.local/lib/python3.8/site-packages/airflow/example_dags/example_subdag_operator.py
[2024-01-11T18:58:05.793+0000] {logging_mixin.py:188} INFO - [2024-01-11T18:58:05.792+0000] {dag.py:3033} INFO - Sync 3 DAGs
[2024-01-11T18:58:05.810+0000] {logging_mixin.py:188} INFO - [2024-01-11T18:58:05.810+0000] {dag.py:3820} INFO - Setting next_dagrun for example_subdag_operator to 2022-01-01T00:00:00+00:00, run_after=2022-01-01T00:00:00+00:00
[2024-01-11T18:58:05.812+0000] {logging_mixin.py:188} INFO - [2024-01-11T18:58:05.811+0000] {dag.py:3820} INFO - Setting next_dagrun for example_subdag_operator.section-1 to None, run_after=None
[2024-01-11T18:58:05.812+0000] {logging_mixin.py:188} INFO - [2024-01-11T18:58:05.812+0000] {dag.py:3820} INFO - Setting next_dagrun for example_subdag_operator.section-2 to None, run_after=None
[2024-01-11T18:58:05.818+0000] {logging_mixin.py:188} INFO - [2024-01-11T18:58:05.818+0000] {dag.py:3033} INFO - Sync 2 DAGs
[2024-01-11T18:58:05.820+0000] {logging_mixin.py:188} INFO - [2024-01-11T18:58:05.820+0000] {dag.py:3820} INFO - Setting next_dagrun for example_subdag_operator.section-1 to None, run_after=None
[2024-01-11T18:58:05.821+0000] {logging_mixin.py:188} INFO - [2024-01-11T18:58:05.821+0000] {dag.py:3820} INFO - Setting next_dagrun for example_subdag_operator.section-2 to None, run_after=None
[2024-01-11T18:58:05.826+0000] {processor.py:183} INFO - Processing /home/airflow/.local/lib/python3.8/site-packages/airflow/example_dags/example_subdag_operator.py took 0.147 seconds
[2024-01-11T18:58:36.609+0000] {processor.py:161} INFO - Started process (PID=148) to work on /home/airflow/.local/lib/python3.8/site-packages/airflow/example_dags/example_subdag_operator.py
[2024-01-11T18:58:36.610+0000] {processor.py:830} INFO - Processing file /home/airflow/.local/lib/python3.8/site-packages/airflow/example_dags/example_subdag_operator.py for tasks to queue
[2024-01-11T18:58:36.613+0000] {logging_mixin.py:188} INFO - [2024-01-11T18:58:36.613+0000] {dagbag.py:538} INFO - Filling up the DagBag from /home/airflow/.local/lib/python3.8/site-packages/airflow/example_dags/example_subdag_operator.py
[2024-01-11T18:58:36.636+0000] {processor.py:840} INFO - DAG(s) 'example_subdag_operator.section-1', 'example_subdag_operator.section-2', 'example_subdag_operator' retrieved from /home/airflow/.local/lib/python3.8/site-packages/airflow/example_dags/example_subdag_operator.py
[2024-01-11T18:58:36.645+0000] {logging_mixin.py:188} INFO - [2024-01-11T18:58:36.645+0000] {dag.py:3033} INFO - Sync 3 DAGs
[2024-01-11T18:58:36.658+0000] {logging_mixin.py:188} INFO - [2024-01-11T18:58:36.657+0000] {dag.py:3820} INFO - Setting next_dagrun for example_subdag_operator to 2022-01-01T00:00:00+00:00, run_after=2022-01-01T00:00:00+00:00
[2024-01-11T18:58:36.660+0000] {logging_mixin.py:188} INFO - [2024-01-11T18:58:36.659+0000] {dag.py:3820} INFO - Setting next_dagrun for example_subdag_operator.section-1 to None, run_after=None
[2024-01-11T18:58:36.660+0000] {logging_mixin.py:188} INFO - [2024-01-11T18:58:36.660+0000] {dag.py:3820} INFO - Setting next_dagrun for example_subdag_operator.section-2 to None, run_after=None
[2024-01-11T18:58:36.664+0000] {logging_mixin.py:188} INFO - [2024-01-11T18:58:36.664+0000] {dag.py:3033} INFO - Sync 2 DAGs
[2024-01-11T18:58:36.667+0000] {logging_mixin.py:188} INFO - [2024-01-11T18:58:36.667+0000] {dag.py:3820} INFO - Setting next_dagrun for example_subdag_operator.section-1 to None, run_after=None
[2024-01-11T18:58:36.668+0000] {logging_mixin.py:188} INFO - [2024-01-11T18:58:36.668+0000] {dag.py:3820} INFO - Setting next_dagrun for example_subdag_operator.section-2 to None, run_after=None
[2024-01-11T18:58:36.673+0000] {processor.py:183} INFO - Processing /home/airflow/.local/lib/python3.8/site-packages/airflow/example_dags/example_subdag_operator.py took 0.069 seconds
[2024-01-11T18:59:07.492+0000] {processor.py:161} INFO - Started process (PID=204) to work on /home/airflow/.local/lib/python3.8/site-packages/airflow/example_dags/example_subdag_operator.py
[2024-01-11T18:59:07.493+0000] {processor.py:830} INFO - Processing file /home/airflow/.local/lib/python3.8/site-packages/airflow/example_dags/example_subdag_operator.py for tasks to queue
[2024-01-11T18:59:07.496+0000] {logging_mixin.py:188} INFO - [2024-01-11T18:59:07.495+0000] {dagbag.py:538} INFO - Filling up the DagBag from /home/airflow/.local/lib/python3.8/site-packages/airflow/example_dags/example_subdag_operator.py
[2024-01-11T18:59:07.517+0000] {processor.py:840} INFO - DAG(s) 'example_subdag_operator.section-1', 'example_subdag_operator.section-2', 'example_subdag_operator' retrieved from /home/airflow/.local/lib/python3.8/site-packages/airflow/example_dags/example_subdag_operator.py
[2024-01-11T18:59:07.528+0000] {logging_mixin.py:188} INFO - [2024-01-11T18:59:07.528+0000] {dag.py:3033} INFO - Sync 3 DAGs
[2024-01-11T18:59:07.539+0000] {logging_mixin.py:188} INFO - [2024-01-11T18:59:07.539+0000] {dag.py:3820} INFO - Setting next_dagrun for example_subdag_operator to 2022-01-01T00:00:00+00:00, run_after=2022-01-01T00:00:00+00:00
[2024-01-11T18:59:07.541+0000] {logging_mixin.py:188} INFO - [2024-01-11T18:59:07.541+0000] {dag.py:3820} INFO - Setting next_dagrun for example_subdag_operator.section-1 to None, run_after=None
[2024-01-11T18:59:07.542+0000] {logging_mixin.py:188} INFO - [2024-01-11T18:59:07.542+0000] {dag.py:3820} INFO - Setting next_dagrun for example_subdag_operator.section-2 to None, run_after=None
[2024-01-11T18:59:07.546+0000] {logging_mixin.py:188} INFO - [2024-01-11T18:59:07.546+0000] {dag.py:3033} INFO - Sync 2 DAGs
[2024-01-11T18:59:07.549+0000] {logging_mixin.py:188} INFO - [2024-01-11T18:59:07.549+0000] {dag.py:3820} INFO - Setting next_dagrun for example_subdag_operator.section-1 to None, run_after=None
[2024-01-11T18:59:07.549+0000] {logging_mixin.py:188} INFO - [2024-01-11T18:59:07.549+0000] {dag.py:3820} INFO - Setting next_dagrun for example_subdag_operator.section-2 to None, run_after=None
[2024-01-11T18:59:07.554+0000] {processor.py:183} INFO - Processing /home/airflow/.local/lib/python3.8/site-packages/airflow/example_dags/example_subdag_operator.py took 0.066 seconds
[2024-01-11T18:59:38.368+0000] {processor.py:161} INFO - Started process (PID=260) to work on /home/airflow/.local/lib/python3.8/site-packages/airflow/example_dags/example_subdag_operator.py
[2024-01-11T18:59:38.369+0000] {processor.py:830} INFO - Processing file /home/airflow/.local/lib/python3.8/site-packages/airflow/example_dags/example_subdag_operator.py for tasks to queue
[2024-01-11T18:59:38.372+0000] {logging_mixin.py:188} INFO - [2024-01-11T18:59:38.372+0000] {dagbag.py:538} INFO - Filling up the DagBag from /home/airflow/.local/lib/python3.8/site-packages/airflow/example_dags/example_subdag_operator.py
[2024-01-11T18:59:38.393+0000] {processor.py:840} INFO - DAG(s) 'example_subdag_operator.section-1', 'example_subdag_operator.section-2', 'example_subdag_operator' retrieved from /home/airflow/.local/lib/python3.8/site-packages/airflow/example_dags/example_subdag_operator.py
[2024-01-11T18:59:38.403+0000] {logging_mixin.py:188} INFO - [2024-01-11T18:59:38.403+0000] {dag.py:3033} INFO - Sync 3 DAGs
[2024-01-11T18:59:38.415+0000] {logging_mixin.py:188} INFO - [2024-01-11T18:59:38.415+0000] {dag.py:3820} INFO - Setting next_dagrun for example_subdag_operator to 2022-01-01T00:00:00+00:00, run_after=2022-01-01T00:00:00+00:00
[2024-01-11T18:59:38.417+0000] {logging_mixin.py:188} INFO - [2024-01-11T18:59:38.417+0000] {dag.py:3820} INFO - Setting next_dagrun for example_subdag_operator.section-1 to None, run_after=None
[2024-01-11T18:59:38.417+0000] {logging_mixin.py:188} INFO - [2024-01-11T18:59:38.417+0000] {dag.py:3820} INFO - Setting next_dagrun for example_subdag_operator.section-2 to None, run_after=None
[2024-01-11T18:59:38.421+0000] {logging_mixin.py:188} INFO - [2024-01-11T18:59:38.421+0000] {dag.py:3033} INFO - Sync 2 DAGs
[2024-01-11T18:59:38.424+0000] {logging_mixin.py:188} INFO - [2024-01-11T18:59:38.424+0000] {dag.py:3820} INFO - Setting next_dagrun for example_subdag_operator.section-1 to None, run_after=None
[2024-01-11T18:59:38.424+0000] {logging_mixin.py:188} INFO - [2024-01-11T18:59:38.424+0000] {dag.py:3820} INFO - Setting next_dagrun for example_subdag_operator.section-2 to None, run_after=None
[2024-01-11T18:59:38.430+0000] {processor.py:183} INFO - Processing /home/airflow/.local/lib/python3.8/site-packages/airflow/example_dags/example_subdag_operator.py took 0.066 seconds
[2024-01-11T19:00:09.217+0000] {processor.py:161} INFO - Started process (PID=316) to work on /home/airflow/.local/lib/python3.8/site-packages/airflow/example_dags/example_subdag_operator.py
[2024-01-11T19:00:09.218+0000] {processor.py:830} INFO - Processing file /home/airflow/.local/lib/python3.8/site-packages/airflow/example_dags/example_subdag_operator.py for tasks to queue
[2024-01-11T19:00:09.220+0000] {logging_mixin.py:188} INFO - [2024-01-11T19:00:09.220+0000] {dagbag.py:538} INFO - Filling up the DagBag from /home/airflow/.local/lib/python3.8/site-packages/airflow/example_dags/example_subdag_operator.py
[2024-01-11T19:00:09.237+0000] {processor.py:840} INFO - DAG(s) 'example_subdag_operator.section-1', 'example_subdag_operator.section-2', 'example_subdag_operator' retrieved from /home/airflow/.local/lib/python3.8/site-packages/airflow/example_dags/example_subdag_operator.py
[2024-01-11T19:00:09.246+0000] {logging_mixin.py:188} INFO - [2024-01-11T19:00:09.246+0000] {dag.py:3033} INFO - Sync 3 DAGs
[2024-01-11T19:00:09.259+0000] {logging_mixin.py:188} INFO - [2024-01-11T19:00:09.259+0000] {dag.py:3820} INFO - Setting next_dagrun for example_subdag_operator to 2022-01-01T00:00:00+00:00, run_after=2022-01-01T00:00:00+00:00
[2024-01-11T19:00:09.262+0000] {logging_mixin.py:188} INFO - [2024-01-11T19:00:09.261+0000] {dag.py:3820} INFO - Setting next_dagrun for example_subdag_operator.section-1 to None, run_after=None
[2024-01-11T19:00:09.262+0000] {logging_mixin.py:188} INFO - [2024-01-11T19:00:09.262+0000] {dag.py:3820} INFO - Setting next_dagrun for example_subdag_operator.section-2 to None, run_after=None
[2024-01-11T19:00:09.267+0000] {logging_mixin.py:188} INFO - [2024-01-11T19:00:09.267+0000] {dag.py:3033} INFO - Sync 2 DAGs
[2024-01-11T19:00:09.270+0000] {logging_mixin.py:188} INFO - [2024-01-11T19:00:09.270+0000] {dag.py:3820} INFO - Setting next_dagrun for example_subdag_operator.section-1 to None, run_after=None
[2024-01-11T19:00:09.270+0000] {logging_mixin.py:188} INFO - [2024-01-11T19:00:09.270+0000] {dag.py:3820} INFO - Setting next_dagrun for example_subdag_operator.section-2 to None, run_after=None
[2024-01-11T19:00:09.276+0000] {processor.py:183} INFO - Processing /home/airflow/.local/lib/python3.8/site-packages/airflow/example_dags/example_subdag_operator.py took 0.062 seconds
[2024-01-11T19:00:39.931+0000] {processor.py:161} INFO - Started process (PID=372) to work on /home/airflow/.local/lib/python3.8/site-packages/airflow/example_dags/example_subdag_operator.py
[2024-01-11T19:00:39.933+0000] {processor.py:830} INFO - Processing file /home/airflow/.local/lib/python3.8/site-packages/airflow/example_dags/example_subdag_operator.py for tasks to queue
[2024-01-11T19:00:39.936+0000] {logging_mixin.py:188} INFO - [2024-01-11T19:00:39.936+0000] {dagbag.py:538} INFO - Filling up the DagBag from /home/airflow/.local/lib/python3.8/site-packages/airflow/example_dags/example_subdag_operator.py
[2024-01-11T19:00:39.959+0000] {processor.py:840} INFO - DAG(s) 'example_subdag_operator.section-1', 'example_subdag_operator.section-2', 'example_subdag_operator' retrieved from /home/airflow/.local/lib/python3.8/site-packages/airflow/example_dags/example_subdag_operator.py
[2024-01-11T19:00:39.970+0000] {logging_mixin.py:188} INFO - [2024-01-11T19:00:39.969+0000] {dag.py:3033} INFO - Sync 3 DAGs
[2024-01-11T19:00:39.982+0000] {logging_mixin.py:188} INFO - [2024-01-11T19:00:39.982+0000] {dag.py:3820} INFO - Setting next_dagrun for example_subdag_operator to 2022-01-01T00:00:00+00:00, run_after=2022-01-01T00:00:00+00:00
[2024-01-11T19:00:39.985+0000] {logging_mixin.py:188} INFO - [2024-01-11T19:00:39.985+0000] {dag.py:3820} INFO - Setting next_dagrun for example_subdag_operator.section-1 to None, run_after=None
[2024-01-11T19:00:39.986+0000] {logging_mixin.py:188} INFO - [2024-01-11T19:00:39.986+0000] {dag.py:3820} INFO - Setting next_dagrun for example_subdag_operator.section-2 to None, run_after=None
[2024-01-11T19:00:39.990+0000] {logging_mixin.py:188} INFO - [2024-01-11T19:00:39.989+0000] {dag.py:3033} INFO - Sync 2 DAGs
[2024-01-11T19:00:39.992+0000] {logging_mixin.py:188} INFO - [2024-01-11T19:00:39.992+0000] {dag.py:3820} INFO - Setting next_dagrun for example_subdag_operator.section-1 to None, run_after=None
[2024-01-11T19:00:39.993+0000] {logging_mixin.py:188} INFO - [2024-01-11T19:00:39.993+0000] {dag.py:3820} INFO - Setting next_dagrun for example_subdag_operator.section-2 to None, run_after=None
[2024-01-11T19:00:39.998+0000] {processor.py:183} INFO - Processing /home/airflow/.local/lib/python3.8/site-packages/airflow/example_dags/example_subdag_operator.py took 0.072 seconds
[2024-01-11T19:01:10.696+0000] {processor.py:161} INFO - Started process (PID=428) to work on /home/airflow/.local/lib/python3.8/site-packages/airflow/example_dags/example_subdag_operator.py
[2024-01-11T19:01:10.699+0000] {processor.py:830} INFO - Processing file /home/airflow/.local/lib/python3.8/site-packages/airflow/example_dags/example_subdag_operator.py for tasks to queue
[2024-01-11T19:01:10.703+0000] {logging_mixin.py:188} INFO - [2024-01-11T19:01:10.703+0000] {dagbag.py:538} INFO - Filling up the DagBag from /home/airflow/.local/lib/python3.8/site-packages/airflow/example_dags/example_subdag_operator.py
[2024-01-11T19:01:10.727+0000] {processor.py:840} INFO - DAG(s) 'example_subdag_operator.section-1', 'example_subdag_operator.section-2', 'example_subdag_operator' retrieved from /home/airflow/.local/lib/python3.8/site-packages/airflow/example_dags/example_subdag_operator.py
[2024-01-11T19:01:10.737+0000] {logging_mixin.py:188} INFO - [2024-01-11T19:01:10.737+0000] {dag.py:3033} INFO - Sync 3 DAGs
[2024-01-11T19:01:10.750+0000] {logging_mixin.py:188} INFO - [2024-01-11T19:01:10.750+0000] {dag.py:3820} INFO - Setting next_dagrun for example_subdag_operator to 2022-01-01T00:00:00+00:00, run_after=2022-01-01T00:00:00+00:00
[2024-01-11T19:01:10.752+0000] {logging_mixin.py:188} INFO - [2024-01-11T19:01:10.752+0000] {dag.py:3820} INFO - Setting next_dagrun for example_subdag_operator.section-1 to None, run_after=None
[2024-01-11T19:01:10.752+0000] {logging_mixin.py:188} INFO - [2024-01-11T19:01:10.752+0000] {dag.py:3820} INFO - Setting next_dagrun for example_subdag_operator.section-2 to None, run_after=None
[2024-01-11T19:01:10.756+0000] {logging_mixin.py:188} INFO - [2024-01-11T19:01:10.756+0000] {dag.py:3033} INFO - Sync 2 DAGs
[2024-01-11T19:01:10.759+0000] {logging_mixin.py:188} INFO - [2024-01-11T19:01:10.759+0000] {dag.py:3820} INFO - Setting next_dagrun for example_subdag_operator.section-1 to None, run_after=None
[2024-01-11T19:01:10.759+0000] {logging_mixin.py:188} INFO - [2024-01-11T19:01:10.759+0000] {dag.py:3820} INFO - Setting next_dagrun for example_subdag_operator.section-2 to None, run_after=None
[2024-01-11T19:01:10.764+0000] {processor.py:183} INFO - Processing /home/airflow/.local/lib/python3.8/site-packages/airflow/example_dags/example_subdag_operator.py took 0.075 seconds
[2024-01-11T19:01:40.809+0000] {processor.py:161} INFO - Started process (PID=484) to work on /home/airflow/.local/lib/python3.8/site-packages/airflow/example_dags/example_subdag_operator.py
[2024-01-11T19:01:40.811+0000] {processor.py:830} INFO - Processing file /home/airflow/.local/lib/python3.8/site-packages/airflow/example_dags/example_subdag_operator.py for tasks to queue
[2024-01-11T19:01:40.814+0000] {logging_mixin.py:188} INFO - [2024-01-11T19:01:40.814+0000] {dagbag.py:538} INFO - Filling up the DagBag from /home/airflow/.local/lib/python3.8/site-packages/airflow/example_dags/example_subdag_operator.py
[2024-01-11T19:01:40.837+0000] {processor.py:840} INFO - DAG(s) 'example_subdag_operator.section-1', 'example_subdag_operator.section-2', 'example_subdag_operator' retrieved from /home/airflow/.local/lib/python3.8/site-packages/airflow/example_dags/example_subdag_operator.py
[2024-01-11T19:01:40.847+0000] {logging_mixin.py:188} INFO - [2024-01-11T19:01:40.847+0000] {dag.py:3033} INFO - Sync 3 DAGs
[2024-01-11T19:01:40.859+0000] {logging_mixin.py:188} INFO - [2024-01-11T19:01:40.859+0000] {dag.py:3820} INFO - Setting next_dagrun for example_subdag_operator to 2022-01-01T00:00:00+00:00, run_after=2022-01-01T00:00:00+00:00
[2024-01-11T19:01:40.861+0000] {logging_mixin.py:188} INFO - [2024-01-11T19:01:40.861+0000] {dag.py:3820} INFO - Setting next_dagrun for example_subdag_operator.section-1 to None, run_after=None
[2024-01-11T19:01:40.862+0000] {logging_mixin.py:188} INFO - [2024-01-11T19:01:40.862+0000] {dag.py:3820} INFO - Setting next_dagrun for example_subdag_operator.section-2 to None, run_after=None
[2024-01-11T19:01:40.866+0000] {logging_mixin.py:188} INFO - [2024-01-11T19:01:40.866+0000] {dag.py:3033} INFO - Sync 2 DAGs
[2024-01-11T19:01:40.868+0000] {logging_mixin.py:188} INFO - [2024-01-11T19:01:40.868+0000] {dag.py:3820} INFO - Setting next_dagrun for example_subdag_operator.section-1 to None, run_after=None
[2024-01-11T19:01:40.869+0000] {logging_mixin.py:188} INFO - [2024-01-11T19:01:40.869+0000] {dag.py:3820} INFO - Setting next_dagrun for example_subdag_operator.section-2 to None, run_after=None
[2024-01-11T19:01:40.874+0000] {processor.py:183} INFO - Processing /home/airflow/.local/lib/python3.8/site-packages/airflow/example_dags/example_subdag_operator.py took 0.070 seconds
[2024-01-11T19:02:11.684+0000] {processor.py:161} INFO - Started process (PID=540) to work on /home/airflow/.local/lib/python3.8/site-packages/airflow/example_dags/example_subdag_operator.py
[2024-01-11T19:02:11.686+0000] {processor.py:830} INFO - Processing file /home/airflow/.local/lib/python3.8/site-packages/airflow/example_dags/example_subdag_operator.py for tasks to queue
[2024-01-11T19:02:11.688+0000] {logging_mixin.py:188} INFO - [2024-01-11T19:02:11.688+0000] {dagbag.py:538} INFO - Filling up the DagBag from /home/airflow/.local/lib/python3.8/site-packages/airflow/example_dags/example_subdag_operator.py
[2024-01-11T19:02:11.705+0000] {processor.py:840} INFO - DAG(s) 'example_subdag_operator.section-1', 'example_subdag_operator.section-2', 'example_subdag_operator' retrieved from /home/airflow/.local/lib/python3.8/site-packages/airflow/example_dags/example_subdag_operator.py
[2024-01-11T19:02:11.716+0000] {logging_mixin.py:188} INFO - [2024-01-11T19:02:11.715+0000] {dag.py:3033} INFO - Sync 3 DAGs
[2024-01-11T19:02:11.728+0000] {logging_mixin.py:188} INFO - [2024-01-11T19:02:11.728+0000] {dag.py:3820} INFO - Setting next_dagrun for example_subdag_operator to 2022-01-01T00:00:00+00:00, run_after=2022-01-01T00:00:00+00:00
[2024-01-11T19:02:11.730+0000] {logging_mixin.py:188} INFO - [2024-01-11T19:02:11.730+0000] {dag.py:3820} INFO - Setting next_dagrun for example_subdag_operator.section-1 to None, run_after=None
[2024-01-11T19:02:11.731+0000] {logging_mixin.py:188} INFO - [2024-01-11T19:02:11.731+0000] {dag.py:3820} INFO - Setting next_dagrun for example_subdag_operator.section-2 to None, run_after=None
[2024-01-11T19:02:11.735+0000] {logging_mixin.py:188} INFO - [2024-01-11T19:02:11.734+0000] {dag.py:3033} INFO - Sync 2 DAGs
[2024-01-11T19:02:11.738+0000] {logging_mixin.py:188} INFO - [2024-01-11T19:02:11.738+0000] {dag.py:3820} INFO - Setting next_dagrun for example_subdag_operator.section-1 to None, run_after=None
[2024-01-11T19:02:11.738+0000] {logging_mixin.py:188} INFO - [2024-01-11T19:02:11.738+0000] {dag.py:3820} INFO - Setting next_dagrun for example_subdag_operator.section-2 to None, run_after=None
[2024-01-11T19:02:11.744+0000] {processor.py:183} INFO - Processing /home/airflow/.local/lib/python3.8/site-packages/airflow/example_dags/example_subdag_operator.py took 0.063 seconds
[2024-01-11T19:02:42.477+0000] {processor.py:161} INFO - Started process (PID=596) to work on /home/airflow/.local/lib/python3.8/site-packages/airflow/example_dags/example_subdag_operator.py
[2024-01-11T19:02:42.479+0000] {processor.py:830} INFO - Processing file /home/airflow/.local/lib/python3.8/site-packages/airflow/example_dags/example_subdag_operator.py for tasks to queue
[2024-01-11T19:02:42.482+0000] {logging_mixin.py:188} INFO - [2024-01-11T19:02:42.482+0000] {dagbag.py:538} INFO - Filling up the DagBag from /home/airflow/.local/lib/python3.8/site-packages/airflow/example_dags/example_subdag_operator.py
[2024-01-11T19:02:42.504+0000] {processor.py:840} INFO - DAG(s) 'example_subdag_operator.section-1', 'example_subdag_operator.section-2', 'example_subdag_operator' retrieved from /home/airflow/.local/lib/python3.8/site-packages/airflow/example_dags/example_subdag_operator.py
[2024-01-11T19:02:42.514+0000] {logging_mixin.py:188} INFO - [2024-01-11T19:02:42.514+0000] {dag.py:3033} INFO - Sync 3 DAGs
[2024-01-11T19:02:42.528+0000] {logging_mixin.py:188} INFO - [2024-01-11T19:02:42.528+0000] {dag.py:3820} INFO - Setting next_dagrun for example_subdag_operator to 2022-01-01T00:00:00+00:00, run_after=2022-01-01T00:00:00+00:00
[2024-01-11T19:02:42.530+0000] {logging_mixin.py:188} INFO - [2024-01-11T19:02:42.530+0000] {dag.py:3820} INFO - Setting next_dagrun for example_subdag_operator.section-1 to None, run_after=None
[2024-01-11T19:02:42.531+0000] {logging_mixin.py:188} INFO - [2024-01-11T19:02:42.531+0000] {dag.py:3820} INFO - Setting next_dagrun for example_subdag_operator.section-2 to None, run_after=None
[2024-01-11T19:02:42.535+0000] {logging_mixin.py:188} INFO - [2024-01-11T19:02:42.535+0000] {dag.py:3033} INFO - Sync 2 DAGs
[2024-01-11T19:02:42.538+0000] {logging_mixin.py:188} INFO - [2024-01-11T19:02:42.538+0000] {dag.py:3820} INFO - Setting next_dagrun for example_subdag_operator.section-1 to None, run_after=None
[2024-01-11T19:02:42.538+0000] {logging_mixin.py:188} INFO - [2024-01-11T19:02:42.538+0000] {dag.py:3820} INFO - Setting next_dagrun for example_subdag_operator.section-2 to None, run_after=None
[2024-01-11T19:02:42.544+0000] {processor.py:183} INFO - Processing /home/airflow/.local/lib/python3.8/site-packages/airflow/example_dags/example_subdag_operator.py took 0.072 seconds
[2024-01-11T19:03:13.296+0000] {processor.py:161} INFO - Started process (PID=651) to work on /home/airflow/.local/lib/python3.8/site-packages/airflow/example_dags/example_subdag_operator.py
[2024-01-11T19:03:13.298+0000] {processor.py:830} INFO - Processing file /home/airflow/.local/lib/python3.8/site-packages/airflow/example_dags/example_subdag_operator.py for tasks to queue
[2024-01-11T19:03:13.300+0000] {logging_mixin.py:188} INFO - [2024-01-11T19:03:13.299+0000] {dagbag.py:538} INFO - Filling up the DagBag from /home/airflow/.local/lib/python3.8/site-packages/airflow/example_dags/example_subdag_operator.py
[2024-01-11T19:03:13.323+0000] {processor.py:840} INFO - DAG(s) 'example_subdag_operator.section-1', 'example_subdag_operator.section-2', 'example_subdag_operator' retrieved from /home/airflow/.local/lib/python3.8/site-packages/airflow/example_dags/example_subdag_operator.py
[2024-01-11T19:03:13.334+0000] {logging_mixin.py:188} INFO - [2024-01-11T19:03:13.334+0000] {dag.py:3033} INFO - Sync 3 DAGs
[2024-01-11T19:03:13.347+0000] {logging_mixin.py:188} INFO - [2024-01-11T19:03:13.347+0000] {dag.py:3820} INFO - Setting next_dagrun for example_subdag_operator to 2022-01-01T00:00:00+00:00, run_after=2022-01-01T00:00:00+00:00
[2024-01-11T19:03:13.349+0000] {logging_mixin.py:188} INFO - [2024-01-11T19:03:13.349+0000] {dag.py:3820} INFO - Setting next_dagrun for example_subdag_operator.section-1 to None, run_after=None
[2024-01-11T19:03:13.350+0000] {logging_mixin.py:188} INFO - [2024-01-11T19:03:13.350+0000] {dag.py:3820} INFO - Setting next_dagrun for example_subdag_operator.section-2 to None, run_after=None
[2024-01-11T19:03:13.354+0000] {logging_mixin.py:188} INFO - [2024-01-11T19:03:13.354+0000] {dag.py:3033} INFO - Sync 2 DAGs
[2024-01-11T19:03:13.357+0000] {logging_mixin.py:188} INFO - [2024-01-11T19:03:13.357+0000] {dag.py:3820} INFO - Setting next_dagrun for example_subdag_operator.section-1 to None, run_after=None
[2024-01-11T19:03:13.357+0000] {logging_mixin.py:188} INFO - [2024-01-11T19:03:13.357+0000] {dag.py:3820} INFO - Setting next_dagrun for example_subdag_operator.section-2 to None, run_after=None
[2024-01-11T19:03:13.363+0000] {processor.py:183} INFO - Processing /home/airflow/.local/lib/python3.8/site-packages/airflow/example_dags/example_subdag_operator.py took 0.070 seconds
[2024-01-11T19:03:43.463+0000] {processor.py:161} INFO - Started process (PID=708) to work on /home/airflow/.local/lib/python3.8/site-packages/airflow/example_dags/example_subdag_operator.py
[2024-01-11T19:03:43.464+0000] {processor.py:830} INFO - Processing file /home/airflow/.local/lib/python3.8/site-packages/airflow/example_dags/example_subdag_operator.py for tasks to queue
[2024-01-11T19:03:43.465+0000] {logging_mixin.py:188} INFO - [2024-01-11T19:03:43.465+0000] {dagbag.py:538} INFO - Filling up the DagBag from /home/airflow/.local/lib/python3.8/site-packages/airflow/example_dags/example_subdag_operator.py
[2024-01-11T19:03:43.479+0000] {processor.py:840} INFO - DAG(s) 'example_subdag_operator.section-1', 'example_subdag_operator.section-2', 'example_subdag_operator' retrieved from /home/airflow/.local/lib/python3.8/site-packages/airflow/example_dags/example_subdag_operator.py
[2024-01-11T19:03:43.487+0000] {logging_mixin.py:188} INFO - [2024-01-11T19:03:43.487+0000] {dag.py:3033} INFO - Sync 3 DAGs
[2024-01-11T19:03:43.498+0000] {logging_mixin.py:188} INFO - [2024-01-11T19:03:43.498+0000] {dag.py:3820} INFO - Setting next_dagrun for example_subdag_operator to 2022-01-01T00:00:00+00:00, run_after=2022-01-01T00:00:00+00:00
[2024-01-11T19:03:43.500+0000] {logging_mixin.py:188} INFO - [2024-01-11T19:03:43.500+0000] {dag.py:3820} INFO - Setting next_dagrun for example_subdag_operator.section-1 to None, run_after=None
[2024-01-11T19:03:43.501+0000] {logging_mixin.py:188} INFO - [2024-01-11T19:03:43.501+0000] {dag.py:3820} INFO - Setting next_dagrun for example_subdag_operator.section-2 to None, run_after=None
[2024-01-11T19:03:43.505+0000] {logging_mixin.py:188} INFO - [2024-01-11T19:03:43.505+0000] {dag.py:3033} INFO - Sync 2 DAGs
[2024-01-11T19:03:43.508+0000] {logging_mixin.py:188} INFO - [2024-01-11T19:03:43.507+0000] {dag.py:3820} INFO - Setting next_dagrun for example_subdag_operator.section-1 to None, run_after=None
[2024-01-11T19:03:43.508+0000] {logging_mixin.py:188} INFO - [2024-01-11T19:03:43.508+0000] {dag.py:3820} INFO - Setting next_dagrun for example_subdag_operator.section-2 to None, run_after=None
[2024-01-11T19:03:43.514+0000] {processor.py:183} INFO - Processing /home/airflow/.local/lib/python3.8/site-packages/airflow/example_dags/example_subdag_operator.py took 0.054 seconds
[2024-01-11T19:04:13.579+0000] {processor.py:161} INFO - Started process (PID=763) to work on /home/airflow/.local/lib/python3.8/site-packages/airflow/example_dags/example_subdag_operator.py
[2024-01-11T19:04:13.582+0000] {processor.py:830} INFO - Processing file /home/airflow/.local/lib/python3.8/site-packages/airflow/example_dags/example_subdag_operator.py for tasks to queue
[2024-01-11T19:04:13.586+0000] {logging_mixin.py:188} INFO - [2024-01-11T19:04:13.585+0000] {dagbag.py:538} INFO - Filling up the DagBag from /home/airflow/.local/lib/python3.8/site-packages/airflow/example_dags/example_subdag_operator.py
[2024-01-11T19:04:13.607+0000] {processor.py:840} INFO - DAG(s) 'example_subdag_operator.section-1', 'example_subdag_operator.section-2', 'example_subdag_operator' retrieved from /home/airflow/.local/lib/python3.8/site-packages/airflow/example_dags/example_subdag_operator.py
[2024-01-11T19:04:13.618+0000] {logging_mixin.py:188} INFO - [2024-01-11T19:04:13.618+0000] {dag.py:3033} INFO - Sync 3 DAGs
[2024-01-11T19:04:13.630+0000] {logging_mixin.py:188} INFO - [2024-01-11T19:04:13.630+0000] {dag.py:3820} INFO - Setting next_dagrun for example_subdag_operator to 2022-01-01T00:00:00+00:00, run_after=2022-01-01T00:00:00+00:00
[2024-01-11T19:04:13.632+0000] {logging_mixin.py:188} INFO - [2024-01-11T19:04:13.632+0000] {dag.py:3820} INFO - Setting next_dagrun for example_subdag_operator.section-1 to None, run_after=None
[2024-01-11T19:04:13.633+0000] {logging_mixin.py:188} INFO - [2024-01-11T19:04:13.633+0000] {dag.py:3820} INFO - Setting next_dagrun for example_subdag_operator.section-2 to None, run_after=None
[2024-01-11T19:04:13.636+0000] {logging_mixin.py:188} INFO - [2024-01-11T19:04:13.636+0000] {dag.py:3033} INFO - Sync 2 DAGs
[2024-01-11T19:04:13.639+0000] {logging_mixin.py:188} INFO - [2024-01-11T19:04:13.639+0000] {dag.py:3820} INFO - Setting next_dagrun for example_subdag_operator.section-1 to None, run_after=None
[2024-01-11T19:04:13.639+0000] {logging_mixin.py:188} INFO - [2024-01-11T19:04:13.639+0000] {dag.py:3820} INFO - Setting next_dagrun for example_subdag_operator.section-2 to None, run_after=None
[2024-01-11T19:04:13.645+0000] {processor.py:183} INFO - Processing /home/airflow/.local/lib/python3.8/site-packages/airflow/example_dags/example_subdag_operator.py took 0.071 seconds
[2024-01-11T19:04:44.459+0000] {processor.py:161} INFO - Started process (PID=819) to work on /home/airflow/.local/lib/python3.8/site-packages/airflow/example_dags/example_subdag_operator.py
[2024-01-11T19:04:44.462+0000] {processor.py:830} INFO - Processing file /home/airflow/.local/lib/python3.8/site-packages/airflow/example_dags/example_subdag_operator.py for tasks to queue
[2024-01-11T19:04:44.464+0000] {logging_mixin.py:188} INFO - [2024-01-11T19:04:44.464+0000] {dagbag.py:538} INFO - Filling up the DagBag from /home/airflow/.local/lib/python3.8/site-packages/airflow/example_dags/example_subdag_operator.py
[2024-01-11T19:04:44.483+0000] {processor.py:840} INFO - DAG(s) 'example_subdag_operator.section-1', 'example_subdag_operator.section-2', 'example_subdag_operator' retrieved from /home/airflow/.local/lib/python3.8/site-packages/airflow/example_dags/example_subdag_operator.py
[2024-01-11T19:04:44.492+0000] {logging_mixin.py:188} INFO - [2024-01-11T19:04:44.492+0000] {dag.py:3033} INFO - Sync 3 DAGs
[2024-01-11T19:04:44.504+0000] {logging_mixin.py:188} INFO - [2024-01-11T19:04:44.504+0000] {dag.py:3820} INFO - Setting next_dagrun for example_subdag_operator to 2022-01-01T00:00:00+00:00, run_after=2022-01-01T00:00:00+00:00
[2024-01-11T19:04:44.506+0000] {logging_mixin.py:188} INFO - [2024-01-11T19:04:44.506+0000] {dag.py:3820} INFO - Setting next_dagrun for example_subdag_operator.section-1 to None, run_after=None
[2024-01-11T19:04:44.507+0000] {logging_mixin.py:188} INFO - [2024-01-11T19:04:44.507+0000] {dag.py:3820} INFO - Setting next_dagrun for example_subdag_operator.section-2 to None, run_after=None
[2024-01-11T19:04:44.510+0000] {logging_mixin.py:188} INFO - [2024-01-11T19:04:44.510+0000] {dag.py:3033} INFO - Sync 2 DAGs
[2024-01-11T19:04:44.513+0000] {logging_mixin.py:188} INFO - [2024-01-11T19:04:44.513+0000] {dag.py:3820} INFO - Setting next_dagrun for example_subdag_operator.section-1 to None, run_after=None
[2024-01-11T19:04:44.513+0000] {logging_mixin.py:188} INFO - [2024-01-11T19:04:44.513+0000] {dag.py:3820} INFO - Setting next_dagrun for example_subdag_operator.section-2 to None, run_after=None
[2024-01-11T19:04:44.519+0000] {processor.py:183} INFO - Processing /home/airflow/.local/lib/python3.8/site-packages/airflow/example_dags/example_subdag_operator.py took 0.064 seconds
