[2024-01-11T18:57:37.105+0000] {processor.py:161} INFO - Started process (PID=66) to work on /home/airflow/.local/lib/python3.8/site-packages/airflow/example_dags/example_latest_only.py
[2024-01-11T18:57:37.106+0000] {processor.py:830} INFO - Processing file /home/airflow/.local/lib/python3.8/site-packages/airflow/example_dags/example_latest_only.py for tasks to queue
[2024-01-11T18:57:37.109+0000] {logging_mixin.py:188} INFO - [2024-01-11T18:57:37.109+0000] {dagbag.py:538} INFO - Filling up the DagBag from /home/airflow/.local/lib/python3.8/site-packages/airflow/example_dags/example_latest_only.py
[2024-01-11T18:57:37.117+0000] {processor.py:840} INFO - DAG(s) 'latest_only' retrieved from /home/airflow/.local/lib/python3.8/site-packages/airflow/example_dags/example_latest_only.py
[2024-01-11T18:57:37.128+0000] {logging_mixin.py:188} INFO - [2024-01-11T18:57:37.127+0000] {dag.py:3033} INFO - Sync 1 DAGs
[2024-01-11T18:57:37.143+0000] {logging_mixin.py:188} INFO - [2024-01-11T18:57:37.143+0000] {dag.py:3820} INFO - Setting next_dagrun for latest_only to 2024-01-11T12:00:00+00:00, run_after=2024-01-11T16:00:00+00:00
[2024-01-11T18:57:37.156+0000] {processor.py:183} INFO - Processing /home/airflow/.local/lib/python3.8/site-packages/airflow/example_dags/example_latest_only.py took 0.055 seconds
[2024-01-11T18:58:07.399+0000] {processor.py:161} INFO - Started process (PID=122) to work on /home/airflow/.local/lib/python3.8/site-packages/airflow/example_dags/example_latest_only.py
[2024-01-11T18:58:07.400+0000] {processor.py:830} INFO - Processing file /home/airflow/.local/lib/python3.8/site-packages/airflow/example_dags/example_latest_only.py for tasks to queue
[2024-01-11T18:58:07.401+0000] {logging_mixin.py:188} INFO - [2024-01-11T18:58:07.401+0000] {dagbag.py:538} INFO - Filling up the DagBag from /home/airflow/.local/lib/python3.8/site-packages/airflow/example_dags/example_latest_only.py
[2024-01-11T18:58:07.405+0000] {processor.py:840} INFO - DAG(s) 'latest_only' retrieved from /home/airflow/.local/lib/python3.8/site-packages/airflow/example_dags/example_latest_only.py
[2024-01-11T18:58:07.457+0000] {logging_mixin.py:188} INFO - [2024-01-11T18:58:07.457+0000] {dag.py:3033} INFO - Sync 1 DAGs
[2024-01-11T18:58:07.467+0000] {logging_mixin.py:188} INFO - [2024-01-11T18:58:07.466+0000] {dag.py:3820} INFO - Setting next_dagrun for latest_only to 2024-01-11T12:00:00+00:00, run_after=2024-01-11T16:00:00+00:00
[2024-01-11T18:58:07.477+0000] {processor.py:183} INFO - Processing /home/airflow/.local/lib/python3.8/site-packages/airflow/example_dags/example_latest_only.py took 0.081 seconds
[2024-01-11T18:58:37.512+0000] {processor.py:161} INFO - Started process (PID=178) to work on /home/airflow/.local/lib/python3.8/site-packages/airflow/example_dags/example_latest_only.py
[2024-01-11T18:58:37.512+0000] {processor.py:830} INFO - Processing file /home/airflow/.local/lib/python3.8/site-packages/airflow/example_dags/example_latest_only.py for tasks to queue
[2024-01-11T18:58:37.513+0000] {logging_mixin.py:188} INFO - [2024-01-11T18:58:37.513+0000] {dagbag.py:538} INFO - Filling up the DagBag from /home/airflow/.local/lib/python3.8/site-packages/airflow/example_dags/example_latest_only.py
[2024-01-11T18:58:37.517+0000] {processor.py:840} INFO - DAG(s) 'latest_only' retrieved from /home/airflow/.local/lib/python3.8/site-packages/airflow/example_dags/example_latest_only.py
[2024-01-11T18:58:37.529+0000] {logging_mixin.py:188} INFO - [2024-01-11T18:58:37.528+0000] {dag.py:3033} INFO - Sync 1 DAGs
[2024-01-11T18:58:37.541+0000] {logging_mixin.py:188} INFO - [2024-01-11T18:58:37.541+0000] {dag.py:3820} INFO - Setting next_dagrun for latest_only to 2024-01-11T12:00:00+00:00, run_after=2024-01-11T16:00:00+00:00
[2024-01-11T18:58:37.550+0000] {processor.py:183} INFO - Processing /home/airflow/.local/lib/python3.8/site-packages/airflow/example_dags/example_latest_only.py took 0.041 seconds
[2024-01-11T18:59:08.334+0000] {processor.py:161} INFO - Started process (PID=234) to work on /home/airflow/.local/lib/python3.8/site-packages/airflow/example_dags/example_latest_only.py
[2024-01-11T18:59:08.335+0000] {processor.py:830} INFO - Processing file /home/airflow/.local/lib/python3.8/site-packages/airflow/example_dags/example_latest_only.py for tasks to queue
[2024-01-11T18:59:08.337+0000] {logging_mixin.py:188} INFO - [2024-01-11T18:59:08.337+0000] {dagbag.py:538} INFO - Filling up the DagBag from /home/airflow/.local/lib/python3.8/site-packages/airflow/example_dags/example_latest_only.py
[2024-01-11T18:59:08.340+0000] {processor.py:840} INFO - DAG(s) 'latest_only' retrieved from /home/airflow/.local/lib/python3.8/site-packages/airflow/example_dags/example_latest_only.py
[2024-01-11T18:59:08.352+0000] {logging_mixin.py:188} INFO - [2024-01-11T18:59:08.352+0000] {dag.py:3033} INFO - Sync 1 DAGs
[2024-01-11T18:59:08.363+0000] {logging_mixin.py:188} INFO - [2024-01-11T18:59:08.363+0000] {dag.py:3820} INFO - Setting next_dagrun for latest_only to 2024-01-11T12:00:00+00:00, run_after=2024-01-11T16:00:00+00:00
[2024-01-11T18:59:08.372+0000] {processor.py:183} INFO - Processing /home/airflow/.local/lib/python3.8/site-packages/airflow/example_dags/example_latest_only.py took 0.040 seconds
[2024-01-11T18:59:39.194+0000] {processor.py:161} INFO - Started process (PID=290) to work on /home/airflow/.local/lib/python3.8/site-packages/airflow/example_dags/example_latest_only.py
[2024-01-11T18:59:39.194+0000] {processor.py:830} INFO - Processing file /home/airflow/.local/lib/python3.8/site-packages/airflow/example_dags/example_latest_only.py for tasks to queue
[2024-01-11T18:59:39.196+0000] {logging_mixin.py:188} INFO - [2024-01-11T18:59:39.196+0000] {dagbag.py:538} INFO - Filling up the DagBag from /home/airflow/.local/lib/python3.8/site-packages/airflow/example_dags/example_latest_only.py
[2024-01-11T18:59:39.199+0000] {processor.py:840} INFO - DAG(s) 'latest_only' retrieved from /home/airflow/.local/lib/python3.8/site-packages/airflow/example_dags/example_latest_only.py
[2024-01-11T18:59:39.211+0000] {logging_mixin.py:188} INFO - [2024-01-11T18:59:39.211+0000] {dag.py:3033} INFO - Sync 1 DAGs
[2024-01-11T18:59:39.222+0000] {logging_mixin.py:188} INFO - [2024-01-11T18:59:39.222+0000] {dag.py:3820} INFO - Setting next_dagrun for latest_only to 2024-01-11T12:00:00+00:00, run_after=2024-01-11T16:00:00+00:00
[2024-01-11T18:59:39.232+0000] {processor.py:183} INFO - Processing /home/airflow/.local/lib/python3.8/site-packages/airflow/example_dags/example_latest_only.py took 0.040 seconds
[2024-01-11T19:00:10.037+0000] {processor.py:161} INFO - Started process (PID=346) to work on /home/airflow/.local/lib/python3.8/site-packages/airflow/example_dags/example_latest_only.py
[2024-01-11T19:00:10.038+0000] {processor.py:830} INFO - Processing file /home/airflow/.local/lib/python3.8/site-packages/airflow/example_dags/example_latest_only.py for tasks to queue
[2024-01-11T19:00:10.039+0000] {logging_mixin.py:188} INFO - [2024-01-11T19:00:10.039+0000] {dagbag.py:538} INFO - Filling up the DagBag from /home/airflow/.local/lib/python3.8/site-packages/airflow/example_dags/example_latest_only.py
[2024-01-11T19:00:10.043+0000] {processor.py:840} INFO - DAG(s) 'latest_only' retrieved from /home/airflow/.local/lib/python3.8/site-packages/airflow/example_dags/example_latest_only.py
[2024-01-11T19:00:10.055+0000] {logging_mixin.py:188} INFO - [2024-01-11T19:00:10.055+0000] {dag.py:3033} INFO - Sync 1 DAGs
[2024-01-11T19:00:10.065+0000] {logging_mixin.py:188} INFO - [2024-01-11T19:00:10.065+0000] {dag.py:3820} INFO - Setting next_dagrun for latest_only to 2024-01-11T12:00:00+00:00, run_after=2024-01-11T16:00:00+00:00
[2024-01-11T19:00:10.075+0000] {processor.py:183} INFO - Processing /home/airflow/.local/lib/python3.8/site-packages/airflow/example_dags/example_latest_only.py took 0.040 seconds
[2024-01-11T19:00:40.749+0000] {processor.py:161} INFO - Started process (PID=402) to work on /home/airflow/.local/lib/python3.8/site-packages/airflow/example_dags/example_latest_only.py
[2024-01-11T19:00:40.750+0000] {processor.py:830} INFO - Processing file /home/airflow/.local/lib/python3.8/site-packages/airflow/example_dags/example_latest_only.py for tasks to queue
[2024-01-11T19:00:40.751+0000] {logging_mixin.py:188} INFO - [2024-01-11T19:00:40.751+0000] {dagbag.py:538} INFO - Filling up the DagBag from /home/airflow/.local/lib/python3.8/site-packages/airflow/example_dags/example_latest_only.py
[2024-01-11T19:00:40.755+0000] {processor.py:840} INFO - DAG(s) 'latest_only' retrieved from /home/airflow/.local/lib/python3.8/site-packages/airflow/example_dags/example_latest_only.py
[2024-01-11T19:00:40.766+0000] {logging_mixin.py:188} INFO - [2024-01-11T19:00:40.766+0000] {dag.py:3033} INFO - Sync 1 DAGs
[2024-01-11T19:00:40.778+0000] {logging_mixin.py:188} INFO - [2024-01-11T19:00:40.778+0000] {dag.py:3820} INFO - Setting next_dagrun for latest_only to 2024-01-11T12:00:00+00:00, run_after=2024-01-11T16:00:00+00:00
[2024-01-11T19:00:40.787+0000] {processor.py:183} INFO - Processing /home/airflow/.local/lib/python3.8/site-packages/airflow/example_dags/example_latest_only.py took 0.040 seconds
[2024-01-11T19:01:11.705+0000] {processor.py:161} INFO - Started process (PID=458) to work on /home/airflow/.local/lib/python3.8/site-packages/airflow/example_dags/example_latest_only.py
[2024-01-11T19:01:11.706+0000] {processor.py:830} INFO - Processing file /home/airflow/.local/lib/python3.8/site-packages/airflow/example_dags/example_latest_only.py for tasks to queue
[2024-01-11T19:01:11.707+0000] {logging_mixin.py:188} INFO - [2024-01-11T19:01:11.707+0000] {dagbag.py:538} INFO - Filling up the DagBag from /home/airflow/.local/lib/python3.8/site-packages/airflow/example_dags/example_latest_only.py
[2024-01-11T19:01:11.711+0000] {processor.py:840} INFO - DAG(s) 'latest_only' retrieved from /home/airflow/.local/lib/python3.8/site-packages/airflow/example_dags/example_latest_only.py
[2024-01-11T19:01:11.723+0000] {logging_mixin.py:188} INFO - [2024-01-11T19:01:11.723+0000] {dag.py:3033} INFO - Sync 1 DAGs
[2024-01-11T19:01:11.736+0000] {logging_mixin.py:188} INFO - [2024-01-11T19:01:11.736+0000] {dag.py:3820} INFO - Setting next_dagrun for latest_only to 2024-01-11T12:00:00+00:00, run_after=2024-01-11T16:00:00+00:00
[2024-01-11T19:01:11.745+0000] {processor.py:183} INFO - Processing /home/airflow/.local/lib/python3.8/site-packages/airflow/example_dags/example_latest_only.py took 0.043 seconds
[2024-01-11T19:01:42.716+0000] {processor.py:161} INFO - Started process (PID=514) to work on /home/airflow/.local/lib/python3.8/site-packages/airflow/example_dags/example_latest_only.py
[2024-01-11T19:01:42.717+0000] {processor.py:830} INFO - Processing file /home/airflow/.local/lib/python3.8/site-packages/airflow/example_dags/example_latest_only.py for tasks to queue
[2024-01-11T19:01:42.718+0000] {logging_mixin.py:188} INFO - [2024-01-11T19:01:42.718+0000] {dagbag.py:538} INFO - Filling up the DagBag from /home/airflow/.local/lib/python3.8/site-packages/airflow/example_dags/example_latest_only.py
[2024-01-11T19:01:42.722+0000] {processor.py:840} INFO - DAG(s) 'latest_only' retrieved from /home/airflow/.local/lib/python3.8/site-packages/airflow/example_dags/example_latest_only.py
[2024-01-11T19:01:42.733+0000] {logging_mixin.py:188} INFO - [2024-01-11T19:01:42.733+0000] {dag.py:3033} INFO - Sync 1 DAGs
[2024-01-11T19:01:42.744+0000] {logging_mixin.py:188} INFO - [2024-01-11T19:01:42.744+0000] {dag.py:3820} INFO - Setting next_dagrun for latest_only to 2024-01-11T12:00:00+00:00, run_after=2024-01-11T16:00:00+00:00
[2024-01-11T19:01:42.753+0000] {processor.py:183} INFO - Processing /home/airflow/.local/lib/python3.8/site-packages/airflow/example_dags/example_latest_only.py took 0.039 seconds
[2024-01-11T19:02:13.519+0000] {processor.py:161} INFO - Started process (PID=570) to work on /home/airflow/.local/lib/python3.8/site-packages/airflow/example_dags/example_latest_only.py
[2024-01-11T19:02:13.520+0000] {processor.py:830} INFO - Processing file /home/airflow/.local/lib/python3.8/site-packages/airflow/example_dags/example_latest_only.py for tasks to queue
[2024-01-11T19:02:13.522+0000] {logging_mixin.py:188} INFO - [2024-01-11T19:02:13.521+0000] {dagbag.py:538} INFO - Filling up the DagBag from /home/airflow/.local/lib/python3.8/site-packages/airflow/example_dags/example_latest_only.py
[2024-01-11T19:02:13.525+0000] {processor.py:840} INFO - DAG(s) 'latest_only' retrieved from /home/airflow/.local/lib/python3.8/site-packages/airflow/example_dags/example_latest_only.py
[2024-01-11T19:02:13.535+0000] {logging_mixin.py:188} INFO - [2024-01-11T19:02:13.535+0000] {dag.py:3033} INFO - Sync 1 DAGs
[2024-01-11T19:02:13.546+0000] {logging_mixin.py:188} INFO - [2024-01-11T19:02:13.546+0000] {dag.py:3820} INFO - Setting next_dagrun for latest_only to 2024-01-11T12:00:00+00:00, run_after=2024-01-11T16:00:00+00:00
[2024-01-11T19:02:13.555+0000] {processor.py:183} INFO - Processing /home/airflow/.local/lib/python3.8/site-packages/airflow/example_dags/example_latest_only.py took 0.038 seconds
[2024-01-11T19:02:44.335+0000] {processor.py:161} INFO - Started process (PID=626) to work on /home/airflow/.local/lib/python3.8/site-packages/airflow/example_dags/example_latest_only.py
[2024-01-11T19:02:44.335+0000] {processor.py:830} INFO - Processing file /home/airflow/.local/lib/python3.8/site-packages/airflow/example_dags/example_latest_only.py for tasks to queue
[2024-01-11T19:02:44.337+0000] {logging_mixin.py:188} INFO - [2024-01-11T19:02:44.336+0000] {dagbag.py:538} INFO - Filling up the DagBag from /home/airflow/.local/lib/python3.8/site-packages/airflow/example_dags/example_latest_only.py
[2024-01-11T19:02:44.340+0000] {processor.py:840} INFO - DAG(s) 'latest_only' retrieved from /home/airflow/.local/lib/python3.8/site-packages/airflow/example_dags/example_latest_only.py
[2024-01-11T19:02:44.351+0000] {logging_mixin.py:188} INFO - [2024-01-11T19:02:44.351+0000] {dag.py:3033} INFO - Sync 1 DAGs
[2024-01-11T19:02:44.362+0000] {logging_mixin.py:188} INFO - [2024-01-11T19:02:44.362+0000] {dag.py:3820} INFO - Setting next_dagrun for latest_only to 2024-01-11T12:00:00+00:00, run_after=2024-01-11T16:00:00+00:00
[2024-01-11T19:02:44.372+0000] {processor.py:183} INFO - Processing /home/airflow/.local/lib/python3.8/site-packages/airflow/example_dags/example_latest_only.py took 0.039 seconds
[2024-01-11T19:03:15.248+0000] {processor.py:161} INFO - Started process (PID=681) to work on /home/airflow/.local/lib/python3.8/site-packages/airflow/example_dags/example_latest_only.py
[2024-01-11T19:03:15.249+0000] {processor.py:830} INFO - Processing file /home/airflow/.local/lib/python3.8/site-packages/airflow/example_dags/example_latest_only.py for tasks to queue
[2024-01-11T19:03:15.251+0000] {logging_mixin.py:188} INFO - [2024-01-11T19:03:15.250+0000] {dagbag.py:538} INFO - Filling up the DagBag from /home/airflow/.local/lib/python3.8/site-packages/airflow/example_dags/example_latest_only.py
[2024-01-11T19:03:15.254+0000] {processor.py:840} INFO - DAG(s) 'latest_only' retrieved from /home/airflow/.local/lib/python3.8/site-packages/airflow/example_dags/example_latest_only.py
[2024-01-11T19:03:15.265+0000] {logging_mixin.py:188} INFO - [2024-01-11T19:03:15.265+0000] {dag.py:3033} INFO - Sync 1 DAGs
[2024-01-11T19:03:15.277+0000] {logging_mixin.py:188} INFO - [2024-01-11T19:03:15.277+0000] {dag.py:3820} INFO - Setting next_dagrun for latest_only to 2024-01-11T12:00:00+00:00, run_after=2024-01-11T16:00:00+00:00
[2024-01-11T19:03:15.287+0000] {processor.py:183} INFO - Processing /home/airflow/.local/lib/python3.8/site-packages/airflow/example_dags/example_latest_only.py took 0.041 seconds
[2024-01-11T19:03:45.340+0000] {processor.py:161} INFO - Started process (PID=737) to work on /home/airflow/.local/lib/python3.8/site-packages/airflow/example_dags/example_latest_only.py
[2024-01-11T19:03:45.341+0000] {processor.py:830} INFO - Processing file /home/airflow/.local/lib/python3.8/site-packages/airflow/example_dags/example_latest_only.py for tasks to queue
[2024-01-11T19:03:45.342+0000] {logging_mixin.py:188} INFO - [2024-01-11T19:03:45.342+0000] {dagbag.py:538} INFO - Filling up the DagBag from /home/airflow/.local/lib/python3.8/site-packages/airflow/example_dags/example_latest_only.py
[2024-01-11T19:03:45.346+0000] {processor.py:840} INFO - DAG(s) 'latest_only' retrieved from /home/airflow/.local/lib/python3.8/site-packages/airflow/example_dags/example_latest_only.py
[2024-01-11T19:03:45.359+0000] {logging_mixin.py:188} INFO - [2024-01-11T19:03:45.358+0000] {dag.py:3033} INFO - Sync 1 DAGs
[2024-01-11T19:03:45.370+0000] {logging_mixin.py:188} INFO - [2024-01-11T19:03:45.370+0000] {dag.py:3820} INFO - Setting next_dagrun for latest_only to 2024-01-11T12:00:00+00:00, run_after=2024-01-11T16:00:00+00:00
[2024-01-11T19:03:45.381+0000] {processor.py:183} INFO - Processing /home/airflow/.local/lib/python3.8/site-packages/airflow/example_dags/example_latest_only.py took 0.044 seconds
[2024-01-11T19:04:15.499+0000] {processor.py:161} INFO - Started process (PID=793) to work on /home/airflow/.local/lib/python3.8/site-packages/airflow/example_dags/example_latest_only.py
[2024-01-11T19:04:15.500+0000] {processor.py:830} INFO - Processing file /home/airflow/.local/lib/python3.8/site-packages/airflow/example_dags/example_latest_only.py for tasks to queue
[2024-01-11T19:04:15.502+0000] {logging_mixin.py:188} INFO - [2024-01-11T19:04:15.502+0000] {dagbag.py:538} INFO - Filling up the DagBag from /home/airflow/.local/lib/python3.8/site-packages/airflow/example_dags/example_latest_only.py
[2024-01-11T19:04:15.505+0000] {processor.py:840} INFO - DAG(s) 'latest_only' retrieved from /home/airflow/.local/lib/python3.8/site-packages/airflow/example_dags/example_latest_only.py
[2024-01-11T19:04:15.518+0000] {logging_mixin.py:188} INFO - [2024-01-11T19:04:15.518+0000] {dag.py:3033} INFO - Sync 1 DAGs
[2024-01-11T19:04:15.528+0000] {logging_mixin.py:188} INFO - [2024-01-11T19:04:15.528+0000] {dag.py:3820} INFO - Setting next_dagrun for latest_only to 2024-01-11T12:00:00+00:00, run_after=2024-01-11T16:00:00+00:00
[2024-01-11T19:04:15.537+0000] {processor.py:183} INFO - Processing /home/airflow/.local/lib/python3.8/site-packages/airflow/example_dags/example_latest_only.py took 0.040 seconds
[2024-01-11T19:04:46.288+0000] {processor.py:161} INFO - Started process (PID=849) to work on /home/airflow/.local/lib/python3.8/site-packages/airflow/example_dags/example_latest_only.py
[2024-01-11T19:04:46.289+0000] {processor.py:830} INFO - Processing file /home/airflow/.local/lib/python3.8/site-packages/airflow/example_dags/example_latest_only.py for tasks to queue
[2024-01-11T19:04:46.290+0000] {logging_mixin.py:188} INFO - [2024-01-11T19:04:46.290+0000] {dagbag.py:538} INFO - Filling up the DagBag from /home/airflow/.local/lib/python3.8/site-packages/airflow/example_dags/example_latest_only.py
[2024-01-11T19:04:46.293+0000] {processor.py:840} INFO - DAG(s) 'latest_only' retrieved from /home/airflow/.local/lib/python3.8/site-packages/airflow/example_dags/example_latest_only.py
[2024-01-11T19:04:46.304+0000] {logging_mixin.py:188} INFO - [2024-01-11T19:04:46.304+0000] {dag.py:3033} INFO - Sync 1 DAGs
[2024-01-11T19:04:46.314+0000] {logging_mixin.py:188} INFO - [2024-01-11T19:04:46.314+0000] {dag.py:3820} INFO - Setting next_dagrun for latest_only to 2024-01-11T12:00:00+00:00, run_after=2024-01-11T16:00:00+00:00
[2024-01-11T19:04:46.323+0000] {processor.py:183} INFO - Processing /home/airflow/.local/lib/python3.8/site-packages/airflow/example_dags/example_latest_only.py took 0.037 seconds
