[2024-01-11T18:57:36.947+0000] {processor.py:161} INFO - Started process (PID=62) to work on /home/airflow/.local/lib/python3.8/site-packages/airflow/example_dags/example_xcomargs.py
[2024-01-11T18:57:36.949+0000] {processor.py:830} INFO - Processing file /home/airflow/.local/lib/python3.8/site-packages/airflow/example_dags/example_xcomargs.py for tasks to queue
[2024-01-11T18:57:36.953+0000] {logging_mixin.py:188} INFO - [2024-01-11T18:57:36.953+0000] {dagbag.py:538} INFO - Filling up the DagBag from /home/airflow/.local/lib/python3.8/site-packages/airflow/example_dags/example_xcomargs.py
[2024-01-11T18:57:36.961+0000] {processor.py:840} INFO - DAG(s) 'example_xcom_args_with_operators', 'example_xcom_args' retrieved from /home/airflow/.local/lib/python3.8/site-packages/airflow/example_dags/example_xcomargs.py
[2024-01-11T18:57:36.971+0000] {logging_mixin.py:188} INFO - [2024-01-11T18:57:36.971+0000] {dag.py:3033} INFO - Sync 2 DAGs
[2024-01-11T18:57:36.981+0000] {logging_mixin.py:188} INFO - [2024-01-11T18:57:36.981+0000] {dag.py:3820} INFO - Setting next_dagrun for example_xcom_args to None, run_after=None
[2024-01-11T18:57:36.984+0000] {logging_mixin.py:188} INFO - [2024-01-11T18:57:36.984+0000] {dag.py:3820} INFO - Setting next_dagrun for example_xcom_args_with_operators to None, run_after=None
[2024-01-11T18:57:36.995+0000] {processor.py:183} INFO - Processing /home/airflow/.local/lib/python3.8/site-packages/airflow/example_dags/example_xcomargs.py took 0.051 seconds
[2024-01-11T18:58:07.135+0000] {processor.py:161} INFO - Started process (PID=118) to work on /home/airflow/.local/lib/python3.8/site-packages/airflow/example_dags/example_xcomargs.py
[2024-01-11T18:58:07.136+0000] {processor.py:830} INFO - Processing file /home/airflow/.local/lib/python3.8/site-packages/airflow/example_dags/example_xcomargs.py for tasks to queue
[2024-01-11T18:58:07.137+0000] {logging_mixin.py:188} INFO - [2024-01-11T18:58:07.137+0000] {dagbag.py:538} INFO - Filling up the DagBag from /home/airflow/.local/lib/python3.8/site-packages/airflow/example_dags/example_xcomargs.py
[2024-01-11T18:58:07.142+0000] {processor.py:840} INFO - DAG(s) 'example_xcom_args_with_operators', 'example_xcom_args' retrieved from /home/airflow/.local/lib/python3.8/site-packages/airflow/example_dags/example_xcomargs.py
[2024-01-11T18:58:07.193+0000] {logging_mixin.py:188} INFO - [2024-01-11T18:58:07.193+0000] {dag.py:3033} INFO - Sync 2 DAGs
[2024-01-11T18:58:07.198+0000] {logging_mixin.py:188} INFO - [2024-01-11T18:58:07.198+0000] {dag.py:3820} INFO - Setting next_dagrun for example_xcom_args to None, run_after=None
[2024-01-11T18:58:07.199+0000] {logging_mixin.py:188} INFO - [2024-01-11T18:58:07.199+0000] {dag.py:3820} INFO - Setting next_dagrun for example_xcom_args_with_operators to None, run_after=None
[2024-01-11T18:58:07.208+0000] {processor.py:183} INFO - Processing /home/airflow/.local/lib/python3.8/site-packages/airflow/example_dags/example_xcomargs.py took 0.075 seconds
[2024-01-11T18:58:37.342+0000] {processor.py:161} INFO - Started process (PID=174) to work on /home/airflow/.local/lib/python3.8/site-packages/airflow/example_dags/example_xcomargs.py
[2024-01-11T18:58:37.342+0000] {processor.py:830} INFO - Processing file /home/airflow/.local/lib/python3.8/site-packages/airflow/example_dags/example_xcomargs.py for tasks to queue
[2024-01-11T18:58:37.344+0000] {logging_mixin.py:188} INFO - [2024-01-11T18:58:37.344+0000] {dagbag.py:538} INFO - Filling up the DagBag from /home/airflow/.local/lib/python3.8/site-packages/airflow/example_dags/example_xcomargs.py
[2024-01-11T18:58:37.349+0000] {processor.py:840} INFO - DAG(s) 'example_xcom_args_with_operators', 'example_xcom_args' retrieved from /home/airflow/.local/lib/python3.8/site-packages/airflow/example_dags/example_xcomargs.py
[2024-01-11T18:58:37.363+0000] {logging_mixin.py:188} INFO - [2024-01-11T18:58:37.363+0000] {dag.py:3033} INFO - Sync 2 DAGs
[2024-01-11T18:58:37.371+0000] {logging_mixin.py:188} INFO - [2024-01-11T18:58:37.371+0000] {dag.py:3820} INFO - Setting next_dagrun for example_xcom_args to None, run_after=None
[2024-01-11T18:58:37.373+0000] {logging_mixin.py:188} INFO - [2024-01-11T18:58:37.373+0000] {dag.py:3820} INFO - Setting next_dagrun for example_xcom_args_with_operators to None, run_after=None
[2024-01-11T18:58:37.382+0000] {processor.py:183} INFO - Processing /home/airflow/.local/lib/python3.8/site-packages/airflow/example_dags/example_xcomargs.py took 0.042 seconds
[2024-01-11T18:59:08.222+0000] {processor.py:161} INFO - Started process (PID=230) to work on /home/airflow/.local/lib/python3.8/site-packages/airflow/example_dags/example_xcomargs.py
[2024-01-11T18:59:08.223+0000] {processor.py:830} INFO - Processing file /home/airflow/.local/lib/python3.8/site-packages/airflow/example_dags/example_xcomargs.py for tasks to queue
[2024-01-11T18:59:08.225+0000] {logging_mixin.py:188} INFO - [2024-01-11T18:59:08.225+0000] {dagbag.py:538} INFO - Filling up the DagBag from /home/airflow/.local/lib/python3.8/site-packages/airflow/example_dags/example_xcomargs.py
[2024-01-11T18:59:08.230+0000] {processor.py:840} INFO - DAG(s) 'example_xcom_args', 'example_xcom_args_with_operators' retrieved from /home/airflow/.local/lib/python3.8/site-packages/airflow/example_dags/example_xcomargs.py
[2024-01-11T18:59:08.243+0000] {logging_mixin.py:188} INFO - [2024-01-11T18:59:08.243+0000] {dag.py:3033} INFO - Sync 2 DAGs
[2024-01-11T18:59:08.250+0000] {logging_mixin.py:188} INFO - [2024-01-11T18:59:08.250+0000] {dag.py:3820} INFO - Setting next_dagrun for example_xcom_args to None, run_after=None
[2024-01-11T18:59:08.252+0000] {logging_mixin.py:188} INFO - [2024-01-11T18:59:08.252+0000] {dag.py:3820} INFO - Setting next_dagrun for example_xcom_args_with_operators to None, run_after=None
[2024-01-11T18:59:08.259+0000] {processor.py:183} INFO - Processing /home/airflow/.local/lib/python3.8/site-packages/airflow/example_dags/example_xcomargs.py took 0.039 seconds
[2024-01-11T18:59:39.094+0000] {processor.py:161} INFO - Started process (PID=286) to work on /home/airflow/.local/lib/python3.8/site-packages/airflow/example_dags/example_xcomargs.py
[2024-01-11T18:59:39.095+0000] {processor.py:830} INFO - Processing file /home/airflow/.local/lib/python3.8/site-packages/airflow/example_dags/example_xcomargs.py for tasks to queue
[2024-01-11T18:59:39.096+0000] {logging_mixin.py:188} INFO - [2024-01-11T18:59:39.096+0000] {dagbag.py:538} INFO - Filling up the DagBag from /home/airflow/.local/lib/python3.8/site-packages/airflow/example_dags/example_xcomargs.py
[2024-01-11T18:59:39.101+0000] {processor.py:840} INFO - DAG(s) 'example_xcom_args', 'example_xcom_args_with_operators' retrieved from /home/airflow/.local/lib/python3.8/site-packages/airflow/example_dags/example_xcomargs.py
[2024-01-11T18:59:39.115+0000] {logging_mixin.py:188} INFO - [2024-01-11T18:59:39.114+0000] {dag.py:3033} INFO - Sync 2 DAGs
[2024-01-11T18:59:39.121+0000] {logging_mixin.py:188} INFO - [2024-01-11T18:59:39.121+0000] {dag.py:3820} INFO - Setting next_dagrun for example_xcom_args to None, run_after=None
[2024-01-11T18:59:39.123+0000] {logging_mixin.py:188} INFO - [2024-01-11T18:59:39.123+0000] {dag.py:3820} INFO - Setting next_dagrun for example_xcom_args_with_operators to None, run_after=None
[2024-01-11T18:59:39.132+0000] {processor.py:183} INFO - Processing /home/airflow/.local/lib/python3.8/site-packages/airflow/example_dags/example_xcomargs.py took 0.040 seconds
[2024-01-11T19:00:09.939+0000] {processor.py:161} INFO - Started process (PID=342) to work on /home/airflow/.local/lib/python3.8/site-packages/airflow/example_dags/example_xcomargs.py
[2024-01-11T19:00:09.940+0000] {processor.py:830} INFO - Processing file /home/airflow/.local/lib/python3.8/site-packages/airflow/example_dags/example_xcomargs.py for tasks to queue
[2024-01-11T19:00:09.941+0000] {logging_mixin.py:188} INFO - [2024-01-11T19:00:09.941+0000] {dagbag.py:538} INFO - Filling up the DagBag from /home/airflow/.local/lib/python3.8/site-packages/airflow/example_dags/example_xcomargs.py
[2024-01-11T19:00:09.946+0000] {processor.py:840} INFO - DAG(s) 'example_xcom_args', 'example_xcom_args_with_operators' retrieved from /home/airflow/.local/lib/python3.8/site-packages/airflow/example_dags/example_xcomargs.py
[2024-01-11T19:00:09.959+0000] {logging_mixin.py:188} INFO - [2024-01-11T19:00:09.959+0000] {dag.py:3033} INFO - Sync 2 DAGs
[2024-01-11T19:00:09.966+0000] {logging_mixin.py:188} INFO - [2024-01-11T19:00:09.966+0000] {dag.py:3820} INFO - Setting next_dagrun for example_xcom_args to None, run_after=None
[2024-01-11T19:00:09.968+0000] {logging_mixin.py:188} INFO - [2024-01-11T19:00:09.968+0000] {dag.py:3820} INFO - Setting next_dagrun for example_xcom_args_with_operators to None, run_after=None
[2024-01-11T19:00:09.976+0000] {processor.py:183} INFO - Processing /home/airflow/.local/lib/python3.8/site-packages/airflow/example_dags/example_xcomargs.py took 0.040 seconds
[2024-01-11T19:00:40.650+0000] {processor.py:161} INFO - Started process (PID=398) to work on /home/airflow/.local/lib/python3.8/site-packages/airflow/example_dags/example_xcomargs.py
[2024-01-11T19:00:40.651+0000] {processor.py:830} INFO - Processing file /home/airflow/.local/lib/python3.8/site-packages/airflow/example_dags/example_xcomargs.py for tasks to queue
[2024-01-11T19:00:40.652+0000] {logging_mixin.py:188} INFO - [2024-01-11T19:00:40.652+0000] {dagbag.py:538} INFO - Filling up the DagBag from /home/airflow/.local/lib/python3.8/site-packages/airflow/example_dags/example_xcomargs.py
[2024-01-11T19:00:40.657+0000] {processor.py:840} INFO - DAG(s) 'example_xcom_args_with_operators', 'example_xcom_args' retrieved from /home/airflow/.local/lib/python3.8/site-packages/airflow/example_dags/example_xcomargs.py
[2024-01-11T19:00:40.671+0000] {logging_mixin.py:188} INFO - [2024-01-11T19:00:40.671+0000] {dag.py:3033} INFO - Sync 2 DAGs
[2024-01-11T19:00:40.678+0000] {logging_mixin.py:188} INFO - [2024-01-11T19:00:40.678+0000] {dag.py:3820} INFO - Setting next_dagrun for example_xcom_args to None, run_after=None
[2024-01-11T19:00:40.680+0000] {logging_mixin.py:188} INFO - [2024-01-11T19:00:40.680+0000] {dag.py:3820} INFO - Setting next_dagrun for example_xcom_args_with_operators to None, run_after=None
[2024-01-11T19:00:40.688+0000] {processor.py:183} INFO - Processing /home/airflow/.local/lib/python3.8/site-packages/airflow/example_dags/example_xcomargs.py took 0.040 seconds
[2024-01-11T19:01:11.599+0000] {processor.py:161} INFO - Started process (PID=454) to work on /home/airflow/.local/lib/python3.8/site-packages/airflow/example_dags/example_xcomargs.py
[2024-01-11T19:01:11.600+0000] {processor.py:830} INFO - Processing file /home/airflow/.local/lib/python3.8/site-packages/airflow/example_dags/example_xcomargs.py for tasks to queue
[2024-01-11T19:01:11.602+0000] {logging_mixin.py:188} INFO - [2024-01-11T19:01:11.601+0000] {dagbag.py:538} INFO - Filling up the DagBag from /home/airflow/.local/lib/python3.8/site-packages/airflow/example_dags/example_xcomargs.py
[2024-01-11T19:01:11.607+0000] {processor.py:840} INFO - DAG(s) 'example_xcom_args_with_operators', 'example_xcom_args' retrieved from /home/airflow/.local/lib/python3.8/site-packages/airflow/example_dags/example_xcomargs.py
[2024-01-11T19:01:11.621+0000] {logging_mixin.py:188} INFO - [2024-01-11T19:01:11.621+0000] {dag.py:3033} INFO - Sync 2 DAGs
[2024-01-11T19:01:11.629+0000] {logging_mixin.py:188} INFO - [2024-01-11T19:01:11.629+0000] {dag.py:3820} INFO - Setting next_dagrun for example_xcom_args to None, run_after=None
[2024-01-11T19:01:11.631+0000] {logging_mixin.py:188} INFO - [2024-01-11T19:01:11.631+0000] {dag.py:3820} INFO - Setting next_dagrun for example_xcom_args_with_operators to None, run_after=None
[2024-01-11T19:01:11.640+0000] {processor.py:183} INFO - Processing /home/airflow/.local/lib/python3.8/site-packages/airflow/example_dags/example_xcomargs.py took 0.043 seconds
[2024-01-11T19:01:42.620+0000] {processor.py:161} INFO - Started process (PID=510) to work on /home/airflow/.local/lib/python3.8/site-packages/airflow/example_dags/example_xcomargs.py
[2024-01-11T19:01:42.620+0000] {processor.py:830} INFO - Processing file /home/airflow/.local/lib/python3.8/site-packages/airflow/example_dags/example_xcomargs.py for tasks to queue
[2024-01-11T19:01:42.622+0000] {logging_mixin.py:188} INFO - [2024-01-11T19:01:42.622+0000] {dagbag.py:538} INFO - Filling up the DagBag from /home/airflow/.local/lib/python3.8/site-packages/airflow/example_dags/example_xcomargs.py
[2024-01-11T19:01:42.626+0000] {processor.py:840} INFO - DAG(s) 'example_xcom_args_with_operators', 'example_xcom_args' retrieved from /home/airflow/.local/lib/python3.8/site-packages/airflow/example_dags/example_xcomargs.py
[2024-01-11T19:01:42.640+0000] {logging_mixin.py:188} INFO - [2024-01-11T19:01:42.640+0000] {dag.py:3033} INFO - Sync 2 DAGs
[2024-01-11T19:01:42.647+0000] {logging_mixin.py:188} INFO - [2024-01-11T19:01:42.647+0000] {dag.py:3820} INFO - Setting next_dagrun for example_xcom_args to None, run_after=None
[2024-01-11T19:01:42.649+0000] {logging_mixin.py:188} INFO - [2024-01-11T19:01:42.649+0000] {dag.py:3820} INFO - Setting next_dagrun for example_xcom_args_with_operators to None, run_after=None
[2024-01-11T19:01:42.657+0000] {processor.py:183} INFO - Processing /home/airflow/.local/lib/python3.8/site-packages/airflow/example_dags/example_xcomargs.py took 0.040 seconds
[2024-01-11T19:02:13.420+0000] {processor.py:161} INFO - Started process (PID=566) to work on /home/airflow/.local/lib/python3.8/site-packages/airflow/example_dags/example_xcomargs.py
[2024-01-11T19:02:13.421+0000] {processor.py:830} INFO - Processing file /home/airflow/.local/lib/python3.8/site-packages/airflow/example_dags/example_xcomargs.py for tasks to queue
[2024-01-11T19:02:13.422+0000] {logging_mixin.py:188} INFO - [2024-01-11T19:02:13.422+0000] {dagbag.py:538} INFO - Filling up the DagBag from /home/airflow/.local/lib/python3.8/site-packages/airflow/example_dags/example_xcomargs.py
[2024-01-11T19:02:13.427+0000] {processor.py:840} INFO - DAG(s) 'example_xcom_args', 'example_xcom_args_with_operators' retrieved from /home/airflow/.local/lib/python3.8/site-packages/airflow/example_dags/example_xcomargs.py
[2024-01-11T19:02:13.440+0000] {logging_mixin.py:188} INFO - [2024-01-11T19:02:13.440+0000] {dag.py:3033} INFO - Sync 2 DAGs
[2024-01-11T19:02:13.447+0000] {logging_mixin.py:188} INFO - [2024-01-11T19:02:13.447+0000] {dag.py:3820} INFO - Setting next_dagrun for example_xcom_args to None, run_after=None
[2024-01-11T19:02:13.449+0000] {logging_mixin.py:188} INFO - [2024-01-11T19:02:13.449+0000] {dag.py:3820} INFO - Setting next_dagrun for example_xcom_args_with_operators to None, run_after=None
[2024-01-11T19:02:13.457+0000] {processor.py:183} INFO - Processing /home/airflow/.local/lib/python3.8/site-packages/airflow/example_dags/example_xcomargs.py took 0.039 seconds
[2024-01-11T19:02:44.231+0000] {processor.py:161} INFO - Started process (PID=622) to work on /home/airflow/.local/lib/python3.8/site-packages/airflow/example_dags/example_xcomargs.py
[2024-01-11T19:02:44.232+0000] {processor.py:830} INFO - Processing file /home/airflow/.local/lib/python3.8/site-packages/airflow/example_dags/example_xcomargs.py for tasks to queue
[2024-01-11T19:02:44.234+0000] {logging_mixin.py:188} INFO - [2024-01-11T19:02:44.234+0000] {dagbag.py:538} INFO - Filling up the DagBag from /home/airflow/.local/lib/python3.8/site-packages/airflow/example_dags/example_xcomargs.py
[2024-01-11T19:02:44.238+0000] {processor.py:840} INFO - DAG(s) 'example_xcom_args', 'example_xcom_args_with_operators' retrieved from /home/airflow/.local/lib/python3.8/site-packages/airflow/example_dags/example_xcomargs.py
[2024-01-11T19:02:44.252+0000] {logging_mixin.py:188} INFO - [2024-01-11T19:02:44.252+0000] {dag.py:3033} INFO - Sync 2 DAGs
[2024-01-11T19:02:44.259+0000] {logging_mixin.py:188} INFO - [2024-01-11T19:02:44.259+0000] {dag.py:3820} INFO - Setting next_dagrun for example_xcom_args to None, run_after=None
[2024-01-11T19:02:44.261+0000] {logging_mixin.py:188} INFO - [2024-01-11T19:02:44.261+0000] {dag.py:3820} INFO - Setting next_dagrun for example_xcom_args_with_operators to None, run_after=None
[2024-01-11T19:02:44.270+0000] {processor.py:183} INFO - Processing /home/airflow/.local/lib/python3.8/site-packages/airflow/example_dags/example_xcomargs.py took 0.041 seconds
[2024-01-11T19:03:15.148+0000] {processor.py:161} INFO - Started process (PID=677) to work on /home/airflow/.local/lib/python3.8/site-packages/airflow/example_dags/example_xcomargs.py
[2024-01-11T19:03:15.149+0000] {processor.py:830} INFO - Processing file /home/airflow/.local/lib/python3.8/site-packages/airflow/example_dags/example_xcomargs.py for tasks to queue
[2024-01-11T19:03:15.150+0000] {logging_mixin.py:188} INFO - [2024-01-11T19:03:15.150+0000] {dagbag.py:538} INFO - Filling up the DagBag from /home/airflow/.local/lib/python3.8/site-packages/airflow/example_dags/example_xcomargs.py
[2024-01-11T19:03:15.155+0000] {processor.py:840} INFO - DAG(s) 'example_xcom_args', 'example_xcom_args_with_operators' retrieved from /home/airflow/.local/lib/python3.8/site-packages/airflow/example_dags/example_xcomargs.py
[2024-01-11T19:03:15.169+0000] {logging_mixin.py:188} INFO - [2024-01-11T19:03:15.169+0000] {dag.py:3033} INFO - Sync 2 DAGs
[2024-01-11T19:03:15.176+0000] {logging_mixin.py:188} INFO - [2024-01-11T19:03:15.176+0000] {dag.py:3820} INFO - Setting next_dagrun for example_xcom_args to None, run_after=None
[2024-01-11T19:03:15.178+0000] {logging_mixin.py:188} INFO - [2024-01-11T19:03:15.178+0000] {dag.py:3820} INFO - Setting next_dagrun for example_xcom_args_with_operators to None, run_after=None
[2024-01-11T19:03:15.187+0000] {processor.py:183} INFO - Processing /home/airflow/.local/lib/python3.8/site-packages/airflow/example_dags/example_xcomargs.py took 0.042 seconds
[2024-01-11T19:03:45.235+0000] {processor.py:161} INFO - Started process (PID=733) to work on /home/airflow/.local/lib/python3.8/site-packages/airflow/example_dags/example_xcomargs.py
[2024-01-11T19:03:45.236+0000] {processor.py:830} INFO - Processing file /home/airflow/.local/lib/python3.8/site-packages/airflow/example_dags/example_xcomargs.py for tasks to queue
[2024-01-11T19:03:45.238+0000] {logging_mixin.py:188} INFO - [2024-01-11T19:03:45.237+0000] {dagbag.py:538} INFO - Filling up the DagBag from /home/airflow/.local/lib/python3.8/site-packages/airflow/example_dags/example_xcomargs.py
[2024-01-11T19:03:45.243+0000] {processor.py:840} INFO - DAG(s) 'example_xcom_args_with_operators', 'example_xcom_args' retrieved from /home/airflow/.local/lib/python3.8/site-packages/airflow/example_dags/example_xcomargs.py
[2024-01-11T19:03:45.257+0000] {logging_mixin.py:188} INFO - [2024-01-11T19:03:45.257+0000] {dag.py:3033} INFO - Sync 2 DAGs
[2024-01-11T19:03:45.265+0000] {logging_mixin.py:188} INFO - [2024-01-11T19:03:45.264+0000] {dag.py:3820} INFO - Setting next_dagrun for example_xcom_args to None, run_after=None
[2024-01-11T19:03:45.267+0000] {logging_mixin.py:188} INFO - [2024-01-11T19:03:45.267+0000] {dag.py:3820} INFO - Setting next_dagrun for example_xcom_args_with_operators to None, run_after=None
[2024-01-11T19:03:45.276+0000] {processor.py:183} INFO - Processing /home/airflow/.local/lib/python3.8/site-packages/airflow/example_dags/example_xcomargs.py took 0.044 seconds
[2024-01-11T19:04:15.396+0000] {processor.py:161} INFO - Started process (PID=789) to work on /home/airflow/.local/lib/python3.8/site-packages/airflow/example_dags/example_xcomargs.py
[2024-01-11T19:04:15.396+0000] {processor.py:830} INFO - Processing file /home/airflow/.local/lib/python3.8/site-packages/airflow/example_dags/example_xcomargs.py for tasks to queue
[2024-01-11T19:04:15.398+0000] {logging_mixin.py:188} INFO - [2024-01-11T19:04:15.397+0000] {dagbag.py:538} INFO - Filling up the DagBag from /home/airflow/.local/lib/python3.8/site-packages/airflow/example_dags/example_xcomargs.py
[2024-01-11T19:04:15.402+0000] {processor.py:840} INFO - DAG(s) 'example_xcom_args_with_operators', 'example_xcom_args' retrieved from /home/airflow/.local/lib/python3.8/site-packages/airflow/example_dags/example_xcomargs.py
[2024-01-11T19:04:15.414+0000] {logging_mixin.py:188} INFO - [2024-01-11T19:04:15.414+0000] {dag.py:3033} INFO - Sync 2 DAGs
[2024-01-11T19:04:15.420+0000] {logging_mixin.py:188} INFO - [2024-01-11T19:04:15.420+0000] {dag.py:3820} INFO - Setting next_dagrun for example_xcom_args to None, run_after=None
[2024-01-11T19:04:15.422+0000] {logging_mixin.py:188} INFO - [2024-01-11T19:04:15.422+0000] {dag.py:3820} INFO - Setting next_dagrun for example_xcom_args_with_operators to None, run_after=None
[2024-01-11T19:04:15.429+0000] {processor.py:183} INFO - Processing /home/airflow/.local/lib/python3.8/site-packages/airflow/example_dags/example_xcomargs.py took 0.035 seconds
[2024-01-11T19:04:46.189+0000] {processor.py:161} INFO - Started process (PID=845) to work on /home/airflow/.local/lib/python3.8/site-packages/airflow/example_dags/example_xcomargs.py
[2024-01-11T19:04:46.190+0000] {processor.py:830} INFO - Processing file /home/airflow/.local/lib/python3.8/site-packages/airflow/example_dags/example_xcomargs.py for tasks to queue
[2024-01-11T19:04:46.192+0000] {logging_mixin.py:188} INFO - [2024-01-11T19:04:46.192+0000] {dagbag.py:538} INFO - Filling up the DagBag from /home/airflow/.local/lib/python3.8/site-packages/airflow/example_dags/example_xcomargs.py
[2024-01-11T19:04:46.197+0000] {processor.py:840} INFO - DAG(s) 'example_xcom_args_with_operators', 'example_xcom_args' retrieved from /home/airflow/.local/lib/python3.8/site-packages/airflow/example_dags/example_xcomargs.py
[2024-01-11T19:04:46.210+0000] {logging_mixin.py:188} INFO - [2024-01-11T19:04:46.210+0000] {dag.py:3033} INFO - Sync 2 DAGs
[2024-01-11T19:04:46.217+0000] {logging_mixin.py:188} INFO - [2024-01-11T19:04:46.217+0000] {dag.py:3820} INFO - Setting next_dagrun for example_xcom_args to None, run_after=None
[2024-01-11T19:04:46.219+0000] {logging_mixin.py:188} INFO - [2024-01-11T19:04:46.219+0000] {dag.py:3820} INFO - Setting next_dagrun for example_xcom_args_with_operators to None, run_after=None
[2024-01-11T19:04:46.227+0000] {processor.py:183} INFO - Processing /home/airflow/.local/lib/python3.8/site-packages/airflow/example_dags/example_xcomargs.py took 0.040 seconds
