[2024-01-11T18:57:35.943+0000] {processor.py:161} INFO - Started process (PID=49) to work on /home/airflow/.local/lib/python3.8/site-packages/airflow/example_dags/example_complex.py
[2024-01-11T18:57:35.943+0000] {processor.py:830} INFO - Processing file /home/airflow/.local/lib/python3.8/site-packages/airflow/example_dags/example_complex.py for tasks to queue
[2024-01-11T18:57:35.945+0000] {logging_mixin.py:188} INFO - [2024-01-11T18:57:35.945+0000] {dagbag.py:538} INFO - Filling up the DagBag from /home/airflow/.local/lib/python3.8/site-packages/airflow/example_dags/example_complex.py
[2024-01-11T18:57:35.953+0000] {processor.py:840} INFO - DAG(s) 'example_complex' retrieved from /home/airflow/.local/lib/python3.8/site-packages/airflow/example_dags/example_complex.py
[2024-01-11T18:57:35.963+0000] {logging_mixin.py:188} INFO - [2024-01-11T18:57:35.963+0000] {dag.py:3033} INFO - Sync 1 DAGs
[2024-01-11T18:57:35.974+0000] {logging_mixin.py:188} INFO - [2024-01-11T18:57:35.974+0000] {dag.py:3820} INFO - Setting next_dagrun for example_complex to None, run_after=None
[2024-01-11T18:57:35.989+0000] {processor.py:183} INFO - Processing /home/airflow/.local/lib/python3.8/site-packages/airflow/example_dags/example_complex.py took 0.049 seconds
[2024-01-11T18:58:06.360+0000] {processor.py:161} INFO - Started process (PID=105) to work on /home/airflow/.local/lib/python3.8/site-packages/airflow/example_dags/example_complex.py
[2024-01-11T18:58:06.361+0000] {processor.py:830} INFO - Processing file /home/airflow/.local/lib/python3.8/site-packages/airflow/example_dags/example_complex.py for tasks to queue
[2024-01-11T18:58:06.362+0000] {logging_mixin.py:188} INFO - [2024-01-11T18:58:06.362+0000] {dagbag.py:538} INFO - Filling up the DagBag from /home/airflow/.local/lib/python3.8/site-packages/airflow/example_dags/example_complex.py
[2024-01-11T18:58:06.368+0000] {processor.py:840} INFO - DAG(s) 'example_complex' retrieved from /home/airflow/.local/lib/python3.8/site-packages/airflow/example_dags/example_complex.py
[2024-01-11T18:58:06.418+0000] {logging_mixin.py:188} INFO - [2024-01-11T18:58:06.418+0000] {dag.py:3033} INFO - Sync 1 DAGs
[2024-01-11T18:58:06.423+0000] {logging_mixin.py:188} INFO - [2024-01-11T18:58:06.423+0000] {dag.py:3820} INFO - Setting next_dagrun for example_complex to None, run_after=None
[2024-01-11T18:58:06.433+0000] {processor.py:183} INFO - Processing /home/airflow/.local/lib/python3.8/site-packages/airflow/example_dags/example_complex.py took 0.075 seconds
[2024-01-11T18:58:36.988+0000] {processor.py:161} INFO - Started process (PID=161) to work on /home/airflow/.local/lib/python3.8/site-packages/airflow/example_dags/example_complex.py
[2024-01-11T18:58:36.989+0000] {processor.py:830} INFO - Processing file /home/airflow/.local/lib/python3.8/site-packages/airflow/example_dags/example_complex.py for tasks to queue
[2024-01-11T18:58:36.990+0000] {logging_mixin.py:188} INFO - [2024-01-11T18:58:36.990+0000] {dagbag.py:538} INFO - Filling up the DagBag from /home/airflow/.local/lib/python3.8/site-packages/airflow/example_dags/example_complex.py
[2024-01-11T18:58:36.996+0000] {processor.py:840} INFO - DAG(s) 'example_complex' retrieved from /home/airflow/.local/lib/python3.8/site-packages/airflow/example_dags/example_complex.py
[2024-01-11T18:58:37.013+0000] {logging_mixin.py:188} INFO - [2024-01-11T18:58:37.013+0000] {dag.py:3033} INFO - Sync 1 DAGs
[2024-01-11T18:58:37.020+0000] {logging_mixin.py:188} INFO - [2024-01-11T18:58:37.020+0000] {dag.py:3820} INFO - Setting next_dagrun for example_complex to None, run_after=None
[2024-01-11T18:58:37.030+0000] {processor.py:183} INFO - Processing /home/airflow/.local/lib/python3.8/site-packages/airflow/example_dags/example_complex.py took 0.044 seconds
[2024-01-11T18:59:07.863+0000] {processor.py:161} INFO - Started process (PID=217) to work on /home/airflow/.local/lib/python3.8/site-packages/airflow/example_dags/example_complex.py
[2024-01-11T18:59:07.864+0000] {processor.py:830} INFO - Processing file /home/airflow/.local/lib/python3.8/site-packages/airflow/example_dags/example_complex.py for tasks to queue
[2024-01-11T18:59:07.866+0000] {logging_mixin.py:188} INFO - [2024-01-11T18:59:07.865+0000] {dagbag.py:538} INFO - Filling up the DagBag from /home/airflow/.local/lib/python3.8/site-packages/airflow/example_dags/example_complex.py
[2024-01-11T18:59:07.871+0000] {processor.py:840} INFO - DAG(s) 'example_complex' retrieved from /home/airflow/.local/lib/python3.8/site-packages/airflow/example_dags/example_complex.py
[2024-01-11T18:59:07.888+0000] {logging_mixin.py:188} INFO - [2024-01-11T18:59:07.888+0000] {dag.py:3033} INFO - Sync 1 DAGs
[2024-01-11T18:59:07.895+0000] {logging_mixin.py:188} INFO - [2024-01-11T18:59:07.895+0000] {dag.py:3820} INFO - Setting next_dagrun for example_complex to None, run_after=None
[2024-01-11T18:59:07.904+0000] {processor.py:183} INFO - Processing /home/airflow/.local/lib/python3.8/site-packages/airflow/example_dags/example_complex.py took 0.043 seconds
[2024-01-11T18:59:38.742+0000] {processor.py:161} INFO - Started process (PID=273) to work on /home/airflow/.local/lib/python3.8/site-packages/airflow/example_dags/example_complex.py
[2024-01-11T18:59:38.742+0000] {processor.py:830} INFO - Processing file /home/airflow/.local/lib/python3.8/site-packages/airflow/example_dags/example_complex.py for tasks to queue
[2024-01-11T18:59:38.744+0000] {logging_mixin.py:188} INFO - [2024-01-11T18:59:38.744+0000] {dagbag.py:538} INFO - Filling up the DagBag from /home/airflow/.local/lib/python3.8/site-packages/airflow/example_dags/example_complex.py
[2024-01-11T18:59:38.750+0000] {processor.py:840} INFO - DAG(s) 'example_complex' retrieved from /home/airflow/.local/lib/python3.8/site-packages/airflow/example_dags/example_complex.py
[2024-01-11T18:59:38.766+0000] {logging_mixin.py:188} INFO - [2024-01-11T18:59:38.766+0000] {dag.py:3033} INFO - Sync 1 DAGs
[2024-01-11T18:59:38.773+0000] {logging_mixin.py:188} INFO - [2024-01-11T18:59:38.773+0000] {dag.py:3820} INFO - Setting next_dagrun for example_complex to None, run_after=None
[2024-01-11T18:59:38.782+0000] {processor.py:183} INFO - Processing /home/airflow/.local/lib/python3.8/site-packages/airflow/example_dags/example_complex.py took 0.043 seconds
[2024-01-11T19:00:09.599+0000] {processor.py:161} INFO - Started process (PID=329) to work on /home/airflow/.local/lib/python3.8/site-packages/airflow/example_dags/example_complex.py
[2024-01-11T19:00:09.600+0000] {processor.py:830} INFO - Processing file /home/airflow/.local/lib/python3.8/site-packages/airflow/example_dags/example_complex.py for tasks to queue
[2024-01-11T19:00:09.601+0000] {logging_mixin.py:188} INFO - [2024-01-11T19:00:09.601+0000] {dagbag.py:538} INFO - Filling up the DagBag from /home/airflow/.local/lib/python3.8/site-packages/airflow/example_dags/example_complex.py
[2024-01-11T19:00:09.608+0000] {processor.py:840} INFO - DAG(s) 'example_complex' retrieved from /home/airflow/.local/lib/python3.8/site-packages/airflow/example_dags/example_complex.py
[2024-01-11T19:00:09.624+0000] {logging_mixin.py:188} INFO - [2024-01-11T19:00:09.624+0000] {dag.py:3033} INFO - Sync 1 DAGs
[2024-01-11T19:00:09.631+0000] {logging_mixin.py:188} INFO - [2024-01-11T19:00:09.631+0000] {dag.py:3820} INFO - Setting next_dagrun for example_complex to None, run_after=None
[2024-01-11T19:00:09.641+0000] {processor.py:183} INFO - Processing /home/airflow/.local/lib/python3.8/site-packages/airflow/example_dags/example_complex.py took 0.044 seconds
[2024-01-11T19:00:40.301+0000] {processor.py:161} INFO - Started process (PID=385) to work on /home/airflow/.local/lib/python3.8/site-packages/airflow/example_dags/example_complex.py
[2024-01-11T19:00:40.302+0000] {processor.py:830} INFO - Processing file /home/airflow/.local/lib/python3.8/site-packages/airflow/example_dags/example_complex.py for tasks to queue
[2024-01-11T19:00:40.304+0000] {logging_mixin.py:188} INFO - [2024-01-11T19:00:40.303+0000] {dagbag.py:538} INFO - Filling up the DagBag from /home/airflow/.local/lib/python3.8/site-packages/airflow/example_dags/example_complex.py
[2024-01-11T19:00:40.309+0000] {processor.py:840} INFO - DAG(s) 'example_complex' retrieved from /home/airflow/.local/lib/python3.8/site-packages/airflow/example_dags/example_complex.py
[2024-01-11T19:00:40.326+0000] {logging_mixin.py:188} INFO - [2024-01-11T19:00:40.326+0000] {dag.py:3033} INFO - Sync 1 DAGs
[2024-01-11T19:00:40.333+0000] {logging_mixin.py:188} INFO - [2024-01-11T19:00:40.333+0000] {dag.py:3820} INFO - Setting next_dagrun for example_complex to None, run_after=None
[2024-01-11T19:00:40.342+0000] {processor.py:183} INFO - Processing /home/airflow/.local/lib/python3.8/site-packages/airflow/example_dags/example_complex.py took 0.043 seconds
[2024-01-11T19:01:11.093+0000] {processor.py:161} INFO - Started process (PID=441) to work on /home/airflow/.local/lib/python3.8/site-packages/airflow/example_dags/example_complex.py
[2024-01-11T19:01:11.094+0000] {processor.py:830} INFO - Processing file /home/airflow/.local/lib/python3.8/site-packages/airflow/example_dags/example_complex.py for tasks to queue
[2024-01-11T19:01:11.096+0000] {logging_mixin.py:188} INFO - [2024-01-11T19:01:11.095+0000] {dagbag.py:538} INFO - Filling up the DagBag from /home/airflow/.local/lib/python3.8/site-packages/airflow/example_dags/example_complex.py
[2024-01-11T19:01:11.101+0000] {processor.py:840} INFO - DAG(s) 'example_complex' retrieved from /home/airflow/.local/lib/python3.8/site-packages/airflow/example_dags/example_complex.py
[2024-01-11T19:01:11.117+0000] {logging_mixin.py:188} INFO - [2024-01-11T19:01:11.117+0000] {dag.py:3033} INFO - Sync 1 DAGs
[2024-01-11T19:01:11.124+0000] {logging_mixin.py:188} INFO - [2024-01-11T19:01:11.124+0000] {dag.py:3820} INFO - Setting next_dagrun for example_complex to None, run_after=None
[2024-01-11T19:01:11.132+0000] {processor.py:183} INFO - Processing /home/airflow/.local/lib/python3.8/site-packages/airflow/example_dags/example_complex.py took 0.041 seconds
[2024-01-11T19:01:41.172+0000] {processor.py:161} INFO - Started process (PID=497) to work on /home/airflow/.local/lib/python3.8/site-packages/airflow/example_dags/example_complex.py
[2024-01-11T19:01:41.173+0000] {processor.py:830} INFO - Processing file /home/airflow/.local/lib/python3.8/site-packages/airflow/example_dags/example_complex.py for tasks to queue
[2024-01-11T19:01:41.174+0000] {logging_mixin.py:188} INFO - [2024-01-11T19:01:41.174+0000] {dagbag.py:538} INFO - Filling up the DagBag from /home/airflow/.local/lib/python3.8/site-packages/airflow/example_dags/example_complex.py
[2024-01-11T19:01:41.180+0000] {processor.py:840} INFO - DAG(s) 'example_complex' retrieved from /home/airflow/.local/lib/python3.8/site-packages/airflow/example_dags/example_complex.py
[2024-01-11T19:01:41.197+0000] {logging_mixin.py:188} INFO - [2024-01-11T19:01:41.197+0000] {dag.py:3033} INFO - Sync 1 DAGs
[2024-01-11T19:01:41.204+0000] {logging_mixin.py:188} INFO - [2024-01-11T19:01:41.204+0000] {dag.py:3820} INFO - Setting next_dagrun for example_complex to None, run_after=None
[2024-01-11T19:01:41.214+0000] {processor.py:183} INFO - Processing /home/airflow/.local/lib/python3.8/site-packages/airflow/example_dags/example_complex.py took 0.044 seconds
[2024-01-11T19:02:12.048+0000] {processor.py:161} INFO - Started process (PID=553) to work on /home/airflow/.local/lib/python3.8/site-packages/airflow/example_dags/example_complex.py
[2024-01-11T19:02:12.049+0000] {processor.py:830} INFO - Processing file /home/airflow/.local/lib/python3.8/site-packages/airflow/example_dags/example_complex.py for tasks to queue
[2024-01-11T19:02:12.051+0000] {logging_mixin.py:188} INFO - [2024-01-11T19:02:12.050+0000] {dagbag.py:538} INFO - Filling up the DagBag from /home/airflow/.local/lib/python3.8/site-packages/airflow/example_dags/example_complex.py
[2024-01-11T19:02:12.057+0000] {processor.py:840} INFO - DAG(s) 'example_complex' retrieved from /home/airflow/.local/lib/python3.8/site-packages/airflow/example_dags/example_complex.py
[2024-01-11T19:02:12.074+0000] {logging_mixin.py:188} INFO - [2024-01-11T19:02:12.074+0000] {dag.py:3033} INFO - Sync 1 DAGs
[2024-01-11T19:02:12.080+0000] {logging_mixin.py:188} INFO - [2024-01-11T19:02:12.080+0000] {dag.py:3820} INFO - Setting next_dagrun for example_complex to None, run_after=None
[2024-01-11T19:02:12.090+0000] {processor.py:183} INFO - Processing /home/airflow/.local/lib/python3.8/site-packages/airflow/example_dags/example_complex.py took 0.044 seconds
[2024-01-11T19:02:42.855+0000] {processor.py:161} INFO - Started process (PID=609) to work on /home/airflow/.local/lib/python3.8/site-packages/airflow/example_dags/example_complex.py
[2024-01-11T19:02:42.856+0000] {processor.py:830} INFO - Processing file /home/airflow/.local/lib/python3.8/site-packages/airflow/example_dags/example_complex.py for tasks to queue
[2024-01-11T19:02:42.858+0000] {logging_mixin.py:188} INFO - [2024-01-11T19:02:42.857+0000] {dagbag.py:538} INFO - Filling up the DagBag from /home/airflow/.local/lib/python3.8/site-packages/airflow/example_dags/example_complex.py
[2024-01-11T19:02:42.863+0000] {processor.py:840} INFO - DAG(s) 'example_complex' retrieved from /home/airflow/.local/lib/python3.8/site-packages/airflow/example_dags/example_complex.py
[2024-01-11T19:02:42.880+0000] {logging_mixin.py:188} INFO - [2024-01-11T19:02:42.880+0000] {dag.py:3033} INFO - Sync 1 DAGs
[2024-01-11T19:02:42.888+0000] {logging_mixin.py:188} INFO - [2024-01-11T19:02:42.887+0000] {dag.py:3820} INFO - Setting next_dagrun for example_complex to None, run_after=None
[2024-01-11T19:02:42.897+0000] {processor.py:183} INFO - Processing /home/airflow/.local/lib/python3.8/site-packages/airflow/example_dags/example_complex.py took 0.044 seconds
[2024-01-11T19:03:13.688+0000] {processor.py:161} INFO - Started process (PID=664) to work on /home/airflow/.local/lib/python3.8/site-packages/airflow/example_dags/example_complex.py
[2024-01-11T19:03:13.688+0000] {processor.py:830} INFO - Processing file /home/airflow/.local/lib/python3.8/site-packages/airflow/example_dags/example_complex.py for tasks to queue
[2024-01-11T19:03:13.690+0000] {logging_mixin.py:188} INFO - [2024-01-11T19:03:13.690+0000] {dagbag.py:538} INFO - Filling up the DagBag from /home/airflow/.local/lib/python3.8/site-packages/airflow/example_dags/example_complex.py
[2024-01-11T19:03:13.696+0000] {processor.py:840} INFO - DAG(s) 'example_complex' retrieved from /home/airflow/.local/lib/python3.8/site-packages/airflow/example_dags/example_complex.py
[2024-01-11T19:03:13.711+0000] {logging_mixin.py:188} INFO - [2024-01-11T19:03:13.711+0000] {dag.py:3033} INFO - Sync 1 DAGs
[2024-01-11T19:03:13.717+0000] {logging_mixin.py:188} INFO - [2024-01-11T19:03:13.717+0000] {dag.py:3820} INFO - Setting next_dagrun for example_complex to None, run_after=None
[2024-01-11T19:03:13.727+0000] {processor.py:183} INFO - Processing /home/airflow/.local/lib/python3.8/site-packages/airflow/example_dags/example_complex.py took 0.042 seconds
[2024-01-11T19:03:43.774+0000] {processor.py:161} INFO - Started process (PID=720) to work on /home/airflow/.local/lib/python3.8/site-packages/airflow/example_dags/example_complex.py
[2024-01-11T19:03:43.775+0000] {processor.py:830} INFO - Processing file /home/airflow/.local/lib/python3.8/site-packages/airflow/example_dags/example_complex.py for tasks to queue
[2024-01-11T19:03:43.776+0000] {logging_mixin.py:188} INFO - [2024-01-11T19:03:43.776+0000] {dagbag.py:538} INFO - Filling up the DagBag from /home/airflow/.local/lib/python3.8/site-packages/airflow/example_dags/example_complex.py
[2024-01-11T19:03:43.782+0000] {processor.py:840} INFO - DAG(s) 'example_complex' retrieved from /home/airflow/.local/lib/python3.8/site-packages/airflow/example_dags/example_complex.py
[2024-01-11T19:03:43.799+0000] {logging_mixin.py:188} INFO - [2024-01-11T19:03:43.798+0000] {dag.py:3033} INFO - Sync 1 DAGs
[2024-01-11T19:03:43.805+0000] {logging_mixin.py:188} INFO - [2024-01-11T19:03:43.805+0000] {dag.py:3820} INFO - Setting next_dagrun for example_complex to None, run_after=None
[2024-01-11T19:03:43.815+0000] {processor.py:183} INFO - Processing /home/airflow/.local/lib/python3.8/site-packages/airflow/example_dags/example_complex.py took 0.044 seconds
[2024-01-11T19:04:13.956+0000] {processor.py:161} INFO - Started process (PID=776) to work on /home/airflow/.local/lib/python3.8/site-packages/airflow/example_dags/example_complex.py
[2024-01-11T19:04:13.957+0000] {processor.py:830} INFO - Processing file /home/airflow/.local/lib/python3.8/site-packages/airflow/example_dags/example_complex.py for tasks to queue
[2024-01-11T19:04:13.958+0000] {logging_mixin.py:188} INFO - [2024-01-11T19:04:13.958+0000] {dagbag.py:538} INFO - Filling up the DagBag from /home/airflow/.local/lib/python3.8/site-packages/airflow/example_dags/example_complex.py
[2024-01-11T19:04:13.964+0000] {processor.py:840} INFO - DAG(s) 'example_complex' retrieved from /home/airflow/.local/lib/python3.8/site-packages/airflow/example_dags/example_complex.py
[2024-01-11T19:04:13.981+0000] {logging_mixin.py:188} INFO - [2024-01-11T19:04:13.980+0000] {dag.py:3033} INFO - Sync 1 DAGs
[2024-01-11T19:04:13.988+0000] {logging_mixin.py:188} INFO - [2024-01-11T19:04:13.987+0000] {dag.py:3820} INFO - Setting next_dagrun for example_complex to None, run_after=None
[2024-01-11T19:04:13.998+0000] {processor.py:183} INFO - Processing /home/airflow/.local/lib/python3.8/site-packages/airflow/example_dags/example_complex.py took 0.044 seconds
[2024-01-11T19:04:44.821+0000] {processor.py:161} INFO - Started process (PID=832) to work on /home/airflow/.local/lib/python3.8/site-packages/airflow/example_dags/example_complex.py
[2024-01-11T19:04:44.822+0000] {processor.py:830} INFO - Processing file /home/airflow/.local/lib/python3.8/site-packages/airflow/example_dags/example_complex.py for tasks to queue
[2024-01-11T19:04:44.824+0000] {logging_mixin.py:188} INFO - [2024-01-11T19:04:44.823+0000] {dagbag.py:538} INFO - Filling up the DagBag from /home/airflow/.local/lib/python3.8/site-packages/airflow/example_dags/example_complex.py
[2024-01-11T19:04:44.829+0000] {processor.py:840} INFO - DAG(s) 'example_complex' retrieved from /home/airflow/.local/lib/python3.8/site-packages/airflow/example_dags/example_complex.py
[2024-01-11T19:04:44.846+0000] {logging_mixin.py:188} INFO - [2024-01-11T19:04:44.846+0000] {dag.py:3033} INFO - Sync 1 DAGs
[2024-01-11T19:04:44.852+0000] {logging_mixin.py:188} INFO - [2024-01-11T19:04:44.852+0000] {dag.py:3820} INFO - Setting next_dagrun for example_complex to None, run_after=None
[2024-01-11T19:04:44.861+0000] {processor.py:183} INFO - Processing /home/airflow/.local/lib/python3.8/site-packages/airflow/example_dags/example_complex.py took 0.042 seconds
