[2024-01-11T18:57:37.441+0000] {processor.py:161} INFO - Started process (PID=73) to work on /home/airflow/.local/lib/python3.8/site-packages/airflow/example_dags/example_branch_python_dop_operator_3.py
[2024-01-11T18:57:37.443+0000] {processor.py:830} INFO - Processing file /home/airflow/.local/lib/python3.8/site-packages/airflow/example_dags/example_branch_python_dop_operator_3.py for tasks to queue
[2024-01-11T18:57:37.448+0000] {logging_mixin.py:188} INFO - [2024-01-11T18:57:37.448+0000] {dagbag.py:538} INFO - Filling up the DagBag from /home/airflow/.local/lib/python3.8/site-packages/airflow/example_dags/example_branch_python_dop_operator_3.py
[2024-01-11T18:57:37.459+0000] {processor.py:840} INFO - DAG(s) 'example_branch_dop_operator_v3' retrieved from /home/airflow/.local/lib/python3.8/site-packages/airflow/example_dags/example_branch_python_dop_operator_3.py
[2024-01-11T18:57:37.471+0000] {logging_mixin.py:188} INFO - [2024-01-11T18:57:37.471+0000] {dag.py:3033} INFO - Sync 1 DAGs
[2024-01-11T18:57:37.491+0000] {logging_mixin.py:188} INFO - [2024-01-11T18:57:37.491+0000] {dag.py:3820} INFO - Setting next_dagrun for example_branch_dop_operator_v3 to 2024-01-11T18:56:00+00:00, run_after=2024-01-11T18:57:00+00:00
[2024-01-11T18:57:37.507+0000] {processor.py:183} INFO - Processing /home/airflow/.local/lib/python3.8/site-packages/airflow/example_dags/example_branch_python_dop_operator_3.py took 0.070 seconds
[2024-01-11T18:58:07.730+0000] {processor.py:161} INFO - Started process (PID=129) to work on /home/airflow/.local/lib/python3.8/site-packages/airflow/example_dags/example_branch_python_dop_operator_3.py
[2024-01-11T18:58:07.731+0000] {processor.py:830} INFO - Processing file /home/airflow/.local/lib/python3.8/site-packages/airflow/example_dags/example_branch_python_dop_operator_3.py for tasks to queue
[2024-01-11T18:58:07.732+0000] {logging_mixin.py:188} INFO - [2024-01-11T18:58:07.732+0000] {dagbag.py:538} INFO - Filling up the DagBag from /home/airflow/.local/lib/python3.8/site-packages/airflow/example_dags/example_branch_python_dop_operator_3.py
[2024-01-11T18:58:07.739+0000] {processor.py:840} INFO - DAG(s) 'example_branch_dop_operator_v3' retrieved from /home/airflow/.local/lib/python3.8/site-packages/airflow/example_dags/example_branch_python_dop_operator_3.py
[2024-01-11T18:58:07.790+0000] {logging_mixin.py:188} INFO - [2024-01-11T18:58:07.790+0000] {dag.py:3033} INFO - Sync 1 DAGs
[2024-01-11T18:58:07.803+0000] {logging_mixin.py:188} INFO - [2024-01-11T18:58:07.803+0000] {dag.py:3820} INFO - Setting next_dagrun for example_branch_dop_operator_v3 to 2024-01-11T18:57:00+00:00, run_after=2024-01-11T18:58:00+00:00
[2024-01-11T18:58:07.813+0000] {processor.py:183} INFO - Processing /home/airflow/.local/lib/python3.8/site-packages/airflow/example_dags/example_branch_python_dop_operator_3.py took 0.085 seconds
[2024-01-11T18:58:37.835+0000] {processor.py:161} INFO - Started process (PID=185) to work on /home/airflow/.local/lib/python3.8/site-packages/airflow/example_dags/example_branch_python_dop_operator_3.py
[2024-01-11T18:58:37.836+0000] {processor.py:830} INFO - Processing file /home/airflow/.local/lib/python3.8/site-packages/airflow/example_dags/example_branch_python_dop_operator_3.py for tasks to queue
[2024-01-11T18:58:37.837+0000] {logging_mixin.py:188} INFO - [2024-01-11T18:58:37.837+0000] {dagbag.py:538} INFO - Filling up the DagBag from /home/airflow/.local/lib/python3.8/site-packages/airflow/example_dags/example_branch_python_dop_operator_3.py
[2024-01-11T18:58:37.842+0000] {processor.py:840} INFO - DAG(s) 'example_branch_dop_operator_v3' retrieved from /home/airflow/.local/lib/python3.8/site-packages/airflow/example_dags/example_branch_python_dop_operator_3.py
[2024-01-11T18:58:37.853+0000] {logging_mixin.py:188} INFO - [2024-01-11T18:58:37.853+0000] {dag.py:3033} INFO - Sync 1 DAGs
[2024-01-11T18:58:37.865+0000] {logging_mixin.py:188} INFO - [2024-01-11T18:58:37.865+0000] {dag.py:3820} INFO - Setting next_dagrun for example_branch_dop_operator_v3 to 2024-01-11T18:57:00+00:00, run_after=2024-01-11T18:58:00+00:00
[2024-01-11T18:58:37.874+0000] {processor.py:183} INFO - Processing /home/airflow/.local/lib/python3.8/site-packages/airflow/example_dags/example_branch_python_dop_operator_3.py took 0.040 seconds
[2024-01-11T18:59:08.577+0000] {processor.py:161} INFO - Started process (PID=241) to work on /home/airflow/.local/lib/python3.8/site-packages/airflow/example_dags/example_branch_python_dop_operator_3.py
[2024-01-11T18:59:08.578+0000] {processor.py:830} INFO - Processing file /home/airflow/.local/lib/python3.8/site-packages/airflow/example_dags/example_branch_python_dop_operator_3.py for tasks to queue
[2024-01-11T18:59:08.579+0000] {logging_mixin.py:188} INFO - [2024-01-11T18:59:08.579+0000] {dagbag.py:538} INFO - Filling up the DagBag from /home/airflow/.local/lib/python3.8/site-packages/airflow/example_dags/example_branch_python_dop_operator_3.py
[2024-01-11T18:59:08.585+0000] {processor.py:840} INFO - DAG(s) 'example_branch_dop_operator_v3' retrieved from /home/airflow/.local/lib/python3.8/site-packages/airflow/example_dags/example_branch_python_dop_operator_3.py
[2024-01-11T18:59:08.597+0000] {logging_mixin.py:188} INFO - [2024-01-11T18:59:08.597+0000] {dag.py:3033} INFO - Sync 1 DAGs
[2024-01-11T18:59:08.611+0000] {logging_mixin.py:188} INFO - [2024-01-11T18:59:08.611+0000] {dag.py:3820} INFO - Setting next_dagrun for example_branch_dop_operator_v3 to 2024-01-11T18:58:00+00:00, run_after=2024-01-11T18:59:00+00:00
[2024-01-11T18:59:08.620+0000] {processor.py:183} INFO - Processing /home/airflow/.local/lib/python3.8/site-packages/airflow/example_dags/example_branch_python_dop_operator_3.py took 0.045 seconds
[2024-01-11T18:59:39.410+0000] {processor.py:161} INFO - Started process (PID=297) to work on /home/airflow/.local/lib/python3.8/site-packages/airflow/example_dags/example_branch_python_dop_operator_3.py
[2024-01-11T18:59:39.411+0000] {processor.py:830} INFO - Processing file /home/airflow/.local/lib/python3.8/site-packages/airflow/example_dags/example_branch_python_dop_operator_3.py for tasks to queue
[2024-01-11T18:59:39.412+0000] {logging_mixin.py:188} INFO - [2024-01-11T18:59:39.412+0000] {dagbag.py:538} INFO - Filling up the DagBag from /home/airflow/.local/lib/python3.8/site-packages/airflow/example_dags/example_branch_python_dop_operator_3.py
[2024-01-11T18:59:39.418+0000] {processor.py:840} INFO - DAG(s) 'example_branch_dop_operator_v3' retrieved from /home/airflow/.local/lib/python3.8/site-packages/airflow/example_dags/example_branch_python_dop_operator_3.py
[2024-01-11T18:59:39.429+0000] {logging_mixin.py:188} INFO - [2024-01-11T18:59:39.429+0000] {dag.py:3033} INFO - Sync 1 DAGs
[2024-01-11T18:59:39.442+0000] {logging_mixin.py:188} INFO - [2024-01-11T18:59:39.442+0000] {dag.py:3820} INFO - Setting next_dagrun for example_branch_dop_operator_v3 to 2024-01-11T18:58:00+00:00, run_after=2024-01-11T18:59:00+00:00
[2024-01-11T18:59:39.451+0000] {processor.py:183} INFO - Processing /home/airflow/.local/lib/python3.8/site-packages/airflow/example_dags/example_branch_python_dop_operator_3.py took 0.042 seconds
[2024-01-11T19:00:10.266+0000] {processor.py:161} INFO - Started process (PID=353) to work on /home/airflow/.local/lib/python3.8/site-packages/airflow/example_dags/example_branch_python_dop_operator_3.py
[2024-01-11T19:00:10.267+0000] {processor.py:830} INFO - Processing file /home/airflow/.local/lib/python3.8/site-packages/airflow/example_dags/example_branch_python_dop_operator_3.py for tasks to queue
[2024-01-11T19:00:10.268+0000] {logging_mixin.py:188} INFO - [2024-01-11T19:00:10.268+0000] {dagbag.py:538} INFO - Filling up the DagBag from /home/airflow/.local/lib/python3.8/site-packages/airflow/example_dags/example_branch_python_dop_operator_3.py
[2024-01-11T19:00:10.274+0000] {processor.py:840} INFO - DAG(s) 'example_branch_dop_operator_v3' retrieved from /home/airflow/.local/lib/python3.8/site-packages/airflow/example_dags/example_branch_python_dop_operator_3.py
[2024-01-11T19:00:10.286+0000] {logging_mixin.py:188} INFO - [2024-01-11T19:00:10.286+0000] {dag.py:3033} INFO - Sync 1 DAGs
[2024-01-11T19:00:10.299+0000] {logging_mixin.py:188} INFO - [2024-01-11T19:00:10.299+0000] {dag.py:3820} INFO - Setting next_dagrun for example_branch_dop_operator_v3 to 2024-01-11T18:59:00+00:00, run_after=2024-01-11T19:00:00+00:00
[2024-01-11T19:00:10.308+0000] {processor.py:183} INFO - Processing /home/airflow/.local/lib/python3.8/site-packages/airflow/example_dags/example_branch_python_dop_operator_3.py took 0.045 seconds
[2024-01-11T19:00:40.960+0000] {processor.py:161} INFO - Started process (PID=409) to work on /home/airflow/.local/lib/python3.8/site-packages/airflow/example_dags/example_branch_python_dop_operator_3.py
[2024-01-11T19:00:40.960+0000] {processor.py:830} INFO - Processing file /home/airflow/.local/lib/python3.8/site-packages/airflow/example_dags/example_branch_python_dop_operator_3.py for tasks to queue
[2024-01-11T19:00:40.962+0000] {logging_mixin.py:188} INFO - [2024-01-11T19:00:40.962+0000] {dagbag.py:538} INFO - Filling up the DagBag from /home/airflow/.local/lib/python3.8/site-packages/airflow/example_dags/example_branch_python_dop_operator_3.py
[2024-01-11T19:00:40.967+0000] {processor.py:840} INFO - DAG(s) 'example_branch_dop_operator_v3' retrieved from /home/airflow/.local/lib/python3.8/site-packages/airflow/example_dags/example_branch_python_dop_operator_3.py
[2024-01-11T19:00:40.978+0000] {logging_mixin.py:188} INFO - [2024-01-11T19:00:40.978+0000] {dag.py:3033} INFO - Sync 1 DAGs
[2024-01-11T19:00:40.990+0000] {logging_mixin.py:188} INFO - [2024-01-11T19:00:40.990+0000] {dag.py:3820} INFO - Setting next_dagrun for example_branch_dop_operator_v3 to 2024-01-11T18:59:00+00:00, run_after=2024-01-11T19:00:00+00:00
[2024-01-11T19:00:40.998+0000] {processor.py:183} INFO - Processing /home/airflow/.local/lib/python3.8/site-packages/airflow/example_dags/example_branch_python_dop_operator_3.py took 0.041 seconds
[2024-01-11T19:01:11.912+0000] {processor.py:161} INFO - Started process (PID=465) to work on /home/airflow/.local/lib/python3.8/site-packages/airflow/example_dags/example_branch_python_dop_operator_3.py
[2024-01-11T19:01:11.913+0000] {processor.py:830} INFO - Processing file /home/airflow/.local/lib/python3.8/site-packages/airflow/example_dags/example_branch_python_dop_operator_3.py for tasks to queue
[2024-01-11T19:01:11.915+0000] {logging_mixin.py:188} INFO - [2024-01-11T19:01:11.915+0000] {dagbag.py:538} INFO - Filling up the DagBag from /home/airflow/.local/lib/python3.8/site-packages/airflow/example_dags/example_branch_python_dop_operator_3.py
[2024-01-11T19:01:11.920+0000] {processor.py:840} INFO - DAG(s) 'example_branch_dop_operator_v3' retrieved from /home/airflow/.local/lib/python3.8/site-packages/airflow/example_dags/example_branch_python_dop_operator_3.py
[2024-01-11T19:01:11.931+0000] {logging_mixin.py:188} INFO - [2024-01-11T19:01:11.931+0000] {dag.py:3033} INFO - Sync 1 DAGs
[2024-01-11T19:01:11.944+0000] {logging_mixin.py:188} INFO - [2024-01-11T19:01:11.944+0000] {dag.py:3820} INFO - Setting next_dagrun for example_branch_dop_operator_v3 to 2024-01-11T19:00:00+00:00, run_after=2024-01-11T19:01:00+00:00
[2024-01-11T19:01:11.952+0000] {processor.py:183} INFO - Processing /home/airflow/.local/lib/python3.8/site-packages/airflow/example_dags/example_branch_python_dop_operator_3.py took 0.042 seconds
[2024-01-11T19:01:42.918+0000] {processor.py:161} INFO - Started process (PID=521) to work on /home/airflow/.local/lib/python3.8/site-packages/airflow/example_dags/example_branch_python_dop_operator_3.py
[2024-01-11T19:01:42.919+0000] {processor.py:830} INFO - Processing file /home/airflow/.local/lib/python3.8/site-packages/airflow/example_dags/example_branch_python_dop_operator_3.py for tasks to queue
[2024-01-11T19:01:42.920+0000] {logging_mixin.py:188} INFO - [2024-01-11T19:01:42.920+0000] {dagbag.py:538} INFO - Filling up the DagBag from /home/airflow/.local/lib/python3.8/site-packages/airflow/example_dags/example_branch_python_dop_operator_3.py
[2024-01-11T19:01:42.926+0000] {processor.py:840} INFO - DAG(s) 'example_branch_dop_operator_v3' retrieved from /home/airflow/.local/lib/python3.8/site-packages/airflow/example_dags/example_branch_python_dop_operator_3.py
[2024-01-11T19:01:42.937+0000] {logging_mixin.py:188} INFO - [2024-01-11T19:01:42.936+0000] {dag.py:3033} INFO - Sync 1 DAGs
[2024-01-11T19:01:42.949+0000] {logging_mixin.py:188} INFO - [2024-01-11T19:01:42.948+0000] {dag.py:3820} INFO - Setting next_dagrun for example_branch_dop_operator_v3 to 2024-01-11T19:00:00+00:00, run_after=2024-01-11T19:01:00+00:00
[2024-01-11T19:01:42.957+0000] {processor.py:183} INFO - Processing /home/airflow/.local/lib/python3.8/site-packages/airflow/example_dags/example_branch_python_dop_operator_3.py took 0.041 seconds
[2024-01-11T19:02:13.741+0000] {processor.py:161} INFO - Started process (PID=577) to work on /home/airflow/.local/lib/python3.8/site-packages/airflow/example_dags/example_branch_python_dop_operator_3.py
[2024-01-11T19:02:13.742+0000] {processor.py:830} INFO - Processing file /home/airflow/.local/lib/python3.8/site-packages/airflow/example_dags/example_branch_python_dop_operator_3.py for tasks to queue
[2024-01-11T19:02:13.744+0000] {logging_mixin.py:188} INFO - [2024-01-11T19:02:13.743+0000] {dagbag.py:538} INFO - Filling up the DagBag from /home/airflow/.local/lib/python3.8/site-packages/airflow/example_dags/example_branch_python_dop_operator_3.py
[2024-01-11T19:02:13.749+0000] {processor.py:840} INFO - DAG(s) 'example_branch_dop_operator_v3' retrieved from /home/airflow/.local/lib/python3.8/site-packages/airflow/example_dags/example_branch_python_dop_operator_3.py
[2024-01-11T19:02:13.760+0000] {logging_mixin.py:188} INFO - [2024-01-11T19:02:13.760+0000] {dag.py:3033} INFO - Sync 1 DAGs
[2024-01-11T19:02:13.773+0000] {logging_mixin.py:188} INFO - [2024-01-11T19:02:13.773+0000] {dag.py:3820} INFO - Setting next_dagrun for example_branch_dop_operator_v3 to 2024-01-11T19:01:00+00:00, run_after=2024-01-11T19:02:00+00:00
[2024-01-11T19:02:13.781+0000] {processor.py:183} INFO - Processing /home/airflow/.local/lib/python3.8/site-packages/airflow/example_dags/example_branch_python_dop_operator_3.py took 0.042 seconds
[2024-01-11T19:02:44.569+0000] {processor.py:161} INFO - Started process (PID=633) to work on /home/airflow/.local/lib/python3.8/site-packages/airflow/example_dags/example_branch_python_dop_operator_3.py
[2024-01-11T19:02:44.570+0000] {processor.py:830} INFO - Processing file /home/airflow/.local/lib/python3.8/site-packages/airflow/example_dags/example_branch_python_dop_operator_3.py for tasks to queue
[2024-01-11T19:02:44.571+0000] {logging_mixin.py:188} INFO - [2024-01-11T19:02:44.571+0000] {dagbag.py:538} INFO - Filling up the DagBag from /home/airflow/.local/lib/python3.8/site-packages/airflow/example_dags/example_branch_python_dop_operator_3.py
[2024-01-11T19:02:44.577+0000] {processor.py:840} INFO - DAG(s) 'example_branch_dop_operator_v3' retrieved from /home/airflow/.local/lib/python3.8/site-packages/airflow/example_dags/example_branch_python_dop_operator_3.py
[2024-01-11T19:02:44.589+0000] {logging_mixin.py:188} INFO - [2024-01-11T19:02:44.589+0000] {dag.py:3033} INFO - Sync 1 DAGs
[2024-01-11T19:02:44.602+0000] {logging_mixin.py:188} INFO - [2024-01-11T19:02:44.602+0000] {dag.py:3820} INFO - Setting next_dagrun for example_branch_dop_operator_v3 to 2024-01-11T19:01:00+00:00, run_after=2024-01-11T19:02:00+00:00
[2024-01-11T19:02:44.611+0000] {processor.py:183} INFO - Processing /home/airflow/.local/lib/python3.8/site-packages/airflow/example_dags/example_branch_python_dop_operator_3.py took 0.044 seconds
[2024-01-11T19:03:15.455+0000] {processor.py:161} INFO - Started process (PID=688) to work on /home/airflow/.local/lib/python3.8/site-packages/airflow/example_dags/example_branch_python_dop_operator_3.py
[2024-01-11T19:03:15.455+0000] {processor.py:830} INFO - Processing file /home/airflow/.local/lib/python3.8/site-packages/airflow/example_dags/example_branch_python_dop_operator_3.py for tasks to queue
[2024-01-11T19:03:15.457+0000] {logging_mixin.py:188} INFO - [2024-01-11T19:03:15.457+0000] {dagbag.py:538} INFO - Filling up the DagBag from /home/airflow/.local/lib/python3.8/site-packages/airflow/example_dags/example_branch_python_dop_operator_3.py
[2024-01-11T19:03:15.462+0000] {processor.py:840} INFO - DAG(s) 'example_branch_dop_operator_v3' retrieved from /home/airflow/.local/lib/python3.8/site-packages/airflow/example_dags/example_branch_python_dop_operator_3.py
[2024-01-11T19:03:15.473+0000] {logging_mixin.py:188} INFO - [2024-01-11T19:03:15.473+0000] {dag.py:3033} INFO - Sync 1 DAGs
[2024-01-11T19:03:15.486+0000] {logging_mixin.py:188} INFO - [2024-01-11T19:03:15.486+0000] {dag.py:3820} INFO - Setting next_dagrun for example_branch_dop_operator_v3 to 2024-01-11T19:02:00+00:00, run_after=2024-01-11T19:03:00+00:00
[2024-01-11T19:03:15.494+0000] {processor.py:183} INFO - Processing /home/airflow/.local/lib/python3.8/site-packages/airflow/example_dags/example_branch_python_dop_operator_3.py took 0.042 seconds
[2024-01-11T19:03:45.564+0000] {processor.py:161} INFO - Started process (PID=744) to work on /home/airflow/.local/lib/python3.8/site-packages/airflow/example_dags/example_branch_python_dop_operator_3.py
[2024-01-11T19:03:45.565+0000] {processor.py:830} INFO - Processing file /home/airflow/.local/lib/python3.8/site-packages/airflow/example_dags/example_branch_python_dop_operator_3.py for tasks to queue
[2024-01-11T19:03:45.566+0000] {logging_mixin.py:188} INFO - [2024-01-11T19:03:45.566+0000] {dagbag.py:538} INFO - Filling up the DagBag from /home/airflow/.local/lib/python3.8/site-packages/airflow/example_dags/example_branch_python_dop_operator_3.py
[2024-01-11T19:03:45.572+0000] {processor.py:840} INFO - DAG(s) 'example_branch_dop_operator_v3' retrieved from /home/airflow/.local/lib/python3.8/site-packages/airflow/example_dags/example_branch_python_dop_operator_3.py
[2024-01-11T19:03:45.584+0000] {logging_mixin.py:188} INFO - [2024-01-11T19:03:45.584+0000] {dag.py:3033} INFO - Sync 1 DAGs
[2024-01-11T19:03:45.598+0000] {logging_mixin.py:188} INFO - [2024-01-11T19:03:45.598+0000] {dag.py:3820} INFO - Setting next_dagrun for example_branch_dop_operator_v3 to 2024-01-11T19:02:00+00:00, run_after=2024-01-11T19:03:00+00:00
[2024-01-11T19:03:45.608+0000] {processor.py:183} INFO - Processing /home/airflow/.local/lib/python3.8/site-packages/airflow/example_dags/example_branch_python_dop_operator_3.py took 0.046 seconds
[2024-01-11T19:04:15.726+0000] {processor.py:161} INFO - Started process (PID=800) to work on /home/airflow/.local/lib/python3.8/site-packages/airflow/example_dags/example_branch_python_dop_operator_3.py
[2024-01-11T19:04:15.727+0000] {processor.py:830} INFO - Processing file /home/airflow/.local/lib/python3.8/site-packages/airflow/example_dags/example_branch_python_dop_operator_3.py for tasks to queue
[2024-01-11T19:04:15.728+0000] {logging_mixin.py:188} INFO - [2024-01-11T19:04:15.728+0000] {dagbag.py:538} INFO - Filling up the DagBag from /home/airflow/.local/lib/python3.8/site-packages/airflow/example_dags/example_branch_python_dop_operator_3.py
[2024-01-11T19:04:15.734+0000] {processor.py:840} INFO - DAG(s) 'example_branch_dop_operator_v3' retrieved from /home/airflow/.local/lib/python3.8/site-packages/airflow/example_dags/example_branch_python_dop_operator_3.py
[2024-01-11T19:04:15.745+0000] {logging_mixin.py:188} INFO - [2024-01-11T19:04:15.745+0000] {dag.py:3033} INFO - Sync 1 DAGs
[2024-01-11T19:04:15.759+0000] {logging_mixin.py:188} INFO - [2024-01-11T19:04:15.759+0000] {dag.py:3820} INFO - Setting next_dagrun for example_branch_dop_operator_v3 to 2024-01-11T19:03:00+00:00, run_after=2024-01-11T19:04:00+00:00
[2024-01-11T19:04:15.767+0000] {processor.py:183} INFO - Processing /home/airflow/.local/lib/python3.8/site-packages/airflow/example_dags/example_branch_python_dop_operator_3.py took 0.043 seconds
[2024-01-11T19:04:46.511+0000] {processor.py:161} INFO - Started process (PID=856) to work on /home/airflow/.local/lib/python3.8/site-packages/airflow/example_dags/example_branch_python_dop_operator_3.py
[2024-01-11T19:04:46.511+0000] {processor.py:830} INFO - Processing file /home/airflow/.local/lib/python3.8/site-packages/airflow/example_dags/example_branch_python_dop_operator_3.py for tasks to queue
[2024-01-11T19:04:46.513+0000] {logging_mixin.py:188} INFO - [2024-01-11T19:04:46.513+0000] {dagbag.py:538} INFO - Filling up the DagBag from /home/airflow/.local/lib/python3.8/site-packages/airflow/example_dags/example_branch_python_dop_operator_3.py
[2024-01-11T19:04:46.518+0000] {processor.py:840} INFO - DAG(s) 'example_branch_dop_operator_v3' retrieved from /home/airflow/.local/lib/python3.8/site-packages/airflow/example_dags/example_branch_python_dop_operator_3.py
[2024-01-11T19:04:46.530+0000] {logging_mixin.py:188} INFO - [2024-01-11T19:04:46.530+0000] {dag.py:3033} INFO - Sync 1 DAGs
[2024-01-11T19:04:46.543+0000] {logging_mixin.py:188} INFO - [2024-01-11T19:04:46.543+0000] {dag.py:3820} INFO - Setting next_dagrun for example_branch_dop_operator_v3 to 2024-01-11T19:03:00+00:00, run_after=2024-01-11T19:04:00+00:00
[2024-01-11T19:04:46.552+0000] {processor.py:183} INFO - Processing /home/airflow/.local/lib/python3.8/site-packages/airflow/example_dags/example_branch_python_dop_operator_3.py took 0.044 seconds
