[2024-01-11T18:57:36.034+0000] {processor.py:161} INFO - Started process (PID=51) to work on /home/airflow/.local/lib/python3.8/site-packages/airflow/example_dags/example_external_task_marker_dag.py
[2024-01-11T18:57:36.035+0000] {processor.py:830} INFO - Processing file /home/airflow/.local/lib/python3.8/site-packages/airflow/example_dags/example_external_task_marker_dag.py for tasks to queue
[2024-01-11T18:57:36.038+0000] {logging_mixin.py:188} INFO - [2024-01-11T18:57:36.038+0000] {dagbag.py:538} INFO - Filling up the DagBag from /home/airflow/.local/lib/python3.8/site-packages/airflow/example_dags/example_external_task_marker_dag.py
[2024-01-11T18:57:36.049+0000] {processor.py:840} INFO - DAG(s) 'example_external_task_marker_child', 'example_external_task_marker_parent' retrieved from /home/airflow/.local/lib/python3.8/site-packages/airflow/example_dags/example_external_task_marker_dag.py
[2024-01-11T18:57:36.066+0000] {logging_mixin.py:188} INFO - [2024-01-11T18:57:36.066+0000] {dag.py:3033} INFO - Sync 2 DAGs
[2024-01-11T18:57:36.083+0000] {logging_mixin.py:188} INFO - [2024-01-11T18:57:36.083+0000] {dag.py:3820} INFO - Setting next_dagrun for example_external_task_marker_child to None, run_after=None
[2024-01-11T18:57:36.086+0000] {logging_mixin.py:188} INFO - [2024-01-11T18:57:36.086+0000] {dag.py:3820} INFO - Setting next_dagrun for example_external_task_marker_parent to None, run_after=None
[2024-01-11T18:57:36.103+0000] {processor.py:183} INFO - Processing /home/airflow/.local/lib/python3.8/site-packages/airflow/example_dags/example_external_task_marker_dag.py took 0.074 seconds
[2024-01-11T18:58:06.448+0000] {processor.py:161} INFO - Started process (PID=107) to work on /home/airflow/.local/lib/python3.8/site-packages/airflow/example_dags/example_external_task_marker_dag.py
[2024-01-11T18:58:06.449+0000] {processor.py:830} INFO - Processing file /home/airflow/.local/lib/python3.8/site-packages/airflow/example_dags/example_external_task_marker_dag.py for tasks to queue
[2024-01-11T18:58:06.450+0000] {logging_mixin.py:188} INFO - [2024-01-11T18:58:06.450+0000] {dagbag.py:538} INFO - Filling up the DagBag from /home/airflow/.local/lib/python3.8/site-packages/airflow/example_dags/example_external_task_marker_dag.py
[2024-01-11T18:58:06.453+0000] {processor.py:840} INFO - DAG(s) 'example_external_task_marker_parent', 'example_external_task_marker_child' retrieved from /home/airflow/.local/lib/python3.8/site-packages/airflow/example_dags/example_external_task_marker_dag.py
[2024-01-11T18:58:06.505+0000] {logging_mixin.py:188} INFO - [2024-01-11T18:58:06.504+0000] {dag.py:3033} INFO - Sync 2 DAGs
[2024-01-11T18:58:06.510+0000] {logging_mixin.py:188} INFO - [2024-01-11T18:58:06.510+0000] {dag.py:3820} INFO - Setting next_dagrun for example_external_task_marker_child to None, run_after=None
[2024-01-11T18:58:06.511+0000] {logging_mixin.py:188} INFO - [2024-01-11T18:58:06.511+0000] {dag.py:3820} INFO - Setting next_dagrun for example_external_task_marker_parent to None, run_after=None
[2024-01-11T18:58:06.520+0000] {processor.py:183} INFO - Processing /home/airflow/.local/lib/python3.8/site-packages/airflow/example_dags/example_external_task_marker_dag.py took 0.074 seconds
[2024-01-11T18:58:37.043+0000] {processor.py:161} INFO - Started process (PID=163) to work on /home/airflow/.local/lib/python3.8/site-packages/airflow/example_dags/example_external_task_marker_dag.py
[2024-01-11T18:58:37.044+0000] {processor.py:830} INFO - Processing file /home/airflow/.local/lib/python3.8/site-packages/airflow/example_dags/example_external_task_marker_dag.py for tasks to queue
[2024-01-11T18:58:37.045+0000] {logging_mixin.py:188} INFO - [2024-01-11T18:58:37.045+0000] {dagbag.py:538} INFO - Filling up the DagBag from /home/airflow/.local/lib/python3.8/site-packages/airflow/example_dags/example_external_task_marker_dag.py
[2024-01-11T18:58:37.049+0000] {processor.py:840} INFO - DAG(s) 'example_external_task_marker_parent', 'example_external_task_marker_child' retrieved from /home/airflow/.local/lib/python3.8/site-packages/airflow/example_dags/example_external_task_marker_dag.py
[2024-01-11T18:58:37.062+0000] {logging_mixin.py:188} INFO - [2024-01-11T18:58:37.062+0000] {dag.py:3033} INFO - Sync 2 DAGs
[2024-01-11T18:58:37.069+0000] {logging_mixin.py:188} INFO - [2024-01-11T18:58:37.069+0000] {dag.py:3820} INFO - Setting next_dagrun for example_external_task_marker_child to None, run_after=None
[2024-01-11T18:58:37.071+0000] {logging_mixin.py:188} INFO - [2024-01-11T18:58:37.071+0000] {dag.py:3820} INFO - Setting next_dagrun for example_external_task_marker_parent to None, run_after=None
[2024-01-11T18:58:37.079+0000] {processor.py:183} INFO - Processing /home/airflow/.local/lib/python3.8/site-packages/airflow/example_dags/example_external_task_marker_dag.py took 0.039 seconds
[2024-01-11T18:59:07.918+0000] {processor.py:161} INFO - Started process (PID=219) to work on /home/airflow/.local/lib/python3.8/site-packages/airflow/example_dags/example_external_task_marker_dag.py
[2024-01-11T18:59:07.918+0000] {processor.py:830} INFO - Processing file /home/airflow/.local/lib/python3.8/site-packages/airflow/example_dags/example_external_task_marker_dag.py for tasks to queue
[2024-01-11T18:59:07.920+0000] {logging_mixin.py:188} INFO - [2024-01-11T18:59:07.920+0000] {dagbag.py:538} INFO - Filling up the DagBag from /home/airflow/.local/lib/python3.8/site-packages/airflow/example_dags/example_external_task_marker_dag.py
[2024-01-11T18:59:07.924+0000] {processor.py:840} INFO - DAG(s) 'example_external_task_marker_parent', 'example_external_task_marker_child' retrieved from /home/airflow/.local/lib/python3.8/site-packages/airflow/example_dags/example_external_task_marker_dag.py
[2024-01-11T18:59:07.937+0000] {logging_mixin.py:188} INFO - [2024-01-11T18:59:07.937+0000] {dag.py:3033} INFO - Sync 2 DAGs
[2024-01-11T18:59:07.944+0000] {logging_mixin.py:188} INFO - [2024-01-11T18:59:07.944+0000] {dag.py:3820} INFO - Setting next_dagrun for example_external_task_marker_child to None, run_after=None
[2024-01-11T18:59:07.946+0000] {logging_mixin.py:188} INFO - [2024-01-11T18:59:07.946+0000] {dag.py:3820} INFO - Setting next_dagrun for example_external_task_marker_parent to None, run_after=None
[2024-01-11T18:59:07.955+0000] {processor.py:183} INFO - Processing /home/airflow/.local/lib/python3.8/site-packages/airflow/example_dags/example_external_task_marker_dag.py took 0.039 seconds
[2024-01-11T18:59:38.796+0000] {processor.py:161} INFO - Started process (PID=275) to work on /home/airflow/.local/lib/python3.8/site-packages/airflow/example_dags/example_external_task_marker_dag.py
[2024-01-11T18:59:38.796+0000] {processor.py:830} INFO - Processing file /home/airflow/.local/lib/python3.8/site-packages/airflow/example_dags/example_external_task_marker_dag.py for tasks to queue
[2024-01-11T18:59:38.798+0000] {logging_mixin.py:188} INFO - [2024-01-11T18:59:38.798+0000] {dagbag.py:538} INFO - Filling up the DagBag from /home/airflow/.local/lib/python3.8/site-packages/airflow/example_dags/example_external_task_marker_dag.py
[2024-01-11T18:59:38.802+0000] {processor.py:840} INFO - DAG(s) 'example_external_task_marker_parent', 'example_external_task_marker_child' retrieved from /home/airflow/.local/lib/python3.8/site-packages/airflow/example_dags/example_external_task_marker_dag.py
[2024-01-11T18:59:38.815+0000] {logging_mixin.py:188} INFO - [2024-01-11T18:59:38.815+0000] {dag.py:3033} INFO - Sync 2 DAGs
[2024-01-11T18:59:38.822+0000] {logging_mixin.py:188} INFO - [2024-01-11T18:59:38.822+0000] {dag.py:3820} INFO - Setting next_dagrun for example_external_task_marker_child to None, run_after=None
[2024-01-11T18:59:38.824+0000] {logging_mixin.py:188} INFO - [2024-01-11T18:59:38.824+0000] {dag.py:3820} INFO - Setting next_dagrun for example_external_task_marker_parent to None, run_after=None
[2024-01-11T18:59:38.833+0000] {processor.py:183} INFO - Processing /home/airflow/.local/lib/python3.8/site-packages/airflow/example_dags/example_external_task_marker_dag.py took 0.039 seconds
[2024-01-11T19:00:09.654+0000] {processor.py:161} INFO - Started process (PID=331) to work on /home/airflow/.local/lib/python3.8/site-packages/airflow/example_dags/example_external_task_marker_dag.py
[2024-01-11T19:00:09.655+0000] {processor.py:830} INFO - Processing file /home/airflow/.local/lib/python3.8/site-packages/airflow/example_dags/example_external_task_marker_dag.py for tasks to queue
[2024-01-11T19:00:09.656+0000] {logging_mixin.py:188} INFO - [2024-01-11T19:00:09.656+0000] {dagbag.py:538} INFO - Filling up the DagBag from /home/airflow/.local/lib/python3.8/site-packages/airflow/example_dags/example_external_task_marker_dag.py
[2024-01-11T19:00:09.660+0000] {processor.py:840} INFO - DAG(s) 'example_external_task_marker_parent', 'example_external_task_marker_child' retrieved from /home/airflow/.local/lib/python3.8/site-packages/airflow/example_dags/example_external_task_marker_dag.py
[2024-01-11T19:00:09.674+0000] {logging_mixin.py:188} INFO - [2024-01-11T19:00:09.674+0000] {dag.py:3033} INFO - Sync 2 DAGs
[2024-01-11T19:00:09.681+0000] {logging_mixin.py:188} INFO - [2024-01-11T19:00:09.681+0000] {dag.py:3820} INFO - Setting next_dagrun for example_external_task_marker_child to None, run_after=None
[2024-01-11T19:00:09.683+0000] {logging_mixin.py:188} INFO - [2024-01-11T19:00:09.683+0000] {dag.py:3820} INFO - Setting next_dagrun for example_external_task_marker_parent to None, run_after=None
[2024-01-11T19:00:09.691+0000] {processor.py:183} INFO - Processing /home/airflow/.local/lib/python3.8/site-packages/airflow/example_dags/example_external_task_marker_dag.py took 0.039 seconds
[2024-01-11T19:00:40.356+0000] {processor.py:161} INFO - Started process (PID=387) to work on /home/airflow/.local/lib/python3.8/site-packages/airflow/example_dags/example_external_task_marker_dag.py
[2024-01-11T19:00:40.356+0000] {processor.py:830} INFO - Processing file /home/airflow/.local/lib/python3.8/site-packages/airflow/example_dags/example_external_task_marker_dag.py for tasks to queue
[2024-01-11T19:00:40.358+0000] {logging_mixin.py:188} INFO - [2024-01-11T19:00:40.358+0000] {dagbag.py:538} INFO - Filling up the DagBag from /home/airflow/.local/lib/python3.8/site-packages/airflow/example_dags/example_external_task_marker_dag.py
[2024-01-11T19:00:40.362+0000] {processor.py:840} INFO - DAG(s) 'example_external_task_marker_child', 'example_external_task_marker_parent' retrieved from /home/airflow/.local/lib/python3.8/site-packages/airflow/example_dags/example_external_task_marker_dag.py
[2024-01-11T19:00:40.375+0000] {logging_mixin.py:188} INFO - [2024-01-11T19:00:40.375+0000] {dag.py:3033} INFO - Sync 2 DAGs
[2024-01-11T19:00:40.383+0000] {logging_mixin.py:188} INFO - [2024-01-11T19:00:40.382+0000] {dag.py:3820} INFO - Setting next_dagrun for example_external_task_marker_child to None, run_after=None
[2024-01-11T19:00:40.385+0000] {logging_mixin.py:188} INFO - [2024-01-11T19:00:40.385+0000] {dag.py:3820} INFO - Setting next_dagrun for example_external_task_marker_parent to None, run_after=None
[2024-01-11T19:00:40.393+0000] {processor.py:183} INFO - Processing /home/airflow/.local/lib/python3.8/site-packages/airflow/example_dags/example_external_task_marker_dag.py took 0.040 seconds
[2024-01-11T19:01:11.147+0000] {processor.py:161} INFO - Started process (PID=443) to work on /home/airflow/.local/lib/python3.8/site-packages/airflow/example_dags/example_external_task_marker_dag.py
[2024-01-11T19:01:11.147+0000] {processor.py:830} INFO - Processing file /home/airflow/.local/lib/python3.8/site-packages/airflow/example_dags/example_external_task_marker_dag.py for tasks to queue
[2024-01-11T19:01:11.149+0000] {logging_mixin.py:188} INFO - [2024-01-11T19:01:11.149+0000] {dagbag.py:538} INFO - Filling up the DagBag from /home/airflow/.local/lib/python3.8/site-packages/airflow/example_dags/example_external_task_marker_dag.py
[2024-01-11T19:01:11.152+0000] {processor.py:840} INFO - DAG(s) 'example_external_task_marker_child', 'example_external_task_marker_parent' retrieved from /home/airflow/.local/lib/python3.8/site-packages/airflow/example_dags/example_external_task_marker_dag.py
[2024-01-11T19:01:11.164+0000] {logging_mixin.py:188} INFO - [2024-01-11T19:01:11.164+0000] {dag.py:3033} INFO - Sync 2 DAGs
[2024-01-11T19:01:11.171+0000] {logging_mixin.py:188} INFO - [2024-01-11T19:01:11.171+0000] {dag.py:3820} INFO - Setting next_dagrun for example_external_task_marker_child to None, run_after=None
[2024-01-11T19:01:11.173+0000] {logging_mixin.py:188} INFO - [2024-01-11T19:01:11.173+0000] {dag.py:3820} INFO - Setting next_dagrun for example_external_task_marker_parent to None, run_after=None
[2024-01-11T19:01:11.182+0000] {processor.py:183} INFO - Processing /home/airflow/.local/lib/python3.8/site-packages/airflow/example_dags/example_external_task_marker_dag.py took 0.038 seconds
[2024-01-11T19:01:41.199+0000] {processor.py:161} INFO - Started process (PID=498) to work on /home/airflow/.local/lib/python3.8/site-packages/airflow/example_dags/example_external_task_marker_dag.py
[2024-01-11T19:01:41.199+0000] {processor.py:830} INFO - Processing file /home/airflow/.local/lib/python3.8/site-packages/airflow/example_dags/example_external_task_marker_dag.py for tasks to queue
[2024-01-11T19:01:41.201+0000] {logging_mixin.py:188} INFO - [2024-01-11T19:01:41.201+0000] {dagbag.py:538} INFO - Filling up the DagBag from /home/airflow/.local/lib/python3.8/site-packages/airflow/example_dags/example_external_task_marker_dag.py
[2024-01-11T19:01:41.205+0000] {processor.py:840} INFO - DAG(s) 'example_external_task_marker_child', 'example_external_task_marker_parent' retrieved from /home/airflow/.local/lib/python3.8/site-packages/airflow/example_dags/example_external_task_marker_dag.py
[2024-01-11T19:01:41.218+0000] {logging_mixin.py:188} INFO - [2024-01-11T19:01:41.218+0000] {dag.py:3033} INFO - Sync 2 DAGs
[2024-01-11T19:01:41.225+0000] {logging_mixin.py:188} INFO - [2024-01-11T19:01:41.225+0000] {dag.py:3820} INFO - Setting next_dagrun for example_external_task_marker_child to None, run_after=None
[2024-01-11T19:01:41.227+0000] {logging_mixin.py:188} INFO - [2024-01-11T19:01:41.227+0000] {dag.py:3820} INFO - Setting next_dagrun for example_external_task_marker_parent to None, run_after=None
[2024-01-11T19:01:41.236+0000] {processor.py:183} INFO - Processing /home/airflow/.local/lib/python3.8/site-packages/airflow/example_dags/example_external_task_marker_dag.py took 0.039 seconds
[2024-01-11T19:02:12.103+0000] {processor.py:161} INFO - Started process (PID=555) to work on /home/airflow/.local/lib/python3.8/site-packages/airflow/example_dags/example_external_task_marker_dag.py
[2024-01-11T19:02:12.104+0000] {processor.py:830} INFO - Processing file /home/airflow/.local/lib/python3.8/site-packages/airflow/example_dags/example_external_task_marker_dag.py for tasks to queue
[2024-01-11T19:02:12.105+0000] {logging_mixin.py:188} INFO - [2024-01-11T19:02:12.105+0000] {dagbag.py:538} INFO - Filling up the DagBag from /home/airflow/.local/lib/python3.8/site-packages/airflow/example_dags/example_external_task_marker_dag.py
[2024-01-11T19:02:12.109+0000] {processor.py:840} INFO - DAG(s) 'example_external_task_marker_parent', 'example_external_task_marker_child' retrieved from /home/airflow/.local/lib/python3.8/site-packages/airflow/example_dags/example_external_task_marker_dag.py
[2024-01-11T19:02:12.123+0000] {logging_mixin.py:188} INFO - [2024-01-11T19:02:12.122+0000] {dag.py:3033} INFO - Sync 2 DAGs
[2024-01-11T19:02:12.130+0000] {logging_mixin.py:188} INFO - [2024-01-11T19:02:12.130+0000] {dag.py:3820} INFO - Setting next_dagrun for example_external_task_marker_child to None, run_after=None
[2024-01-11T19:02:12.132+0000] {logging_mixin.py:188} INFO - [2024-01-11T19:02:12.132+0000] {dag.py:3820} INFO - Setting next_dagrun for example_external_task_marker_parent to None, run_after=None
[2024-01-11T19:02:12.140+0000] {processor.py:183} INFO - Processing /home/airflow/.local/lib/python3.8/site-packages/airflow/example_dags/example_external_task_marker_dag.py took 0.039 seconds
[2024-01-11T19:02:42.910+0000] {processor.py:161} INFO - Started process (PID=611) to work on /home/airflow/.local/lib/python3.8/site-packages/airflow/example_dags/example_external_task_marker_dag.py
[2024-01-11T19:02:42.911+0000] {processor.py:830} INFO - Processing file /home/airflow/.local/lib/python3.8/site-packages/airflow/example_dags/example_external_task_marker_dag.py for tasks to queue
[2024-01-11T19:02:42.912+0000] {logging_mixin.py:188} INFO - [2024-01-11T19:02:42.912+0000] {dagbag.py:538} INFO - Filling up the DagBag from /home/airflow/.local/lib/python3.8/site-packages/airflow/example_dags/example_external_task_marker_dag.py
[2024-01-11T19:02:42.916+0000] {processor.py:840} INFO - DAG(s) 'example_external_task_marker_parent', 'example_external_task_marker_child' retrieved from /home/airflow/.local/lib/python3.8/site-packages/airflow/example_dags/example_external_task_marker_dag.py
[2024-01-11T19:02:42.929+0000] {logging_mixin.py:188} INFO - [2024-01-11T19:02:42.929+0000] {dag.py:3033} INFO - Sync 2 DAGs
[2024-01-11T19:02:42.936+0000] {logging_mixin.py:188} INFO - [2024-01-11T19:02:42.936+0000] {dag.py:3820} INFO - Setting next_dagrun for example_external_task_marker_child to None, run_after=None
[2024-01-11T19:02:42.938+0000] {logging_mixin.py:188} INFO - [2024-01-11T19:02:42.938+0000] {dag.py:3820} INFO - Setting next_dagrun for example_external_task_marker_parent to None, run_after=None
[2024-01-11T19:02:42.946+0000] {processor.py:183} INFO - Processing /home/airflow/.local/lib/python3.8/site-packages/airflow/example_dags/example_external_task_marker_dag.py took 0.039 seconds
[2024-01-11T19:03:13.739+0000] {processor.py:161} INFO - Started process (PID=666) to work on /home/airflow/.local/lib/python3.8/site-packages/airflow/example_dags/example_external_task_marker_dag.py
[2024-01-11T19:03:13.740+0000] {processor.py:830} INFO - Processing file /home/airflow/.local/lib/python3.8/site-packages/airflow/example_dags/example_external_task_marker_dag.py for tasks to queue
[2024-01-11T19:03:13.741+0000] {logging_mixin.py:188} INFO - [2024-01-11T19:03:13.741+0000] {dagbag.py:538} INFO - Filling up the DagBag from /home/airflow/.local/lib/python3.8/site-packages/airflow/example_dags/example_external_task_marker_dag.py
[2024-01-11T19:03:13.745+0000] {processor.py:840} INFO - DAG(s) 'example_external_task_marker_child', 'example_external_task_marker_parent' retrieved from /home/airflow/.local/lib/python3.8/site-packages/airflow/example_dags/example_external_task_marker_dag.py
[2024-01-11T19:03:13.757+0000] {logging_mixin.py:188} INFO - [2024-01-11T19:03:13.757+0000] {dag.py:3033} INFO - Sync 2 DAGs
[2024-01-11T19:03:13.764+0000] {logging_mixin.py:188} INFO - [2024-01-11T19:03:13.764+0000] {dag.py:3820} INFO - Setting next_dagrun for example_external_task_marker_child to None, run_after=None
[2024-01-11T19:03:13.765+0000] {logging_mixin.py:188} INFO - [2024-01-11T19:03:13.765+0000] {dag.py:3820} INFO - Setting next_dagrun for example_external_task_marker_parent to None, run_after=None
[2024-01-11T19:03:13.773+0000] {processor.py:183} INFO - Processing /home/airflow/.local/lib/python3.8/site-packages/airflow/example_dags/example_external_task_marker_dag.py took 0.036 seconds
[2024-01-11T19:03:43.830+0000] {processor.py:161} INFO - Started process (PID=722) to work on /home/airflow/.local/lib/python3.8/site-packages/airflow/example_dags/example_external_task_marker_dag.py
[2024-01-11T19:03:43.831+0000] {processor.py:830} INFO - Processing file /home/airflow/.local/lib/python3.8/site-packages/airflow/example_dags/example_external_task_marker_dag.py for tasks to queue
[2024-01-11T19:03:43.833+0000] {logging_mixin.py:188} INFO - [2024-01-11T19:03:43.833+0000] {dagbag.py:538} INFO - Filling up the DagBag from /home/airflow/.local/lib/python3.8/site-packages/airflow/example_dags/example_external_task_marker_dag.py
[2024-01-11T19:03:43.837+0000] {processor.py:840} INFO - DAG(s) 'example_external_task_marker_child', 'example_external_task_marker_parent' retrieved from /home/airflow/.local/lib/python3.8/site-packages/airflow/example_dags/example_external_task_marker_dag.py
[2024-01-11T19:03:43.850+0000] {logging_mixin.py:188} INFO - [2024-01-11T19:03:43.850+0000] {dag.py:3033} INFO - Sync 2 DAGs
[2024-01-11T19:03:43.857+0000] {logging_mixin.py:188} INFO - [2024-01-11T19:03:43.857+0000] {dag.py:3820} INFO - Setting next_dagrun for example_external_task_marker_child to None, run_after=None
[2024-01-11T19:03:43.859+0000] {logging_mixin.py:188} INFO - [2024-01-11T19:03:43.859+0000] {dag.py:3820} INFO - Setting next_dagrun for example_external_task_marker_parent to None, run_after=None
[2024-01-11T19:03:43.869+0000] {processor.py:183} INFO - Processing /home/airflow/.local/lib/python3.8/site-packages/airflow/example_dags/example_external_task_marker_dag.py took 0.041 seconds
[2024-01-11T19:04:14.012+0000] {processor.py:161} INFO - Started process (PID=778) to work on /home/airflow/.local/lib/python3.8/site-packages/airflow/example_dags/example_external_task_marker_dag.py
[2024-01-11T19:04:14.013+0000] {processor.py:830} INFO - Processing file /home/airflow/.local/lib/python3.8/site-packages/airflow/example_dags/example_external_task_marker_dag.py for tasks to queue
[2024-01-11T19:04:14.014+0000] {logging_mixin.py:188} INFO - [2024-01-11T19:04:14.014+0000] {dagbag.py:538} INFO - Filling up the DagBag from /home/airflow/.local/lib/python3.8/site-packages/airflow/example_dags/example_external_task_marker_dag.py
[2024-01-11T19:04:14.018+0000] {processor.py:840} INFO - DAG(s) 'example_external_task_marker_parent', 'example_external_task_marker_child' retrieved from /home/airflow/.local/lib/python3.8/site-packages/airflow/example_dags/example_external_task_marker_dag.py
[2024-01-11T19:04:14.031+0000] {logging_mixin.py:188} INFO - [2024-01-11T19:04:14.031+0000] {dag.py:3033} INFO - Sync 2 DAGs
[2024-01-11T19:04:14.038+0000] {logging_mixin.py:188} INFO - [2024-01-11T19:04:14.037+0000] {dag.py:3820} INFO - Setting next_dagrun for example_external_task_marker_child to None, run_after=None
[2024-01-11T19:04:14.040+0000] {logging_mixin.py:188} INFO - [2024-01-11T19:04:14.039+0000] {dag.py:3820} INFO - Setting next_dagrun for example_external_task_marker_parent to None, run_after=None
[2024-01-11T19:04:14.047+0000] {processor.py:183} INFO - Processing /home/airflow/.local/lib/python3.8/site-packages/airflow/example_dags/example_external_task_marker_dag.py took 0.037 seconds
[2024-01-11T19:04:44.874+0000] {processor.py:161} INFO - Started process (PID=834) to work on /home/airflow/.local/lib/python3.8/site-packages/airflow/example_dags/example_external_task_marker_dag.py
[2024-01-11T19:04:44.875+0000] {processor.py:830} INFO - Processing file /home/airflow/.local/lib/python3.8/site-packages/airflow/example_dags/example_external_task_marker_dag.py for tasks to queue
[2024-01-11T19:04:44.876+0000] {logging_mixin.py:188} INFO - [2024-01-11T19:04:44.876+0000] {dagbag.py:538} INFO - Filling up the DagBag from /home/airflow/.local/lib/python3.8/site-packages/airflow/example_dags/example_external_task_marker_dag.py
[2024-01-11T19:04:44.880+0000] {processor.py:840} INFO - DAG(s) 'example_external_task_marker_child', 'example_external_task_marker_parent' retrieved from /home/airflow/.local/lib/python3.8/site-packages/airflow/example_dags/example_external_task_marker_dag.py
[2024-01-11T19:04:44.893+0000] {logging_mixin.py:188} INFO - [2024-01-11T19:04:44.893+0000] {dag.py:3033} INFO - Sync 2 DAGs
[2024-01-11T19:04:44.900+0000] {logging_mixin.py:188} INFO - [2024-01-11T19:04:44.900+0000] {dag.py:3820} INFO - Setting next_dagrun for example_external_task_marker_child to None, run_after=None
[2024-01-11T19:04:44.902+0000] {logging_mixin.py:188} INFO - [2024-01-11T19:04:44.902+0000] {dag.py:3820} INFO - Setting next_dagrun for example_external_task_marker_parent to None, run_after=None
[2024-01-11T19:04:44.910+0000] {processor.py:183} INFO - Processing /home/airflow/.local/lib/python3.8/site-packages/airflow/example_dags/example_external_task_marker_dag.py took 0.038 seconds
