[2024-01-11T18:57:37.046+0000] {processor.py:161} INFO - Started process (PID=65) to work on /home/airflow/.local/lib/python3.8/site-packages/airflow/example_dags/example_branch_datetime_operator.py
[2024-01-11T18:57:37.047+0000] {processor.py:830} INFO - Processing file /home/airflow/.local/lib/python3.8/site-packages/airflow/example_dags/example_branch_datetime_operator.py for tasks to queue
[2024-01-11T18:57:37.050+0000] {logging_mixin.py:188} INFO - [2024-01-11T18:57:37.049+0000] {dagbag.py:538} INFO - Filling up the DagBag from /home/airflow/.local/lib/python3.8/site-packages/airflow/example_dags/example_branch_datetime_operator.py
[2024-01-11T18:57:37.059+0000] {processor.py:840} INFO - DAG(s) 'example_branch_datetime_operator_3', 'example_branch_datetime_operator_2', 'example_branch_datetime_operator' retrieved from /home/airflow/.local/lib/python3.8/site-packages/airflow/example_dags/example_branch_datetime_operator.py
[2024-01-11T18:57:37.089+0000] {logging_mixin.py:188} INFO - [2024-01-11T18:57:37.088+0000] {dag.py:3033} INFO - Sync 3 DAGs
[2024-01-11T18:57:37.112+0000] {logging_mixin.py:188} INFO - [2024-01-11T18:57:37.112+0000] {dag.py:3820} INFO - Setting next_dagrun for example_branch_datetime_operator to 2024-01-10T00:00:00+00:00, run_after=2024-01-11T00:00:00+00:00
[2024-01-11T18:57:37.116+0000] {logging_mixin.py:188} INFO - [2024-01-11T18:57:37.116+0000] {dag.py:3820} INFO - Setting next_dagrun for example_branch_datetime_operator_2 to 2024-01-10T00:00:00+00:00, run_after=2024-01-11T00:00:00+00:00
[2024-01-11T18:57:37.117+0000] {logging_mixin.py:188} INFO - [2024-01-11T18:57:37.117+0000] {dag.py:3820} INFO - Setting next_dagrun for example_branch_datetime_operator_3 to 2024-01-10T00:00:00+00:00, run_after=2024-01-11T00:00:00+00:00
[2024-01-11T18:57:37.130+0000] {processor.py:183} INFO - Processing /home/airflow/.local/lib/python3.8/site-packages/airflow/example_dags/example_branch_datetime_operator.py took 0.090 seconds
[2024-01-11T18:58:07.316+0000] {processor.py:161} INFO - Started process (PID=121) to work on /home/airflow/.local/lib/python3.8/site-packages/airflow/example_dags/example_branch_datetime_operator.py
[2024-01-11T18:58:07.317+0000] {processor.py:830} INFO - Processing file /home/airflow/.local/lib/python3.8/site-packages/airflow/example_dags/example_branch_datetime_operator.py for tasks to queue
[2024-01-11T18:58:07.318+0000] {logging_mixin.py:188} INFO - [2024-01-11T18:58:07.318+0000] {dagbag.py:538} INFO - Filling up the DagBag from /home/airflow/.local/lib/python3.8/site-packages/airflow/example_dags/example_branch_datetime_operator.py
[2024-01-11T18:58:07.324+0000] {processor.py:840} INFO - DAG(s) 'example_branch_datetime_operator_3', 'example_branch_datetime_operator', 'example_branch_datetime_operator_2' retrieved from /home/airflow/.local/lib/python3.8/site-packages/airflow/example_dags/example_branch_datetime_operator.py
[2024-01-11T18:58:07.383+0000] {logging_mixin.py:188} INFO - [2024-01-11T18:58:07.383+0000] {dag.py:3033} INFO - Sync 3 DAGs
[2024-01-11T18:58:07.395+0000] {logging_mixin.py:188} INFO - [2024-01-11T18:58:07.395+0000] {dag.py:3820} INFO - Setting next_dagrun for example_branch_datetime_operator to 2024-01-10T00:00:00+00:00, run_after=2024-01-11T00:00:00+00:00
[2024-01-11T18:58:07.397+0000] {logging_mixin.py:188} INFO - [2024-01-11T18:58:07.397+0000] {dag.py:3820} INFO - Setting next_dagrun for example_branch_datetime_operator_2 to 2024-01-10T00:00:00+00:00, run_after=2024-01-11T00:00:00+00:00
[2024-01-11T18:58:07.399+0000] {logging_mixin.py:188} INFO - [2024-01-11T18:58:07.398+0000] {dag.py:3820} INFO - Setting next_dagrun for example_branch_datetime_operator_3 to 2024-01-10T00:00:00+00:00, run_after=2024-01-11T00:00:00+00:00
[2024-01-11T18:58:07.409+0000] {processor.py:183} INFO - Processing /home/airflow/.local/lib/python3.8/site-packages/airflow/example_dags/example_branch_datetime_operator.py took 0.095 seconds
[2024-01-11T18:58:37.457+0000] {processor.py:161} INFO - Started process (PID=177) to work on /home/airflow/.local/lib/python3.8/site-packages/airflow/example_dags/example_branch_datetime_operator.py
[2024-01-11T18:58:37.457+0000] {processor.py:830} INFO - Processing file /home/airflow/.local/lib/python3.8/site-packages/airflow/example_dags/example_branch_datetime_operator.py for tasks to queue
[2024-01-11T18:58:37.459+0000] {logging_mixin.py:188} INFO - [2024-01-11T18:58:37.458+0000] {dagbag.py:538} INFO - Filling up the DagBag from /home/airflow/.local/lib/python3.8/site-packages/airflow/example_dags/example_branch_datetime_operator.py
[2024-01-11T18:58:37.464+0000] {processor.py:840} INFO - DAG(s) 'example_branch_datetime_operator', 'example_branch_datetime_operator_3', 'example_branch_datetime_operator_2' retrieved from /home/airflow/.local/lib/python3.8/site-packages/airflow/example_dags/example_branch_datetime_operator.py
[2024-01-11T18:58:37.478+0000] {logging_mixin.py:188} INFO - [2024-01-11T18:58:37.478+0000] {dag.py:3033} INFO - Sync 3 DAGs
[2024-01-11T18:58:37.489+0000] {logging_mixin.py:188} INFO - [2024-01-11T18:58:37.489+0000] {dag.py:3820} INFO - Setting next_dagrun for example_branch_datetime_operator to 2024-01-10T00:00:00+00:00, run_after=2024-01-11T00:00:00+00:00
[2024-01-11T18:58:37.491+0000] {logging_mixin.py:188} INFO - [2024-01-11T18:58:37.491+0000] {dag.py:3820} INFO - Setting next_dagrun for example_branch_datetime_operator_2 to 2024-01-10T00:00:00+00:00, run_after=2024-01-11T00:00:00+00:00
[2024-01-11T18:58:37.492+0000] {logging_mixin.py:188} INFO - [2024-01-11T18:58:37.492+0000] {dag.py:3820} INFO - Setting next_dagrun for example_branch_datetime_operator_3 to 2024-01-10T00:00:00+00:00, run_after=2024-01-11T00:00:00+00:00
[2024-01-11T18:58:37.499+0000] {processor.py:183} INFO - Processing /home/airflow/.local/lib/python3.8/site-packages/airflow/example_dags/example_branch_datetime_operator.py took 0.044 seconds
[2024-01-11T18:59:08.323+0000] {processor.py:161} INFO - Started process (PID=233) to work on /home/airflow/.local/lib/python3.8/site-packages/airflow/example_dags/example_branch_datetime_operator.py
[2024-01-11T18:59:08.324+0000] {processor.py:830} INFO - Processing file /home/airflow/.local/lib/python3.8/site-packages/airflow/example_dags/example_branch_datetime_operator.py for tasks to queue
[2024-01-11T18:59:08.325+0000] {logging_mixin.py:188} INFO - [2024-01-11T18:59:08.325+0000] {dagbag.py:538} INFO - Filling up the DagBag from /home/airflow/.local/lib/python3.8/site-packages/airflow/example_dags/example_branch_datetime_operator.py
[2024-01-11T18:59:08.331+0000] {processor.py:840} INFO - DAG(s) 'example_branch_datetime_operator', 'example_branch_datetime_operator_3', 'example_branch_datetime_operator_2' retrieved from /home/airflow/.local/lib/python3.8/site-packages/airflow/example_dags/example_branch_datetime_operator.py
[2024-01-11T18:59:08.347+0000] {logging_mixin.py:188} INFO - [2024-01-11T18:59:08.347+0000] {dag.py:3033} INFO - Sync 3 DAGs
[2024-01-11T18:59:08.359+0000] {logging_mixin.py:188} INFO - [2024-01-11T18:59:08.359+0000] {dag.py:3820} INFO - Setting next_dagrun for example_branch_datetime_operator to 2024-01-10T00:00:00+00:00, run_after=2024-01-11T00:00:00+00:00
[2024-01-11T18:59:08.361+0000] {logging_mixin.py:188} INFO - [2024-01-11T18:59:08.361+0000] {dag.py:3820} INFO - Setting next_dagrun for example_branch_datetime_operator_2 to 2024-01-10T00:00:00+00:00, run_after=2024-01-11T00:00:00+00:00
[2024-01-11T18:59:08.362+0000] {logging_mixin.py:188} INFO - [2024-01-11T18:59:08.362+0000] {dag.py:3820} INFO - Setting next_dagrun for example_branch_datetime_operator_3 to 2024-01-10T00:00:00+00:00, run_after=2024-01-11T00:00:00+00:00
[2024-01-11T18:59:08.371+0000] {processor.py:183} INFO - Processing /home/airflow/.local/lib/python3.8/site-packages/airflow/example_dags/example_branch_datetime_operator.py took 0.051 seconds
[2024-01-11T18:59:39.169+0000] {processor.py:161} INFO - Started process (PID=289) to work on /home/airflow/.local/lib/python3.8/site-packages/airflow/example_dags/example_branch_datetime_operator.py
[2024-01-11T18:59:39.169+0000] {processor.py:830} INFO - Processing file /home/airflow/.local/lib/python3.8/site-packages/airflow/example_dags/example_branch_datetime_operator.py for tasks to queue
[2024-01-11T18:59:39.171+0000] {logging_mixin.py:188} INFO - [2024-01-11T18:59:39.171+0000] {dagbag.py:538} INFO - Filling up the DagBag from /home/airflow/.local/lib/python3.8/site-packages/airflow/example_dags/example_branch_datetime_operator.py
[2024-01-11T18:59:39.177+0000] {processor.py:840} INFO - DAG(s) 'example_branch_datetime_operator_2', 'example_branch_datetime_operator_3', 'example_branch_datetime_operator' retrieved from /home/airflow/.local/lib/python3.8/site-packages/airflow/example_dags/example_branch_datetime_operator.py
[2024-01-11T18:59:39.192+0000] {logging_mixin.py:188} INFO - [2024-01-11T18:59:39.192+0000] {dag.py:3033} INFO - Sync 3 DAGs
[2024-01-11T18:59:39.206+0000] {logging_mixin.py:188} INFO - [2024-01-11T18:59:39.205+0000] {dag.py:3820} INFO - Setting next_dagrun for example_branch_datetime_operator to 2024-01-10T00:00:00+00:00, run_after=2024-01-11T00:00:00+00:00
[2024-01-11T18:59:39.208+0000] {logging_mixin.py:188} INFO - [2024-01-11T18:59:39.208+0000] {dag.py:3820} INFO - Setting next_dagrun for example_branch_datetime_operator_2 to 2024-01-10T00:00:00+00:00, run_after=2024-01-11T00:00:00+00:00
[2024-01-11T18:59:39.209+0000] {logging_mixin.py:188} INFO - [2024-01-11T18:59:39.209+0000] {dag.py:3820} INFO - Setting next_dagrun for example_branch_datetime_operator_3 to 2024-01-10T00:00:00+00:00, run_after=2024-01-11T00:00:00+00:00
[2024-01-11T18:59:39.217+0000] {processor.py:183} INFO - Processing /home/airflow/.local/lib/python3.8/site-packages/airflow/example_dags/example_branch_datetime_operator.py took 0.051 seconds
[2024-01-11T19:00:10.017+0000] {processor.py:161} INFO - Started process (PID=345) to work on /home/airflow/.local/lib/python3.8/site-packages/airflow/example_dags/example_branch_datetime_operator.py
[2024-01-11T19:00:10.018+0000] {processor.py:830} INFO - Processing file /home/airflow/.local/lib/python3.8/site-packages/airflow/example_dags/example_branch_datetime_operator.py for tasks to queue
[2024-01-11T19:00:10.020+0000] {logging_mixin.py:188} INFO - [2024-01-11T19:00:10.019+0000] {dagbag.py:538} INFO - Filling up the DagBag from /home/airflow/.local/lib/python3.8/site-packages/airflow/example_dags/example_branch_datetime_operator.py
[2024-01-11T19:00:10.025+0000] {processor.py:840} INFO - DAG(s) 'example_branch_datetime_operator_2', 'example_branch_datetime_operator_3', 'example_branch_datetime_operator' retrieved from /home/airflow/.local/lib/python3.8/site-packages/airflow/example_dags/example_branch_datetime_operator.py
[2024-01-11T19:00:10.041+0000] {logging_mixin.py:188} INFO - [2024-01-11T19:00:10.041+0000] {dag.py:3033} INFO - Sync 3 DAGs
[2024-01-11T19:00:10.053+0000] {logging_mixin.py:188} INFO - [2024-01-11T19:00:10.053+0000] {dag.py:3820} INFO - Setting next_dagrun for example_branch_datetime_operator to 2024-01-10T00:00:00+00:00, run_after=2024-01-11T00:00:00+00:00
[2024-01-11T19:00:10.056+0000] {logging_mixin.py:188} INFO - [2024-01-11T19:00:10.056+0000] {dag.py:3820} INFO - Setting next_dagrun for example_branch_datetime_operator_2 to 2024-01-10T00:00:00+00:00, run_after=2024-01-11T00:00:00+00:00
[2024-01-11T19:00:10.057+0000] {logging_mixin.py:188} INFO - [2024-01-11T19:00:10.057+0000] {dag.py:3820} INFO - Setting next_dagrun for example_branch_datetime_operator_3 to 2024-01-10T00:00:00+00:00, run_after=2024-01-11T00:00:00+00:00
[2024-01-11T19:00:10.065+0000] {processor.py:183} INFO - Processing /home/airflow/.local/lib/python3.8/site-packages/airflow/example_dags/example_branch_datetime_operator.py took 0.050 seconds
[2024-01-11T19:00:40.724+0000] {processor.py:161} INFO - Started process (PID=401) to work on /home/airflow/.local/lib/python3.8/site-packages/airflow/example_dags/example_branch_datetime_operator.py
[2024-01-11T19:00:40.725+0000] {processor.py:830} INFO - Processing file /home/airflow/.local/lib/python3.8/site-packages/airflow/example_dags/example_branch_datetime_operator.py for tasks to queue
[2024-01-11T19:00:40.726+0000] {logging_mixin.py:188} INFO - [2024-01-11T19:00:40.726+0000] {dagbag.py:538} INFO - Filling up the DagBag from /home/airflow/.local/lib/python3.8/site-packages/airflow/example_dags/example_branch_datetime_operator.py
[2024-01-11T19:00:40.732+0000] {processor.py:840} INFO - DAG(s) 'example_branch_datetime_operator_3', 'example_branch_datetime_operator', 'example_branch_datetime_operator_2' retrieved from /home/airflow/.local/lib/python3.8/site-packages/airflow/example_dags/example_branch_datetime_operator.py
[2024-01-11T19:00:40.747+0000] {logging_mixin.py:188} INFO - [2024-01-11T19:00:40.747+0000] {dag.py:3033} INFO - Sync 3 DAGs
[2024-01-11T19:00:40.760+0000] {logging_mixin.py:188} INFO - [2024-01-11T19:00:40.760+0000] {dag.py:3820} INFO - Setting next_dagrun for example_branch_datetime_operator to 2024-01-10T00:00:00+00:00, run_after=2024-01-11T00:00:00+00:00
[2024-01-11T19:00:40.762+0000] {logging_mixin.py:188} INFO - [2024-01-11T19:00:40.762+0000] {dag.py:3820} INFO - Setting next_dagrun for example_branch_datetime_operator_2 to 2024-01-10T00:00:00+00:00, run_after=2024-01-11T00:00:00+00:00
[2024-01-11T19:00:40.763+0000] {logging_mixin.py:188} INFO - [2024-01-11T19:00:40.763+0000] {dag.py:3820} INFO - Setting next_dagrun for example_branch_datetime_operator_3 to 2024-01-10T00:00:00+00:00, run_after=2024-01-11T00:00:00+00:00
[2024-01-11T19:00:40.771+0000] {processor.py:183} INFO - Processing /home/airflow/.local/lib/python3.8/site-packages/airflow/example_dags/example_branch_datetime_operator.py took 0.049 seconds
[2024-01-11T19:01:11.668+0000] {processor.py:161} INFO - Started process (PID=457) to work on /home/airflow/.local/lib/python3.8/site-packages/airflow/example_dags/example_branch_datetime_operator.py
[2024-01-11T19:01:11.669+0000] {processor.py:830} INFO - Processing file /home/airflow/.local/lib/python3.8/site-packages/airflow/example_dags/example_branch_datetime_operator.py for tasks to queue
[2024-01-11T19:01:11.670+0000] {logging_mixin.py:188} INFO - [2024-01-11T19:01:11.670+0000] {dagbag.py:538} INFO - Filling up the DagBag from /home/airflow/.local/lib/python3.8/site-packages/airflow/example_dags/example_branch_datetime_operator.py
[2024-01-11T19:01:11.676+0000] {processor.py:840} INFO - DAG(s) 'example_branch_datetime_operator_2', 'example_branch_datetime_operator', 'example_branch_datetime_operator_3' retrieved from /home/airflow/.local/lib/python3.8/site-packages/airflow/example_dags/example_branch_datetime_operator.py
[2024-01-11T19:01:11.693+0000] {logging_mixin.py:188} INFO - [2024-01-11T19:01:11.692+0000] {dag.py:3033} INFO - Sync 3 DAGs
[2024-01-11T19:01:11.706+0000] {logging_mixin.py:188} INFO - [2024-01-11T19:01:11.706+0000] {dag.py:3820} INFO - Setting next_dagrun for example_branch_datetime_operator to 2024-01-10T00:00:00+00:00, run_after=2024-01-11T00:00:00+00:00
[2024-01-11T19:01:11.709+0000] {logging_mixin.py:188} INFO - [2024-01-11T19:01:11.709+0000] {dag.py:3820} INFO - Setting next_dagrun for example_branch_datetime_operator_2 to 2024-01-10T00:00:00+00:00, run_after=2024-01-11T00:00:00+00:00
[2024-01-11T19:01:11.711+0000] {logging_mixin.py:188} INFO - [2024-01-11T19:01:11.711+0000] {dag.py:3820} INFO - Setting next_dagrun for example_branch_datetime_operator_3 to 2024-01-10T00:00:00+00:00, run_after=2024-01-11T00:00:00+00:00
[2024-01-11T19:01:11.719+0000] {processor.py:183} INFO - Processing /home/airflow/.local/lib/python3.8/site-packages/airflow/example_dags/example_branch_datetime_operator.py took 0.054 seconds
[2024-01-11T19:01:42.682+0000] {processor.py:161} INFO - Started process (PID=513) to work on /home/airflow/.local/lib/python3.8/site-packages/airflow/example_dags/example_branch_datetime_operator.py
[2024-01-11T19:01:42.683+0000] {processor.py:830} INFO - Processing file /home/airflow/.local/lib/python3.8/site-packages/airflow/example_dags/example_branch_datetime_operator.py for tasks to queue
[2024-01-11T19:01:42.684+0000] {logging_mixin.py:188} INFO - [2024-01-11T19:01:42.684+0000] {dagbag.py:538} INFO - Filling up the DagBag from /home/airflow/.local/lib/python3.8/site-packages/airflow/example_dags/example_branch_datetime_operator.py
[2024-01-11T19:01:42.690+0000] {processor.py:840} INFO - DAG(s) 'example_branch_datetime_operator', 'example_branch_datetime_operator_2', 'example_branch_datetime_operator_3' retrieved from /home/airflow/.local/lib/python3.8/site-packages/airflow/example_dags/example_branch_datetime_operator.py
[2024-01-11T19:01:42.704+0000] {logging_mixin.py:188} INFO - [2024-01-11T19:01:42.704+0000] {dag.py:3033} INFO - Sync 3 DAGs
[2024-01-11T19:01:42.716+0000] {logging_mixin.py:188} INFO - [2024-01-11T19:01:42.716+0000] {dag.py:3820} INFO - Setting next_dagrun for example_branch_datetime_operator to 2024-01-10T00:00:00+00:00, run_after=2024-01-11T00:00:00+00:00
[2024-01-11T19:01:42.719+0000] {logging_mixin.py:188} INFO - [2024-01-11T19:01:42.719+0000] {dag.py:3820} INFO - Setting next_dagrun for example_branch_datetime_operator_2 to 2024-01-10T00:00:00+00:00, run_after=2024-01-11T00:00:00+00:00
[2024-01-11T19:01:42.720+0000] {logging_mixin.py:188} INFO - [2024-01-11T19:01:42.720+0000] {dag.py:3820} INFO - Setting next_dagrun for example_branch_datetime_operator_3 to 2024-01-10T00:00:00+00:00, run_after=2024-01-11T00:00:00+00:00
[2024-01-11T19:01:42.728+0000] {processor.py:183} INFO - Processing /home/airflow/.local/lib/python3.8/site-packages/airflow/example_dags/example_branch_datetime_operator.py took 0.049 seconds
[2024-01-11T19:02:13.511+0000] {processor.py:161} INFO - Started process (PID=569) to work on /home/airflow/.local/lib/python3.8/site-packages/airflow/example_dags/example_branch_datetime_operator.py
[2024-01-11T19:02:13.512+0000] {processor.py:830} INFO - Processing file /home/airflow/.local/lib/python3.8/site-packages/airflow/example_dags/example_branch_datetime_operator.py for tasks to queue
[2024-01-11T19:02:13.514+0000] {logging_mixin.py:188} INFO - [2024-01-11T19:02:13.513+0000] {dagbag.py:538} INFO - Filling up the DagBag from /home/airflow/.local/lib/python3.8/site-packages/airflow/example_dags/example_branch_datetime_operator.py
[2024-01-11T19:02:13.519+0000] {processor.py:840} INFO - DAG(s) 'example_branch_datetime_operator', 'example_branch_datetime_operator_3', 'example_branch_datetime_operator_2' retrieved from /home/airflow/.local/lib/python3.8/site-packages/airflow/example_dags/example_branch_datetime_operator.py
[2024-01-11T19:02:13.534+0000] {logging_mixin.py:188} INFO - [2024-01-11T19:02:13.534+0000] {dag.py:3033} INFO - Sync 3 DAGs
[2024-01-11T19:02:13.547+0000] {logging_mixin.py:188} INFO - [2024-01-11T19:02:13.546+0000] {dag.py:3820} INFO - Setting next_dagrun for example_branch_datetime_operator to 2024-01-10T00:00:00+00:00, run_after=2024-01-11T00:00:00+00:00
[2024-01-11T19:02:13.549+0000] {logging_mixin.py:188} INFO - [2024-01-11T19:02:13.549+0000] {dag.py:3820} INFO - Setting next_dagrun for example_branch_datetime_operator_2 to 2024-01-10T00:00:00+00:00, run_after=2024-01-11T00:00:00+00:00
[2024-01-11T19:02:13.550+0000] {logging_mixin.py:188} INFO - [2024-01-11T19:02:13.550+0000] {dag.py:3820} INFO - Setting next_dagrun for example_branch_datetime_operator_3 to 2024-01-10T00:00:00+00:00, run_after=2024-01-11T00:00:00+00:00
[2024-01-11T19:02:13.558+0000] {processor.py:183} INFO - Processing /home/airflow/.local/lib/python3.8/site-packages/airflow/example_dags/example_branch_datetime_operator.py took 0.049 seconds
[2024-01-11T19:02:44.325+0000] {processor.py:161} INFO - Started process (PID=625) to work on /home/airflow/.local/lib/python3.8/site-packages/airflow/example_dags/example_branch_datetime_operator.py
[2024-01-11T19:02:44.325+0000] {processor.py:830} INFO - Processing file /home/airflow/.local/lib/python3.8/site-packages/airflow/example_dags/example_branch_datetime_operator.py for tasks to queue
[2024-01-11T19:02:44.327+0000] {logging_mixin.py:188} INFO - [2024-01-11T19:02:44.327+0000] {dagbag.py:538} INFO - Filling up the DagBag from /home/airflow/.local/lib/python3.8/site-packages/airflow/example_dags/example_branch_datetime_operator.py
[2024-01-11T19:02:44.333+0000] {processor.py:840} INFO - DAG(s) 'example_branch_datetime_operator_3', 'example_branch_datetime_operator_2', 'example_branch_datetime_operator' retrieved from /home/airflow/.local/lib/python3.8/site-packages/airflow/example_dags/example_branch_datetime_operator.py
[2024-01-11T19:02:44.348+0000] {logging_mixin.py:188} INFO - [2024-01-11T19:02:44.348+0000] {dag.py:3033} INFO - Sync 3 DAGs
[2024-01-11T19:02:44.361+0000] {logging_mixin.py:188} INFO - [2024-01-11T19:02:44.361+0000] {dag.py:3820} INFO - Setting next_dagrun for example_branch_datetime_operator to 2024-01-10T00:00:00+00:00, run_after=2024-01-11T00:00:00+00:00
[2024-01-11T19:02:44.363+0000] {logging_mixin.py:188} INFO - [2024-01-11T19:02:44.363+0000] {dag.py:3820} INFO - Setting next_dagrun for example_branch_datetime_operator_2 to 2024-01-10T00:00:00+00:00, run_after=2024-01-11T00:00:00+00:00
[2024-01-11T19:02:44.365+0000] {logging_mixin.py:188} INFO - [2024-01-11T19:02:44.365+0000] {dag.py:3820} INFO - Setting next_dagrun for example_branch_datetime_operator_3 to 2024-01-10T00:00:00+00:00, run_after=2024-01-11T00:00:00+00:00
[2024-01-11T19:02:44.373+0000] {processor.py:183} INFO - Processing /home/airflow/.local/lib/python3.8/site-packages/airflow/example_dags/example_branch_datetime_operator.py took 0.051 seconds
[2024-01-11T19:03:15.214+0000] {processor.py:161} INFO - Started process (PID=680) to work on /home/airflow/.local/lib/python3.8/site-packages/airflow/example_dags/example_branch_datetime_operator.py
[2024-01-11T19:03:15.215+0000] {processor.py:830} INFO - Processing file /home/airflow/.local/lib/python3.8/site-packages/airflow/example_dags/example_branch_datetime_operator.py for tasks to queue
[2024-01-11T19:03:15.216+0000] {logging_mixin.py:188} INFO - [2024-01-11T19:03:15.216+0000] {dagbag.py:538} INFO - Filling up the DagBag from /home/airflow/.local/lib/python3.8/site-packages/airflow/example_dags/example_branch_datetime_operator.py
[2024-01-11T19:03:15.222+0000] {processor.py:840} INFO - DAG(s) 'example_branch_datetime_operator_3', 'example_branch_datetime_operator', 'example_branch_datetime_operator_2' retrieved from /home/airflow/.local/lib/python3.8/site-packages/airflow/example_dags/example_branch_datetime_operator.py
[2024-01-11T19:03:15.238+0000] {logging_mixin.py:188} INFO - [2024-01-11T19:03:15.238+0000] {dag.py:3033} INFO - Sync 3 DAGs
[2024-01-11T19:03:15.251+0000] {logging_mixin.py:188} INFO - [2024-01-11T19:03:15.250+0000] {dag.py:3820} INFO - Setting next_dagrun for example_branch_datetime_operator to 2024-01-10T00:00:00+00:00, run_after=2024-01-11T00:00:00+00:00
[2024-01-11T19:03:15.253+0000] {logging_mixin.py:188} INFO - [2024-01-11T19:03:15.253+0000] {dag.py:3820} INFO - Setting next_dagrun for example_branch_datetime_operator_2 to 2024-01-10T00:00:00+00:00, run_after=2024-01-11T00:00:00+00:00
[2024-01-11T19:03:15.254+0000] {logging_mixin.py:188} INFO - [2024-01-11T19:03:15.254+0000] {dag.py:3820} INFO - Setting next_dagrun for example_branch_datetime_operator_3 to 2024-01-10T00:00:00+00:00, run_after=2024-01-11T00:00:00+00:00
[2024-01-11T19:03:15.263+0000] {processor.py:183} INFO - Processing /home/airflow/.local/lib/python3.8/site-packages/airflow/example_dags/example_branch_datetime_operator.py took 0.051 seconds
[2024-01-11T19:03:45.304+0000] {processor.py:161} INFO - Started process (PID=736) to work on /home/airflow/.local/lib/python3.8/site-packages/airflow/example_dags/example_branch_datetime_operator.py
[2024-01-11T19:03:45.305+0000] {processor.py:830} INFO - Processing file /home/airflow/.local/lib/python3.8/site-packages/airflow/example_dags/example_branch_datetime_operator.py for tasks to queue
[2024-01-11T19:03:45.306+0000] {logging_mixin.py:188} INFO - [2024-01-11T19:03:45.306+0000] {dagbag.py:538} INFO - Filling up the DagBag from /home/airflow/.local/lib/python3.8/site-packages/airflow/example_dags/example_branch_datetime_operator.py
[2024-01-11T19:03:45.312+0000] {processor.py:840} INFO - DAG(s) 'example_branch_datetime_operator', 'example_branch_datetime_operator_2', 'example_branch_datetime_operator_3' retrieved from /home/airflow/.local/lib/python3.8/site-packages/airflow/example_dags/example_branch_datetime_operator.py
[2024-01-11T19:03:45.327+0000] {logging_mixin.py:188} INFO - [2024-01-11T19:03:45.327+0000] {dag.py:3033} INFO - Sync 3 DAGs
[2024-01-11T19:03:45.340+0000] {logging_mixin.py:188} INFO - [2024-01-11T19:03:45.339+0000] {dag.py:3820} INFO - Setting next_dagrun for example_branch_datetime_operator to 2024-01-10T00:00:00+00:00, run_after=2024-01-11T00:00:00+00:00
[2024-01-11T19:03:45.342+0000] {logging_mixin.py:188} INFO - [2024-01-11T19:03:45.342+0000] {dag.py:3820} INFO - Setting next_dagrun for example_branch_datetime_operator_2 to 2024-01-10T00:00:00+00:00, run_after=2024-01-11T00:00:00+00:00
[2024-01-11T19:03:45.344+0000] {logging_mixin.py:188} INFO - [2024-01-11T19:03:45.344+0000] {dag.py:3820} INFO - Setting next_dagrun for example_branch_datetime_operator_3 to 2024-01-10T00:00:00+00:00, run_after=2024-01-11T00:00:00+00:00
[2024-01-11T19:03:45.353+0000] {processor.py:183} INFO - Processing /home/airflow/.local/lib/python3.8/site-packages/airflow/example_dags/example_branch_datetime_operator.py took 0.052 seconds
[2024-01-11T19:04:15.489+0000] {processor.py:161} INFO - Started process (PID=792) to work on /home/airflow/.local/lib/python3.8/site-packages/airflow/example_dags/example_branch_datetime_operator.py
[2024-01-11T19:04:15.490+0000] {processor.py:830} INFO - Processing file /home/airflow/.local/lib/python3.8/site-packages/airflow/example_dags/example_branch_datetime_operator.py for tasks to queue
[2024-01-11T19:04:15.491+0000] {logging_mixin.py:188} INFO - [2024-01-11T19:04:15.491+0000] {dagbag.py:538} INFO - Filling up the DagBag from /home/airflow/.local/lib/python3.8/site-packages/airflow/example_dags/example_branch_datetime_operator.py
[2024-01-11T19:04:15.497+0000] {processor.py:840} INFO - DAG(s) 'example_branch_datetime_operator_2', 'example_branch_datetime_operator', 'example_branch_datetime_operator_3' retrieved from /home/airflow/.local/lib/python3.8/site-packages/airflow/example_dags/example_branch_datetime_operator.py
[2024-01-11T19:04:15.514+0000] {logging_mixin.py:188} INFO - [2024-01-11T19:04:15.514+0000] {dag.py:3033} INFO - Sync 3 DAGs
[2024-01-11T19:04:15.526+0000] {logging_mixin.py:188} INFO - [2024-01-11T19:04:15.526+0000] {dag.py:3820} INFO - Setting next_dagrun for example_branch_datetime_operator to 2024-01-10T00:00:00+00:00, run_after=2024-01-11T00:00:00+00:00
[2024-01-11T19:04:15.528+0000] {logging_mixin.py:188} INFO - [2024-01-11T19:04:15.528+0000] {dag.py:3820} INFO - Setting next_dagrun for example_branch_datetime_operator_2 to 2024-01-10T00:00:00+00:00, run_after=2024-01-11T00:00:00+00:00
[2024-01-11T19:04:15.529+0000] {logging_mixin.py:188} INFO - [2024-01-11T19:04:15.529+0000] {dag.py:3820} INFO - Setting next_dagrun for example_branch_datetime_operator_3 to 2024-01-10T00:00:00+00:00, run_after=2024-01-11T00:00:00+00:00
[2024-01-11T19:04:15.537+0000] {processor.py:183} INFO - Processing /home/airflow/.local/lib/python3.8/site-packages/airflow/example_dags/example_branch_datetime_operator.py took 0.050 seconds
[2024-01-11T19:04:46.281+0000] {processor.py:161} INFO - Started process (PID=848) to work on /home/airflow/.local/lib/python3.8/site-packages/airflow/example_dags/example_branch_datetime_operator.py
[2024-01-11T19:04:46.282+0000] {processor.py:830} INFO - Processing file /home/airflow/.local/lib/python3.8/site-packages/airflow/example_dags/example_branch_datetime_operator.py for tasks to queue
[2024-01-11T19:04:46.283+0000] {logging_mixin.py:188} INFO - [2024-01-11T19:04:46.283+0000] {dagbag.py:538} INFO - Filling up the DagBag from /home/airflow/.local/lib/python3.8/site-packages/airflow/example_dags/example_branch_datetime_operator.py
[2024-01-11T19:04:46.288+0000] {processor.py:840} INFO - DAG(s) 'example_branch_datetime_operator_3', 'example_branch_datetime_operator', 'example_branch_datetime_operator_2' retrieved from /home/airflow/.local/lib/python3.8/site-packages/airflow/example_dags/example_branch_datetime_operator.py
[2024-01-11T19:04:46.303+0000] {logging_mixin.py:188} INFO - [2024-01-11T19:04:46.303+0000] {dag.py:3033} INFO - Sync 3 DAGs
[2024-01-11T19:04:46.315+0000] {logging_mixin.py:188} INFO - [2024-01-11T19:04:46.315+0000] {dag.py:3820} INFO - Setting next_dagrun for example_branch_datetime_operator to 2024-01-10T00:00:00+00:00, run_after=2024-01-11T00:00:00+00:00
[2024-01-11T19:04:46.317+0000] {logging_mixin.py:188} INFO - [2024-01-11T19:04:46.317+0000] {dag.py:3820} INFO - Setting next_dagrun for example_branch_datetime_operator_2 to 2024-01-10T00:00:00+00:00, run_after=2024-01-11T00:00:00+00:00
[2024-01-11T19:04:46.318+0000] {logging_mixin.py:188} INFO - [2024-01-11T19:04:46.318+0000] {dag.py:3820} INFO - Setting next_dagrun for example_branch_datetime_operator_3 to 2024-01-10T00:00:00+00:00, run_after=2024-01-11T00:00:00+00:00
[2024-01-11T19:04:46.326+0000] {processor.py:183} INFO - Processing /home/airflow/.local/lib/python3.8/site-packages/airflow/example_dags/example_branch_datetime_operator.py took 0.047 seconds
