[2024-01-11T18:57:36.675+0000] {processor.py:161} INFO - Started process (PID=60) to work on /home/airflow/.local/lib/python3.8/site-packages/airflow/example_dags/example_nested_branch_dag.py
[2024-01-11T18:57:36.678+0000] {processor.py:830} INFO - Processing file /home/airflow/.local/lib/python3.8/site-packages/airflow/example_dags/example_nested_branch_dag.py for tasks to queue
[2024-01-11T18:57:36.689+0000] {logging_mixin.py:188} INFO - [2024-01-11T18:57:36.686+0000] {dagbag.py:538} INFO - Filling up the DagBag from /home/airflow/.local/lib/python3.8/site-packages/airflow/example_dags/example_nested_branch_dag.py
[2024-01-11T18:57:36.702+0000] {processor.py:840} INFO - DAG(s) 'example_nested_branch_dag' retrieved from /home/airflow/.local/lib/python3.8/site-packages/airflow/example_dags/example_nested_branch_dag.py
[2024-01-11T18:57:36.717+0000] {logging_mixin.py:188} INFO - [2024-01-11T18:57:36.717+0000] {dag.py:3033} INFO - Sync 1 DAGs
[2024-01-11T18:57:36.740+0000] {logging_mixin.py:188} INFO - [2024-01-11T18:57:36.740+0000] {dag.py:3820} INFO - Setting next_dagrun for example_nested_branch_dag to 2024-01-10T00:00:00+00:00, run_after=2024-01-11T00:00:00+00:00
[2024-01-11T18:57:36.757+0000] {processor.py:183} INFO - Processing /home/airflow/.local/lib/python3.8/site-packages/airflow/example_dags/example_nested_branch_dag.py took 0.088 seconds
[2024-01-11T18:58:07.047+0000] {processor.py:161} INFO - Started process (PID=116) to work on /home/airflow/.local/lib/python3.8/site-packages/airflow/example_dags/example_nested_branch_dag.py
[2024-01-11T18:58:07.048+0000] {processor.py:830} INFO - Processing file /home/airflow/.local/lib/python3.8/site-packages/airflow/example_dags/example_nested_branch_dag.py for tasks to queue
[2024-01-11T18:58:07.049+0000] {logging_mixin.py:188} INFO - [2024-01-11T18:58:07.049+0000] {dagbag.py:538} INFO - Filling up the DagBag from /home/airflow/.local/lib/python3.8/site-packages/airflow/example_dags/example_nested_branch_dag.py
[2024-01-11T18:58:07.056+0000] {processor.py:840} INFO - DAG(s) 'example_nested_branch_dag' retrieved from /home/airflow/.local/lib/python3.8/site-packages/airflow/example_dags/example_nested_branch_dag.py
[2024-01-11T18:58:07.107+0000] {logging_mixin.py:188} INFO - [2024-01-11T18:58:07.107+0000] {dag.py:3033} INFO - Sync 1 DAGs
[2024-01-11T18:58:07.117+0000] {logging_mixin.py:188} INFO - [2024-01-11T18:58:07.117+0000] {dag.py:3820} INFO - Setting next_dagrun for example_nested_branch_dag to 2024-01-10T00:00:00+00:00, run_after=2024-01-11T00:00:00+00:00
[2024-01-11T18:58:07.127+0000] {processor.py:183} INFO - Processing /home/airflow/.local/lib/python3.8/site-packages/airflow/example_dags/example_nested_branch_dag.py took 0.082 seconds
[2024-01-11T18:58:37.285+0000] {processor.py:161} INFO - Started process (PID=172) to work on /home/airflow/.local/lib/python3.8/site-packages/airflow/example_dags/example_nested_branch_dag.py
[2024-01-11T18:58:37.286+0000] {processor.py:830} INFO - Processing file /home/airflow/.local/lib/python3.8/site-packages/airflow/example_dags/example_nested_branch_dag.py for tasks to queue
[2024-01-11T18:58:37.287+0000] {logging_mixin.py:188} INFO - [2024-01-11T18:58:37.287+0000] {dagbag.py:538} INFO - Filling up the DagBag from /home/airflow/.local/lib/python3.8/site-packages/airflow/example_dags/example_nested_branch_dag.py
[2024-01-11T18:58:37.293+0000] {processor.py:840} INFO - DAG(s) 'example_nested_branch_dag' retrieved from /home/airflow/.local/lib/python3.8/site-packages/airflow/example_dags/example_nested_branch_dag.py
[2024-01-11T18:58:37.305+0000] {logging_mixin.py:188} INFO - [2024-01-11T18:58:37.305+0000] {dag.py:3033} INFO - Sync 1 DAGs
[2024-01-11T18:58:37.318+0000] {logging_mixin.py:188} INFO - [2024-01-11T18:58:37.317+0000] {dag.py:3820} INFO - Setting next_dagrun for example_nested_branch_dag to 2024-01-10T00:00:00+00:00, run_after=2024-01-11T00:00:00+00:00
[2024-01-11T18:58:37.327+0000] {processor.py:183} INFO - Processing /home/airflow/.local/lib/python3.8/site-packages/airflow/example_dags/example_nested_branch_dag.py took 0.044 seconds
[2024-01-11T18:59:08.166+0000] {processor.py:161} INFO - Started process (PID=228) to work on /home/airflow/.local/lib/python3.8/site-packages/airflow/example_dags/example_nested_branch_dag.py
[2024-01-11T18:59:08.167+0000] {processor.py:830} INFO - Processing file /home/airflow/.local/lib/python3.8/site-packages/airflow/example_dags/example_nested_branch_dag.py for tasks to queue
[2024-01-11T18:59:08.169+0000] {logging_mixin.py:188} INFO - [2024-01-11T18:59:08.169+0000] {dagbag.py:538} INFO - Filling up the DagBag from /home/airflow/.local/lib/python3.8/site-packages/airflow/example_dags/example_nested_branch_dag.py
[2024-01-11T18:59:08.175+0000] {processor.py:840} INFO - DAG(s) 'example_nested_branch_dag' retrieved from /home/airflow/.local/lib/python3.8/site-packages/airflow/example_dags/example_nested_branch_dag.py
[2024-01-11T18:59:08.188+0000] {logging_mixin.py:188} INFO - [2024-01-11T18:59:08.188+0000] {dag.py:3033} INFO - Sync 1 DAGs
[2024-01-11T18:59:08.199+0000] {logging_mixin.py:188} INFO - [2024-01-11T18:59:08.199+0000] {dag.py:3820} INFO - Setting next_dagrun for example_nested_branch_dag to 2024-01-10T00:00:00+00:00, run_after=2024-01-11T00:00:00+00:00
[2024-01-11T18:59:08.209+0000] {processor.py:183} INFO - Processing /home/airflow/.local/lib/python3.8/site-packages/airflow/example_dags/example_nested_branch_dag.py took 0.045 seconds
[2024-01-11T18:59:39.038+0000] {processor.py:161} INFO - Started process (PID=284) to work on /home/airflow/.local/lib/python3.8/site-packages/airflow/example_dags/example_nested_branch_dag.py
[2024-01-11T18:59:39.039+0000] {processor.py:830} INFO - Processing file /home/airflow/.local/lib/python3.8/site-packages/airflow/example_dags/example_nested_branch_dag.py for tasks to queue
[2024-01-11T18:59:39.041+0000] {logging_mixin.py:188} INFO - [2024-01-11T18:59:39.041+0000] {dagbag.py:538} INFO - Filling up the DagBag from /home/airflow/.local/lib/python3.8/site-packages/airflow/example_dags/example_nested_branch_dag.py
[2024-01-11T18:59:39.047+0000] {processor.py:840} INFO - DAG(s) 'example_nested_branch_dag' retrieved from /home/airflow/.local/lib/python3.8/site-packages/airflow/example_dags/example_nested_branch_dag.py
[2024-01-11T18:59:39.059+0000] {logging_mixin.py:188} INFO - [2024-01-11T18:59:39.059+0000] {dag.py:3033} INFO - Sync 1 DAGs
[2024-01-11T18:59:39.071+0000] {logging_mixin.py:188} INFO - [2024-01-11T18:59:39.071+0000] {dag.py:3820} INFO - Setting next_dagrun for example_nested_branch_dag to 2024-01-10T00:00:00+00:00, run_after=2024-01-11T00:00:00+00:00
[2024-01-11T18:59:39.080+0000] {processor.py:183} INFO - Processing /home/airflow/.local/lib/python3.8/site-packages/airflow/example_dags/example_nested_branch_dag.py took 0.044 seconds
[2024-01-11T19:00:09.884+0000] {processor.py:161} INFO - Started process (PID=340) to work on /home/airflow/.local/lib/python3.8/site-packages/airflow/example_dags/example_nested_branch_dag.py
[2024-01-11T19:00:09.884+0000] {processor.py:830} INFO - Processing file /home/airflow/.local/lib/python3.8/site-packages/airflow/example_dags/example_nested_branch_dag.py for tasks to queue
[2024-01-11T19:00:09.886+0000] {logging_mixin.py:188} INFO - [2024-01-11T19:00:09.886+0000] {dagbag.py:538} INFO - Filling up the DagBag from /home/airflow/.local/lib/python3.8/site-packages/airflow/example_dags/example_nested_branch_dag.py
[2024-01-11T19:00:09.892+0000] {processor.py:840} INFO - DAG(s) 'example_nested_branch_dag' retrieved from /home/airflow/.local/lib/python3.8/site-packages/airflow/example_dags/example_nested_branch_dag.py
[2024-01-11T19:00:09.904+0000] {logging_mixin.py:188} INFO - [2024-01-11T19:00:09.904+0000] {dag.py:3033} INFO - Sync 1 DAGs
[2024-01-11T19:00:09.916+0000] {logging_mixin.py:188} INFO - [2024-01-11T19:00:09.916+0000] {dag.py:3820} INFO - Setting next_dagrun for example_nested_branch_dag to 2024-01-10T00:00:00+00:00, run_after=2024-01-11T00:00:00+00:00
[2024-01-11T19:00:09.925+0000] {processor.py:183} INFO - Processing /home/airflow/.local/lib/python3.8/site-packages/airflow/example_dags/example_nested_branch_dag.py took 0.044 seconds
[2024-01-11T19:00:40.595+0000] {processor.py:161} INFO - Started process (PID=396) to work on /home/airflow/.local/lib/python3.8/site-packages/airflow/example_dags/example_nested_branch_dag.py
[2024-01-11T19:00:40.596+0000] {processor.py:830} INFO - Processing file /home/airflow/.local/lib/python3.8/site-packages/airflow/example_dags/example_nested_branch_dag.py for tasks to queue
[2024-01-11T19:00:40.597+0000] {logging_mixin.py:188} INFO - [2024-01-11T19:00:40.597+0000] {dagbag.py:538} INFO - Filling up the DagBag from /home/airflow/.local/lib/python3.8/site-packages/airflow/example_dags/example_nested_branch_dag.py
[2024-01-11T19:00:40.603+0000] {processor.py:840} INFO - DAG(s) 'example_nested_branch_dag' retrieved from /home/airflow/.local/lib/python3.8/site-packages/airflow/example_dags/example_nested_branch_dag.py
[2024-01-11T19:00:40.615+0000] {logging_mixin.py:188} INFO - [2024-01-11T19:00:40.615+0000] {dag.py:3033} INFO - Sync 1 DAGs
[2024-01-11T19:00:40.627+0000] {logging_mixin.py:188} INFO - [2024-01-11T19:00:40.627+0000] {dag.py:3820} INFO - Setting next_dagrun for example_nested_branch_dag to 2024-01-10T00:00:00+00:00, run_after=2024-01-11T00:00:00+00:00
[2024-01-11T19:00:40.637+0000] {processor.py:183} INFO - Processing /home/airflow/.local/lib/python3.8/site-packages/airflow/example_dags/example_nested_branch_dag.py took 0.044 seconds
[2024-01-11T19:01:11.494+0000] {processor.py:161} INFO - Started process (PID=452) to work on /home/airflow/.local/lib/python3.8/site-packages/airflow/example_dags/example_nested_branch_dag.py
[2024-01-11T19:01:11.495+0000] {processor.py:830} INFO - Processing file /home/airflow/.local/lib/python3.8/site-packages/airflow/example_dags/example_nested_branch_dag.py for tasks to queue
[2024-01-11T19:01:11.496+0000] {logging_mixin.py:188} INFO - [2024-01-11T19:01:11.496+0000] {dagbag.py:538} INFO - Filling up the DagBag from /home/airflow/.local/lib/python3.8/site-packages/airflow/example_dags/example_nested_branch_dag.py
[2024-01-11T19:01:11.502+0000] {processor.py:840} INFO - DAG(s) 'example_nested_branch_dag' retrieved from /home/airflow/.local/lib/python3.8/site-packages/airflow/example_dags/example_nested_branch_dag.py
[2024-01-11T19:01:11.516+0000] {logging_mixin.py:188} INFO - [2024-01-11T19:01:11.516+0000] {dag.py:3033} INFO - Sync 1 DAGs
[2024-01-11T19:01:11.528+0000] {logging_mixin.py:188} INFO - [2024-01-11T19:01:11.528+0000] {dag.py:3820} INFO - Setting next_dagrun for example_nested_branch_dag to 2024-01-10T00:00:00+00:00, run_after=2024-01-11T00:00:00+00:00
[2024-01-11T19:01:11.539+0000] {processor.py:183} INFO - Processing /home/airflow/.local/lib/python3.8/site-packages/airflow/example_dags/example_nested_branch_dag.py took 0.048 seconds
[2024-01-11T19:01:42.525+0000] {processor.py:161} INFO - Started process (PID=508) to work on /home/airflow/.local/lib/python3.8/site-packages/airflow/example_dags/example_nested_branch_dag.py
[2024-01-11T19:01:42.526+0000] {processor.py:830} INFO - Processing file /home/airflow/.local/lib/python3.8/site-packages/airflow/example_dags/example_nested_branch_dag.py for tasks to queue
[2024-01-11T19:01:42.528+0000] {logging_mixin.py:188} INFO - [2024-01-11T19:01:42.528+0000] {dagbag.py:538} INFO - Filling up the DagBag from /home/airflow/.local/lib/python3.8/site-packages/airflow/example_dags/example_nested_branch_dag.py
[2024-01-11T19:01:42.533+0000] {processor.py:840} INFO - DAG(s) 'example_nested_branch_dag' retrieved from /home/airflow/.local/lib/python3.8/site-packages/airflow/example_dags/example_nested_branch_dag.py
[2024-01-11T19:01:42.545+0000] {logging_mixin.py:188} INFO - [2024-01-11T19:01:42.545+0000] {dag.py:3033} INFO - Sync 1 DAGs
[2024-01-11T19:01:42.556+0000] {logging_mixin.py:188} INFO - [2024-01-11T19:01:42.556+0000] {dag.py:3820} INFO - Setting next_dagrun for example_nested_branch_dag to 2024-01-10T00:00:00+00:00, run_after=2024-01-11T00:00:00+00:00
[2024-01-11T19:01:42.565+0000] {processor.py:183} INFO - Processing /home/airflow/.local/lib/python3.8/site-packages/airflow/example_dags/example_nested_branch_dag.py took 0.042 seconds
[2024-01-11T19:02:13.366+0000] {processor.py:161} INFO - Started process (PID=564) to work on /home/airflow/.local/lib/python3.8/site-packages/airflow/example_dags/example_nested_branch_dag.py
[2024-01-11T19:02:13.366+0000] {processor.py:830} INFO - Processing file /home/airflow/.local/lib/python3.8/site-packages/airflow/example_dags/example_nested_branch_dag.py for tasks to queue
[2024-01-11T19:02:13.368+0000] {logging_mixin.py:188} INFO - [2024-01-11T19:02:13.368+0000] {dagbag.py:538} INFO - Filling up the DagBag from /home/airflow/.local/lib/python3.8/site-packages/airflow/example_dags/example_nested_branch_dag.py
[2024-01-11T19:02:13.373+0000] {processor.py:840} INFO - DAG(s) 'example_nested_branch_dag' retrieved from /home/airflow/.local/lib/python3.8/site-packages/airflow/example_dags/example_nested_branch_dag.py
[2024-01-11T19:02:13.386+0000] {logging_mixin.py:188} INFO - [2024-01-11T19:02:13.385+0000] {dag.py:3033} INFO - Sync 1 DAGs
[2024-01-11T19:02:13.397+0000] {logging_mixin.py:188} INFO - [2024-01-11T19:02:13.397+0000] {dag.py:3820} INFO - Setting next_dagrun for example_nested_branch_dag to 2024-01-10T00:00:00+00:00, run_after=2024-01-11T00:00:00+00:00
[2024-01-11T19:02:13.407+0000] {processor.py:183} INFO - Processing /home/airflow/.local/lib/python3.8/site-packages/airflow/example_dags/example_nested_branch_dag.py took 0.043 seconds
[2024-01-11T19:02:44.172+0000] {processor.py:161} INFO - Started process (PID=620) to work on /home/airflow/.local/lib/python3.8/site-packages/airflow/example_dags/example_nested_branch_dag.py
[2024-01-11T19:02:44.172+0000] {processor.py:830} INFO - Processing file /home/airflow/.local/lib/python3.8/site-packages/airflow/example_dags/example_nested_branch_dag.py for tasks to queue
[2024-01-11T19:02:44.174+0000] {logging_mixin.py:188} INFO - [2024-01-11T19:02:44.174+0000] {dagbag.py:538} INFO - Filling up the DagBag from /home/airflow/.local/lib/python3.8/site-packages/airflow/example_dags/example_nested_branch_dag.py
[2024-01-11T19:02:44.181+0000] {processor.py:840} INFO - DAG(s) 'example_nested_branch_dag' retrieved from /home/airflow/.local/lib/python3.8/site-packages/airflow/example_dags/example_nested_branch_dag.py
[2024-01-11T19:02:44.196+0000] {logging_mixin.py:188} INFO - [2024-01-11T19:02:44.195+0000] {dag.py:3033} INFO - Sync 1 DAGs
[2024-01-11T19:02:44.208+0000] {logging_mixin.py:188} INFO - [2024-01-11T19:02:44.208+0000] {dag.py:3820} INFO - Setting next_dagrun for example_nested_branch_dag to 2024-01-10T00:00:00+00:00, run_after=2024-01-11T00:00:00+00:00
[2024-01-11T19:02:44.218+0000] {processor.py:183} INFO - Processing /home/airflow/.local/lib/python3.8/site-packages/airflow/example_dags/example_nested_branch_dag.py took 0.048 seconds
[2024-01-11T19:03:15.038+0000] {processor.py:161} INFO - Started process (PID=675) to work on /home/airflow/.local/lib/python3.8/site-packages/airflow/example_dags/example_nested_branch_dag.py
[2024-01-11T19:03:15.039+0000] {processor.py:830} INFO - Processing file /home/airflow/.local/lib/python3.8/site-packages/airflow/example_dags/example_nested_branch_dag.py for tasks to queue
[2024-01-11T19:03:15.041+0000] {logging_mixin.py:188} INFO - [2024-01-11T19:03:15.041+0000] {dagbag.py:538} INFO - Filling up the DagBag from /home/airflow/.local/lib/python3.8/site-packages/airflow/example_dags/example_nested_branch_dag.py
[2024-01-11T19:03:15.047+0000] {processor.py:840} INFO - DAG(s) 'example_nested_branch_dag' retrieved from /home/airflow/.local/lib/python3.8/site-packages/airflow/example_dags/example_nested_branch_dag.py
[2024-01-11T19:03:15.060+0000] {logging_mixin.py:188} INFO - [2024-01-11T19:03:15.060+0000] {dag.py:3033} INFO - Sync 1 DAGs
[2024-01-11T19:03:15.073+0000] {logging_mixin.py:188} INFO - [2024-01-11T19:03:15.073+0000] {dag.py:3820} INFO - Setting next_dagrun for example_nested_branch_dag to 2024-01-10T00:00:00+00:00, run_after=2024-01-11T00:00:00+00:00
[2024-01-11T19:03:15.082+0000] {processor.py:183} INFO - Processing /home/airflow/.local/lib/python3.8/site-packages/airflow/example_dags/example_nested_branch_dag.py took 0.047 seconds
[2024-01-11T19:03:45.131+0000] {processor.py:161} INFO - Started process (PID=731) to work on /home/airflow/.local/lib/python3.8/site-packages/airflow/example_dags/example_nested_branch_dag.py
[2024-01-11T19:03:45.131+0000] {processor.py:830} INFO - Processing file /home/airflow/.local/lib/python3.8/site-packages/airflow/example_dags/example_nested_branch_dag.py for tasks to queue
[2024-01-11T19:03:45.133+0000] {logging_mixin.py:188} INFO - [2024-01-11T19:03:45.133+0000] {dagbag.py:538} INFO - Filling up the DagBag from /home/airflow/.local/lib/python3.8/site-packages/airflow/example_dags/example_nested_branch_dag.py
[2024-01-11T19:03:45.139+0000] {processor.py:840} INFO - DAG(s) 'example_nested_branch_dag' retrieved from /home/airflow/.local/lib/python3.8/site-packages/airflow/example_dags/example_nested_branch_dag.py
[2024-01-11T19:03:45.150+0000] {logging_mixin.py:188} INFO - [2024-01-11T19:03:45.150+0000] {dag.py:3033} INFO - Sync 1 DAGs
[2024-01-11T19:03:45.161+0000] {logging_mixin.py:188} INFO - [2024-01-11T19:03:45.161+0000] {dag.py:3820} INFO - Setting next_dagrun for example_nested_branch_dag to 2024-01-10T00:00:00+00:00, run_after=2024-01-11T00:00:00+00:00
[2024-01-11T19:03:45.172+0000] {processor.py:183} INFO - Processing /home/airflow/.local/lib/python3.8/site-packages/airflow/example_dags/example_nested_branch_dag.py took 0.043 seconds
[2024-01-11T19:04:15.349+0000] {processor.py:161} INFO - Started process (PID=787) to work on /home/airflow/.local/lib/python3.8/site-packages/airflow/example_dags/example_nested_branch_dag.py
[2024-01-11T19:04:15.350+0000] {processor.py:830} INFO - Processing file /home/airflow/.local/lib/python3.8/site-packages/airflow/example_dags/example_nested_branch_dag.py for tasks to queue
[2024-01-11T19:04:15.352+0000] {logging_mixin.py:188} INFO - [2024-01-11T19:04:15.351+0000] {dagbag.py:538} INFO - Filling up the DagBag from /home/airflow/.local/lib/python3.8/site-packages/airflow/example_dags/example_nested_branch_dag.py
[2024-01-11T19:04:15.357+0000] {processor.py:840} INFO - DAG(s) 'example_nested_branch_dag' retrieved from /home/airflow/.local/lib/python3.8/site-packages/airflow/example_dags/example_nested_branch_dag.py
[2024-01-11T19:04:15.369+0000] {logging_mixin.py:188} INFO - [2024-01-11T19:04:15.369+0000] {dag.py:3033} INFO - Sync 1 DAGs
[2024-01-11T19:04:15.380+0000] {logging_mixin.py:188} INFO - [2024-01-11T19:04:15.379+0000] {dag.py:3820} INFO - Setting next_dagrun for example_nested_branch_dag to 2024-01-10T00:00:00+00:00, run_after=2024-01-11T00:00:00+00:00
[2024-01-11T19:04:15.388+0000] {processor.py:183} INFO - Processing /home/airflow/.local/lib/python3.8/site-packages/airflow/example_dags/example_nested_branch_dag.py took 0.041 seconds
[2024-01-11T19:04:46.132+0000] {processor.py:161} INFO - Started process (PID=843) to work on /home/airflow/.local/lib/python3.8/site-packages/airflow/example_dags/example_nested_branch_dag.py
[2024-01-11T19:04:46.133+0000] {processor.py:830} INFO - Processing file /home/airflow/.local/lib/python3.8/site-packages/airflow/example_dags/example_nested_branch_dag.py for tasks to queue
[2024-01-11T19:04:46.135+0000] {logging_mixin.py:188} INFO - [2024-01-11T19:04:46.135+0000] {dagbag.py:538} INFO - Filling up the DagBag from /home/airflow/.local/lib/python3.8/site-packages/airflow/example_dags/example_nested_branch_dag.py
[2024-01-11T19:04:46.141+0000] {processor.py:840} INFO - DAG(s) 'example_nested_branch_dag' retrieved from /home/airflow/.local/lib/python3.8/site-packages/airflow/example_dags/example_nested_branch_dag.py
[2024-01-11T19:04:46.153+0000] {logging_mixin.py:188} INFO - [2024-01-11T19:04:46.153+0000] {dag.py:3033} INFO - Sync 1 DAGs
[2024-01-11T19:04:46.165+0000] {logging_mixin.py:188} INFO - [2024-01-11T19:04:46.165+0000] {dag.py:3820} INFO - Setting next_dagrun for example_nested_branch_dag to 2024-01-10T00:00:00+00:00, run_after=2024-01-11T00:00:00+00:00
[2024-01-11T19:04:46.175+0000] {processor.py:183} INFO - Processing /home/airflow/.local/lib/python3.8/site-packages/airflow/example_dags/example_nested_branch_dag.py took 0.045 seconds
