[2024-01-11T18:57:35.489+0000] {processor.py:161} INFO - Started process (PID=40) to work on /home/airflow/.local/lib/python3.8/site-packages/airflow/example_dags/example_short_circuit_operator.py
[2024-01-11T18:57:35.489+0000] {processor.py:830} INFO - Processing file /home/airflow/.local/lib/python3.8/site-packages/airflow/example_dags/example_short_circuit_operator.py for tasks to queue
[2024-01-11T18:57:35.491+0000] {logging_mixin.py:188} INFO - [2024-01-11T18:57:35.491+0000] {dagbag.py:538} INFO - Filling up the DagBag from /home/airflow/.local/lib/python3.8/site-packages/airflow/example_dags/example_short_circuit_operator.py
[2024-01-11T18:57:35.496+0000] {processor.py:840} INFO - DAG(s) 'example_short_circuit_operator' retrieved from /home/airflow/.local/lib/python3.8/site-packages/airflow/example_dags/example_short_circuit_operator.py
[2024-01-11T18:57:35.505+0000] {logging_mixin.py:188} INFO - [2024-01-11T18:57:35.504+0000] {dag.py:3033} INFO - Sync 1 DAGs
[2024-01-11T18:57:35.533+0000] {logging_mixin.py:188} INFO - [2024-01-11T18:57:35.532+0000] {dag.py:3820} INFO - Setting next_dagrun for example_short_circuit_operator to 2024-01-10T00:00:00+00:00, run_after=2024-01-11T00:00:00+00:00
[2024-01-11T18:57:35.546+0000] {processor.py:183} INFO - Processing /home/airflow/.local/lib/python3.8/site-packages/airflow/example_dags/example_short_circuit_operator.py took 0.059 seconds
[2024-01-11T18:58:05.918+0000] {processor.py:161} INFO - Started process (PID=96) to work on /home/airflow/.local/lib/python3.8/site-packages/airflow/example_dags/example_short_circuit_operator.py
[2024-01-11T18:58:05.919+0000] {processor.py:830} INFO - Processing file /home/airflow/.local/lib/python3.8/site-packages/airflow/example_dags/example_short_circuit_operator.py for tasks to queue
[2024-01-11T18:58:05.920+0000] {logging_mixin.py:188} INFO - [2024-01-11T18:58:05.920+0000] {dagbag.py:538} INFO - Filling up the DagBag from /home/airflow/.local/lib/python3.8/site-packages/airflow/example_dags/example_short_circuit_operator.py
[2024-01-11T18:58:05.925+0000] {processor.py:840} INFO - DAG(s) 'example_short_circuit_operator' retrieved from /home/airflow/.local/lib/python3.8/site-packages/airflow/example_dags/example_short_circuit_operator.py
[2024-01-11T18:58:05.975+0000] {logging_mixin.py:188} INFO - [2024-01-11T18:58:05.975+0000] {dag.py:3033} INFO - Sync 1 DAGs
[2024-01-11T18:58:05.985+0000] {logging_mixin.py:188} INFO - [2024-01-11T18:58:05.985+0000] {dag.py:3820} INFO - Setting next_dagrun for example_short_circuit_operator to 2024-01-10T00:00:00+00:00, run_after=2024-01-11T00:00:00+00:00
[2024-01-11T18:58:05.994+0000] {processor.py:183} INFO - Processing /home/airflow/.local/lib/python3.8/site-packages/airflow/example_dags/example_short_circuit_operator.py took 0.078 seconds
[2024-01-11T18:58:36.730+0000] {processor.py:161} INFO - Started process (PID=152) to work on /home/airflow/.local/lib/python3.8/site-packages/airflow/example_dags/example_short_circuit_operator.py
[2024-01-11T18:58:36.731+0000] {processor.py:830} INFO - Processing file /home/airflow/.local/lib/python3.8/site-packages/airflow/example_dags/example_short_circuit_operator.py for tasks to queue
[2024-01-11T18:58:36.732+0000] {logging_mixin.py:188} INFO - [2024-01-11T18:58:36.732+0000] {dagbag.py:538} INFO - Filling up the DagBag from /home/airflow/.local/lib/python3.8/site-packages/airflow/example_dags/example_short_circuit_operator.py
[2024-01-11T18:58:36.736+0000] {processor.py:840} INFO - DAG(s) 'example_short_circuit_operator' retrieved from /home/airflow/.local/lib/python3.8/site-packages/airflow/example_dags/example_short_circuit_operator.py
[2024-01-11T18:58:36.749+0000] {logging_mixin.py:188} INFO - [2024-01-11T18:58:36.749+0000] {dag.py:3033} INFO - Sync 1 DAGs
[2024-01-11T18:58:36.760+0000] {logging_mixin.py:188} INFO - [2024-01-11T18:58:36.760+0000] {dag.py:3820} INFO - Setting next_dagrun for example_short_circuit_operator to 2024-01-10T00:00:00+00:00, run_after=2024-01-11T00:00:00+00:00
[2024-01-11T18:58:36.768+0000] {processor.py:183} INFO - Processing /home/airflow/.local/lib/python3.8/site-packages/airflow/example_dags/example_short_circuit_operator.py took 0.040 seconds
[2024-01-11T18:59:07.613+0000] {processor.py:161} INFO - Started process (PID=208) to work on /home/airflow/.local/lib/python3.8/site-packages/airflow/example_dags/example_short_circuit_operator.py
[2024-01-11T18:59:07.614+0000] {processor.py:830} INFO - Processing file /home/airflow/.local/lib/python3.8/site-packages/airflow/example_dags/example_short_circuit_operator.py for tasks to queue
[2024-01-11T18:59:07.615+0000] {logging_mixin.py:188} INFO - [2024-01-11T18:59:07.615+0000] {dagbag.py:538} INFO - Filling up the DagBag from /home/airflow/.local/lib/python3.8/site-packages/airflow/example_dags/example_short_circuit_operator.py
[2024-01-11T18:59:07.620+0000] {processor.py:840} INFO - DAG(s) 'example_short_circuit_operator' retrieved from /home/airflow/.local/lib/python3.8/site-packages/airflow/example_dags/example_short_circuit_operator.py
[2024-01-11T18:59:07.632+0000] {logging_mixin.py:188} INFO - [2024-01-11T18:59:07.632+0000] {dag.py:3033} INFO - Sync 1 DAGs
[2024-01-11T18:59:07.643+0000] {logging_mixin.py:188} INFO - [2024-01-11T18:59:07.642+0000] {dag.py:3820} INFO - Setting next_dagrun for example_short_circuit_operator to 2024-01-10T00:00:00+00:00, run_after=2024-01-11T00:00:00+00:00
[2024-01-11T18:59:07.651+0000] {processor.py:183} INFO - Processing /home/airflow/.local/lib/python3.8/site-packages/airflow/example_dags/example_short_circuit_operator.py took 0.040 seconds
[2024-01-11T18:59:38.488+0000] {processor.py:161} INFO - Started process (PID=264) to work on /home/airflow/.local/lib/python3.8/site-packages/airflow/example_dags/example_short_circuit_operator.py
[2024-01-11T18:59:38.488+0000] {processor.py:830} INFO - Processing file /home/airflow/.local/lib/python3.8/site-packages/airflow/example_dags/example_short_circuit_operator.py for tasks to queue
[2024-01-11T18:59:38.490+0000] {logging_mixin.py:188} INFO - [2024-01-11T18:59:38.489+0000] {dagbag.py:538} INFO - Filling up the DagBag from /home/airflow/.local/lib/python3.8/site-packages/airflow/example_dags/example_short_circuit_operator.py
[2024-01-11T18:59:38.494+0000] {processor.py:840} INFO - DAG(s) 'example_short_circuit_operator' retrieved from /home/airflow/.local/lib/python3.8/site-packages/airflow/example_dags/example_short_circuit_operator.py
[2024-01-11T18:59:38.508+0000] {logging_mixin.py:188} INFO - [2024-01-11T18:59:38.507+0000] {dag.py:3033} INFO - Sync 1 DAGs
[2024-01-11T18:59:38.518+0000] {logging_mixin.py:188} INFO - [2024-01-11T18:59:38.518+0000] {dag.py:3820} INFO - Setting next_dagrun for example_short_circuit_operator to 2024-01-10T00:00:00+00:00, run_after=2024-01-11T00:00:00+00:00
[2024-01-11T18:59:38.528+0000] {processor.py:183} INFO - Processing /home/airflow/.local/lib/python3.8/site-packages/airflow/example_dags/example_short_circuit_operator.py took 0.042 seconds
[2024-01-11T19:00:09.336+0000] {processor.py:161} INFO - Started process (PID=320) to work on /home/airflow/.local/lib/python3.8/site-packages/airflow/example_dags/example_short_circuit_operator.py
[2024-01-11T19:00:09.337+0000] {processor.py:830} INFO - Processing file /home/airflow/.local/lib/python3.8/site-packages/airflow/example_dags/example_short_circuit_operator.py for tasks to queue
[2024-01-11T19:00:09.338+0000] {logging_mixin.py:188} INFO - [2024-01-11T19:00:09.338+0000] {dagbag.py:538} INFO - Filling up the DagBag from /home/airflow/.local/lib/python3.8/site-packages/airflow/example_dags/example_short_circuit_operator.py
[2024-01-11T19:00:09.343+0000] {processor.py:840} INFO - DAG(s) 'example_short_circuit_operator' retrieved from /home/airflow/.local/lib/python3.8/site-packages/airflow/example_dags/example_short_circuit_operator.py
[2024-01-11T19:00:09.356+0000] {logging_mixin.py:188} INFO - [2024-01-11T19:00:09.356+0000] {dag.py:3033} INFO - Sync 1 DAGs
[2024-01-11T19:00:09.368+0000] {logging_mixin.py:188} INFO - [2024-01-11T19:00:09.368+0000] {dag.py:3820} INFO - Setting next_dagrun for example_short_circuit_operator to 2024-01-10T00:00:00+00:00, run_after=2024-01-11T00:00:00+00:00
[2024-01-11T19:00:09.376+0000] {processor.py:183} INFO - Processing /home/airflow/.local/lib/python3.8/site-packages/airflow/example_dags/example_short_circuit_operator.py took 0.042 seconds
[2024-01-11T19:00:40.053+0000] {processor.py:161} INFO - Started process (PID=376) to work on /home/airflow/.local/lib/python3.8/site-packages/airflow/example_dags/example_short_circuit_operator.py
[2024-01-11T19:00:40.054+0000] {processor.py:830} INFO - Processing file /home/airflow/.local/lib/python3.8/site-packages/airflow/example_dags/example_short_circuit_operator.py for tasks to queue
[2024-01-11T19:00:40.055+0000] {logging_mixin.py:188} INFO - [2024-01-11T19:00:40.055+0000] {dagbag.py:538} INFO - Filling up the DagBag from /home/airflow/.local/lib/python3.8/site-packages/airflow/example_dags/example_short_circuit_operator.py
[2024-01-11T19:00:40.060+0000] {processor.py:840} INFO - DAG(s) 'example_short_circuit_operator' retrieved from /home/airflow/.local/lib/python3.8/site-packages/airflow/example_dags/example_short_circuit_operator.py
[2024-01-11T19:00:40.072+0000] {logging_mixin.py:188} INFO - [2024-01-11T19:00:40.071+0000] {dag.py:3033} INFO - Sync 1 DAGs
[2024-01-11T19:00:40.082+0000] {logging_mixin.py:188} INFO - [2024-01-11T19:00:40.082+0000] {dag.py:3820} INFO - Setting next_dagrun for example_short_circuit_operator to 2024-01-10T00:00:00+00:00, run_after=2024-01-11T00:00:00+00:00
[2024-01-11T19:00:40.090+0000] {processor.py:183} INFO - Processing /home/airflow/.local/lib/python3.8/site-packages/airflow/example_dags/example_short_circuit_operator.py took 0.039 seconds
[2024-01-11T19:01:10.820+0000] {processor.py:161} INFO - Started process (PID=432) to work on /home/airflow/.local/lib/python3.8/site-packages/airflow/example_dags/example_short_circuit_operator.py
[2024-01-11T19:01:10.821+0000] {processor.py:830} INFO - Processing file /home/airflow/.local/lib/python3.8/site-packages/airflow/example_dags/example_short_circuit_operator.py for tasks to queue
[2024-01-11T19:01:10.822+0000] {logging_mixin.py:188} INFO - [2024-01-11T19:01:10.822+0000] {dagbag.py:538} INFO - Filling up the DagBag from /home/airflow/.local/lib/python3.8/site-packages/airflow/example_dags/example_short_circuit_operator.py
[2024-01-11T19:01:10.827+0000] {processor.py:840} INFO - DAG(s) 'example_short_circuit_operator' retrieved from /home/airflow/.local/lib/python3.8/site-packages/airflow/example_dags/example_short_circuit_operator.py
[2024-01-11T19:01:10.840+0000] {logging_mixin.py:188} INFO - [2024-01-11T19:01:10.840+0000] {dag.py:3033} INFO - Sync 1 DAGs
[2024-01-11T19:01:10.851+0000] {logging_mixin.py:188} INFO - [2024-01-11T19:01:10.851+0000] {dag.py:3820} INFO - Setting next_dagrun for example_short_circuit_operator to 2024-01-10T00:00:00+00:00, run_after=2024-01-11T00:00:00+00:00
[2024-01-11T19:01:10.862+0000] {processor.py:183} INFO - Processing /home/airflow/.local/lib/python3.8/site-packages/airflow/example_dags/example_short_circuit_operator.py took 0.044 seconds
[2024-01-11T19:01:40.929+0000] {processor.py:161} INFO - Started process (PID=488) to work on /home/airflow/.local/lib/python3.8/site-packages/airflow/example_dags/example_short_circuit_operator.py
[2024-01-11T19:01:40.930+0000] {processor.py:830} INFO - Processing file /home/airflow/.local/lib/python3.8/site-packages/airflow/example_dags/example_short_circuit_operator.py for tasks to queue
[2024-01-11T19:01:40.931+0000] {logging_mixin.py:188} INFO - [2024-01-11T19:01:40.931+0000] {dagbag.py:538} INFO - Filling up the DagBag from /home/airflow/.local/lib/python3.8/site-packages/airflow/example_dags/example_short_circuit_operator.py
[2024-01-11T19:01:40.936+0000] {processor.py:840} INFO - DAG(s) 'example_short_circuit_operator' retrieved from /home/airflow/.local/lib/python3.8/site-packages/airflow/example_dags/example_short_circuit_operator.py
[2024-01-11T19:01:40.947+0000] {logging_mixin.py:188} INFO - [2024-01-11T19:01:40.947+0000] {dag.py:3033} INFO - Sync 1 DAGs
[2024-01-11T19:01:40.957+0000] {logging_mixin.py:188} INFO - [2024-01-11T19:01:40.957+0000] {dag.py:3820} INFO - Setting next_dagrun for example_short_circuit_operator to 2024-01-10T00:00:00+00:00, run_after=2024-01-11T00:00:00+00:00
[2024-01-11T19:01:40.965+0000] {processor.py:183} INFO - Processing /home/airflow/.local/lib/python3.8/site-packages/airflow/example_dags/example_short_circuit_operator.py took 0.038 seconds
[2024-01-11T19:02:11.803+0000] {processor.py:161} INFO - Started process (PID=544) to work on /home/airflow/.local/lib/python3.8/site-packages/airflow/example_dags/example_short_circuit_operator.py
[2024-01-11T19:02:11.804+0000] {processor.py:830} INFO - Processing file /home/airflow/.local/lib/python3.8/site-packages/airflow/example_dags/example_short_circuit_operator.py for tasks to queue
[2024-01-11T19:02:11.805+0000] {logging_mixin.py:188} INFO - [2024-01-11T19:02:11.805+0000] {dagbag.py:538} INFO - Filling up the DagBag from /home/airflow/.local/lib/python3.8/site-packages/airflow/example_dags/example_short_circuit_operator.py
[2024-01-11T19:02:11.810+0000] {processor.py:840} INFO - DAG(s) 'example_short_circuit_operator' retrieved from /home/airflow/.local/lib/python3.8/site-packages/airflow/example_dags/example_short_circuit_operator.py
[2024-01-11T19:02:11.822+0000] {logging_mixin.py:188} INFO - [2024-01-11T19:02:11.822+0000] {dag.py:3033} INFO - Sync 1 DAGs
[2024-01-11T19:02:11.832+0000] {logging_mixin.py:188} INFO - [2024-01-11T19:02:11.832+0000] {dag.py:3820} INFO - Setting next_dagrun for example_short_circuit_operator to 2024-01-10T00:00:00+00:00, run_after=2024-01-11T00:00:00+00:00
[2024-01-11T19:02:11.841+0000] {processor.py:183} INFO - Processing /home/airflow/.local/lib/python3.8/site-packages/airflow/example_dags/example_short_circuit_operator.py took 0.040 seconds
[2024-01-11T19:02:42.604+0000] {processor.py:161} INFO - Started process (PID=600) to work on /home/airflow/.local/lib/python3.8/site-packages/airflow/example_dags/example_short_circuit_operator.py
[2024-01-11T19:02:42.605+0000] {processor.py:830} INFO - Processing file /home/airflow/.local/lib/python3.8/site-packages/airflow/example_dags/example_short_circuit_operator.py for tasks to queue
[2024-01-11T19:02:42.606+0000] {logging_mixin.py:188} INFO - [2024-01-11T19:02:42.606+0000] {dagbag.py:538} INFO - Filling up the DagBag from /home/airflow/.local/lib/python3.8/site-packages/airflow/example_dags/example_short_circuit_operator.py
[2024-01-11T19:02:42.611+0000] {processor.py:840} INFO - DAG(s) 'example_short_circuit_operator' retrieved from /home/airflow/.local/lib/python3.8/site-packages/airflow/example_dags/example_short_circuit_operator.py
[2024-01-11T19:02:42.624+0000] {logging_mixin.py:188} INFO - [2024-01-11T19:02:42.623+0000] {dag.py:3033} INFO - Sync 1 DAGs
[2024-01-11T19:02:42.635+0000] {logging_mixin.py:188} INFO - [2024-01-11T19:02:42.634+0000] {dag.py:3820} INFO - Setting next_dagrun for example_short_circuit_operator to 2024-01-10T00:00:00+00:00, run_after=2024-01-11T00:00:00+00:00
[2024-01-11T19:02:42.643+0000] {processor.py:183} INFO - Processing /home/airflow/.local/lib/python3.8/site-packages/airflow/example_dags/example_short_circuit_operator.py took 0.042 seconds
[2024-01-11T19:03:13.420+0000] {processor.py:161} INFO - Started process (PID=655) to work on /home/airflow/.local/lib/python3.8/site-packages/airflow/example_dags/example_short_circuit_operator.py
[2024-01-11T19:03:13.421+0000] {processor.py:830} INFO - Processing file /home/airflow/.local/lib/python3.8/site-packages/airflow/example_dags/example_short_circuit_operator.py for tasks to queue
[2024-01-11T19:03:13.422+0000] {logging_mixin.py:188} INFO - [2024-01-11T19:03:13.422+0000] {dagbag.py:538} INFO - Filling up the DagBag from /home/airflow/.local/lib/python3.8/site-packages/airflow/example_dags/example_short_circuit_operator.py
[2024-01-11T19:03:13.427+0000] {processor.py:840} INFO - DAG(s) 'example_short_circuit_operator' retrieved from /home/airflow/.local/lib/python3.8/site-packages/airflow/example_dags/example_short_circuit_operator.py
[2024-01-11T19:03:13.440+0000] {logging_mixin.py:188} INFO - [2024-01-11T19:03:13.440+0000] {dag.py:3033} INFO - Sync 1 DAGs
[2024-01-11T19:03:13.451+0000] {logging_mixin.py:188} INFO - [2024-01-11T19:03:13.451+0000] {dag.py:3820} INFO - Setting next_dagrun for example_short_circuit_operator to 2024-01-10T00:00:00+00:00, run_after=2024-01-11T00:00:00+00:00
[2024-01-11T19:03:13.460+0000] {processor.py:183} INFO - Processing /home/airflow/.local/lib/python3.8/site-packages/airflow/example_dags/example_short_circuit_operator.py took 0.042 seconds
[2024-01-11T19:03:43.529+0000] {processor.py:161} INFO - Started process (PID=711) to work on /home/airflow/.local/lib/python3.8/site-packages/airflow/example_dags/example_short_circuit_operator.py
[2024-01-11T19:03:43.530+0000] {processor.py:830} INFO - Processing file /home/airflow/.local/lib/python3.8/site-packages/airflow/example_dags/example_short_circuit_operator.py for tasks to queue
[2024-01-11T19:03:43.531+0000] {logging_mixin.py:188} INFO - [2024-01-11T19:03:43.531+0000] {dagbag.py:538} INFO - Filling up the DagBag from /home/airflow/.local/lib/python3.8/site-packages/airflow/example_dags/example_short_circuit_operator.py
[2024-01-11T19:03:43.536+0000] {processor.py:840} INFO - DAG(s) 'example_short_circuit_operator' retrieved from /home/airflow/.local/lib/python3.8/site-packages/airflow/example_dags/example_short_circuit_operator.py
[2024-01-11T19:03:43.548+0000] {logging_mixin.py:188} INFO - [2024-01-11T19:03:43.548+0000] {dag.py:3033} INFO - Sync 1 DAGs
[2024-01-11T19:03:43.560+0000] {logging_mixin.py:188} INFO - [2024-01-11T19:03:43.560+0000] {dag.py:3820} INFO - Setting next_dagrun for example_short_circuit_operator to 2024-01-10T00:00:00+00:00, run_after=2024-01-11T00:00:00+00:00
[2024-01-11T19:03:43.570+0000] {processor.py:183} INFO - Processing /home/airflow/.local/lib/python3.8/site-packages/airflow/example_dags/example_short_circuit_operator.py took 0.043 seconds
[2024-01-11T19:04:13.696+0000] {processor.py:161} INFO - Started process (PID=767) to work on /home/airflow/.local/lib/python3.8/site-packages/airflow/example_dags/example_short_circuit_operator.py
[2024-01-11T19:04:13.697+0000] {processor.py:830} INFO - Processing file /home/airflow/.local/lib/python3.8/site-packages/airflow/example_dags/example_short_circuit_operator.py for tasks to queue
[2024-01-11T19:04:13.698+0000] {logging_mixin.py:188} INFO - [2024-01-11T19:04:13.698+0000] {dagbag.py:538} INFO - Filling up the DagBag from /home/airflow/.local/lib/python3.8/site-packages/airflow/example_dags/example_short_circuit_operator.py
[2024-01-11T19:04:13.703+0000] {processor.py:840} INFO - DAG(s) 'example_short_circuit_operator' retrieved from /home/airflow/.local/lib/python3.8/site-packages/airflow/example_dags/example_short_circuit_operator.py
[2024-01-11T19:04:13.715+0000] {logging_mixin.py:188} INFO - [2024-01-11T19:04:13.715+0000] {dag.py:3033} INFO - Sync 1 DAGs
[2024-01-11T19:04:13.726+0000] {logging_mixin.py:188} INFO - [2024-01-11T19:04:13.726+0000] {dag.py:3820} INFO - Setting next_dagrun for example_short_circuit_operator to 2024-01-10T00:00:00+00:00, run_after=2024-01-11T00:00:00+00:00
[2024-01-11T19:04:13.735+0000] {processor.py:183} INFO - Processing /home/airflow/.local/lib/python3.8/site-packages/airflow/example_dags/example_short_circuit_operator.py took 0.041 seconds
[2024-01-11T19:04:44.574+0000] {processor.py:161} INFO - Started process (PID=823) to work on /home/airflow/.local/lib/python3.8/site-packages/airflow/example_dags/example_short_circuit_operator.py
[2024-01-11T19:04:44.575+0000] {processor.py:830} INFO - Processing file /home/airflow/.local/lib/python3.8/site-packages/airflow/example_dags/example_short_circuit_operator.py for tasks to queue
[2024-01-11T19:04:44.576+0000] {logging_mixin.py:188} INFO - [2024-01-11T19:04:44.576+0000] {dagbag.py:538} INFO - Filling up the DagBag from /home/airflow/.local/lib/python3.8/site-packages/airflow/example_dags/example_short_circuit_operator.py
[2024-01-11T19:04:44.581+0000] {processor.py:840} INFO - DAG(s) 'example_short_circuit_operator' retrieved from /home/airflow/.local/lib/python3.8/site-packages/airflow/example_dags/example_short_circuit_operator.py
[2024-01-11T19:04:44.593+0000] {logging_mixin.py:188} INFO - [2024-01-11T19:04:44.593+0000] {dag.py:3033} INFO - Sync 1 DAGs
[2024-01-11T19:04:44.603+0000] {logging_mixin.py:188} INFO - [2024-01-11T19:04:44.603+0000] {dag.py:3820} INFO - Setting next_dagrun for example_short_circuit_operator to 2024-01-10T00:00:00+00:00, run_after=2024-01-11T00:00:00+00:00
[2024-01-11T19:04:44.612+0000] {processor.py:183} INFO - Processing /home/airflow/.local/lib/python3.8/site-packages/airflow/example_dags/example_short_circuit_operator.py took 0.040 seconds
