[2024-01-11T18:57:36.386+0000] {processor.py:161} INFO - Started process (PID=56) to work on /home/airflow/.local/lib/python3.8/site-packages/airflow/example_dags/example_branch_labels.py
[2024-01-11T18:57:36.389+0000] {processor.py:830} INFO - Processing file /home/airflow/.local/lib/python3.8/site-packages/airflow/example_dags/example_branch_labels.py for tasks to queue
[2024-01-11T18:57:36.408+0000] {logging_mixin.py:188} INFO - [2024-01-11T18:57:36.407+0000] {dagbag.py:538} INFO - Filling up the DagBag from /home/airflow/.local/lib/python3.8/site-packages/airflow/example_dags/example_branch_labels.py
[2024-01-11T18:57:36.449+0000] {processor.py:840} INFO - DAG(s) 'example_branch_labels' retrieved from /home/airflow/.local/lib/python3.8/site-packages/airflow/example_dags/example_branch_labels.py
[2024-01-11T18:57:36.483+0000] {logging_mixin.py:188} INFO - [2024-01-11T18:57:36.483+0000] {dag.py:3033} INFO - Sync 1 DAGs
[2024-01-11T18:57:36.511+0000] {logging_mixin.py:188} INFO - [2024-01-11T18:57:36.511+0000] {dag.py:3820} INFO - Setting next_dagrun for example_branch_labels to 2024-01-10T00:00:00+00:00, run_after=2024-01-11T00:00:00+00:00
[2024-01-11T18:57:36.537+0000] {processor.py:183} INFO - Processing /home/airflow/.local/lib/python3.8/site-packages/airflow/example_dags/example_branch_labels.py took 0.155 seconds
[2024-01-11T18:58:06.778+0000] {processor.py:161} INFO - Started process (PID=112) to work on /home/airflow/.local/lib/python3.8/site-packages/airflow/example_dags/example_branch_labels.py
[2024-01-11T18:58:06.778+0000] {processor.py:830} INFO - Processing file /home/airflow/.local/lib/python3.8/site-packages/airflow/example_dags/example_branch_labels.py for tasks to queue
[2024-01-11T18:58:06.780+0000] {logging_mixin.py:188} INFO - [2024-01-11T18:58:06.779+0000] {dagbag.py:538} INFO - Filling up the DagBag from /home/airflow/.local/lib/python3.8/site-packages/airflow/example_dags/example_branch_labels.py
[2024-01-11T18:58:06.785+0000] {processor.py:840} INFO - DAG(s) 'example_branch_labels' retrieved from /home/airflow/.local/lib/python3.8/site-packages/airflow/example_dags/example_branch_labels.py
[2024-01-11T18:58:06.840+0000] {logging_mixin.py:188} INFO - [2024-01-11T18:58:06.839+0000] {dag.py:3033} INFO - Sync 1 DAGs
[2024-01-11T18:58:06.850+0000] {logging_mixin.py:188} INFO - [2024-01-11T18:58:06.850+0000] {dag.py:3820} INFO - Setting next_dagrun for example_branch_labels to 2024-01-10T00:00:00+00:00, run_after=2024-01-11T00:00:00+00:00
[2024-01-11T18:58:06.858+0000] {processor.py:183} INFO - Processing /home/airflow/.local/lib/python3.8/site-packages/airflow/example_dags/example_branch_labels.py took 0.083 seconds
[2024-01-11T18:58:37.171+0000] {processor.py:161} INFO - Started process (PID=168) to work on /home/airflow/.local/lib/python3.8/site-packages/airflow/example_dags/example_branch_labels.py
[2024-01-11T18:58:37.171+0000] {processor.py:830} INFO - Processing file /home/airflow/.local/lib/python3.8/site-packages/airflow/example_dags/example_branch_labels.py for tasks to queue
[2024-01-11T18:58:37.173+0000] {logging_mixin.py:188} INFO - [2024-01-11T18:58:37.173+0000] {dagbag.py:538} INFO - Filling up the DagBag from /home/airflow/.local/lib/python3.8/site-packages/airflow/example_dags/example_branch_labels.py
[2024-01-11T18:58:37.178+0000] {processor.py:840} INFO - DAG(s) 'example_branch_labels' retrieved from /home/airflow/.local/lib/python3.8/site-packages/airflow/example_dags/example_branch_labels.py
[2024-01-11T18:58:37.190+0000] {logging_mixin.py:188} INFO - [2024-01-11T18:58:37.190+0000] {dag.py:3033} INFO - Sync 1 DAGs
[2024-01-11T18:58:37.203+0000] {logging_mixin.py:188} INFO - [2024-01-11T18:58:37.203+0000] {dag.py:3820} INFO - Setting next_dagrun for example_branch_labels to 2024-01-10T00:00:00+00:00, run_after=2024-01-11T00:00:00+00:00
[2024-01-11T18:58:37.212+0000] {processor.py:183} INFO - Processing /home/airflow/.local/lib/python3.8/site-packages/airflow/example_dags/example_branch_labels.py took 0.044 seconds
[2024-01-11T18:59:08.049+0000] {processor.py:161} INFO - Started process (PID=224) to work on /home/airflow/.local/lib/python3.8/site-packages/airflow/example_dags/example_branch_labels.py
[2024-01-11T18:59:08.050+0000] {processor.py:830} INFO - Processing file /home/airflow/.local/lib/python3.8/site-packages/airflow/example_dags/example_branch_labels.py for tasks to queue
[2024-01-11T18:59:08.051+0000] {logging_mixin.py:188} INFO - [2024-01-11T18:59:08.051+0000] {dagbag.py:538} INFO - Filling up the DagBag from /home/airflow/.local/lib/python3.8/site-packages/airflow/example_dags/example_branch_labels.py
[2024-01-11T18:59:08.056+0000] {processor.py:840} INFO - DAG(s) 'example_branch_labels' retrieved from /home/airflow/.local/lib/python3.8/site-packages/airflow/example_dags/example_branch_labels.py
[2024-01-11T18:59:08.068+0000] {logging_mixin.py:188} INFO - [2024-01-11T18:59:08.068+0000] {dag.py:3033} INFO - Sync 1 DAGs
[2024-01-11T18:59:08.080+0000] {logging_mixin.py:188} INFO - [2024-01-11T18:59:08.080+0000] {dag.py:3820} INFO - Setting next_dagrun for example_branch_labels to 2024-01-10T00:00:00+00:00, run_after=2024-01-11T00:00:00+00:00
[2024-01-11T18:59:08.090+0000] {processor.py:183} INFO - Processing /home/airflow/.local/lib/python3.8/site-packages/airflow/example_dags/example_branch_labels.py took 0.043 seconds
[2024-01-11T18:59:38.924+0000] {processor.py:161} INFO - Started process (PID=280) to work on /home/airflow/.local/lib/python3.8/site-packages/airflow/example_dags/example_branch_labels.py
[2024-01-11T18:59:38.924+0000] {processor.py:830} INFO - Processing file /home/airflow/.local/lib/python3.8/site-packages/airflow/example_dags/example_branch_labels.py for tasks to queue
[2024-01-11T18:59:38.926+0000] {logging_mixin.py:188} INFO - [2024-01-11T18:59:38.926+0000] {dagbag.py:538} INFO - Filling up the DagBag from /home/airflow/.local/lib/python3.8/site-packages/airflow/example_dags/example_branch_labels.py
[2024-01-11T18:59:38.931+0000] {processor.py:840} INFO - DAG(s) 'example_branch_labels' retrieved from /home/airflow/.local/lib/python3.8/site-packages/airflow/example_dags/example_branch_labels.py
[2024-01-11T18:59:38.943+0000] {logging_mixin.py:188} INFO - [2024-01-11T18:59:38.943+0000] {dag.py:3033} INFO - Sync 1 DAGs
[2024-01-11T18:59:38.955+0000] {logging_mixin.py:188} INFO - [2024-01-11T18:59:38.955+0000] {dag.py:3820} INFO - Setting next_dagrun for example_branch_labels to 2024-01-10T00:00:00+00:00, run_after=2024-01-11T00:00:00+00:00
[2024-01-11T18:59:38.965+0000] {processor.py:183} INFO - Processing /home/airflow/.local/lib/python3.8/site-packages/airflow/example_dags/example_branch_labels.py took 0.043 seconds
[2024-01-11T19:00:09.773+0000] {processor.py:161} INFO - Started process (PID=336) to work on /home/airflow/.local/lib/python3.8/site-packages/airflow/example_dags/example_branch_labels.py
[2024-01-11T19:00:09.773+0000] {processor.py:830} INFO - Processing file /home/airflow/.local/lib/python3.8/site-packages/airflow/example_dags/example_branch_labels.py for tasks to queue
[2024-01-11T19:00:09.775+0000] {logging_mixin.py:188} INFO - [2024-01-11T19:00:09.775+0000] {dagbag.py:538} INFO - Filling up the DagBag from /home/airflow/.local/lib/python3.8/site-packages/airflow/example_dags/example_branch_labels.py
[2024-01-11T19:00:09.780+0000] {processor.py:840} INFO - DAG(s) 'example_branch_labels' retrieved from /home/airflow/.local/lib/python3.8/site-packages/airflow/example_dags/example_branch_labels.py
[2024-01-11T19:00:09.792+0000] {logging_mixin.py:188} INFO - [2024-01-11T19:00:09.792+0000] {dag.py:3033} INFO - Sync 1 DAGs
[2024-01-11T19:00:09.804+0000] {logging_mixin.py:188} INFO - [2024-01-11T19:00:09.804+0000] {dag.py:3820} INFO - Setting next_dagrun for example_branch_labels to 2024-01-10T00:00:00+00:00, run_after=2024-01-11T00:00:00+00:00
[2024-01-11T19:00:09.814+0000] {processor.py:183} INFO - Processing /home/airflow/.local/lib/python3.8/site-packages/airflow/example_dags/example_branch_labels.py took 0.043 seconds
[2024-01-11T19:00:40.482+0000] {processor.py:161} INFO - Started process (PID=392) to work on /home/airflow/.local/lib/python3.8/site-packages/airflow/example_dags/example_branch_labels.py
[2024-01-11T19:00:40.482+0000] {processor.py:830} INFO - Processing file /home/airflow/.local/lib/python3.8/site-packages/airflow/example_dags/example_branch_labels.py for tasks to queue
[2024-01-11T19:00:40.483+0000] {logging_mixin.py:188} INFO - [2024-01-11T19:00:40.483+0000] {dagbag.py:538} INFO - Filling up the DagBag from /home/airflow/.local/lib/python3.8/site-packages/airflow/example_dags/example_branch_labels.py
[2024-01-11T19:00:40.488+0000] {processor.py:840} INFO - DAG(s) 'example_branch_labels' retrieved from /home/airflow/.local/lib/python3.8/site-packages/airflow/example_dags/example_branch_labels.py
[2024-01-11T19:00:40.501+0000] {logging_mixin.py:188} INFO - [2024-01-11T19:00:40.501+0000] {dag.py:3033} INFO - Sync 1 DAGs
[2024-01-11T19:00:40.514+0000] {logging_mixin.py:188} INFO - [2024-01-11T19:00:40.514+0000] {dag.py:3820} INFO - Setting next_dagrun for example_branch_labels to 2024-01-10T00:00:00+00:00, run_after=2024-01-11T00:00:00+00:00
[2024-01-11T19:00:40.524+0000] {processor.py:183} INFO - Processing /home/airflow/.local/lib/python3.8/site-packages/airflow/example_dags/example_branch_labels.py took 0.044 seconds
[2024-01-11T19:01:11.379+0000] {processor.py:161} INFO - Started process (PID=448) to work on /home/airflow/.local/lib/python3.8/site-packages/airflow/example_dags/example_branch_labels.py
[2024-01-11T19:01:11.379+0000] {processor.py:830} INFO - Processing file /home/airflow/.local/lib/python3.8/site-packages/airflow/example_dags/example_branch_labels.py for tasks to queue
[2024-01-11T19:01:11.381+0000] {logging_mixin.py:188} INFO - [2024-01-11T19:01:11.381+0000] {dagbag.py:538} INFO - Filling up the DagBag from /home/airflow/.local/lib/python3.8/site-packages/airflow/example_dags/example_branch_labels.py
[2024-01-11T19:01:11.386+0000] {processor.py:840} INFO - DAG(s) 'example_branch_labels' retrieved from /home/airflow/.local/lib/python3.8/site-packages/airflow/example_dags/example_branch_labels.py
[2024-01-11T19:01:11.400+0000] {logging_mixin.py:188} INFO - [2024-01-11T19:01:11.400+0000] {dag.py:3033} INFO - Sync 1 DAGs
[2024-01-11T19:01:11.413+0000] {logging_mixin.py:188} INFO - [2024-01-11T19:01:11.413+0000] {dag.py:3820} INFO - Setting next_dagrun for example_branch_labels to 2024-01-10T00:00:00+00:00, run_after=2024-01-11T00:00:00+00:00
[2024-01-11T19:01:11.423+0000] {processor.py:183} INFO - Processing /home/airflow/.local/lib/python3.8/site-packages/airflow/example_dags/example_branch_labels.py took 0.047 seconds
[2024-01-11T19:01:42.418+0000] {processor.py:161} INFO - Started process (PID=504) to work on /home/airflow/.local/lib/python3.8/site-packages/airflow/example_dags/example_branch_labels.py
[2024-01-11T19:01:42.419+0000] {processor.py:830} INFO - Processing file /home/airflow/.local/lib/python3.8/site-packages/airflow/example_dags/example_branch_labels.py for tasks to queue
[2024-01-11T19:01:42.420+0000] {logging_mixin.py:188} INFO - [2024-01-11T19:01:42.420+0000] {dagbag.py:538} INFO - Filling up the DagBag from /home/airflow/.local/lib/python3.8/site-packages/airflow/example_dags/example_branch_labels.py
[2024-01-11T19:01:42.425+0000] {processor.py:840} INFO - DAG(s) 'example_branch_labels' retrieved from /home/airflow/.local/lib/python3.8/site-packages/airflow/example_dags/example_branch_labels.py
[2024-01-11T19:01:42.437+0000] {logging_mixin.py:188} INFO - [2024-01-11T19:01:42.437+0000] {dag.py:3033} INFO - Sync 1 DAGs
[2024-01-11T19:01:42.448+0000] {logging_mixin.py:188} INFO - [2024-01-11T19:01:42.448+0000] {dag.py:3820} INFO - Setting next_dagrun for example_branch_labels to 2024-01-10T00:00:00+00:00, run_after=2024-01-11T00:00:00+00:00
[2024-01-11T19:01:42.457+0000] {processor.py:183} INFO - Processing /home/airflow/.local/lib/python3.8/site-packages/airflow/example_dags/example_branch_labels.py took 0.040 seconds
[2024-01-11T19:02:13.256+0000] {processor.py:161} INFO - Started process (PID=560) to work on /home/airflow/.local/lib/python3.8/site-packages/airflow/example_dags/example_branch_labels.py
[2024-01-11T19:02:13.256+0000] {processor.py:830} INFO - Processing file /home/airflow/.local/lib/python3.8/site-packages/airflow/example_dags/example_branch_labels.py for tasks to queue
[2024-01-11T19:02:13.258+0000] {logging_mixin.py:188} INFO - [2024-01-11T19:02:13.258+0000] {dagbag.py:538} INFO - Filling up the DagBag from /home/airflow/.local/lib/python3.8/site-packages/airflow/example_dags/example_branch_labels.py
[2024-01-11T19:02:13.263+0000] {processor.py:840} INFO - DAG(s) 'example_branch_labels' retrieved from /home/airflow/.local/lib/python3.8/site-packages/airflow/example_dags/example_branch_labels.py
[2024-01-11T19:02:13.273+0000] {logging_mixin.py:188} INFO - [2024-01-11T19:02:13.273+0000] {dag.py:3033} INFO - Sync 1 DAGs
[2024-01-11T19:02:13.285+0000] {logging_mixin.py:188} INFO - [2024-01-11T19:02:13.285+0000] {dag.py:3820} INFO - Setting next_dagrun for example_branch_labels to 2024-01-10T00:00:00+00:00, run_after=2024-01-11T00:00:00+00:00
[2024-01-11T19:02:13.294+0000] {processor.py:183} INFO - Processing /home/airflow/.local/lib/python3.8/site-packages/airflow/example_dags/example_branch_labels.py took 0.040 seconds
[2024-01-11T19:02:44.063+0000] {processor.py:161} INFO - Started process (PID=616) to work on /home/airflow/.local/lib/python3.8/site-packages/airflow/example_dags/example_branch_labels.py
[2024-01-11T19:02:44.064+0000] {processor.py:830} INFO - Processing file /home/airflow/.local/lib/python3.8/site-packages/airflow/example_dags/example_branch_labels.py for tasks to queue
[2024-01-11T19:02:44.065+0000] {logging_mixin.py:188} INFO - [2024-01-11T19:02:44.065+0000] {dagbag.py:538} INFO - Filling up the DagBag from /home/airflow/.local/lib/python3.8/site-packages/airflow/example_dags/example_branch_labels.py
[2024-01-11T19:02:44.070+0000] {processor.py:840} INFO - DAG(s) 'example_branch_labels' retrieved from /home/airflow/.local/lib/python3.8/site-packages/airflow/example_dags/example_branch_labels.py
[2024-01-11T19:02:44.080+0000] {logging_mixin.py:188} INFO - [2024-01-11T19:02:44.080+0000] {dag.py:3033} INFO - Sync 1 DAGs
[2024-01-11T19:02:44.092+0000] {logging_mixin.py:188} INFO - [2024-01-11T19:02:44.091+0000] {dag.py:3820} INFO - Setting next_dagrun for example_branch_labels to 2024-01-10T00:00:00+00:00, run_after=2024-01-11T00:00:00+00:00
[2024-01-11T19:02:44.100+0000] {processor.py:183} INFO - Processing /home/airflow/.local/lib/python3.8/site-packages/airflow/example_dags/example_branch_labels.py took 0.039 seconds
[2024-01-11T19:03:14.911+0000] {processor.py:161} INFO - Started process (PID=671) to work on /home/airflow/.local/lib/python3.8/site-packages/airflow/example_dags/example_branch_labels.py
[2024-01-11T19:03:14.911+0000] {processor.py:830} INFO - Processing file /home/airflow/.local/lib/python3.8/site-packages/airflow/example_dags/example_branch_labels.py for tasks to queue
[2024-01-11T19:03:14.913+0000] {logging_mixin.py:188} INFO - [2024-01-11T19:03:14.913+0000] {dagbag.py:538} INFO - Filling up the DagBag from /home/airflow/.local/lib/python3.8/site-packages/airflow/example_dags/example_branch_labels.py
[2024-01-11T19:03:14.918+0000] {processor.py:840} INFO - DAG(s) 'example_branch_labels' retrieved from /home/airflow/.local/lib/python3.8/site-packages/airflow/example_dags/example_branch_labels.py
[2024-01-11T19:03:14.932+0000] {logging_mixin.py:188} INFO - [2024-01-11T19:03:14.932+0000] {dag.py:3033} INFO - Sync 1 DAGs
[2024-01-11T19:03:14.946+0000] {logging_mixin.py:188} INFO - [2024-01-11T19:03:14.946+0000] {dag.py:3820} INFO - Setting next_dagrun for example_branch_labels to 2024-01-10T00:00:00+00:00, run_after=2024-01-11T00:00:00+00:00
[2024-01-11T19:03:14.956+0000] {processor.py:183} INFO - Processing /home/airflow/.local/lib/python3.8/site-packages/airflow/example_dags/example_branch_labels.py took 0.048 seconds
[2024-01-11T19:03:45.023+0000] {processor.py:161} INFO - Started process (PID=727) to work on /home/airflow/.local/lib/python3.8/site-packages/airflow/example_dags/example_branch_labels.py
[2024-01-11T19:03:45.024+0000] {processor.py:830} INFO - Processing file /home/airflow/.local/lib/python3.8/site-packages/airflow/example_dags/example_branch_labels.py for tasks to queue
[2024-01-11T19:03:45.025+0000] {logging_mixin.py:188} INFO - [2024-01-11T19:03:45.025+0000] {dagbag.py:538} INFO - Filling up the DagBag from /home/airflow/.local/lib/python3.8/site-packages/airflow/example_dags/example_branch_labels.py
[2024-01-11T19:03:45.030+0000] {processor.py:840} INFO - DAG(s) 'example_branch_labels' retrieved from /home/airflow/.local/lib/python3.8/site-packages/airflow/example_dags/example_branch_labels.py
[2024-01-11T19:03:45.043+0000] {logging_mixin.py:188} INFO - [2024-01-11T19:03:45.043+0000] {dag.py:3033} INFO - Sync 1 DAGs
[2024-01-11T19:03:45.055+0000] {logging_mixin.py:188} INFO - [2024-01-11T19:03:45.055+0000] {dag.py:3820} INFO - Setting next_dagrun for example_branch_labels to 2024-01-10T00:00:00+00:00, run_after=2024-01-11T00:00:00+00:00
[2024-01-11T19:03:45.065+0000] {processor.py:183} INFO - Processing /home/airflow/.local/lib/python3.8/site-packages/airflow/example_dags/example_branch_labels.py took 0.044 seconds
[2024-01-11T19:04:15.248+0000] {processor.py:161} INFO - Started process (PID=784) to work on /home/airflow/.local/lib/python3.8/site-packages/airflow/example_dags/example_branch_labels.py
[2024-01-11T19:04:15.248+0000] {processor.py:830} INFO - Processing file /home/airflow/.local/lib/python3.8/site-packages/airflow/example_dags/example_branch_labels.py for tasks to queue
[2024-01-11T19:04:15.250+0000] {logging_mixin.py:188} INFO - [2024-01-11T19:04:15.250+0000] {dagbag.py:538} INFO - Filling up the DagBag from /home/airflow/.local/lib/python3.8/site-packages/airflow/example_dags/example_branch_labels.py
[2024-01-11T19:04:15.255+0000] {processor.py:840} INFO - DAG(s) 'example_branch_labels' retrieved from /home/airflow/.local/lib/python3.8/site-packages/airflow/example_dags/example_branch_labels.py
[2024-01-11T19:04:15.267+0000] {logging_mixin.py:188} INFO - [2024-01-11T19:04:15.267+0000] {dag.py:3033} INFO - Sync 1 DAGs
[2024-01-11T19:04:15.279+0000] {logging_mixin.py:188} INFO - [2024-01-11T19:04:15.279+0000] {dag.py:3820} INFO - Setting next_dagrun for example_branch_labels to 2024-01-10T00:00:00+00:00, run_after=2024-01-11T00:00:00+00:00
[2024-01-11T19:04:15.288+0000] {processor.py:183} INFO - Processing /home/airflow/.local/lib/python3.8/site-packages/airflow/example_dags/example_branch_labels.py took 0.043 seconds
[2024-01-11T19:04:46.022+0000] {processor.py:161} INFO - Started process (PID=839) to work on /home/airflow/.local/lib/python3.8/site-packages/airflow/example_dags/example_branch_labels.py
[2024-01-11T19:04:46.023+0000] {processor.py:830} INFO - Processing file /home/airflow/.local/lib/python3.8/site-packages/airflow/example_dags/example_branch_labels.py for tasks to queue
[2024-01-11T19:04:46.024+0000] {logging_mixin.py:188} INFO - [2024-01-11T19:04:46.024+0000] {dagbag.py:538} INFO - Filling up the DagBag from /home/airflow/.local/lib/python3.8/site-packages/airflow/example_dags/example_branch_labels.py
[2024-01-11T19:04:46.029+0000] {processor.py:840} INFO - DAG(s) 'example_branch_labels' retrieved from /home/airflow/.local/lib/python3.8/site-packages/airflow/example_dags/example_branch_labels.py
[2024-01-11T19:04:46.040+0000] {logging_mixin.py:188} INFO - [2024-01-11T19:04:46.040+0000] {dag.py:3033} INFO - Sync 1 DAGs
[2024-01-11T19:04:46.051+0000] {logging_mixin.py:188} INFO - [2024-01-11T19:04:46.051+0000] {dag.py:3820} INFO - Setting next_dagrun for example_branch_labels to 2024-01-10T00:00:00+00:00, run_after=2024-01-11T00:00:00+00:00
[2024-01-11T19:04:46.060+0000] {processor.py:183} INFO - Processing /home/airflow/.local/lib/python3.8/site-packages/airflow/example_dags/example_branch_labels.py took 0.040 seconds
