[2024-01-11T18:57:36.282+0000] {processor.py:161} INFO - Started process (PID=55) to work on /home/airflow/.local/lib/python3.8/site-packages/airflow/example_dags/tutorial_dag.py
[2024-01-11T18:57:36.283+0000] {processor.py:830} INFO - Processing file /home/airflow/.local/lib/python3.8/site-packages/airflow/example_dags/tutorial_dag.py for tasks to queue
[2024-01-11T18:57:36.286+0000] {logging_mixin.py:188} INFO - [2024-01-11T18:57:36.285+0000] {dagbag.py:538} INFO - Filling up the DagBag from /home/airflow/.local/lib/python3.8/site-packages/airflow/example_dags/tutorial_dag.py
[2024-01-11T18:57:36.293+0000] {processor.py:840} INFO - DAG(s) 'tutorial_dag' retrieved from /home/airflow/.local/lib/python3.8/site-packages/airflow/example_dags/tutorial_dag.py
[2024-01-11T18:57:36.308+0000] {logging_mixin.py:188} INFO - [2024-01-11T18:57:36.307+0000] {dag.py:3033} INFO - Sync 1 DAGs
[2024-01-11T18:57:36.322+0000] {logging_mixin.py:188} INFO - [2024-01-11T18:57:36.322+0000] {dag.py:3820} INFO - Setting next_dagrun for tutorial_dag to None, run_after=None
[2024-01-11T18:57:36.355+0000] {processor.py:183} INFO - Processing /home/airflow/.local/lib/python3.8/site-packages/airflow/example_dags/tutorial_dag.py took 0.080 seconds
[2024-01-11T18:58:06.698+0000] {processor.py:161} INFO - Started process (PID=111) to work on /home/airflow/.local/lib/python3.8/site-packages/airflow/example_dags/tutorial_dag.py
[2024-01-11T18:58:06.699+0000] {processor.py:830} INFO - Processing file /home/airflow/.local/lib/python3.8/site-packages/airflow/example_dags/tutorial_dag.py for tasks to queue
[2024-01-11T18:58:06.700+0000] {logging_mixin.py:188} INFO - [2024-01-11T18:58:06.700+0000] {dagbag.py:538} INFO - Filling up the DagBag from /home/airflow/.local/lib/python3.8/site-packages/airflow/example_dags/tutorial_dag.py
[2024-01-11T18:58:06.704+0000] {processor.py:840} INFO - DAG(s) 'tutorial_dag' retrieved from /home/airflow/.local/lib/python3.8/site-packages/airflow/example_dags/tutorial_dag.py
[2024-01-11T18:58:06.750+0000] {logging_mixin.py:188} INFO - [2024-01-11T18:58:06.750+0000] {dag.py:3033} INFO - Sync 1 DAGs
[2024-01-11T18:58:06.756+0000] {logging_mixin.py:188} INFO - [2024-01-11T18:58:06.755+0000] {dag.py:3820} INFO - Setting next_dagrun for tutorial_dag to None, run_after=None
[2024-01-11T18:58:06.765+0000] {processor.py:183} INFO - Processing /home/airflow/.local/lib/python3.8/site-packages/airflow/example_dags/tutorial_dag.py took 0.068 seconds
[2024-01-11T18:58:37.147+0000] {processor.py:161} INFO - Started process (PID=167) to work on /home/airflow/.local/lib/python3.8/site-packages/airflow/example_dags/tutorial_dag.py
[2024-01-11T18:58:37.148+0000] {processor.py:830} INFO - Processing file /home/airflow/.local/lib/python3.8/site-packages/airflow/example_dags/tutorial_dag.py for tasks to queue
[2024-01-11T18:58:37.149+0000] {logging_mixin.py:188} INFO - [2024-01-11T18:58:37.149+0000] {dagbag.py:538} INFO - Filling up the DagBag from /home/airflow/.local/lib/python3.8/site-packages/airflow/example_dags/tutorial_dag.py
[2024-01-11T18:58:37.153+0000] {processor.py:840} INFO - DAG(s) 'tutorial_dag' retrieved from /home/airflow/.local/lib/python3.8/site-packages/airflow/example_dags/tutorial_dag.py
[2024-01-11T18:58:37.165+0000] {logging_mixin.py:188} INFO - [2024-01-11T18:58:37.164+0000] {dag.py:3033} INFO - Sync 1 DAGs
[2024-01-11T18:58:37.171+0000] {logging_mixin.py:188} INFO - [2024-01-11T18:58:37.171+0000] {dag.py:3820} INFO - Setting next_dagrun for tutorial_dag to None, run_after=None
[2024-01-11T18:58:37.181+0000] {processor.py:183} INFO - Processing /home/airflow/.local/lib/python3.8/site-packages/airflow/example_dags/tutorial_dag.py took 0.036 seconds
[2024-01-11T18:59:08.024+0000] {processor.py:161} INFO - Started process (PID=223) to work on /home/airflow/.local/lib/python3.8/site-packages/airflow/example_dags/tutorial_dag.py
[2024-01-11T18:59:08.025+0000] {processor.py:830} INFO - Processing file /home/airflow/.local/lib/python3.8/site-packages/airflow/example_dags/tutorial_dag.py for tasks to queue
[2024-01-11T18:59:08.026+0000] {logging_mixin.py:188} INFO - [2024-01-11T18:59:08.026+0000] {dagbag.py:538} INFO - Filling up the DagBag from /home/airflow/.local/lib/python3.8/site-packages/airflow/example_dags/tutorial_dag.py
[2024-01-11T18:59:08.030+0000] {processor.py:840} INFO - DAG(s) 'tutorial_dag' retrieved from /home/airflow/.local/lib/python3.8/site-packages/airflow/example_dags/tutorial_dag.py
[2024-01-11T18:59:08.041+0000] {logging_mixin.py:188} INFO - [2024-01-11T18:59:08.041+0000] {dag.py:3033} INFO - Sync 1 DAGs
[2024-01-11T18:59:08.048+0000] {logging_mixin.py:188} INFO - [2024-01-11T18:59:08.048+0000] {dag.py:3820} INFO - Setting next_dagrun for tutorial_dag to None, run_after=None
[2024-01-11T18:59:08.058+0000] {processor.py:183} INFO - Processing /home/airflow/.local/lib/python3.8/site-packages/airflow/example_dags/tutorial_dag.py took 0.036 seconds
[2024-01-11T18:59:38.901+0000] {processor.py:161} INFO - Started process (PID=279) to work on /home/airflow/.local/lib/python3.8/site-packages/airflow/example_dags/tutorial_dag.py
[2024-01-11T18:59:38.902+0000] {processor.py:830} INFO - Processing file /home/airflow/.local/lib/python3.8/site-packages/airflow/example_dags/tutorial_dag.py for tasks to queue
[2024-01-11T18:59:38.903+0000] {logging_mixin.py:188} INFO - [2024-01-11T18:59:38.903+0000] {dagbag.py:538} INFO - Filling up the DagBag from /home/airflow/.local/lib/python3.8/site-packages/airflow/example_dags/tutorial_dag.py
[2024-01-11T18:59:38.907+0000] {processor.py:840} INFO - DAG(s) 'tutorial_dag' retrieved from /home/airflow/.local/lib/python3.8/site-packages/airflow/example_dags/tutorial_dag.py
[2024-01-11T18:59:38.918+0000] {logging_mixin.py:188} INFO - [2024-01-11T18:59:38.918+0000] {dag.py:3033} INFO - Sync 1 DAGs
[2024-01-11T18:59:38.925+0000] {logging_mixin.py:188} INFO - [2024-01-11T18:59:38.925+0000] {dag.py:3820} INFO - Setting next_dagrun for tutorial_dag to None, run_after=None
[2024-01-11T18:59:38.936+0000] {processor.py:183} INFO - Processing /home/airflow/.local/lib/python3.8/site-packages/airflow/example_dags/tutorial_dag.py took 0.037 seconds
[2024-01-11T19:00:09.758+0000] {processor.py:161} INFO - Started process (PID=335) to work on /home/airflow/.local/lib/python3.8/site-packages/airflow/example_dags/tutorial_dag.py
[2024-01-11T19:00:09.759+0000] {processor.py:830} INFO - Processing file /home/airflow/.local/lib/python3.8/site-packages/airflow/example_dags/tutorial_dag.py for tasks to queue
[2024-01-11T19:00:09.760+0000] {logging_mixin.py:188} INFO - [2024-01-11T19:00:09.760+0000] {dagbag.py:538} INFO - Filling up the DagBag from /home/airflow/.local/lib/python3.8/site-packages/airflow/example_dags/tutorial_dag.py
[2024-01-11T19:00:09.764+0000] {processor.py:840} INFO - DAG(s) 'tutorial_dag' retrieved from /home/airflow/.local/lib/python3.8/site-packages/airflow/example_dags/tutorial_dag.py
[2024-01-11T19:00:09.776+0000] {logging_mixin.py:188} INFO - [2024-01-11T19:00:09.775+0000] {dag.py:3033} INFO - Sync 1 DAGs
[2024-01-11T19:00:09.782+0000] {logging_mixin.py:188} INFO - [2024-01-11T19:00:09.782+0000] {dag.py:3820} INFO - Setting next_dagrun for tutorial_dag to None, run_after=None
[2024-01-11T19:00:09.791+0000] {processor.py:183} INFO - Processing /home/airflow/.local/lib/python3.8/site-packages/airflow/example_dags/tutorial_dag.py took 0.036 seconds
[2024-01-11T19:00:40.461+0000] {processor.py:161} INFO - Started process (PID=391) to work on /home/airflow/.local/lib/python3.8/site-packages/airflow/example_dags/tutorial_dag.py
[2024-01-11T19:00:40.462+0000] {processor.py:830} INFO - Processing file /home/airflow/.local/lib/python3.8/site-packages/airflow/example_dags/tutorial_dag.py for tasks to queue
[2024-01-11T19:00:40.463+0000] {logging_mixin.py:188} INFO - [2024-01-11T19:00:40.463+0000] {dagbag.py:538} INFO - Filling up the DagBag from /home/airflow/.local/lib/python3.8/site-packages/airflow/example_dags/tutorial_dag.py
[2024-01-11T19:00:40.467+0000] {processor.py:840} INFO - DAG(s) 'tutorial_dag' retrieved from /home/airflow/.local/lib/python3.8/site-packages/airflow/example_dags/tutorial_dag.py
[2024-01-11T19:00:40.478+0000] {logging_mixin.py:188} INFO - [2024-01-11T19:00:40.478+0000] {dag.py:3033} INFO - Sync 1 DAGs
[2024-01-11T19:00:40.485+0000] {logging_mixin.py:188} INFO - [2024-01-11T19:00:40.485+0000] {dag.py:3820} INFO - Setting next_dagrun for tutorial_dag to None, run_after=None
[2024-01-11T19:00:40.495+0000] {processor.py:183} INFO - Processing /home/airflow/.local/lib/python3.8/site-packages/airflow/example_dags/tutorial_dag.py took 0.036 seconds
[2024-01-11T19:01:11.332+0000] {processor.py:161} INFO - Started process (PID=447) to work on /home/airflow/.local/lib/python3.8/site-packages/airflow/example_dags/tutorial_dag.py
[2024-01-11T19:01:11.333+0000] {processor.py:830} INFO - Processing file /home/airflow/.local/lib/python3.8/site-packages/airflow/example_dags/tutorial_dag.py for tasks to queue
[2024-01-11T19:01:11.334+0000] {logging_mixin.py:188} INFO - [2024-01-11T19:01:11.334+0000] {dagbag.py:538} INFO - Filling up the DagBag from /home/airflow/.local/lib/python3.8/site-packages/airflow/example_dags/tutorial_dag.py
[2024-01-11T19:01:11.338+0000] {processor.py:840} INFO - DAG(s) 'tutorial_dag' retrieved from /home/airflow/.local/lib/python3.8/site-packages/airflow/example_dags/tutorial_dag.py
[2024-01-11T19:01:11.349+0000] {logging_mixin.py:188} INFO - [2024-01-11T19:01:11.349+0000] {dag.py:3033} INFO - Sync 1 DAGs
[2024-01-11T19:01:11.355+0000] {logging_mixin.py:188} INFO - [2024-01-11T19:01:11.355+0000] {dag.py:3820} INFO - Setting next_dagrun for tutorial_dag to None, run_after=None
[2024-01-11T19:01:11.365+0000] {processor.py:183} INFO - Processing /home/airflow/.local/lib/python3.8/site-packages/airflow/example_dags/tutorial_dag.py took 0.035 seconds
[2024-01-11T19:01:42.375+0000] {processor.py:161} INFO - Started process (PID=503) to work on /home/airflow/.local/lib/python3.8/site-packages/airflow/example_dags/tutorial_dag.py
[2024-01-11T19:01:42.376+0000] {processor.py:830} INFO - Processing file /home/airflow/.local/lib/python3.8/site-packages/airflow/example_dags/tutorial_dag.py for tasks to queue
[2024-01-11T19:01:42.377+0000] {logging_mixin.py:188} INFO - [2024-01-11T19:01:42.377+0000] {dagbag.py:538} INFO - Filling up the DagBag from /home/airflow/.local/lib/python3.8/site-packages/airflow/example_dags/tutorial_dag.py
[2024-01-11T19:01:42.381+0000] {processor.py:840} INFO - DAG(s) 'tutorial_dag' retrieved from /home/airflow/.local/lib/python3.8/site-packages/airflow/example_dags/tutorial_dag.py
[2024-01-11T19:01:42.392+0000] {logging_mixin.py:188} INFO - [2024-01-11T19:01:42.391+0000] {dag.py:3033} INFO - Sync 1 DAGs
[2024-01-11T19:01:42.398+0000] {logging_mixin.py:188} INFO - [2024-01-11T19:01:42.398+0000] {dag.py:3820} INFO - Setting next_dagrun for tutorial_dag to None, run_after=None
[2024-01-11T19:01:42.406+0000] {processor.py:183} INFO - Processing /home/airflow/.local/lib/python3.8/site-packages/airflow/example_dags/tutorial_dag.py took 0.033 seconds
[2024-01-11T19:02:13.253+0000] {processor.py:161} INFO - Started process (PID=559) to work on /home/airflow/.local/lib/python3.8/site-packages/airflow/example_dags/tutorial_dag.py
[2024-01-11T19:02:13.254+0000] {processor.py:830} INFO - Processing file /home/airflow/.local/lib/python3.8/site-packages/airflow/example_dags/tutorial_dag.py for tasks to queue
[2024-01-11T19:02:13.256+0000] {logging_mixin.py:188} INFO - [2024-01-11T19:02:13.256+0000] {dagbag.py:538} INFO - Filling up the DagBag from /home/airflow/.local/lib/python3.8/site-packages/airflow/example_dags/tutorial_dag.py
[2024-01-11T19:02:13.259+0000] {processor.py:840} INFO - DAG(s) 'tutorial_dag' retrieved from /home/airflow/.local/lib/python3.8/site-packages/airflow/example_dags/tutorial_dag.py
[2024-01-11T19:02:13.271+0000] {logging_mixin.py:188} INFO - [2024-01-11T19:02:13.271+0000] {dag.py:3033} INFO - Sync 1 DAGs
[2024-01-11T19:02:13.277+0000] {logging_mixin.py:188} INFO - [2024-01-11T19:02:13.277+0000] {dag.py:3820} INFO - Setting next_dagrun for tutorial_dag to None, run_after=None
[2024-01-11T19:02:13.286+0000] {processor.py:183} INFO - Processing /home/airflow/.local/lib/python3.8/site-packages/airflow/example_dags/tutorial_dag.py took 0.035 seconds
[2024-01-11T19:02:44.061+0000] {processor.py:161} INFO - Started process (PID=615) to work on /home/airflow/.local/lib/python3.8/site-packages/airflow/example_dags/tutorial_dag.py
[2024-01-11T19:02:44.062+0000] {processor.py:830} INFO - Processing file /home/airflow/.local/lib/python3.8/site-packages/airflow/example_dags/tutorial_dag.py for tasks to queue
[2024-01-11T19:02:44.063+0000] {logging_mixin.py:188} INFO - [2024-01-11T19:02:44.063+0000] {dagbag.py:538} INFO - Filling up the DagBag from /home/airflow/.local/lib/python3.8/site-packages/airflow/example_dags/tutorial_dag.py
[2024-01-11T19:02:44.067+0000] {processor.py:840} INFO - DAG(s) 'tutorial_dag' retrieved from /home/airflow/.local/lib/python3.8/site-packages/airflow/example_dags/tutorial_dag.py
[2024-01-11T19:02:44.078+0000] {logging_mixin.py:188} INFO - [2024-01-11T19:02:44.078+0000] {dag.py:3033} INFO - Sync 1 DAGs
[2024-01-11T19:02:44.084+0000] {logging_mixin.py:188} INFO - [2024-01-11T19:02:44.084+0000] {dag.py:3820} INFO - Setting next_dagrun for tutorial_dag to None, run_after=None
[2024-01-11T19:02:44.094+0000] {processor.py:183} INFO - Processing /home/airflow/.local/lib/python3.8/site-packages/airflow/example_dags/tutorial_dag.py took 0.035 seconds
[2024-01-11T19:03:14.859+0000] {processor.py:161} INFO - Started process (PID=670) to work on /home/airflow/.local/lib/python3.8/site-packages/airflow/example_dags/tutorial_dag.py
[2024-01-11T19:03:14.860+0000] {processor.py:830} INFO - Processing file /home/airflow/.local/lib/python3.8/site-packages/airflow/example_dags/tutorial_dag.py for tasks to queue
[2024-01-11T19:03:14.861+0000] {logging_mixin.py:188} INFO - [2024-01-11T19:03:14.861+0000] {dagbag.py:538} INFO - Filling up the DagBag from /home/airflow/.local/lib/python3.8/site-packages/airflow/example_dags/tutorial_dag.py
[2024-01-11T19:03:14.865+0000] {processor.py:840} INFO - DAG(s) 'tutorial_dag' retrieved from /home/airflow/.local/lib/python3.8/site-packages/airflow/example_dags/tutorial_dag.py
[2024-01-11T19:03:14.877+0000] {logging_mixin.py:188} INFO - [2024-01-11T19:03:14.877+0000] {dag.py:3033} INFO - Sync 1 DAGs
[2024-01-11T19:03:14.885+0000] {logging_mixin.py:188} INFO - [2024-01-11T19:03:14.884+0000] {dag.py:3820} INFO - Setting next_dagrun for tutorial_dag to None, run_after=None
[2024-01-11T19:03:14.896+0000] {processor.py:183} INFO - Processing /home/airflow/.local/lib/python3.8/site-packages/airflow/example_dags/tutorial_dag.py took 0.039 seconds
[2024-01-11T19:03:44.977+0000] {processor.py:161} INFO - Started process (PID=726) to work on /home/airflow/.local/lib/python3.8/site-packages/airflow/example_dags/tutorial_dag.py
[2024-01-11T19:03:44.978+0000] {processor.py:830} INFO - Processing file /home/airflow/.local/lib/python3.8/site-packages/airflow/example_dags/tutorial_dag.py for tasks to queue
[2024-01-11T19:03:44.979+0000] {logging_mixin.py:188} INFO - [2024-01-11T19:03:44.979+0000] {dagbag.py:538} INFO - Filling up the DagBag from /home/airflow/.local/lib/python3.8/site-packages/airflow/example_dags/tutorial_dag.py
[2024-01-11T19:03:44.983+0000] {processor.py:840} INFO - DAG(s) 'tutorial_dag' retrieved from /home/airflow/.local/lib/python3.8/site-packages/airflow/example_dags/tutorial_dag.py
[2024-01-11T19:03:44.995+0000] {logging_mixin.py:188} INFO - [2024-01-11T19:03:44.995+0000] {dag.py:3033} INFO - Sync 1 DAGs
[2024-01-11T19:03:45.001+0000] {logging_mixin.py:188} INFO - [2024-01-11T19:03:45.001+0000] {dag.py:3820} INFO - Setting next_dagrun for tutorial_dag to None, run_after=None
[2024-01-11T19:03:45.010+0000] {processor.py:183} INFO - Processing /home/airflow/.local/lib/python3.8/site-packages/airflow/example_dags/tutorial_dag.py took 0.036 seconds
[2024-01-11T19:04:15.159+0000] {processor.py:161} INFO - Started process (PID=782) to work on /home/airflow/.local/lib/python3.8/site-packages/airflow/example_dags/tutorial_dag.py
[2024-01-11T19:04:15.160+0000] {processor.py:830} INFO - Processing file /home/airflow/.local/lib/python3.8/site-packages/airflow/example_dags/tutorial_dag.py for tasks to queue
[2024-01-11T19:04:15.161+0000] {logging_mixin.py:188} INFO - [2024-01-11T19:04:15.161+0000] {dagbag.py:538} INFO - Filling up the DagBag from /home/airflow/.local/lib/python3.8/site-packages/airflow/example_dags/tutorial_dag.py
[2024-01-11T19:04:15.165+0000] {processor.py:840} INFO - DAG(s) 'tutorial_dag' retrieved from /home/airflow/.local/lib/python3.8/site-packages/airflow/example_dags/tutorial_dag.py
[2024-01-11T19:04:15.176+0000] {logging_mixin.py:188} INFO - [2024-01-11T19:04:15.176+0000] {dag.py:3033} INFO - Sync 1 DAGs
[2024-01-11T19:04:15.183+0000] {logging_mixin.py:188} INFO - [2024-01-11T19:04:15.182+0000] {dag.py:3820} INFO - Setting next_dagrun for tutorial_dag to None, run_after=None
[2024-01-11T19:04:15.191+0000] {processor.py:183} INFO - Processing /home/airflow/.local/lib/python3.8/site-packages/airflow/example_dags/tutorial_dag.py took 0.034 seconds
[2024-01-11T19:04:46.019+0000] {processor.py:161} INFO - Started process (PID=838) to work on /home/airflow/.local/lib/python3.8/site-packages/airflow/example_dags/tutorial_dag.py
[2024-01-11T19:04:46.020+0000] {processor.py:830} INFO - Processing file /home/airflow/.local/lib/python3.8/site-packages/airflow/example_dags/tutorial_dag.py for tasks to queue
[2024-01-11T19:04:46.022+0000] {logging_mixin.py:188} INFO - [2024-01-11T19:04:46.022+0000] {dagbag.py:538} INFO - Filling up the DagBag from /home/airflow/.local/lib/python3.8/site-packages/airflow/example_dags/tutorial_dag.py
[2024-01-11T19:04:46.025+0000] {processor.py:840} INFO - DAG(s) 'tutorial_dag' retrieved from /home/airflow/.local/lib/python3.8/site-packages/airflow/example_dags/tutorial_dag.py
[2024-01-11T19:04:46.037+0000] {logging_mixin.py:188} INFO - [2024-01-11T19:04:46.037+0000] {dag.py:3033} INFO - Sync 1 DAGs
[2024-01-11T19:04:46.044+0000] {logging_mixin.py:188} INFO - [2024-01-11T19:04:46.043+0000] {dag.py:3820} INFO - Setting next_dagrun for tutorial_dag to None, run_after=None
[2024-01-11T19:04:46.052+0000] {processor.py:183} INFO - Processing /home/airflow/.local/lib/python3.8/site-packages/airflow/example_dags/tutorial_dag.py took 0.035 seconds
