[2024-01-11T18:57:37.153+0000] {processor.py:161} INFO - Started process (PID=67) to work on /home/airflow/.local/lib/python3.8/site-packages/airflow/example_dags/tutorial.py
[2024-01-11T18:57:37.154+0000] {processor.py:830} INFO - Processing file /home/airflow/.local/lib/python3.8/site-packages/airflow/example_dags/tutorial.py for tasks to queue
[2024-01-11T18:57:37.156+0000] {logging_mixin.py:188} INFO - [2024-01-11T18:57:37.156+0000] {dagbag.py:538} INFO - Filling up the DagBag from /home/airflow/.local/lib/python3.8/site-packages/airflow/example_dags/tutorial.py
[2024-01-11T18:57:37.161+0000] {processor.py:840} INFO - DAG(s) 'tutorial' retrieved from /home/airflow/.local/lib/python3.8/site-packages/airflow/example_dags/tutorial.py
[2024-01-11T18:57:37.171+0000] {logging_mixin.py:188} INFO - [2024-01-11T18:57:37.170+0000] {dag.py:3033} INFO - Sync 1 DAGs
[2024-01-11T18:57:37.196+0000] {logging_mixin.py:188} INFO - [2024-01-11T18:57:37.196+0000] {dag.py:3820} INFO - Setting next_dagrun for tutorial to 2024-01-10T00:00:00+00:00, run_after=2024-01-11T00:00:00+00:00
[2024-01-11T18:57:37.240+0000] {processor.py:183} INFO - Processing /home/airflow/.local/lib/python3.8/site-packages/airflow/example_dags/tutorial.py took 0.092 seconds
[2024-01-11T18:58:07.424+0000] {processor.py:161} INFO - Started process (PID=123) to work on /home/airflow/.local/lib/python3.8/site-packages/airflow/example_dags/tutorial.py
[2024-01-11T18:58:07.425+0000] {processor.py:830} INFO - Processing file /home/airflow/.local/lib/python3.8/site-packages/airflow/example_dags/tutorial.py for tasks to queue
[2024-01-11T18:58:07.426+0000] {logging_mixin.py:188} INFO - [2024-01-11T18:58:07.426+0000] {dagbag.py:538} INFO - Filling up the DagBag from /home/airflow/.local/lib/python3.8/site-packages/airflow/example_dags/tutorial.py
[2024-01-11T18:58:07.430+0000] {processor.py:840} INFO - DAG(s) 'tutorial' retrieved from /home/airflow/.local/lib/python3.8/site-packages/airflow/example_dags/tutorial.py
[2024-01-11T18:58:07.481+0000] {logging_mixin.py:188} INFO - [2024-01-11T18:58:07.481+0000] {dag.py:3033} INFO - Sync 1 DAGs
[2024-01-11T18:58:07.492+0000] {logging_mixin.py:188} INFO - [2024-01-11T18:58:07.492+0000] {dag.py:3820} INFO - Setting next_dagrun for tutorial to 2024-01-10T00:00:00+00:00, run_after=2024-01-11T00:00:00+00:00
[2024-01-11T18:58:07.503+0000] {processor.py:183} INFO - Processing /home/airflow/.local/lib/python3.8/site-packages/airflow/example_dags/tutorial.py took 0.081 seconds
[2024-01-11T18:58:37.564+0000] {processor.py:161} INFO - Started process (PID=179) to work on /home/airflow/.local/lib/python3.8/site-packages/airflow/example_dags/tutorial.py
[2024-01-11T18:58:37.565+0000] {processor.py:830} INFO - Processing file /home/airflow/.local/lib/python3.8/site-packages/airflow/example_dags/tutorial.py for tasks to queue
[2024-01-11T18:58:37.566+0000] {logging_mixin.py:188} INFO - [2024-01-11T18:58:37.566+0000] {dagbag.py:538} INFO - Filling up the DagBag from /home/airflow/.local/lib/python3.8/site-packages/airflow/example_dags/tutorial.py
[2024-01-11T18:58:37.570+0000] {processor.py:840} INFO - DAG(s) 'tutorial' retrieved from /home/airflow/.local/lib/python3.8/site-packages/airflow/example_dags/tutorial.py
[2024-01-11T18:58:37.582+0000] {logging_mixin.py:188} INFO - [2024-01-11T18:58:37.582+0000] {dag.py:3033} INFO - Sync 1 DAGs
[2024-01-11T18:58:37.592+0000] {logging_mixin.py:188} INFO - [2024-01-11T18:58:37.592+0000] {dag.py:3820} INFO - Setting next_dagrun for tutorial to 2024-01-10T00:00:00+00:00, run_after=2024-01-11T00:00:00+00:00
[2024-01-11T18:58:37.601+0000] {processor.py:183} INFO - Processing /home/airflow/.local/lib/python3.8/site-packages/airflow/example_dags/tutorial.py took 0.039 seconds
[2024-01-11T18:59:08.385+0000] {processor.py:161} INFO - Started process (PID=235) to work on /home/airflow/.local/lib/python3.8/site-packages/airflow/example_dags/tutorial.py
[2024-01-11T18:59:08.386+0000] {processor.py:830} INFO - Processing file /home/airflow/.local/lib/python3.8/site-packages/airflow/example_dags/tutorial.py for tasks to queue
[2024-01-11T18:59:08.388+0000] {logging_mixin.py:188} INFO - [2024-01-11T18:59:08.388+0000] {dagbag.py:538} INFO - Filling up the DagBag from /home/airflow/.local/lib/python3.8/site-packages/airflow/example_dags/tutorial.py
[2024-01-11T18:59:08.392+0000] {processor.py:840} INFO - DAG(s) 'tutorial' retrieved from /home/airflow/.local/lib/python3.8/site-packages/airflow/example_dags/tutorial.py
[2024-01-11T18:59:08.404+0000] {logging_mixin.py:188} INFO - [2024-01-11T18:59:08.404+0000] {dag.py:3033} INFO - Sync 1 DAGs
[2024-01-11T18:59:08.415+0000] {logging_mixin.py:188} INFO - [2024-01-11T18:59:08.415+0000] {dag.py:3820} INFO - Setting next_dagrun for tutorial to 2024-01-10T00:00:00+00:00, run_after=2024-01-11T00:00:00+00:00
[2024-01-11T18:59:08.425+0000] {processor.py:183} INFO - Processing /home/airflow/.local/lib/python3.8/site-packages/airflow/example_dags/tutorial.py took 0.042 seconds
[2024-01-11T18:59:39.230+0000] {processor.py:161} INFO - Started process (PID=291) to work on /home/airflow/.local/lib/python3.8/site-packages/airflow/example_dags/tutorial.py
[2024-01-11T18:59:39.231+0000] {processor.py:830} INFO - Processing file /home/airflow/.local/lib/python3.8/site-packages/airflow/example_dags/tutorial.py for tasks to queue
[2024-01-11T18:59:39.232+0000] {logging_mixin.py:188} INFO - [2024-01-11T18:59:39.232+0000] {dagbag.py:538} INFO - Filling up the DagBag from /home/airflow/.local/lib/python3.8/site-packages/airflow/example_dags/tutorial.py
[2024-01-11T18:59:39.237+0000] {processor.py:840} INFO - DAG(s) 'tutorial' retrieved from /home/airflow/.local/lib/python3.8/site-packages/airflow/example_dags/tutorial.py
[2024-01-11T18:59:39.248+0000] {logging_mixin.py:188} INFO - [2024-01-11T18:59:39.248+0000] {dag.py:3033} INFO - Sync 1 DAGs
[2024-01-11T18:59:39.260+0000] {logging_mixin.py:188} INFO - [2024-01-11T18:59:39.259+0000] {dag.py:3820} INFO - Setting next_dagrun for tutorial to 2024-01-10T00:00:00+00:00, run_after=2024-01-11T00:00:00+00:00
[2024-01-11T18:59:39.269+0000] {processor.py:183} INFO - Processing /home/airflow/.local/lib/python3.8/site-packages/airflow/example_dags/tutorial.py took 0.041 seconds
[2024-01-11T19:00:10.079+0000] {processor.py:161} INFO - Started process (PID=347) to work on /home/airflow/.local/lib/python3.8/site-packages/airflow/example_dags/tutorial.py
[2024-01-11T19:00:10.080+0000] {processor.py:830} INFO - Processing file /home/airflow/.local/lib/python3.8/site-packages/airflow/example_dags/tutorial.py for tasks to queue
[2024-01-11T19:00:10.081+0000] {logging_mixin.py:188} INFO - [2024-01-11T19:00:10.081+0000] {dagbag.py:538} INFO - Filling up the DagBag from /home/airflow/.local/lib/python3.8/site-packages/airflow/example_dags/tutorial.py
[2024-01-11T19:00:10.085+0000] {processor.py:840} INFO - DAG(s) 'tutorial' retrieved from /home/airflow/.local/lib/python3.8/site-packages/airflow/example_dags/tutorial.py
[2024-01-11T19:00:10.096+0000] {logging_mixin.py:188} INFO - [2024-01-11T19:00:10.096+0000] {dag.py:3033} INFO - Sync 1 DAGs
[2024-01-11T19:00:10.107+0000] {logging_mixin.py:188} INFO - [2024-01-11T19:00:10.107+0000] {dag.py:3820} INFO - Setting next_dagrun for tutorial to 2024-01-10T00:00:00+00:00, run_after=2024-01-11T00:00:00+00:00
[2024-01-11T19:00:10.117+0000] {processor.py:183} INFO - Processing /home/airflow/.local/lib/python3.8/site-packages/airflow/example_dags/tutorial.py took 0.041 seconds
[2024-01-11T19:00:40.784+0000] {processor.py:161} INFO - Started process (PID=403) to work on /home/airflow/.local/lib/python3.8/site-packages/airflow/example_dags/tutorial.py
[2024-01-11T19:00:40.785+0000] {processor.py:830} INFO - Processing file /home/airflow/.local/lib/python3.8/site-packages/airflow/example_dags/tutorial.py for tasks to queue
[2024-01-11T19:00:40.786+0000] {logging_mixin.py:188} INFO - [2024-01-11T19:00:40.786+0000] {dagbag.py:538} INFO - Filling up the DagBag from /home/airflow/.local/lib/python3.8/site-packages/airflow/example_dags/tutorial.py
[2024-01-11T19:00:40.790+0000] {processor.py:840} INFO - DAG(s) 'tutorial' retrieved from /home/airflow/.local/lib/python3.8/site-packages/airflow/example_dags/tutorial.py
[2024-01-11T19:00:40.802+0000] {logging_mixin.py:188} INFO - [2024-01-11T19:00:40.801+0000] {dag.py:3033} INFO - Sync 1 DAGs
[2024-01-11T19:00:40.813+0000] {logging_mixin.py:188} INFO - [2024-01-11T19:00:40.813+0000] {dag.py:3820} INFO - Setting next_dagrun for tutorial to 2024-01-10T00:00:00+00:00, run_after=2024-01-11T00:00:00+00:00
[2024-01-11T19:00:40.822+0000] {processor.py:183} INFO - Processing /home/airflow/.local/lib/python3.8/site-packages/airflow/example_dags/tutorial.py took 0.040 seconds
[2024-01-11T19:01:11.733+0000] {processor.py:161} INFO - Started process (PID=459) to work on /home/airflow/.local/lib/python3.8/site-packages/airflow/example_dags/tutorial.py
[2024-01-11T19:01:11.734+0000] {processor.py:830} INFO - Processing file /home/airflow/.local/lib/python3.8/site-packages/airflow/example_dags/tutorial.py for tasks to queue
[2024-01-11T19:01:11.736+0000] {logging_mixin.py:188} INFO - [2024-01-11T19:01:11.735+0000] {dagbag.py:538} INFO - Filling up the DagBag from /home/airflow/.local/lib/python3.8/site-packages/airflow/example_dags/tutorial.py
[2024-01-11T19:01:11.740+0000] {processor.py:840} INFO - DAG(s) 'tutorial' retrieved from /home/airflow/.local/lib/python3.8/site-packages/airflow/example_dags/tutorial.py
[2024-01-11T19:01:11.751+0000] {logging_mixin.py:188} INFO - [2024-01-11T19:01:11.751+0000] {dag.py:3033} INFO - Sync 1 DAGs
[2024-01-11T19:01:11.763+0000] {logging_mixin.py:188} INFO - [2024-01-11T19:01:11.763+0000] {dag.py:3820} INFO - Setting next_dagrun for tutorial to 2024-01-10T00:00:00+00:00, run_after=2024-01-11T00:00:00+00:00
[2024-01-11T19:01:11.773+0000] {processor.py:183} INFO - Processing /home/airflow/.local/lib/python3.8/site-packages/airflow/example_dags/tutorial.py took 0.042 seconds
[2024-01-11T19:01:42.742+0000] {processor.py:161} INFO - Started process (PID=515) to work on /home/airflow/.local/lib/python3.8/site-packages/airflow/example_dags/tutorial.py
[2024-01-11T19:01:42.743+0000] {processor.py:830} INFO - Processing file /home/airflow/.local/lib/python3.8/site-packages/airflow/example_dags/tutorial.py for tasks to queue
[2024-01-11T19:01:42.744+0000] {logging_mixin.py:188} INFO - [2024-01-11T19:01:42.744+0000] {dagbag.py:538} INFO - Filling up the DagBag from /home/airflow/.local/lib/python3.8/site-packages/airflow/example_dags/tutorial.py
[2024-01-11T19:01:42.748+0000] {processor.py:840} INFO - DAG(s) 'tutorial' retrieved from /home/airflow/.local/lib/python3.8/site-packages/airflow/example_dags/tutorial.py
[2024-01-11T19:01:42.759+0000] {logging_mixin.py:188} INFO - [2024-01-11T19:01:42.759+0000] {dag.py:3033} INFO - Sync 1 DAGs
[2024-01-11T19:01:42.771+0000] {logging_mixin.py:188} INFO - [2024-01-11T19:01:42.771+0000] {dag.py:3820} INFO - Setting next_dagrun for tutorial to 2024-01-10T00:00:00+00:00, run_after=2024-01-11T00:00:00+00:00
[2024-01-11T19:01:42.780+0000] {processor.py:183} INFO - Processing /home/airflow/.local/lib/python3.8/site-packages/airflow/example_dags/tutorial.py took 0.041 seconds
[2024-01-11T19:02:13.567+0000] {processor.py:161} INFO - Started process (PID=571) to work on /home/airflow/.local/lib/python3.8/site-packages/airflow/example_dags/tutorial.py
[2024-01-11T19:02:13.568+0000] {processor.py:830} INFO - Processing file /home/airflow/.local/lib/python3.8/site-packages/airflow/example_dags/tutorial.py for tasks to queue
[2024-01-11T19:02:13.569+0000] {logging_mixin.py:188} INFO - [2024-01-11T19:02:13.569+0000] {dagbag.py:538} INFO - Filling up the DagBag from /home/airflow/.local/lib/python3.8/site-packages/airflow/example_dags/tutorial.py
[2024-01-11T19:02:13.573+0000] {processor.py:840} INFO - DAG(s) 'tutorial' retrieved from /home/airflow/.local/lib/python3.8/site-packages/airflow/example_dags/tutorial.py
[2024-01-11T19:02:13.584+0000] {logging_mixin.py:188} INFO - [2024-01-11T19:02:13.584+0000] {dag.py:3033} INFO - Sync 1 DAGs
[2024-01-11T19:02:13.595+0000] {logging_mixin.py:188} INFO - [2024-01-11T19:02:13.595+0000] {dag.py:3820} INFO - Setting next_dagrun for tutorial to 2024-01-10T00:00:00+00:00, run_after=2024-01-11T00:00:00+00:00
[2024-01-11T19:02:13.603+0000] {processor.py:183} INFO - Processing /home/airflow/.local/lib/python3.8/site-packages/airflow/example_dags/tutorial.py took 0.037 seconds
[2024-01-11T19:02:44.385+0000] {processor.py:161} INFO - Started process (PID=627) to work on /home/airflow/.local/lib/python3.8/site-packages/airflow/example_dags/tutorial.py
[2024-01-11T19:02:44.386+0000] {processor.py:830} INFO - Processing file /home/airflow/.local/lib/python3.8/site-packages/airflow/example_dags/tutorial.py for tasks to queue
[2024-01-11T19:02:44.387+0000] {logging_mixin.py:188} INFO - [2024-01-11T19:02:44.387+0000] {dagbag.py:538} INFO - Filling up the DagBag from /home/airflow/.local/lib/python3.8/site-packages/airflow/example_dags/tutorial.py
[2024-01-11T19:02:44.391+0000] {processor.py:840} INFO - DAG(s) 'tutorial' retrieved from /home/airflow/.local/lib/python3.8/site-packages/airflow/example_dags/tutorial.py
[2024-01-11T19:02:44.402+0000] {logging_mixin.py:188} INFO - [2024-01-11T19:02:44.402+0000] {dag.py:3033} INFO - Sync 1 DAGs
[2024-01-11T19:02:44.413+0000] {logging_mixin.py:188} INFO - [2024-01-11T19:02:44.413+0000] {dag.py:3820} INFO - Setting next_dagrun for tutorial to 2024-01-10T00:00:00+00:00, run_after=2024-01-11T00:00:00+00:00
[2024-01-11T19:02:44.421+0000] {processor.py:183} INFO - Processing /home/airflow/.local/lib/python3.8/site-packages/airflow/example_dags/tutorial.py took 0.038 seconds
[2024-01-11T19:03:15.276+0000] {processor.py:161} INFO - Started process (PID=682) to work on /home/airflow/.local/lib/python3.8/site-packages/airflow/example_dags/tutorial.py
[2024-01-11T19:03:15.277+0000] {processor.py:830} INFO - Processing file /home/airflow/.local/lib/python3.8/site-packages/airflow/example_dags/tutorial.py for tasks to queue
[2024-01-11T19:03:15.278+0000] {logging_mixin.py:188} INFO - [2024-01-11T19:03:15.278+0000] {dagbag.py:538} INFO - Filling up the DagBag from /home/airflow/.local/lib/python3.8/site-packages/airflow/example_dags/tutorial.py
[2024-01-11T19:03:15.282+0000] {processor.py:840} INFO - DAG(s) 'tutorial' retrieved from /home/airflow/.local/lib/python3.8/site-packages/airflow/example_dags/tutorial.py
[2024-01-11T19:03:15.294+0000] {logging_mixin.py:188} INFO - [2024-01-11T19:03:15.294+0000] {dag.py:3033} INFO - Sync 1 DAGs
[2024-01-11T19:03:15.306+0000] {logging_mixin.py:188} INFO - [2024-01-11T19:03:15.306+0000] {dag.py:3820} INFO - Setting next_dagrun for tutorial to 2024-01-10T00:00:00+00:00, run_after=2024-01-11T00:00:00+00:00
[2024-01-11T19:03:15.315+0000] {processor.py:183} INFO - Processing /home/airflow/.local/lib/python3.8/site-packages/airflow/example_dags/tutorial.py took 0.041 seconds
[2024-01-11T19:03:45.368+0000] {processor.py:161} INFO - Started process (PID=738) to work on /home/airflow/.local/lib/python3.8/site-packages/airflow/example_dags/tutorial.py
[2024-01-11T19:03:45.369+0000] {processor.py:830} INFO - Processing file /home/airflow/.local/lib/python3.8/site-packages/airflow/example_dags/tutorial.py for tasks to queue
[2024-01-11T19:03:45.370+0000] {logging_mixin.py:188} INFO - [2024-01-11T19:03:45.370+0000] {dagbag.py:538} INFO - Filling up the DagBag from /home/airflow/.local/lib/python3.8/site-packages/airflow/example_dags/tutorial.py
[2024-01-11T19:03:45.374+0000] {processor.py:840} INFO - DAG(s) 'tutorial' retrieved from /home/airflow/.local/lib/python3.8/site-packages/airflow/example_dags/tutorial.py
[2024-01-11T19:03:45.386+0000] {logging_mixin.py:188} INFO - [2024-01-11T19:03:45.386+0000] {dag.py:3033} INFO - Sync 1 DAGs
[2024-01-11T19:03:45.398+0000] {logging_mixin.py:188} INFO - [2024-01-11T19:03:45.398+0000] {dag.py:3820} INFO - Setting next_dagrun for tutorial to 2024-01-10T00:00:00+00:00, run_after=2024-01-11T00:00:00+00:00
[2024-01-11T19:03:45.409+0000] {processor.py:183} INFO - Processing /home/airflow/.local/lib/python3.8/site-packages/airflow/example_dags/tutorial.py took 0.043 seconds
[2024-01-11T19:04:15.551+0000] {processor.py:161} INFO - Started process (PID=794) to work on /home/airflow/.local/lib/python3.8/site-packages/airflow/example_dags/tutorial.py
[2024-01-11T19:04:15.552+0000] {processor.py:830} INFO - Processing file /home/airflow/.local/lib/python3.8/site-packages/airflow/example_dags/tutorial.py for tasks to queue
[2024-01-11T19:04:15.553+0000] {logging_mixin.py:188} INFO - [2024-01-11T19:04:15.553+0000] {dagbag.py:538} INFO - Filling up the DagBag from /home/airflow/.local/lib/python3.8/site-packages/airflow/example_dags/tutorial.py
[2024-01-11T19:04:15.557+0000] {processor.py:840} INFO - DAG(s) 'tutorial' retrieved from /home/airflow/.local/lib/python3.8/site-packages/airflow/example_dags/tutorial.py
[2024-01-11T19:04:15.569+0000] {logging_mixin.py:188} INFO - [2024-01-11T19:04:15.569+0000] {dag.py:3033} INFO - Sync 1 DAGs
[2024-01-11T19:04:15.579+0000] {logging_mixin.py:188} INFO - [2024-01-11T19:04:15.579+0000] {dag.py:3820} INFO - Setting next_dagrun for tutorial to 2024-01-10T00:00:00+00:00, run_after=2024-01-11T00:00:00+00:00
[2024-01-11T19:04:15.587+0000] {processor.py:183} INFO - Processing /home/airflow/.local/lib/python3.8/site-packages/airflow/example_dags/tutorial.py took 0.038 seconds
[2024-01-11T19:04:46.336+0000] {processor.py:161} INFO - Started process (PID=850) to work on /home/airflow/.local/lib/python3.8/site-packages/airflow/example_dags/tutorial.py
[2024-01-11T19:04:46.337+0000] {processor.py:830} INFO - Processing file /home/airflow/.local/lib/python3.8/site-packages/airflow/example_dags/tutorial.py for tasks to queue
[2024-01-11T19:04:46.338+0000] {logging_mixin.py:188} INFO - [2024-01-11T19:04:46.338+0000] {dagbag.py:538} INFO - Filling up the DagBag from /home/airflow/.local/lib/python3.8/site-packages/airflow/example_dags/tutorial.py
[2024-01-11T19:04:46.341+0000] {processor.py:840} INFO - DAG(s) 'tutorial' retrieved from /home/airflow/.local/lib/python3.8/site-packages/airflow/example_dags/tutorial.py
[2024-01-11T19:04:46.352+0000] {logging_mixin.py:188} INFO - [2024-01-11T19:04:46.352+0000] {dag.py:3033} INFO - Sync 1 DAGs
[2024-01-11T19:04:46.363+0000] {logging_mixin.py:188} INFO - [2024-01-11T19:04:46.363+0000] {dag.py:3820} INFO - Setting next_dagrun for tutorial to 2024-01-10T00:00:00+00:00, run_after=2024-01-11T00:00:00+00:00
[2024-01-11T19:04:46.371+0000] {processor.py:183} INFO - Processing /home/airflow/.local/lib/python3.8/site-packages/airflow/example_dags/tutorial.py took 0.037 seconds
