[2024-01-13T00:58:40.210+0000] {processor.py:161} INFO - Started process (PID=14652) to work on /opt/airflow/dags/fdic-ncua-metrics.py
[2024-01-13T00:58:40.210+0000] {processor.py:830} INFO - Processing file /opt/airflow/dags/fdic-ncua-metrics.py for tasks to queue
[2024-01-13T00:58:40.211+0000] {logging_mixin.py:188} INFO - [2024-01-13T00:58:40.211+0000] {dagbag.py:538} INFO - Filling up the DagBag from /opt/airflow/dags/fdic-ncua-metrics.py
[2024-01-13T00:58:40.222+0000] {processor.py:840} INFO - DAG(s) 'fdic_ncua_metrics' retrieved from /opt/airflow/dags/fdic-ncua-metrics.py
[2024-01-13T00:58:40.287+0000] {logging_mixin.py:188} INFO - [2024-01-13T00:58:40.287+0000] {override.py:1769} INFO - Created Permission View: can edit on DAG:fdic_ncua_metrics
[2024-01-13T00:58:40.292+0000] {logging_mixin.py:188} INFO - [2024-01-13T00:58:40.292+0000] {override.py:1769} INFO - Created Permission View: can read on DAG:fdic_ncua_metrics
[2024-01-13T00:58:40.294+0000] {logging_mixin.py:188} INFO - [2024-01-13T00:58:40.294+0000] {override.py:1769} INFO - Created Permission View: can delete on DAG:fdic_ncua_metrics
[2024-01-13T00:58:40.295+0000] {logging_mixin.py:188} INFO - [2024-01-13T00:58:40.295+0000] {dag.py:3033} INFO - Sync 1 DAGs
[2024-01-13T00:58:40.301+0000] {logging_mixin.py:188} INFO - [2024-01-13T00:58:40.301+0000] {dag.py:3055} INFO - Creating ORM DAG for fdic_ncua_metrics
[2024-01-13T00:58:40.301+0000] {logging_mixin.py:188} INFO - [2024-01-13T00:58:40.301+0000] {dag.py:3820} INFO - Setting next_dagrun for fdic_ncua_metrics to None, run_after=None
[2024-01-13T00:58:40.308+0000] {processor.py:183} INFO - Processing /opt/airflow/dags/fdic-ncua-metrics.py took 0.101 seconds
[2024-01-13T00:59:10.845+0000] {processor.py:161} INFO - Started process (PID=14663) to work on /opt/airflow/dags/fdic-ncua-metrics.py
[2024-01-13T00:59:10.848+0000] {processor.py:830} INFO - Processing file /opt/airflow/dags/fdic-ncua-metrics.py for tasks to queue
[2024-01-13T00:59:10.849+0000] {logging_mixin.py:188} INFO - [2024-01-13T00:59:10.849+0000] {dagbag.py:538} INFO - Filling up the DagBag from /opt/airflow/dags/fdic-ncua-metrics.py
[2024-01-13T00:59:10.864+0000] {processor.py:840} INFO - DAG(s) 'fdic_ncua_metrics' retrieved from /opt/airflow/dags/fdic-ncua-metrics.py
[2024-01-13T00:59:10.881+0000] {logging_mixin.py:188} INFO - [2024-01-13T00:59:10.881+0000] {dag.py:3033} INFO - Sync 1 DAGs
[2024-01-13T00:59:10.889+0000] {logging_mixin.py:188} INFO - [2024-01-13T00:59:10.889+0000] {dag.py:3820} INFO - Setting next_dagrun for fdic_ncua_metrics to None, run_after=None
[2024-01-13T00:59:10.899+0000] {processor.py:183} INFO - Processing /opt/airflow/dags/fdic-ncua-metrics.py took 0.058 seconds
[2024-01-13T00:59:41.408+0000] {processor.py:161} INFO - Started process (PID=14674) to work on /opt/airflow/dags/fdic-ncua-metrics.py
[2024-01-13T00:59:41.411+0000] {processor.py:830} INFO - Processing file /opt/airflow/dags/fdic-ncua-metrics.py for tasks to queue
[2024-01-13T00:59:41.413+0000] {logging_mixin.py:188} INFO - [2024-01-13T00:59:41.412+0000] {dagbag.py:538} INFO - Filling up the DagBag from /opt/airflow/dags/fdic-ncua-metrics.py
[2024-01-13T00:59:41.440+0000] {processor.py:840} INFO - DAG(s) 'fdic_ncua_metrics' retrieved from /opt/airflow/dags/fdic-ncua-metrics.py
[2024-01-13T00:59:41.476+0000] {logging_mixin.py:188} INFO - [2024-01-13T00:59:41.475+0000] {dag.py:3033} INFO - Sync 1 DAGs
[2024-01-13T00:59:41.486+0000] {logging_mixin.py:188} INFO - [2024-01-13T00:59:41.486+0000] {dag.py:3820} INFO - Setting next_dagrun for fdic_ncua_metrics to None, run_after=None
[2024-01-13T00:59:41.499+0000] {processor.py:183} INFO - Processing /opt/airflow/dags/fdic-ncua-metrics.py took 0.100 seconds
[2024-01-13T01:00:12.036+0000] {processor.py:161} INFO - Started process (PID=14685) to work on /opt/airflow/dags/fdic-ncua-metrics.py
[2024-01-13T01:00:12.039+0000] {processor.py:830} INFO - Processing file /opt/airflow/dags/fdic-ncua-metrics.py for tasks to queue
[2024-01-13T01:00:12.041+0000] {logging_mixin.py:188} INFO - [2024-01-13T01:00:12.040+0000] {dagbag.py:538} INFO - Filling up the DagBag from /opt/airflow/dags/fdic-ncua-metrics.py
[2024-01-13T01:00:12.065+0000] {processor.py:840} INFO - DAG(s) 'fdic_ncua_metrics' retrieved from /opt/airflow/dags/fdic-ncua-metrics.py
[2024-01-13T01:00:12.176+0000] {logging_mixin.py:188} INFO - [2024-01-13T01:00:12.176+0000] {dag.py:3033} INFO - Sync 1 DAGs
[2024-01-13T01:00:12.183+0000] {logging_mixin.py:188} INFO - [2024-01-13T01:00:12.183+0000] {dag.py:3820} INFO - Setting next_dagrun for fdic_ncua_metrics to None, run_after=None
[2024-01-13T01:00:12.195+0000] {processor.py:183} INFO - Processing /opt/airflow/dags/fdic-ncua-metrics.py took 0.165 seconds
[2024-01-13T01:00:42.566+0000] {processor.py:161} INFO - Started process (PID=14696) to work on /opt/airflow/dags/fdic-ncua-metrics.py
[2024-01-13T01:00:42.567+0000] {processor.py:830} INFO - Processing file /opt/airflow/dags/fdic-ncua-metrics.py for tasks to queue
[2024-01-13T01:00:42.569+0000] {logging_mixin.py:188} INFO - [2024-01-13T01:00:42.568+0000] {dagbag.py:538} INFO - Filling up the DagBag from /opt/airflow/dags/fdic-ncua-metrics.py
[2024-01-13T01:00:42.590+0000] {processor.py:840} INFO - DAG(s) 'fdic_ncua_metrics' retrieved from /opt/airflow/dags/fdic-ncua-metrics.py
[2024-01-13T01:00:42.619+0000] {logging_mixin.py:188} INFO - [2024-01-13T01:00:42.618+0000] {dag.py:3033} INFO - Sync 1 DAGs
[2024-01-13T01:00:42.629+0000] {logging_mixin.py:188} INFO - [2024-01-13T01:00:42.629+0000] {dag.py:3820} INFO - Setting next_dagrun for fdic_ncua_metrics to None, run_after=None
[2024-01-13T01:00:42.642+0000] {processor.py:183} INFO - Processing /opt/airflow/dags/fdic-ncua-metrics.py took 0.082 seconds
[2024-01-13T01:01:13.106+0000] {processor.py:161} INFO - Started process (PID=14717) to work on /opt/airflow/dags/fdic-ncua-metrics.py
[2024-01-13T01:01:13.107+0000] {processor.py:830} INFO - Processing file /opt/airflow/dags/fdic-ncua-metrics.py for tasks to queue
[2024-01-13T01:01:13.109+0000] {logging_mixin.py:188} INFO - [2024-01-13T01:01:13.108+0000] {dagbag.py:538} INFO - Filling up the DagBag from /opt/airflow/dags/fdic-ncua-metrics.py
[2024-01-13T01:01:13.128+0000] {processor.py:840} INFO - DAG(s) 'fdic_ncua_metrics' retrieved from /opt/airflow/dags/fdic-ncua-metrics.py
[2024-01-13T01:01:13.152+0000] {logging_mixin.py:188} INFO - [2024-01-13T01:01:13.152+0000] {dag.py:3033} INFO - Sync 1 DAGs
[2024-01-13T01:01:13.161+0000] {logging_mixin.py:188} INFO - [2024-01-13T01:01:13.161+0000] {dag.py:3820} INFO - Setting next_dagrun for fdic_ncua_metrics to None, run_after=None
[2024-01-13T01:01:13.171+0000] {processor.py:183} INFO - Processing /opt/airflow/dags/fdic-ncua-metrics.py took 0.069 seconds
[2024-01-13T01:01:43.510+0000] {processor.py:161} INFO - Started process (PID=14728) to work on /opt/airflow/dags/fdic-ncua-metrics.py
[2024-01-13T01:01:43.511+0000] {processor.py:830} INFO - Processing file /opt/airflow/dags/fdic-ncua-metrics.py for tasks to queue
[2024-01-13T01:01:43.512+0000] {logging_mixin.py:188} INFO - [2024-01-13T01:01:43.512+0000] {dagbag.py:538} INFO - Filling up the DagBag from /opt/airflow/dags/fdic-ncua-metrics.py
[2024-01-13T01:01:43.524+0000] {processor.py:840} INFO - DAG(s) 'fdic_ncua_metrics' retrieved from /opt/airflow/dags/fdic-ncua-metrics.py
[2024-01-13T01:01:43.543+0000] {logging_mixin.py:188} INFO - [2024-01-13T01:01:43.543+0000] {dag.py:3033} INFO - Sync 1 DAGs
[2024-01-13T01:01:43.551+0000] {logging_mixin.py:188} INFO - [2024-01-13T01:01:43.551+0000] {dag.py:3820} INFO - Setting next_dagrun for fdic_ncua_metrics to None, run_after=None
[2024-01-13T01:01:43.561+0000] {processor.py:183} INFO - Processing /opt/airflow/dags/fdic-ncua-metrics.py took 0.054 seconds
[2024-01-13T01:02:13.970+0000] {processor.py:161} INFO - Started process (PID=14768) to work on /opt/airflow/dags/fdic-ncua-metrics.py
[2024-01-13T01:02:13.971+0000] {processor.py:830} INFO - Processing file /opt/airflow/dags/fdic-ncua-metrics.py for tasks to queue
[2024-01-13T01:02:13.972+0000] {logging_mixin.py:188} INFO - [2024-01-13T01:02:13.971+0000] {dagbag.py:538} INFO - Filling up the DagBag from /opt/airflow/dags/fdic-ncua-metrics.py
[2024-01-13T01:02:13.984+0000] {processor.py:840} INFO - DAG(s) 'fdic_ncua_metrics' retrieved from /opt/airflow/dags/fdic-ncua-metrics.py
[2024-01-13T01:02:14.005+0000] {logging_mixin.py:188} INFO - [2024-01-13T01:02:14.005+0000] {dag.py:3033} INFO - Sync 1 DAGs
[2024-01-13T01:02:14.016+0000] {logging_mixin.py:188} INFO - [2024-01-13T01:02:14.016+0000] {dag.py:3820} INFO - Setting next_dagrun for fdic_ncua_metrics to None, run_after=None
[2024-01-13T01:02:14.031+0000] {processor.py:183} INFO - Processing /opt/airflow/dags/fdic-ncua-metrics.py took 0.064 seconds
[2024-01-13T01:02:44.531+0000] {processor.py:161} INFO - Started process (PID=14784) to work on /opt/airflow/dags/fdic-ncua-metrics.py
[2024-01-13T01:02:44.533+0000] {processor.py:830} INFO - Processing file /opt/airflow/dags/fdic-ncua-metrics.py for tasks to queue
[2024-01-13T01:02:44.535+0000] {logging_mixin.py:188} INFO - [2024-01-13T01:02:44.535+0000] {dagbag.py:538} INFO - Filling up the DagBag from /opt/airflow/dags/fdic-ncua-metrics.py
[2024-01-13T01:02:44.556+0000] {processor.py:840} INFO - DAG(s) 'fdic_ncua_metrics' retrieved from /opt/airflow/dags/fdic-ncua-metrics.py
[2024-01-13T01:02:44.583+0000] {logging_mixin.py:188} INFO - [2024-01-13T01:02:44.583+0000] {dag.py:3033} INFO - Sync 1 DAGs
[2024-01-13T01:02:44.592+0000] {logging_mixin.py:188} INFO - [2024-01-13T01:02:44.592+0000] {dag.py:3820} INFO - Setting next_dagrun for fdic_ncua_metrics to None, run_after=None
[2024-01-13T01:02:44.602+0000] {processor.py:183} INFO - Processing /opt/airflow/dags/fdic-ncua-metrics.py took 0.079 seconds
[2024-01-13T01:03:15.179+0000] {processor.py:161} INFO - Started process (PID=14795) to work on /opt/airflow/dags/fdic-ncua-metrics.py
[2024-01-13T01:03:15.182+0000] {processor.py:830} INFO - Processing file /opt/airflow/dags/fdic-ncua-metrics.py for tasks to queue
[2024-01-13T01:03:15.183+0000] {logging_mixin.py:188} INFO - [2024-01-13T01:03:15.182+0000] {dagbag.py:538} INFO - Filling up the DagBag from /opt/airflow/dags/fdic-ncua-metrics.py
[2024-01-13T01:03:15.205+0000] {processor.py:840} INFO - DAG(s) 'fdic_ncua_metrics' retrieved from /opt/airflow/dags/fdic-ncua-metrics.py
[2024-01-13T01:03:15.235+0000] {logging_mixin.py:188} INFO - [2024-01-13T01:03:15.235+0000] {dag.py:3033} INFO - Sync 1 DAGs
[2024-01-13T01:03:15.244+0000] {logging_mixin.py:188} INFO - [2024-01-13T01:03:15.243+0000] {dag.py:3820} INFO - Setting next_dagrun for fdic_ncua_metrics to None, run_after=None
[2024-01-13T01:03:15.254+0000] {processor.py:183} INFO - Processing /opt/airflow/dags/fdic-ncua-metrics.py took 0.082 seconds
[2024-01-13T01:03:45.913+0000] {processor.py:161} INFO - Started process (PID=14806) to work on /opt/airflow/dags/fdic-ncua-metrics.py
[2024-01-13T01:03:45.916+0000] {processor.py:830} INFO - Processing file /opt/airflow/dags/fdic-ncua-metrics.py for tasks to queue
[2024-01-13T01:03:45.917+0000] {logging_mixin.py:188} INFO - [2024-01-13T01:03:45.917+0000] {dagbag.py:538} INFO - Filling up the DagBag from /opt/airflow/dags/fdic-ncua-metrics.py
[2024-01-13T01:03:45.937+0000] {processor.py:840} INFO - DAG(s) 'fdic_ncua_metrics' retrieved from /opt/airflow/dags/fdic-ncua-metrics.py
[2024-01-13T01:03:45.958+0000] {logging_mixin.py:188} INFO - [2024-01-13T01:03:45.958+0000] {dag.py:3033} INFO - Sync 1 DAGs
[2024-01-13T01:03:45.966+0000] {logging_mixin.py:188} INFO - [2024-01-13T01:03:45.966+0000] {dag.py:3820} INFO - Setting next_dagrun for fdic_ncua_metrics to None, run_after=None
[2024-01-13T01:03:45.975+0000] {processor.py:183} INFO - Processing /opt/airflow/dags/fdic-ncua-metrics.py took 0.069 seconds
[2024-01-13T01:04:16.467+0000] {processor.py:161} INFO - Started process (PID=14817) to work on /opt/airflow/dags/fdic-ncua-metrics.py
[2024-01-13T01:04:16.470+0000] {processor.py:830} INFO - Processing file /opt/airflow/dags/fdic-ncua-metrics.py for tasks to queue
[2024-01-13T01:04:16.472+0000] {logging_mixin.py:188} INFO - [2024-01-13T01:04:16.471+0000] {dagbag.py:538} INFO - Filling up the DagBag from /opt/airflow/dags/fdic-ncua-metrics.py
[2024-01-13T01:04:16.491+0000] {processor.py:840} INFO - DAG(s) 'fdic_ncua_metrics' retrieved from /opt/airflow/dags/fdic-ncua-metrics.py
[2024-01-13T01:04:16.518+0000] {logging_mixin.py:188} INFO - [2024-01-13T01:04:16.518+0000] {dag.py:3033} INFO - Sync 1 DAGs
[2024-01-13T01:04:16.529+0000] {logging_mixin.py:188} INFO - [2024-01-13T01:04:16.529+0000] {dag.py:3820} INFO - Setting next_dagrun for fdic_ncua_metrics to None, run_after=None
[2024-01-13T01:04:16.539+0000] {processor.py:183} INFO - Processing /opt/airflow/dags/fdic-ncua-metrics.py took 0.079 seconds
[2024-01-13T01:04:46.981+0000] {processor.py:161} INFO - Started process (PID=14828) to work on /opt/airflow/dags/fdic-ncua-metrics.py
[2024-01-13T01:04:46.984+0000] {processor.py:830} INFO - Processing file /opt/airflow/dags/fdic-ncua-metrics.py for tasks to queue
[2024-01-13T01:04:46.985+0000] {logging_mixin.py:188} INFO - [2024-01-13T01:04:46.985+0000] {dagbag.py:538} INFO - Filling up the DagBag from /opt/airflow/dags/fdic-ncua-metrics.py
[2024-01-13T01:04:47.001+0000] {processor.py:840} INFO - DAG(s) 'fdic_ncua_metrics' retrieved from /opt/airflow/dags/fdic-ncua-metrics.py
[2024-01-13T01:04:47.023+0000] {logging_mixin.py:188} INFO - [2024-01-13T01:04:47.023+0000] {dag.py:3033} INFO - Sync 1 DAGs
[2024-01-13T01:04:47.031+0000] {logging_mixin.py:188} INFO - [2024-01-13T01:04:47.030+0000] {dag.py:3820} INFO - Setting next_dagrun for fdic_ncua_metrics to None, run_after=None
[2024-01-13T01:04:47.039+0000] {processor.py:183} INFO - Processing /opt/airflow/dags/fdic-ncua-metrics.py took 0.063 seconds
[2024-01-13T01:05:17.650+0000] {processor.py:161} INFO - Started process (PID=14839) to work on /opt/airflow/dags/fdic-ncua-metrics.py
[2024-01-13T01:05:17.652+0000] {processor.py:830} INFO - Processing file /opt/airflow/dags/fdic-ncua-metrics.py for tasks to queue
[2024-01-13T01:05:17.653+0000] {logging_mixin.py:188} INFO - [2024-01-13T01:05:17.653+0000] {dagbag.py:538} INFO - Filling up the DagBag from /opt/airflow/dags/fdic-ncua-metrics.py
[2024-01-13T01:05:17.670+0000] {processor.py:840} INFO - DAG(s) 'fdic_ncua_metrics' retrieved from /opt/airflow/dags/fdic-ncua-metrics.py
[2024-01-13T01:05:17.694+0000] {logging_mixin.py:188} INFO - [2024-01-13T01:05:17.694+0000] {dag.py:3033} INFO - Sync 1 DAGs
[2024-01-13T01:05:17.702+0000] {logging_mixin.py:188} INFO - [2024-01-13T01:05:17.702+0000] {dag.py:3820} INFO - Setting next_dagrun for fdic_ncua_metrics to None, run_after=None
[2024-01-13T01:05:17.712+0000] {processor.py:183} INFO - Processing /opt/airflow/dags/fdic-ncua-metrics.py took 0.066 seconds
[2024-01-13T01:05:48.252+0000] {processor.py:161} INFO - Started process (PID=14850) to work on /opt/airflow/dags/fdic-ncua-metrics.py
[2024-01-13T01:05:48.255+0000] {processor.py:830} INFO - Processing file /opt/airflow/dags/fdic-ncua-metrics.py for tasks to queue
[2024-01-13T01:05:48.256+0000] {logging_mixin.py:188} INFO - [2024-01-13T01:05:48.256+0000] {dagbag.py:538} INFO - Filling up the DagBag from /opt/airflow/dags/fdic-ncua-metrics.py
[2024-01-13T01:05:48.275+0000] {processor.py:840} INFO - DAG(s) 'fdic_ncua_metrics' retrieved from /opt/airflow/dags/fdic-ncua-metrics.py
[2024-01-13T01:05:48.299+0000] {logging_mixin.py:188} INFO - [2024-01-13T01:05:48.299+0000] {dag.py:3033} INFO - Sync 1 DAGs
[2024-01-13T01:05:48.307+0000] {logging_mixin.py:188} INFO - [2024-01-13T01:05:48.307+0000] {dag.py:3820} INFO - Setting next_dagrun for fdic_ncua_metrics to None, run_after=None
[2024-01-13T01:05:48.317+0000] {processor.py:183} INFO - Processing /opt/airflow/dags/fdic-ncua-metrics.py took 0.071 seconds
[2024-01-13T01:06:18.882+0000] {processor.py:161} INFO - Started process (PID=14861) to work on /opt/airflow/dags/fdic-ncua-metrics.py
[2024-01-13T01:06:18.884+0000] {processor.py:830} INFO - Processing file /opt/airflow/dags/fdic-ncua-metrics.py for tasks to queue
[2024-01-13T01:06:18.885+0000] {logging_mixin.py:188} INFO - [2024-01-13T01:06:18.885+0000] {dagbag.py:538} INFO - Filling up the DagBag from /opt/airflow/dags/fdic-ncua-metrics.py
[2024-01-13T01:06:18.900+0000] {processor.py:840} INFO - DAG(s) 'fdic_ncua_metrics' retrieved from /opt/airflow/dags/fdic-ncua-metrics.py
[2024-01-13T01:06:18.923+0000] {logging_mixin.py:188} INFO - [2024-01-13T01:06:18.922+0000] {dag.py:3033} INFO - Sync 1 DAGs
[2024-01-13T01:06:18.932+0000] {logging_mixin.py:188} INFO - [2024-01-13T01:06:18.932+0000] {dag.py:3820} INFO - Setting next_dagrun for fdic_ncua_metrics to None, run_after=None
[2024-01-13T01:06:18.941+0000] {processor.py:183} INFO - Processing /opt/airflow/dags/fdic-ncua-metrics.py took 0.062 seconds
[2024-01-13T01:06:49.545+0000] {processor.py:161} INFO - Started process (PID=14872) to work on /opt/airflow/dags/fdic-ncua-metrics.py
[2024-01-13T01:06:49.547+0000] {processor.py:830} INFO - Processing file /opt/airflow/dags/fdic-ncua-metrics.py for tasks to queue
[2024-01-13T01:06:49.549+0000] {logging_mixin.py:188} INFO - [2024-01-13T01:06:49.548+0000] {dagbag.py:538} INFO - Filling up the DagBag from /opt/airflow/dags/fdic-ncua-metrics.py
[2024-01-13T01:06:49.564+0000] {processor.py:840} INFO - DAG(s) 'fdic_ncua_metrics' retrieved from /opt/airflow/dags/fdic-ncua-metrics.py
[2024-01-13T01:06:49.586+0000] {logging_mixin.py:188} INFO - [2024-01-13T01:06:49.585+0000] {dag.py:3033} INFO - Sync 1 DAGs
[2024-01-13T01:06:49.593+0000] {logging_mixin.py:188} INFO - [2024-01-13T01:06:49.593+0000] {dag.py:3820} INFO - Setting next_dagrun for fdic_ncua_metrics to None, run_after=None
[2024-01-13T01:06:49.602+0000] {processor.py:183} INFO - Processing /opt/airflow/dags/fdic-ncua-metrics.py took 0.063 seconds
[2024-01-13T01:07:20.064+0000] {processor.py:161} INFO - Started process (PID=14883) to work on /opt/airflow/dags/fdic-ncua-metrics.py
[2024-01-13T01:07:20.067+0000] {processor.py:830} INFO - Processing file /opt/airflow/dags/fdic-ncua-metrics.py for tasks to queue
[2024-01-13T01:07:20.068+0000] {logging_mixin.py:188} INFO - [2024-01-13T01:07:20.068+0000] {dagbag.py:538} INFO - Filling up the DagBag from /opt/airflow/dags/fdic-ncua-metrics.py
[2024-01-13T01:07:20.083+0000] {processor.py:840} INFO - DAG(s) 'fdic_ncua_metrics' retrieved from /opt/airflow/dags/fdic-ncua-metrics.py
[2024-01-13T01:07:20.103+0000] {logging_mixin.py:188} INFO - [2024-01-13T01:07:20.102+0000] {dag.py:3033} INFO - Sync 1 DAGs
[2024-01-13T01:07:20.111+0000] {logging_mixin.py:188} INFO - [2024-01-13T01:07:20.111+0000] {dag.py:3820} INFO - Setting next_dagrun for fdic_ncua_metrics to None, run_after=None
[2024-01-13T01:07:20.120+0000] {processor.py:183} INFO - Processing /opt/airflow/dags/fdic-ncua-metrics.py took 0.060 seconds
[2024-01-13T01:07:50.683+0000] {processor.py:161} INFO - Started process (PID=14894) to work on /opt/airflow/dags/fdic-ncua-metrics.py
[2024-01-13T01:07:50.685+0000] {processor.py:830} INFO - Processing file /opt/airflow/dags/fdic-ncua-metrics.py for tasks to queue
[2024-01-13T01:07:50.685+0000] {logging_mixin.py:188} INFO - [2024-01-13T01:07:50.685+0000] {dagbag.py:538} INFO - Filling up the DagBag from /opt/airflow/dags/fdic-ncua-metrics.py
[2024-01-13T01:07:50.694+0000] {processor.py:840} INFO - DAG(s) 'fdic_ncua_metrics' retrieved from /opt/airflow/dags/fdic-ncua-metrics.py
[2024-01-13T01:07:50.711+0000] {logging_mixin.py:188} INFO - [2024-01-13T01:07:50.711+0000] {dag.py:3033} INFO - Sync 1 DAGs
[2024-01-13T01:07:50.720+0000] {logging_mixin.py:188} INFO - [2024-01-13T01:07:50.720+0000] {dag.py:3820} INFO - Setting next_dagrun for fdic_ncua_metrics to None, run_after=None
[2024-01-13T01:07:50.731+0000] {processor.py:183} INFO - Processing /opt/airflow/dags/fdic-ncua-metrics.py took 0.050 seconds
[2024-01-13T01:08:21.339+0000] {processor.py:161} INFO - Started process (PID=14905) to work on /opt/airflow/dags/fdic-ncua-metrics.py
[2024-01-13T01:08:21.341+0000] {processor.py:830} INFO - Processing file /opt/airflow/dags/fdic-ncua-metrics.py for tasks to queue
[2024-01-13T01:08:21.342+0000] {logging_mixin.py:188} INFO - [2024-01-13T01:08:21.341+0000] {dagbag.py:538} INFO - Filling up the DagBag from /opt/airflow/dags/fdic-ncua-metrics.py
[2024-01-13T01:08:21.356+0000] {processor.py:840} INFO - DAG(s) 'fdic_ncua_metrics' retrieved from /opt/airflow/dags/fdic-ncua-metrics.py
[2024-01-13T01:08:21.377+0000] {logging_mixin.py:188} INFO - [2024-01-13T01:08:21.377+0000] {dag.py:3033} INFO - Sync 1 DAGs
[2024-01-13T01:08:21.388+0000] {logging_mixin.py:188} INFO - [2024-01-13T01:08:21.388+0000] {dag.py:3820} INFO - Setting next_dagrun for fdic_ncua_metrics to None, run_after=None
[2024-01-13T01:08:21.400+0000] {processor.py:183} INFO - Processing /opt/airflow/dags/fdic-ncua-metrics.py took 0.064 seconds
[2024-01-13T01:08:51.939+0000] {processor.py:161} INFO - Started process (PID=14916) to work on /opt/airflow/dags/fdic-ncua-metrics.py
[2024-01-13T01:08:51.942+0000] {processor.py:830} INFO - Processing file /opt/airflow/dags/fdic-ncua-metrics.py for tasks to queue
[2024-01-13T01:08:51.943+0000] {logging_mixin.py:188} INFO - [2024-01-13T01:08:51.943+0000] {dagbag.py:538} INFO - Filling up the DagBag from /opt/airflow/dags/fdic-ncua-metrics.py
[2024-01-13T01:08:51.965+0000] {processor.py:840} INFO - DAG(s) 'fdic_ncua_metrics' retrieved from /opt/airflow/dags/fdic-ncua-metrics.py
[2024-01-13T01:08:51.989+0000] {logging_mixin.py:188} INFO - [2024-01-13T01:08:51.989+0000] {dag.py:3033} INFO - Sync 1 DAGs
[2024-01-13T01:08:51.997+0000] {logging_mixin.py:188} INFO - [2024-01-13T01:08:51.997+0000] {dag.py:3820} INFO - Setting next_dagrun for fdic_ncua_metrics to None, run_after=None
[2024-01-13T01:08:52.008+0000] {processor.py:183} INFO - Processing /opt/airflow/dags/fdic-ncua-metrics.py took 0.076 seconds
[2024-01-13T01:09:22.583+0000] {processor.py:161} INFO - Started process (PID=14927) to work on /opt/airflow/dags/fdic-ncua-metrics.py
[2024-01-13T01:09:22.587+0000] {processor.py:830} INFO - Processing file /opt/airflow/dags/fdic-ncua-metrics.py for tasks to queue
[2024-01-13T01:09:22.588+0000] {logging_mixin.py:188} INFO - [2024-01-13T01:09:22.587+0000] {dagbag.py:538} INFO - Filling up the DagBag from /opt/airflow/dags/fdic-ncua-metrics.py
[2024-01-13T01:09:22.604+0000] {processor.py:840} INFO - DAG(s) 'fdic_ncua_metrics' retrieved from /opt/airflow/dags/fdic-ncua-metrics.py
[2024-01-13T01:09:22.631+0000] {logging_mixin.py:188} INFO - [2024-01-13T01:09:22.631+0000] {dag.py:3033} INFO - Sync 1 DAGs
[2024-01-13T01:09:22.639+0000] {logging_mixin.py:188} INFO - [2024-01-13T01:09:22.639+0000] {dag.py:3820} INFO - Setting next_dagrun for fdic_ncua_metrics to None, run_after=None
[2024-01-13T01:09:22.648+0000] {processor.py:183} INFO - Processing /opt/airflow/dags/fdic-ncua-metrics.py took 0.070 seconds
[2024-01-13T01:09:53.199+0000] {processor.py:161} INFO - Started process (PID=14938) to work on /opt/airflow/dags/fdic-ncua-metrics.py
[2024-01-13T01:09:53.201+0000] {processor.py:830} INFO - Processing file /opt/airflow/dags/fdic-ncua-metrics.py for tasks to queue
[2024-01-13T01:09:53.203+0000] {logging_mixin.py:188} INFO - [2024-01-13T01:09:53.202+0000] {dagbag.py:538} INFO - Filling up the DagBag from /opt/airflow/dags/fdic-ncua-metrics.py
[2024-01-13T01:09:53.224+0000] {processor.py:840} INFO - DAG(s) 'fdic_ncua_metrics' retrieved from /opt/airflow/dags/fdic-ncua-metrics.py
[2024-01-13T01:09:53.252+0000] {logging_mixin.py:188} INFO - [2024-01-13T01:09:53.252+0000] {dag.py:3033} INFO - Sync 1 DAGs
[2024-01-13T01:09:53.263+0000] {logging_mixin.py:188} INFO - [2024-01-13T01:09:53.263+0000] {dag.py:3820} INFO - Setting next_dagrun for fdic_ncua_metrics to None, run_after=None
[2024-01-13T01:09:53.275+0000] {processor.py:183} INFO - Processing /opt/airflow/dags/fdic-ncua-metrics.py took 0.080 seconds
[2024-01-13T01:10:23.721+0000] {processor.py:161} INFO - Started process (PID=14949) to work on /opt/airflow/dags/fdic-ncua-metrics.py
[2024-01-13T01:10:23.724+0000] {processor.py:830} INFO - Processing file /opt/airflow/dags/fdic-ncua-metrics.py for tasks to queue
[2024-01-13T01:10:23.725+0000] {logging_mixin.py:188} INFO - [2024-01-13T01:10:23.724+0000] {dagbag.py:538} INFO - Filling up the DagBag from /opt/airflow/dags/fdic-ncua-metrics.py
[2024-01-13T01:10:23.741+0000] {processor.py:840} INFO - DAG(s) 'fdic_ncua_metrics' retrieved from /opt/airflow/dags/fdic-ncua-metrics.py
[2024-01-13T01:10:23.764+0000] {logging_mixin.py:188} INFO - [2024-01-13T01:10:23.764+0000] {dag.py:3033} INFO - Sync 1 DAGs
[2024-01-13T01:10:23.773+0000] {logging_mixin.py:188} INFO - [2024-01-13T01:10:23.773+0000] {dag.py:3820} INFO - Setting next_dagrun for fdic_ncua_metrics to None, run_after=None
[2024-01-13T01:10:23.782+0000] {processor.py:183} INFO - Processing /opt/airflow/dags/fdic-ncua-metrics.py took 0.066 seconds
[2024-01-13T01:10:54.352+0000] {processor.py:161} INFO - Started process (PID=14959) to work on /opt/airflow/dags/fdic-ncua-metrics.py
[2024-01-13T01:10:54.353+0000] {processor.py:830} INFO - Processing file /opt/airflow/dags/fdic-ncua-metrics.py for tasks to queue
[2024-01-13T01:10:54.353+0000] {logging_mixin.py:188} INFO - [2024-01-13T01:10:54.353+0000] {dagbag.py:538} INFO - Filling up the DagBag from /opt/airflow/dags/fdic-ncua-metrics.py
[2024-01-13T01:10:54.361+0000] {processor.py:840} INFO - DAG(s) 'fdic_ncua_metrics' retrieved from /opt/airflow/dags/fdic-ncua-metrics.py
[2024-01-13T01:10:54.374+0000] {logging_mixin.py:188} INFO - [2024-01-13T01:10:54.374+0000] {dag.py:3033} INFO - Sync 1 DAGs
[2024-01-13T01:10:54.381+0000] {logging_mixin.py:188} INFO - [2024-01-13T01:10:54.380+0000] {dag.py:3820} INFO - Setting next_dagrun for fdic_ncua_metrics to None, run_after=None
[2024-01-13T01:10:54.389+0000] {processor.py:183} INFO - Processing /opt/airflow/dags/fdic-ncua-metrics.py took 0.039 seconds
[2024-01-13T01:11:25.035+0000] {processor.py:161} INFO - Started process (PID=14970) to work on /opt/airflow/dags/fdic-ncua-metrics.py
[2024-01-13T01:11:25.039+0000] {processor.py:830} INFO - Processing file /opt/airflow/dags/fdic-ncua-metrics.py for tasks to queue
[2024-01-13T01:11:25.041+0000] {logging_mixin.py:188} INFO - [2024-01-13T01:11:25.040+0000] {dagbag.py:538} INFO - Filling up the DagBag from /opt/airflow/dags/fdic-ncua-metrics.py
[2024-01-13T01:11:25.066+0000] {processor.py:840} INFO - DAG(s) 'fdic_ncua_metrics' retrieved from /opt/airflow/dags/fdic-ncua-metrics.py
[2024-01-13T01:11:25.101+0000] {logging_mixin.py:188} INFO - [2024-01-13T01:11:25.101+0000] {dag.py:3033} INFO - Sync 1 DAGs
[2024-01-13T01:11:25.132+0000] {logging_mixin.py:188} INFO - [2024-01-13T01:11:25.132+0000] {dag.py:3820} INFO - Setting next_dagrun for fdic_ncua_metrics to None, run_after=None
[2024-01-13T01:11:25.148+0000] {processor.py:183} INFO - Processing /opt/airflow/dags/fdic-ncua-metrics.py took 0.122 seconds
[2024-01-13T01:11:55.555+0000] {processor.py:161} INFO - Started process (PID=14981) to work on /opt/airflow/dags/fdic-ncua-metrics.py
[2024-01-13T01:11:55.558+0000] {processor.py:830} INFO - Processing file /opt/airflow/dags/fdic-ncua-metrics.py for tasks to queue
[2024-01-13T01:11:55.559+0000] {logging_mixin.py:188} INFO - [2024-01-13T01:11:55.559+0000] {dagbag.py:538} INFO - Filling up the DagBag from /opt/airflow/dags/fdic-ncua-metrics.py
[2024-01-13T01:11:55.587+0000] {processor.py:840} INFO - DAG(s) 'fdic_ncua_metrics' retrieved from /opt/airflow/dags/fdic-ncua-metrics.py
[2024-01-13T01:11:55.615+0000] {logging_mixin.py:188} INFO - [2024-01-13T01:11:55.615+0000] {dag.py:3033} INFO - Sync 1 DAGs
[2024-01-13T01:11:55.624+0000] {logging_mixin.py:188} INFO - [2024-01-13T01:11:55.624+0000] {dag.py:3820} INFO - Setting next_dagrun for fdic_ncua_metrics to None, run_after=None
[2024-01-13T01:11:55.635+0000] {processor.py:183} INFO - Processing /opt/airflow/dags/fdic-ncua-metrics.py took 0.088 seconds
[2024-01-13T01:12:26.207+0000] {processor.py:161} INFO - Started process (PID=14991) to work on /opt/airflow/dags/fdic-ncua-metrics.py
[2024-01-13T01:12:26.208+0000] {processor.py:830} INFO - Processing file /opt/airflow/dags/fdic-ncua-metrics.py for tasks to queue
[2024-01-13T01:12:26.209+0000] {logging_mixin.py:188} INFO - [2024-01-13T01:12:26.208+0000] {dagbag.py:538} INFO - Filling up the DagBag from /opt/airflow/dags/fdic-ncua-metrics.py
[2024-01-13T01:12:26.219+0000] {processor.py:840} INFO - DAG(s) 'fdic_ncua_metrics' retrieved from /opt/airflow/dags/fdic-ncua-metrics.py
[2024-01-13T01:12:26.240+0000] {logging_mixin.py:188} INFO - [2024-01-13T01:12:26.240+0000] {dag.py:3033} INFO - Sync 1 DAGs
[2024-01-13T01:12:26.249+0000] {logging_mixin.py:188} INFO - [2024-01-13T01:12:26.249+0000] {dag.py:3820} INFO - Setting next_dagrun for fdic_ncua_metrics to None, run_after=None
[2024-01-13T01:12:26.258+0000] {processor.py:183} INFO - Processing /opt/airflow/dags/fdic-ncua-metrics.py took 0.054 seconds
[2024-01-13T01:12:56.787+0000] {processor.py:161} INFO - Started process (PID=15002) to work on /opt/airflow/dags/fdic-ncua-metrics.py
[2024-01-13T01:12:56.789+0000] {processor.py:830} INFO - Processing file /opt/airflow/dags/fdic-ncua-metrics.py for tasks to queue
[2024-01-13T01:12:56.791+0000] {logging_mixin.py:188} INFO - [2024-01-13T01:12:56.791+0000] {dagbag.py:538} INFO - Filling up the DagBag from /opt/airflow/dags/fdic-ncua-metrics.py
[2024-01-13T01:12:56.810+0000] {processor.py:840} INFO - DAG(s) 'fdic_ncua_metrics' retrieved from /opt/airflow/dags/fdic-ncua-metrics.py
[2024-01-13T01:12:56.838+0000] {logging_mixin.py:188} INFO - [2024-01-13T01:12:56.838+0000] {dag.py:3033} INFO - Sync 1 DAGs
[2024-01-13T01:12:56.846+0000] {logging_mixin.py:188} INFO - [2024-01-13T01:12:56.846+0000] {dag.py:3820} INFO - Setting next_dagrun for fdic_ncua_metrics to None, run_after=None
[2024-01-13T01:12:56.856+0000] {processor.py:183} INFO - Processing /opt/airflow/dags/fdic-ncua-metrics.py took 0.075 seconds
