[2024-01-13T00:48:39.478+0000] {processor.py:161} INFO - Started process (PID=14445) to work on /opt/airflow/dags/fdic-ncua-data-marts.py
[2024-01-13T00:48:39.479+0000] {processor.py:830} INFO - Processing file /opt/airflow/dags/fdic-ncua-data-marts.py for tasks to queue
[2024-01-13T00:48:39.480+0000] {logging_mixin.py:188} INFO - [2024-01-13T00:48:39.480+0000] {dagbag.py:538} INFO - Filling up the DagBag from /opt/airflow/dags/fdic-ncua-data-marts.py
[2024-01-13T00:48:39.485+0000] {processor.py:842} WARNING - No viable dags retrieved from /opt/airflow/dags/fdic-ncua-data-marts.py
[2024-01-13T00:48:39.497+0000] {processor.py:183} INFO - Processing /opt/airflow/dags/fdic-ncua-data-marts.py took 0.024 seconds
[2024-01-13T00:49:09.966+0000] {processor.py:161} INFO - Started process (PID=14456) to work on /opt/airflow/dags/fdic-ncua-data-marts.py
[2024-01-13T00:49:09.967+0000] {processor.py:830} INFO - Processing file /opt/airflow/dags/fdic-ncua-data-marts.py for tasks to queue
[2024-01-13T00:49:09.968+0000] {logging_mixin.py:188} INFO - [2024-01-13T00:49:09.967+0000] {dagbag.py:538} INFO - Filling up the DagBag from /opt/airflow/dags/fdic-ncua-data-marts.py
[2024-01-13T00:49:09.973+0000] {processor.py:842} WARNING - No viable dags retrieved from /opt/airflow/dags/fdic-ncua-data-marts.py
[2024-01-13T00:49:09.987+0000] {processor.py:183} INFO - Processing /opt/airflow/dags/fdic-ncua-data-marts.py took 0.024 seconds
[2024-01-13T00:49:40.413+0000] {processor.py:161} INFO - Started process (PID=14466) to work on /opt/airflow/dags/fdic-ncua-data-marts.py
[2024-01-13T00:49:40.414+0000] {processor.py:830} INFO - Processing file /opt/airflow/dags/fdic-ncua-data-marts.py for tasks to queue
[2024-01-13T00:49:40.415+0000] {logging_mixin.py:188} INFO - [2024-01-13T00:49:40.415+0000] {dagbag.py:538} INFO - Filling up the DagBag from /opt/airflow/dags/fdic-ncua-data-marts.py
[2024-01-13T00:49:40.418+0000] {processor.py:842} WARNING - No viable dags retrieved from /opt/airflow/dags/fdic-ncua-data-marts.py
[2024-01-13T00:49:40.433+0000] {processor.py:183} INFO - Processing /opt/airflow/dags/fdic-ncua-data-marts.py took 0.026 seconds
[2024-01-13T00:50:10.913+0000] {processor.py:161} INFO - Started process (PID=14477) to work on /opt/airflow/dags/fdic-ncua-data-marts.py
[2024-01-13T00:50:10.914+0000] {processor.py:830} INFO - Processing file /opt/airflow/dags/fdic-ncua-data-marts.py for tasks to queue
[2024-01-13T00:50:10.915+0000] {logging_mixin.py:188} INFO - [2024-01-13T00:50:10.915+0000] {dagbag.py:538} INFO - Filling up the DagBag from /opt/airflow/dags/fdic-ncua-data-marts.py
[2024-01-13T00:50:10.919+0000] {processor.py:842} WARNING - No viable dags retrieved from /opt/airflow/dags/fdic-ncua-data-marts.py
[2024-01-13T00:50:10.931+0000] {processor.py:183} INFO - Processing /opt/airflow/dags/fdic-ncua-data-marts.py took 0.023 seconds
[2024-01-13T00:50:41.448+0000] {processor.py:161} INFO - Started process (PID=14487) to work on /opt/airflow/dags/fdic-ncua-data-marts.py
[2024-01-13T00:50:41.450+0000] {processor.py:830} INFO - Processing file /opt/airflow/dags/fdic-ncua-data-marts.py for tasks to queue
[2024-01-13T00:50:41.452+0000] {logging_mixin.py:188} INFO - [2024-01-13T00:50:41.451+0000] {dagbag.py:538} INFO - Filling up the DagBag from /opt/airflow/dags/fdic-ncua-data-marts.py
[2024-01-13T00:50:41.457+0000] {processor.py:842} WARNING - No viable dags retrieved from /opt/airflow/dags/fdic-ncua-data-marts.py
[2024-01-13T00:50:41.474+0000] {processor.py:183} INFO - Processing /opt/airflow/dags/fdic-ncua-data-marts.py took 0.031 seconds
[2024-01-13T00:50:55.666+0000] {processor.py:161} INFO - Started process (PID=14489) to work on /opt/airflow/dags/fdic-ncua-data-marts.py
[2024-01-13T00:50:55.667+0000] {processor.py:830} INFO - Processing file /opt/airflow/dags/fdic-ncua-data-marts.py for tasks to queue
[2024-01-13T00:50:55.668+0000] {logging_mixin.py:188} INFO - [2024-01-13T00:50:55.668+0000] {dagbag.py:538} INFO - Filling up the DagBag from /opt/airflow/dags/fdic-ncua-data-marts.py
[2024-01-13T00:50:55.674+0000] {processor.py:842} WARNING - No viable dags retrieved from /opt/airflow/dags/fdic-ncua-data-marts.py
[2024-01-13T00:50:55.687+0000] {processor.py:183} INFO - Processing /opt/airflow/dags/fdic-ncua-data-marts.py took 0.026 seconds
[2024-01-13T00:51:12.983+0000] {processor.py:161} INFO - Started process (PID=14498) to work on /opt/airflow/dags/fdic-ncua-data-marts.py
[2024-01-13T00:51:12.986+0000] {processor.py:830} INFO - Processing file /opt/airflow/dags/fdic-ncua-data-marts.py for tasks to queue
[2024-01-13T00:51:12.988+0000] {logging_mixin.py:188} INFO - [2024-01-13T00:51:12.987+0000] {dagbag.py:538} INFO - Filling up the DagBag from /opt/airflow/dags/fdic-ncua-data-marts.py
[2024-01-13T00:51:13.008+0000] {processor.py:840} INFO - DAG(s) 'fdic_ncua_data_marts' retrieved from /opt/airflow/dags/fdic-ncua-data-marts.py
[2024-01-13T00:51:13.073+0000] {logging_mixin.py:188} INFO - [2024-01-13T00:51:13.072+0000] {override.py:1769} INFO - Created Permission View: can edit on DAG:fdic_ncua_data_marts
[2024-01-13T00:51:13.078+0000] {logging_mixin.py:188} INFO - [2024-01-13T00:51:13.078+0000] {override.py:1769} INFO - Created Permission View: can read on DAG:fdic_ncua_data_marts
[2024-01-13T00:51:13.081+0000] {logging_mixin.py:188} INFO - [2024-01-13T00:51:13.080+0000] {override.py:1769} INFO - Created Permission View: can delete on DAG:fdic_ncua_data_marts
[2024-01-13T00:51:13.081+0000] {logging_mixin.py:188} INFO - [2024-01-13T00:51:13.081+0000] {dag.py:3033} INFO - Sync 1 DAGs
[2024-01-13T00:51:13.086+0000] {logging_mixin.py:188} INFO - [2024-01-13T00:51:13.086+0000] {dag.py:3055} INFO - Creating ORM DAG for fdic_ncua_data_marts
[2024-01-13T00:51:13.087+0000] {logging_mixin.py:188} INFO - [2024-01-13T00:51:13.087+0000] {dag.py:3820} INFO - Setting next_dagrun for fdic_ncua_data_marts to None, run_after=None
[2024-01-13T00:51:13.094+0000] {processor.py:183} INFO - Processing /opt/airflow/dags/fdic-ncua-data-marts.py took 0.117 seconds
[2024-01-13T00:51:43.530+0000] {processor.py:161} INFO - Started process (PID=14508) to work on /opt/airflow/dags/fdic-ncua-data-marts.py
[2024-01-13T00:51:43.532+0000] {processor.py:830} INFO - Processing file /opt/airflow/dags/fdic-ncua-data-marts.py for tasks to queue
[2024-01-13T00:51:43.534+0000] {logging_mixin.py:188} INFO - [2024-01-13T00:51:43.534+0000] {dagbag.py:538} INFO - Filling up the DagBag from /opt/airflow/dags/fdic-ncua-data-marts.py
[2024-01-13T00:51:43.550+0000] {processor.py:840} INFO - DAG(s) 'fdic_ncua_data_marts' retrieved from /opt/airflow/dags/fdic-ncua-data-marts.py
[2024-01-13T00:51:43.568+0000] {logging_mixin.py:188} INFO - [2024-01-13T00:51:43.568+0000] {dag.py:3033} INFO - Sync 1 DAGs
[2024-01-13T00:51:43.575+0000] {logging_mixin.py:188} INFO - [2024-01-13T00:51:43.575+0000] {dag.py:3820} INFO - Setting next_dagrun for fdic_ncua_data_marts to None, run_after=None
[2024-01-13T00:51:43.585+0000] {processor.py:183} INFO - Processing /opt/airflow/dags/fdic-ncua-data-marts.py took 0.062 seconds
[2024-01-13T00:52:14.081+0000] {processor.py:161} INFO - Started process (PID=14518) to work on /opt/airflow/dags/fdic-ncua-data-marts.py
[2024-01-13T00:52:14.084+0000] {processor.py:830} INFO - Processing file /opt/airflow/dags/fdic-ncua-data-marts.py for tasks to queue
[2024-01-13T00:52:14.085+0000] {logging_mixin.py:188} INFO - [2024-01-13T00:52:14.085+0000] {dagbag.py:538} INFO - Filling up the DagBag from /opt/airflow/dags/fdic-ncua-data-marts.py
[2024-01-13T00:52:14.103+0000] {processor.py:840} INFO - DAG(s) 'fdic_ncua_data_marts' retrieved from /opt/airflow/dags/fdic-ncua-data-marts.py
[2024-01-13T00:52:14.122+0000] {logging_mixin.py:188} INFO - [2024-01-13T00:52:14.122+0000] {dag.py:3033} INFO - Sync 1 DAGs
[2024-01-13T00:52:14.130+0000] {logging_mixin.py:188} INFO - [2024-01-13T00:52:14.130+0000] {dag.py:3820} INFO - Setting next_dagrun for fdic_ncua_data_marts to None, run_after=None
[2024-01-13T00:52:14.140+0000] {processor.py:183} INFO - Processing /opt/airflow/dags/fdic-ncua-data-marts.py took 0.065 seconds
[2024-01-13T00:52:44.676+0000] {processor.py:161} INFO - Started process (PID=14533) to work on /opt/airflow/dags/fdic-ncua-data-marts.py
[2024-01-13T00:52:44.678+0000] {processor.py:830} INFO - Processing file /opt/airflow/dags/fdic-ncua-data-marts.py for tasks to queue
[2024-01-13T00:52:44.679+0000] {logging_mixin.py:188} INFO - [2024-01-13T00:52:44.679+0000] {dagbag.py:538} INFO - Filling up the DagBag from /opt/airflow/dags/fdic-ncua-data-marts.py
[2024-01-13T00:52:44.691+0000] {processor.py:840} INFO - DAG(s) 'fdic_ncua_data_marts' retrieved from /opt/airflow/dags/fdic-ncua-data-marts.py
[2024-01-13T00:52:44.711+0000] {logging_mixin.py:188} INFO - [2024-01-13T00:52:44.711+0000] {dag.py:3033} INFO - Sync 1 DAGs
[2024-01-13T00:52:44.720+0000] {logging_mixin.py:188} INFO - [2024-01-13T00:52:44.720+0000] {dag.py:3820} INFO - Setting next_dagrun for fdic_ncua_data_marts to None, run_after=None
[2024-01-13T00:52:44.731+0000] {processor.py:183} INFO - Processing /opt/airflow/dags/fdic-ncua-data-marts.py took 0.059 seconds
[2024-01-13T00:53:15.174+0000] {processor.py:161} INFO - Started process (PID=14543) to work on /opt/airflow/dags/fdic-ncua-data-marts.py
[2024-01-13T00:53:15.176+0000] {processor.py:830} INFO - Processing file /opt/airflow/dags/fdic-ncua-data-marts.py for tasks to queue
[2024-01-13T00:53:15.176+0000] {logging_mixin.py:188} INFO - [2024-01-13T00:53:15.176+0000] {dagbag.py:538} INFO - Filling up the DagBag from /opt/airflow/dags/fdic-ncua-data-marts.py
[2024-01-13T00:53:15.188+0000] {processor.py:840} INFO - DAG(s) 'fdic_ncua_data_marts' retrieved from /opt/airflow/dags/fdic-ncua-data-marts.py
[2024-01-13T00:53:15.204+0000] {logging_mixin.py:188} INFO - [2024-01-13T00:53:15.203+0000] {dag.py:3033} INFO - Sync 1 DAGs
[2024-01-13T00:53:15.211+0000] {logging_mixin.py:188} INFO - [2024-01-13T00:53:15.211+0000] {dag.py:3820} INFO - Setting next_dagrun for fdic_ncua_data_marts to None, run_after=None
[2024-01-13T00:53:15.222+0000] {processor.py:183} INFO - Processing /opt/airflow/dags/fdic-ncua-data-marts.py took 0.051 seconds
[2024-01-13T00:53:45.753+0000] {processor.py:161} INFO - Started process (PID=14553) to work on /opt/airflow/dags/fdic-ncua-data-marts.py
[2024-01-13T00:53:45.755+0000] {processor.py:830} INFO - Processing file /opt/airflow/dags/fdic-ncua-data-marts.py for tasks to queue
[2024-01-13T00:53:45.757+0000] {logging_mixin.py:188} INFO - [2024-01-13T00:53:45.756+0000] {dagbag.py:538} INFO - Filling up the DagBag from /opt/airflow/dags/fdic-ncua-data-marts.py
[2024-01-13T00:53:45.775+0000] {processor.py:840} INFO - DAG(s) 'fdic_ncua_data_marts' retrieved from /opt/airflow/dags/fdic-ncua-data-marts.py
[2024-01-13T00:53:45.799+0000] {logging_mixin.py:188} INFO - [2024-01-13T00:53:45.799+0000] {dag.py:3033} INFO - Sync 1 DAGs
[2024-01-13T00:53:45.809+0000] {logging_mixin.py:188} INFO - [2024-01-13T00:53:45.809+0000] {dag.py:3820} INFO - Setting next_dagrun for fdic_ncua_data_marts to None, run_after=None
[2024-01-13T00:53:45.821+0000] {processor.py:183} INFO - Processing /opt/airflow/dags/fdic-ncua-data-marts.py took 0.074 seconds
[2024-01-13T00:54:16.325+0000] {processor.py:161} INFO - Started process (PID=14563) to work on /opt/airflow/dags/fdic-ncua-data-marts.py
[2024-01-13T00:54:16.326+0000] {processor.py:830} INFO - Processing file /opt/airflow/dags/fdic-ncua-data-marts.py for tasks to queue
[2024-01-13T00:54:16.327+0000] {logging_mixin.py:188} INFO - [2024-01-13T00:54:16.327+0000] {dagbag.py:538} INFO - Filling up the DagBag from /opt/airflow/dags/fdic-ncua-data-marts.py
[2024-01-13T00:54:16.338+0000] {processor.py:840} INFO - DAG(s) 'fdic_ncua_data_marts' retrieved from /opt/airflow/dags/fdic-ncua-data-marts.py
[2024-01-13T00:54:16.356+0000] {logging_mixin.py:188} INFO - [2024-01-13T00:54:16.356+0000] {dag.py:3033} INFO - Sync 1 DAGs
[2024-01-13T00:54:16.364+0000] {logging_mixin.py:188} INFO - [2024-01-13T00:54:16.364+0000] {dag.py:3820} INFO - Setting next_dagrun for fdic_ncua_data_marts to None, run_after=None
[2024-01-13T00:54:16.375+0000] {processor.py:183} INFO - Processing /opt/airflow/dags/fdic-ncua-data-marts.py took 0.054 seconds
[2024-01-13T00:54:19.433+0000] {processor.py:161} INFO - Started process (PID=14565) to work on /opt/airflow/dags/fdic-ncua-data-marts.py
[2024-01-13T00:54:19.434+0000] {processor.py:830} INFO - Processing file /opt/airflow/dags/fdic-ncua-data-marts.py for tasks to queue
[2024-01-13T00:54:19.435+0000] {logging_mixin.py:188} INFO - [2024-01-13T00:54:19.435+0000] {dagbag.py:538} INFO - Filling up the DagBag from /opt/airflow/dags/fdic-ncua-data-marts.py
[2024-01-13T00:54:19.459+0000] {processor.py:840} INFO - DAG(s) 'fdic_ncua_data_marts' retrieved from /opt/airflow/dags/fdic-ncua-data-marts.py
[2024-01-13T00:54:19.481+0000] {logging_mixin.py:188} INFO - [2024-01-13T00:54:19.480+0000] {dag.py:3033} INFO - Sync 1 DAGs
[2024-01-13T00:54:19.490+0000] {logging_mixin.py:188} INFO - [2024-01-13T00:54:19.490+0000] {dag.py:3820} INFO - Setting next_dagrun for fdic_ncua_data_marts to None, run_after=None
[2024-01-13T00:54:19.502+0000] {processor.py:183} INFO - Processing /opt/airflow/dags/fdic-ncua-data-marts.py took 0.073 seconds
[2024-01-13T00:54:50.018+0000] {processor.py:161} INFO - Started process (PID=14575) to work on /opt/airflow/dags/fdic-ncua-data-marts.py
[2024-01-13T00:54:50.021+0000] {processor.py:830} INFO - Processing file /opt/airflow/dags/fdic-ncua-data-marts.py for tasks to queue
[2024-01-13T00:54:50.022+0000] {logging_mixin.py:188} INFO - [2024-01-13T00:54:50.021+0000] {dagbag.py:538} INFO - Filling up the DagBag from /opt/airflow/dags/fdic-ncua-data-marts.py
[2024-01-13T00:54:50.038+0000] {processor.py:840} INFO - DAG(s) 'fdic_ncua_data_marts' retrieved from /opt/airflow/dags/fdic-ncua-data-marts.py
[2024-01-13T00:54:50.059+0000] {logging_mixin.py:188} INFO - [2024-01-13T00:54:50.059+0000] {dag.py:3033} INFO - Sync 1 DAGs
[2024-01-13T00:54:50.065+0000] {logging_mixin.py:188} INFO - [2024-01-13T00:54:50.065+0000] {dag.py:3820} INFO - Setting next_dagrun for fdic_ncua_data_marts to None, run_after=None
[2024-01-13T00:54:50.074+0000] {processor.py:183} INFO - Processing /opt/airflow/dags/fdic-ncua-data-marts.py took 0.061 seconds
[2024-01-13T00:55:20.578+0000] {processor.py:161} INFO - Started process (PID=14585) to work on /opt/airflow/dags/fdic-ncua-data-marts.py
[2024-01-13T00:55:20.580+0000] {processor.py:830} INFO - Processing file /opt/airflow/dags/fdic-ncua-data-marts.py for tasks to queue
[2024-01-13T00:55:20.581+0000] {logging_mixin.py:188} INFO - [2024-01-13T00:55:20.581+0000] {dagbag.py:538} INFO - Filling up the DagBag from /opt/airflow/dags/fdic-ncua-data-marts.py
[2024-01-13T00:55:20.598+0000] {processor.py:840} INFO - DAG(s) 'fdic_ncua_data_marts' retrieved from /opt/airflow/dags/fdic-ncua-data-marts.py
[2024-01-13T00:55:20.616+0000] {logging_mixin.py:188} INFO - [2024-01-13T00:55:20.616+0000] {dag.py:3033} INFO - Sync 1 DAGs
[2024-01-13T00:55:20.625+0000] {logging_mixin.py:188} INFO - [2024-01-13T00:55:20.625+0000] {dag.py:3820} INFO - Setting next_dagrun for fdic_ncua_data_marts to None, run_after=None
[2024-01-13T00:55:20.637+0000] {processor.py:183} INFO - Processing /opt/airflow/dags/fdic-ncua-data-marts.py took 0.064 seconds
[2024-01-13T00:55:51.044+0000] {processor.py:161} INFO - Started process (PID=14595) to work on /opt/airflow/dags/fdic-ncua-data-marts.py
[2024-01-13T00:55:51.046+0000] {processor.py:830} INFO - Processing file /opt/airflow/dags/fdic-ncua-data-marts.py for tasks to queue
[2024-01-13T00:55:51.047+0000] {logging_mixin.py:188} INFO - [2024-01-13T00:55:51.047+0000] {dagbag.py:538} INFO - Filling up the DagBag from /opt/airflow/dags/fdic-ncua-data-marts.py
[2024-01-13T00:55:51.059+0000] {processor.py:840} INFO - DAG(s) 'fdic_ncua_data_marts' retrieved from /opt/airflow/dags/fdic-ncua-data-marts.py
[2024-01-13T00:55:51.077+0000] {logging_mixin.py:188} INFO - [2024-01-13T00:55:51.077+0000] {dag.py:3033} INFO - Sync 1 DAGs
[2024-01-13T00:55:51.087+0000] {logging_mixin.py:188} INFO - [2024-01-13T00:55:51.087+0000] {dag.py:3820} INFO - Setting next_dagrun for fdic_ncua_data_marts to None, run_after=None
[2024-01-13T00:55:51.100+0000] {processor.py:183} INFO - Processing /opt/airflow/dags/fdic-ncua-data-marts.py took 0.059 seconds
[2024-01-13T00:56:21.612+0000] {processor.py:161} INFO - Started process (PID=14605) to work on /opt/airflow/dags/fdic-ncua-data-marts.py
[2024-01-13T00:56:21.614+0000] {processor.py:830} INFO - Processing file /opt/airflow/dags/fdic-ncua-data-marts.py for tasks to queue
[2024-01-13T00:56:21.615+0000] {logging_mixin.py:188} INFO - [2024-01-13T00:56:21.614+0000] {dagbag.py:538} INFO - Filling up the DagBag from /opt/airflow/dags/fdic-ncua-data-marts.py
[2024-01-13T00:56:21.631+0000] {processor.py:840} INFO - DAG(s) 'fdic_ncua_data_marts' retrieved from /opt/airflow/dags/fdic-ncua-data-marts.py
[2024-01-13T00:56:21.651+0000] {logging_mixin.py:188} INFO - [2024-01-13T00:56:21.650+0000] {dag.py:3033} INFO - Sync 1 DAGs
[2024-01-13T00:56:21.657+0000] {logging_mixin.py:188} INFO - [2024-01-13T00:56:21.657+0000] {dag.py:3820} INFO - Setting next_dagrun for fdic_ncua_data_marts to None, run_after=None
[2024-01-13T00:56:21.665+0000] {processor.py:183} INFO - Processing /opt/airflow/dags/fdic-ncua-data-marts.py took 0.059 seconds
[2024-01-13T00:56:52.234+0000] {processor.py:161} INFO - Started process (PID=14615) to work on /opt/airflow/dags/fdic-ncua-data-marts.py
[2024-01-13T00:56:52.239+0000] {processor.py:830} INFO - Processing file /opt/airflow/dags/fdic-ncua-data-marts.py for tasks to queue
[2024-01-13T00:56:52.241+0000] {logging_mixin.py:188} INFO - [2024-01-13T00:56:52.240+0000] {dagbag.py:538} INFO - Filling up the DagBag from /opt/airflow/dags/fdic-ncua-data-marts.py
[2024-01-13T00:56:52.261+0000] {processor.py:840} INFO - DAG(s) 'fdic_ncua_data_marts' retrieved from /opt/airflow/dags/fdic-ncua-data-marts.py
[2024-01-13T00:56:52.283+0000] {logging_mixin.py:188} INFO - [2024-01-13T00:56:52.282+0000] {dag.py:3033} INFO - Sync 1 DAGs
[2024-01-13T00:56:52.290+0000] {logging_mixin.py:188} INFO - [2024-01-13T00:56:52.290+0000] {dag.py:3820} INFO - Setting next_dagrun for fdic_ncua_data_marts to None, run_after=None
[2024-01-13T00:56:52.299+0000] {processor.py:183} INFO - Processing /opt/airflow/dags/fdic-ncua-data-marts.py took 0.072 seconds
[2024-01-13T00:57:22.797+0000] {processor.py:161} INFO - Started process (PID=14625) to work on /opt/airflow/dags/fdic-ncua-data-marts.py
[2024-01-13T00:57:22.800+0000] {processor.py:830} INFO - Processing file /opt/airflow/dags/fdic-ncua-data-marts.py for tasks to queue
[2024-01-13T00:57:22.800+0000] {logging_mixin.py:188} INFO - [2024-01-13T00:57:22.800+0000] {dagbag.py:538} INFO - Filling up the DagBag from /opt/airflow/dags/fdic-ncua-data-marts.py
[2024-01-13T00:57:22.815+0000] {processor.py:840} INFO - DAG(s) 'fdic_ncua_data_marts' retrieved from /opt/airflow/dags/fdic-ncua-data-marts.py
[2024-01-13T00:57:22.829+0000] {logging_mixin.py:188} INFO - [2024-01-13T00:57:22.829+0000] {dag.py:3033} INFO - Sync 1 DAGs
[2024-01-13T00:57:22.836+0000] {logging_mixin.py:188} INFO - [2024-01-13T00:57:22.836+0000] {dag.py:3820} INFO - Setting next_dagrun for fdic_ncua_data_marts to None, run_after=None
[2024-01-13T00:57:22.844+0000] {processor.py:183} INFO - Processing /opt/airflow/dags/fdic-ncua-data-marts.py took 0.051 seconds
[2024-01-13T00:57:53.317+0000] {processor.py:161} INFO - Started process (PID=14635) to work on /opt/airflow/dags/fdic-ncua-data-marts.py
[2024-01-13T00:57:53.320+0000] {processor.py:830} INFO - Processing file /opt/airflow/dags/fdic-ncua-data-marts.py for tasks to queue
[2024-01-13T00:57:53.321+0000] {logging_mixin.py:188} INFO - [2024-01-13T00:57:53.321+0000] {dagbag.py:538} INFO - Filling up the DagBag from /opt/airflow/dags/fdic-ncua-data-marts.py
[2024-01-13T00:57:53.339+0000] {processor.py:840} INFO - DAG(s) 'fdic_ncua_data_marts' retrieved from /opt/airflow/dags/fdic-ncua-data-marts.py
[2024-01-13T00:57:53.358+0000] {logging_mixin.py:188} INFO - [2024-01-13T00:57:53.358+0000] {dag.py:3033} INFO - Sync 1 DAGs
[2024-01-13T00:57:53.365+0000] {logging_mixin.py:188} INFO - [2024-01-13T00:57:53.365+0000] {dag.py:3820} INFO - Setting next_dagrun for fdic_ncua_data_marts to None, run_after=None
[2024-01-13T00:57:53.373+0000] {processor.py:183} INFO - Processing /opt/airflow/dags/fdic-ncua-data-marts.py took 0.061 seconds
[2024-01-13T00:58:23.890+0000] {processor.py:161} INFO - Started process (PID=14645) to work on /opt/airflow/dags/fdic-ncua-data-marts.py
[2024-01-13T00:58:23.892+0000] {processor.py:830} INFO - Processing file /opt/airflow/dags/fdic-ncua-data-marts.py for tasks to queue
[2024-01-13T00:58:23.893+0000] {logging_mixin.py:188} INFO - [2024-01-13T00:58:23.893+0000] {dagbag.py:538} INFO - Filling up the DagBag from /opt/airflow/dags/fdic-ncua-data-marts.py
[2024-01-13T00:58:23.913+0000] {processor.py:840} INFO - DAG(s) 'fdic_ncua_data_marts' retrieved from /opt/airflow/dags/fdic-ncua-data-marts.py
[2024-01-13T00:58:23.933+0000] {logging_mixin.py:188} INFO - [2024-01-13T00:58:23.932+0000] {dag.py:3033} INFO - Sync 1 DAGs
[2024-01-13T00:58:23.940+0000] {logging_mixin.py:188} INFO - [2024-01-13T00:58:23.940+0000] {dag.py:3820} INFO - Setting next_dagrun for fdic_ncua_data_marts to None, run_after=None
[2024-01-13T00:58:23.950+0000] {processor.py:183} INFO - Processing /opt/airflow/dags/fdic-ncua-data-marts.py took 0.065 seconds
[2024-01-13T00:58:54.605+0000] {processor.py:161} INFO - Started process (PID=14656) to work on /opt/airflow/dags/fdic-ncua-data-marts.py
[2024-01-13T00:58:54.607+0000] {processor.py:830} INFO - Processing file /opt/airflow/dags/fdic-ncua-data-marts.py for tasks to queue
[2024-01-13T00:58:54.609+0000] {logging_mixin.py:188} INFO - [2024-01-13T00:58:54.608+0000] {dagbag.py:538} INFO - Filling up the DagBag from /opt/airflow/dags/fdic-ncua-data-marts.py
[2024-01-13T00:58:54.627+0000] {processor.py:840} INFO - DAG(s) 'fdic_ncua_data_marts' retrieved from /opt/airflow/dags/fdic-ncua-data-marts.py
[2024-01-13T00:58:54.645+0000] {logging_mixin.py:188} INFO - [2024-01-13T00:58:54.645+0000] {dag.py:3033} INFO - Sync 1 DAGs
[2024-01-13T00:58:54.652+0000] {logging_mixin.py:188} INFO - [2024-01-13T00:58:54.652+0000] {dag.py:3820} INFO - Setting next_dagrun for fdic_ncua_data_marts to None, run_after=None
[2024-01-13T00:58:54.661+0000] {processor.py:183} INFO - Processing /opt/airflow/dags/fdic-ncua-data-marts.py took 0.062 seconds
[2024-01-13T00:59:25.140+0000] {processor.py:161} INFO - Started process (PID=14667) to work on /opt/airflow/dags/fdic-ncua-data-marts.py
[2024-01-13T00:59:25.141+0000] {processor.py:830} INFO - Processing file /opt/airflow/dags/fdic-ncua-data-marts.py for tasks to queue
[2024-01-13T00:59:25.143+0000] {logging_mixin.py:188} INFO - [2024-01-13T00:59:25.142+0000] {dagbag.py:538} INFO - Filling up the DagBag from /opt/airflow/dags/fdic-ncua-data-marts.py
[2024-01-13T00:59:25.157+0000] {processor.py:840} INFO - DAG(s) 'fdic_ncua_data_marts' retrieved from /opt/airflow/dags/fdic-ncua-data-marts.py
[2024-01-13T00:59:25.176+0000] {logging_mixin.py:188} INFO - [2024-01-13T00:59:25.176+0000] {dag.py:3033} INFO - Sync 1 DAGs
[2024-01-13T00:59:25.185+0000] {logging_mixin.py:188} INFO - [2024-01-13T00:59:25.185+0000] {dag.py:3820} INFO - Setting next_dagrun for fdic_ncua_data_marts to None, run_after=None
[2024-01-13T00:59:25.194+0000] {processor.py:183} INFO - Processing /opt/airflow/dags/fdic-ncua-data-marts.py took 0.059 seconds
[2024-01-13T00:59:55.791+0000] {processor.py:161} INFO - Started process (PID=14678) to work on /opt/airflow/dags/fdic-ncua-data-marts.py
[2024-01-13T00:59:55.793+0000] {processor.py:830} INFO - Processing file /opt/airflow/dags/fdic-ncua-data-marts.py for tasks to queue
[2024-01-13T00:59:55.794+0000] {logging_mixin.py:188} INFO - [2024-01-13T00:59:55.794+0000] {dagbag.py:538} INFO - Filling up the DagBag from /opt/airflow/dags/fdic-ncua-data-marts.py
[2024-01-13T00:59:55.813+0000] {processor.py:840} INFO - DAG(s) 'fdic_ncua_data_marts' retrieved from /opt/airflow/dags/fdic-ncua-data-marts.py
[2024-01-13T00:59:55.837+0000] {logging_mixin.py:188} INFO - [2024-01-13T00:59:55.837+0000] {dag.py:3033} INFO - Sync 1 DAGs
[2024-01-13T00:59:55.845+0000] {logging_mixin.py:188} INFO - [2024-01-13T00:59:55.845+0000] {dag.py:3820} INFO - Setting next_dagrun for fdic_ncua_data_marts to None, run_after=None
[2024-01-13T00:59:55.856+0000] {processor.py:183} INFO - Processing /opt/airflow/dags/fdic-ncua-data-marts.py took 0.070 seconds
[2024-01-13T01:00:26.304+0000] {processor.py:161} INFO - Started process (PID=14689) to work on /opt/airflow/dags/fdic-ncua-data-marts.py
[2024-01-13T01:00:26.305+0000] {processor.py:830} INFO - Processing file /opt/airflow/dags/fdic-ncua-data-marts.py for tasks to queue
[2024-01-13T01:00:26.306+0000] {logging_mixin.py:188} INFO - [2024-01-13T01:00:26.306+0000] {dagbag.py:538} INFO - Filling up the DagBag from /opt/airflow/dags/fdic-ncua-data-marts.py
[2024-01-13T01:00:26.323+0000] {processor.py:840} INFO - DAG(s) 'fdic_ncua_data_marts' retrieved from /opt/airflow/dags/fdic-ncua-data-marts.py
[2024-01-13T01:00:26.344+0000] {logging_mixin.py:188} INFO - [2024-01-13T01:00:26.344+0000] {dag.py:3033} INFO - Sync 1 DAGs
[2024-01-13T01:00:26.352+0000] {logging_mixin.py:188} INFO - [2024-01-13T01:00:26.352+0000] {dag.py:3820} INFO - Setting next_dagrun for fdic_ncua_data_marts to None, run_after=None
[2024-01-13T01:00:26.361+0000] {processor.py:183} INFO - Processing /opt/airflow/dags/fdic-ncua-data-marts.py took 0.062 seconds
[2024-01-13T01:00:56.941+0000] {processor.py:161} INFO - Started process (PID=14700) to work on /opt/airflow/dags/fdic-ncua-data-marts.py
[2024-01-13T01:00:56.942+0000] {processor.py:830} INFO - Processing file /opt/airflow/dags/fdic-ncua-data-marts.py for tasks to queue
[2024-01-13T01:00:56.943+0000] {logging_mixin.py:188} INFO - [2024-01-13T01:00:56.943+0000] {dagbag.py:538} INFO - Filling up the DagBag from /opt/airflow/dags/fdic-ncua-data-marts.py
[2024-01-13T01:00:56.962+0000] {processor.py:840} INFO - DAG(s) 'fdic_ncua_data_marts' retrieved from /opt/airflow/dags/fdic-ncua-data-marts.py
[2024-01-13T01:00:56.986+0000] {logging_mixin.py:188} INFO - [2024-01-13T01:00:56.986+0000] {dag.py:3033} INFO - Sync 1 DAGs
[2024-01-13T01:00:56.996+0000] {logging_mixin.py:188} INFO - [2024-01-13T01:00:56.996+0000] {dag.py:3820} INFO - Setting next_dagrun for fdic_ncua_data_marts to None, run_after=None
[2024-01-13T01:00:57.012+0000] {processor.py:183} INFO - Processing /opt/airflow/dags/fdic-ncua-data-marts.py took 0.077 seconds
[2024-01-13T01:01:27.373+0000] {processor.py:161} INFO - Started process (PID=14721) to work on /opt/airflow/dags/fdic-ncua-data-marts.py
[2024-01-13T01:01:27.375+0000] {processor.py:830} INFO - Processing file /opt/airflow/dags/fdic-ncua-data-marts.py for tasks to queue
[2024-01-13T01:01:27.377+0000] {logging_mixin.py:188} INFO - [2024-01-13T01:01:27.376+0000] {dagbag.py:538} INFO - Filling up the DagBag from /opt/airflow/dags/fdic-ncua-data-marts.py
[2024-01-13T01:01:27.402+0000] {processor.py:840} INFO - DAG(s) 'fdic_ncua_data_marts' retrieved from /opt/airflow/dags/fdic-ncua-data-marts.py
[2024-01-13T01:01:27.425+0000] {logging_mixin.py:188} INFO - [2024-01-13T01:01:27.425+0000] {dag.py:3033} INFO - Sync 1 DAGs
[2024-01-13T01:01:27.434+0000] {logging_mixin.py:188} INFO - [2024-01-13T01:01:27.434+0000] {dag.py:3820} INFO - Setting next_dagrun for fdic_ncua_data_marts to None, run_after=None
[2024-01-13T01:01:27.445+0000] {processor.py:183} INFO - Processing /opt/airflow/dags/fdic-ncua-data-marts.py took 0.079 seconds
[2024-01-13T01:01:57.843+0000] {processor.py:161} INFO - Started process (PID=14732) to work on /opt/airflow/dags/fdic-ncua-data-marts.py
[2024-01-13T01:01:57.845+0000] {processor.py:830} INFO - Processing file /opt/airflow/dags/fdic-ncua-data-marts.py for tasks to queue
[2024-01-13T01:01:57.846+0000] {logging_mixin.py:188} INFO - [2024-01-13T01:01:57.846+0000] {dagbag.py:538} INFO - Filling up the DagBag from /opt/airflow/dags/fdic-ncua-data-marts.py
[2024-01-13T01:01:57.865+0000] {processor.py:840} INFO - DAG(s) 'fdic_ncua_data_marts' retrieved from /opt/airflow/dags/fdic-ncua-data-marts.py
[2024-01-13T01:01:57.881+0000] {logging_mixin.py:188} INFO - [2024-01-13T01:01:57.881+0000] {dag.py:3033} INFO - Sync 1 DAGs
[2024-01-13T01:01:57.888+0000] {logging_mixin.py:188} INFO - [2024-01-13T01:01:57.888+0000] {dag.py:3820} INFO - Setting next_dagrun for fdic_ncua_data_marts to None, run_after=None
[2024-01-13T01:01:57.898+0000] {processor.py:183} INFO - Processing /opt/airflow/dags/fdic-ncua-data-marts.py took 0.061 seconds
[2024-01-13T01:02:28.319+0000] {processor.py:161} INFO - Started process (PID=14777) to work on /opt/airflow/dags/fdic-ncua-data-marts.py
[2024-01-13T01:02:28.323+0000] {processor.py:830} INFO - Processing file /opt/airflow/dags/fdic-ncua-data-marts.py for tasks to queue
[2024-01-13T01:02:28.324+0000] {logging_mixin.py:188} INFO - [2024-01-13T01:02:28.324+0000] {dagbag.py:538} INFO - Filling up the DagBag from /opt/airflow/dags/fdic-ncua-data-marts.py
[2024-01-13T01:02:28.350+0000] {processor.py:840} INFO - DAG(s) 'fdic_ncua_data_marts' retrieved from /opt/airflow/dags/fdic-ncua-data-marts.py
[2024-01-13T01:02:28.374+0000] {logging_mixin.py:188} INFO - [2024-01-13T01:02:28.374+0000] {dag.py:3033} INFO - Sync 1 DAGs
[2024-01-13T01:02:28.384+0000] {logging_mixin.py:188} INFO - [2024-01-13T01:02:28.384+0000] {dag.py:3820} INFO - Setting next_dagrun for fdic_ncua_data_marts to None, run_after=None
[2024-01-13T01:02:28.396+0000] {processor.py:183} INFO - Processing /opt/airflow/dags/fdic-ncua-data-marts.py took 0.084 seconds
[2024-01-13T01:02:58.930+0000] {processor.py:161} INFO - Started process (PID=14788) to work on /opt/airflow/dags/fdic-ncua-data-marts.py
[2024-01-13T01:02:58.933+0000] {processor.py:830} INFO - Processing file /opt/airflow/dags/fdic-ncua-data-marts.py for tasks to queue
[2024-01-13T01:02:58.935+0000] {logging_mixin.py:188} INFO - [2024-01-13T01:02:58.934+0000] {dagbag.py:538} INFO - Filling up the DagBag from /opt/airflow/dags/fdic-ncua-data-marts.py
[2024-01-13T01:02:58.959+0000] {processor.py:840} INFO - DAG(s) 'fdic_ncua_data_marts' retrieved from /opt/airflow/dags/fdic-ncua-data-marts.py
[2024-01-13T01:02:58.985+0000] {logging_mixin.py:188} INFO - [2024-01-13T01:02:58.985+0000] {dag.py:3033} INFO - Sync 1 DAGs
[2024-01-13T01:02:58.993+0000] {logging_mixin.py:188} INFO - [2024-01-13T01:02:58.993+0000] {dag.py:3820} INFO - Setting next_dagrun for fdic_ncua_data_marts to None, run_after=None
[2024-01-13T01:02:59.003+0000] {processor.py:183} INFO - Processing /opt/airflow/dags/fdic-ncua-data-marts.py took 0.081 seconds
[2024-01-13T01:03:29.608+0000] {processor.py:161} INFO - Started process (PID=14799) to work on /opt/airflow/dags/fdic-ncua-data-marts.py
[2024-01-13T01:03:29.611+0000] {processor.py:830} INFO - Processing file /opt/airflow/dags/fdic-ncua-data-marts.py for tasks to queue
[2024-01-13T01:03:29.612+0000] {logging_mixin.py:188} INFO - [2024-01-13T01:03:29.611+0000] {dagbag.py:538} INFO - Filling up the DagBag from /opt/airflow/dags/fdic-ncua-data-marts.py
[2024-01-13T01:03:29.630+0000] {processor.py:840} INFO - DAG(s) 'fdic_ncua_data_marts' retrieved from /opt/airflow/dags/fdic-ncua-data-marts.py
[2024-01-13T01:03:29.651+0000] {logging_mixin.py:188} INFO - [2024-01-13T01:03:29.651+0000] {dag.py:3033} INFO - Sync 1 DAGs
[2024-01-13T01:03:29.658+0000] {logging_mixin.py:188} INFO - [2024-01-13T01:03:29.658+0000] {dag.py:3820} INFO - Setting next_dagrun for fdic_ncua_data_marts to None, run_after=None
[2024-01-13T01:03:29.666+0000] {processor.py:183} INFO - Processing /opt/airflow/dags/fdic-ncua-data-marts.py took 0.064 seconds
[2024-01-13T01:04:00.206+0000] {processor.py:161} INFO - Started process (PID=14810) to work on /opt/airflow/dags/fdic-ncua-data-marts.py
[2024-01-13T01:04:00.208+0000] {processor.py:830} INFO - Processing file /opt/airflow/dags/fdic-ncua-data-marts.py for tasks to queue
[2024-01-13T01:04:00.209+0000] {logging_mixin.py:188} INFO - [2024-01-13T01:04:00.209+0000] {dagbag.py:538} INFO - Filling up the DagBag from /opt/airflow/dags/fdic-ncua-data-marts.py
[2024-01-13T01:04:00.223+0000] {processor.py:840} INFO - DAG(s) 'fdic_ncua_data_marts' retrieved from /opt/airflow/dags/fdic-ncua-data-marts.py
[2024-01-13T01:04:00.239+0000] {logging_mixin.py:188} INFO - [2024-01-13T01:04:00.239+0000] {dag.py:3033} INFO - Sync 1 DAGs
[2024-01-13T01:04:00.246+0000] {logging_mixin.py:188} INFO - [2024-01-13T01:04:00.246+0000] {dag.py:3820} INFO - Setting next_dagrun for fdic_ncua_data_marts to None, run_after=None
[2024-01-13T01:04:00.254+0000] {processor.py:183} INFO - Processing /opt/airflow/dags/fdic-ncua-data-marts.py took 0.053 seconds
[2024-01-13T01:04:30.758+0000] {processor.py:161} INFO - Started process (PID=14821) to work on /opt/airflow/dags/fdic-ncua-data-marts.py
[2024-01-13T01:04:30.761+0000] {processor.py:830} INFO - Processing file /opt/airflow/dags/fdic-ncua-data-marts.py for tasks to queue
[2024-01-13T01:04:30.762+0000] {logging_mixin.py:188} INFO - [2024-01-13T01:04:30.762+0000] {dagbag.py:538} INFO - Filling up the DagBag from /opt/airflow/dags/fdic-ncua-data-marts.py
[2024-01-13T01:04:30.776+0000] {processor.py:840} INFO - DAG(s) 'fdic_ncua_data_marts' retrieved from /opt/airflow/dags/fdic-ncua-data-marts.py
[2024-01-13T01:04:30.795+0000] {logging_mixin.py:188} INFO - [2024-01-13T01:04:30.795+0000] {dag.py:3033} INFO - Sync 1 DAGs
[2024-01-13T01:04:30.804+0000] {logging_mixin.py:188} INFO - [2024-01-13T01:04:30.804+0000] {dag.py:3820} INFO - Setting next_dagrun for fdic_ncua_data_marts to None, run_after=None
[2024-01-13T01:04:30.815+0000] {processor.py:183} INFO - Processing /opt/airflow/dags/fdic-ncua-data-marts.py took 0.061 seconds
[2024-01-13T01:05:01.355+0000] {processor.py:161} INFO - Started process (PID=14832) to work on /opt/airflow/dags/fdic-ncua-data-marts.py
[2024-01-13T01:05:01.357+0000] {processor.py:830} INFO - Processing file /opt/airflow/dags/fdic-ncua-data-marts.py for tasks to queue
[2024-01-13T01:05:01.358+0000] {logging_mixin.py:188} INFO - [2024-01-13T01:05:01.358+0000] {dagbag.py:538} INFO - Filling up the DagBag from /opt/airflow/dags/fdic-ncua-data-marts.py
[2024-01-13T01:05:01.375+0000] {processor.py:840} INFO - DAG(s) 'fdic_ncua_data_marts' retrieved from /opt/airflow/dags/fdic-ncua-data-marts.py
[2024-01-13T01:05:01.395+0000] {logging_mixin.py:188} INFO - [2024-01-13T01:05:01.395+0000] {dag.py:3033} INFO - Sync 1 DAGs
[2024-01-13T01:05:01.404+0000] {logging_mixin.py:188} INFO - [2024-01-13T01:05:01.404+0000] {dag.py:3820} INFO - Setting next_dagrun for fdic_ncua_data_marts to None, run_after=None
[2024-01-13T01:05:01.415+0000] {processor.py:183} INFO - Processing /opt/airflow/dags/fdic-ncua-data-marts.py took 0.066 seconds
[2024-01-13T01:05:31.990+0000] {processor.py:161} INFO - Started process (PID=14843) to work on /opt/airflow/dags/fdic-ncua-data-marts.py
[2024-01-13T01:05:31.992+0000] {processor.py:830} INFO - Processing file /opt/airflow/dags/fdic-ncua-data-marts.py for tasks to queue
[2024-01-13T01:05:31.993+0000] {logging_mixin.py:188} INFO - [2024-01-13T01:05:31.992+0000] {dagbag.py:538} INFO - Filling up the DagBag from /opt/airflow/dags/fdic-ncua-data-marts.py
[2024-01-13T01:05:32.008+0000] {processor.py:840} INFO - DAG(s) 'fdic_ncua_data_marts' retrieved from /opt/airflow/dags/fdic-ncua-data-marts.py
[2024-01-13T01:05:32.025+0000] {logging_mixin.py:188} INFO - [2024-01-13T01:05:32.025+0000] {dag.py:3033} INFO - Sync 1 DAGs
[2024-01-13T01:05:32.032+0000] {logging_mixin.py:188} INFO - [2024-01-13T01:05:32.032+0000] {dag.py:3820} INFO - Setting next_dagrun for fdic_ncua_data_marts to None, run_after=None
[2024-01-13T01:05:32.040+0000] {processor.py:183} INFO - Processing /opt/airflow/dags/fdic-ncua-data-marts.py took 0.054 seconds
[2024-01-13T01:06:02.618+0000] {processor.py:161} INFO - Started process (PID=14854) to work on /opt/airflow/dags/fdic-ncua-data-marts.py
[2024-01-13T01:06:02.620+0000] {processor.py:830} INFO - Processing file /opt/airflow/dags/fdic-ncua-data-marts.py for tasks to queue
[2024-01-13T01:06:02.622+0000] {logging_mixin.py:188} INFO - [2024-01-13T01:06:02.621+0000] {dagbag.py:538} INFO - Filling up the DagBag from /opt/airflow/dags/fdic-ncua-data-marts.py
[2024-01-13T01:06:02.642+0000] {processor.py:840} INFO - DAG(s) 'fdic_ncua_data_marts' retrieved from /opt/airflow/dags/fdic-ncua-data-marts.py
[2024-01-13T01:06:02.661+0000] {logging_mixin.py:188} INFO - [2024-01-13T01:06:02.661+0000] {dag.py:3033} INFO - Sync 1 DAGs
[2024-01-13T01:06:02.670+0000] {logging_mixin.py:188} INFO - [2024-01-13T01:06:02.670+0000] {dag.py:3820} INFO - Setting next_dagrun for fdic_ncua_data_marts to None, run_after=None
[2024-01-13T01:06:02.682+0000] {processor.py:183} INFO - Processing /opt/airflow/dags/fdic-ncua-data-marts.py took 0.069 seconds
[2024-01-13T01:06:33.288+0000] {processor.py:161} INFO - Started process (PID=14871) to work on /opt/airflow/dags/fdic-ncua-data-marts.py
[2024-01-13T01:06:33.290+0000] {processor.py:830} INFO - Processing file /opt/airflow/dags/fdic-ncua-data-marts.py for tasks to queue
[2024-01-13T01:06:33.291+0000] {logging_mixin.py:188} INFO - [2024-01-13T01:06:33.291+0000] {dagbag.py:538} INFO - Filling up the DagBag from /opt/airflow/dags/fdic-ncua-data-marts.py
[2024-01-13T01:06:33.324+0000] {processor.py:840} INFO - DAG(s) 'fdic_ncua_data_marts' retrieved from /opt/airflow/dags/fdic-ncua-data-marts.py
[2024-01-13T01:06:33.352+0000] {logging_mixin.py:188} INFO - [2024-01-13T01:06:33.352+0000] {dag.py:3033} INFO - Sync 1 DAGs
[2024-01-13T01:06:33.361+0000] {logging_mixin.py:188} INFO - [2024-01-13T01:06:33.361+0000] {dag.py:3820} INFO - Setting next_dagrun for fdic_ncua_data_marts to None, run_after=None
[2024-01-13T01:06:33.374+0000] {processor.py:183} INFO - Processing /opt/airflow/dags/fdic-ncua-data-marts.py took 0.092 seconds
[2024-01-13T01:07:03.865+0000] {processor.py:161} INFO - Started process (PID=14882) to work on /opt/airflow/dags/fdic-ncua-data-marts.py
[2024-01-13T01:07:03.866+0000] {processor.py:830} INFO - Processing file /opt/airflow/dags/fdic-ncua-data-marts.py for tasks to queue
[2024-01-13T01:07:03.867+0000] {logging_mixin.py:188} INFO - [2024-01-13T01:07:03.867+0000] {dagbag.py:538} INFO - Filling up the DagBag from /opt/airflow/dags/fdic-ncua-data-marts.py
[2024-01-13T01:07:03.878+0000] {processor.py:840} INFO - DAG(s) 'fdic_ncua_data_marts' retrieved from /opt/airflow/dags/fdic-ncua-data-marts.py
[2024-01-13T01:07:03.893+0000] {logging_mixin.py:188} INFO - [2024-01-13T01:07:03.893+0000] {dag.py:3033} INFO - Sync 1 DAGs
[2024-01-13T01:07:03.900+0000] {logging_mixin.py:188} INFO - [2024-01-13T01:07:03.900+0000] {dag.py:3820} INFO - Setting next_dagrun for fdic_ncua_data_marts to None, run_after=None
[2024-01-13T01:07:03.909+0000] {processor.py:183} INFO - Processing /opt/airflow/dags/fdic-ncua-data-marts.py took 0.046 seconds
[2024-01-13T01:07:34.458+0000] {processor.py:161} INFO - Started process (PID=14893) to work on /opt/airflow/dags/fdic-ncua-data-marts.py
[2024-01-13T01:07:34.460+0000] {processor.py:830} INFO - Processing file /opt/airflow/dags/fdic-ncua-data-marts.py for tasks to queue
[2024-01-13T01:07:34.461+0000] {logging_mixin.py:188} INFO - [2024-01-13T01:07:34.460+0000] {dagbag.py:538} INFO - Filling up the DagBag from /opt/airflow/dags/fdic-ncua-data-marts.py
[2024-01-13T01:07:34.478+0000] {processor.py:840} INFO - DAG(s) 'fdic_ncua_data_marts' retrieved from /opt/airflow/dags/fdic-ncua-data-marts.py
[2024-01-13T01:07:34.498+0000] {logging_mixin.py:188} INFO - [2024-01-13T01:07:34.498+0000] {dag.py:3033} INFO - Sync 1 DAGs
[2024-01-13T01:07:34.506+0000] {logging_mixin.py:188} INFO - [2024-01-13T01:07:34.506+0000] {dag.py:3820} INFO - Setting next_dagrun for fdic_ncua_data_marts to None, run_after=None
[2024-01-13T01:07:34.516+0000] {processor.py:183} INFO - Processing /opt/airflow/dags/fdic-ncua-data-marts.py took 0.062 seconds
[2024-01-13T01:08:05.038+0000] {processor.py:161} INFO - Started process (PID=14904) to work on /opt/airflow/dags/fdic-ncua-data-marts.py
[2024-01-13T01:08:05.040+0000] {processor.py:830} INFO - Processing file /opt/airflow/dags/fdic-ncua-data-marts.py for tasks to queue
[2024-01-13T01:08:05.041+0000] {logging_mixin.py:188} INFO - [2024-01-13T01:08:05.041+0000] {dagbag.py:538} INFO - Filling up the DagBag from /opt/airflow/dags/fdic-ncua-data-marts.py
[2024-01-13T01:08:05.060+0000] {processor.py:840} INFO - DAG(s) 'fdic_ncua_data_marts' retrieved from /opt/airflow/dags/fdic-ncua-data-marts.py
[2024-01-13T01:08:05.085+0000] {logging_mixin.py:188} INFO - [2024-01-13T01:08:05.085+0000] {dag.py:3033} INFO - Sync 1 DAGs
[2024-01-13T01:08:05.096+0000] {logging_mixin.py:188} INFO - [2024-01-13T01:08:05.096+0000] {dag.py:3820} INFO - Setting next_dagrun for fdic_ncua_data_marts to None, run_after=None
[2024-01-13T01:08:05.110+0000] {processor.py:183} INFO - Processing /opt/airflow/dags/fdic-ncua-data-marts.py took 0.077 seconds
[2024-01-13T01:08:35.707+0000] {processor.py:161} INFO - Started process (PID=14915) to work on /opt/airflow/dags/fdic-ncua-data-marts.py
[2024-01-13T01:08:35.710+0000] {processor.py:830} INFO - Processing file /opt/airflow/dags/fdic-ncua-data-marts.py for tasks to queue
[2024-01-13T01:08:35.711+0000] {logging_mixin.py:188} INFO - [2024-01-13T01:08:35.711+0000] {dagbag.py:538} INFO - Filling up the DagBag from /opt/airflow/dags/fdic-ncua-data-marts.py
[2024-01-13T01:08:35.730+0000] {processor.py:840} INFO - DAG(s) 'fdic_ncua_data_marts' retrieved from /opt/airflow/dags/fdic-ncua-data-marts.py
[2024-01-13T01:08:35.752+0000] {logging_mixin.py:188} INFO - [2024-01-13T01:08:35.752+0000] {dag.py:3033} INFO - Sync 1 DAGs
[2024-01-13T01:08:35.760+0000] {logging_mixin.py:188} INFO - [2024-01-13T01:08:35.760+0000] {dag.py:3820} INFO - Setting next_dagrun for fdic_ncua_data_marts to None, run_after=None
[2024-01-13T01:08:35.769+0000] {processor.py:183} INFO - Processing /opt/airflow/dags/fdic-ncua-data-marts.py took 0.067 seconds
[2024-01-13T01:09:06.282+0000] {processor.py:161} INFO - Started process (PID=14926) to work on /opt/airflow/dags/fdic-ncua-data-marts.py
[2024-01-13T01:09:06.284+0000] {processor.py:830} INFO - Processing file /opt/airflow/dags/fdic-ncua-data-marts.py for tasks to queue
[2024-01-13T01:09:06.286+0000] {logging_mixin.py:188} INFO - [2024-01-13T01:09:06.285+0000] {dagbag.py:538} INFO - Filling up the DagBag from /opt/airflow/dags/fdic-ncua-data-marts.py
[2024-01-13T01:09:06.304+0000] {processor.py:840} INFO - DAG(s) 'fdic_ncua_data_marts' retrieved from /opt/airflow/dags/fdic-ncua-data-marts.py
[2024-01-13T01:09:06.326+0000] {logging_mixin.py:188} INFO - [2024-01-13T01:09:06.326+0000] {dag.py:3033} INFO - Sync 1 DAGs
[2024-01-13T01:09:06.333+0000] {logging_mixin.py:188} INFO - [2024-01-13T01:09:06.333+0000] {dag.py:3820} INFO - Setting next_dagrun for fdic_ncua_data_marts to None, run_after=None
[2024-01-13T01:09:06.343+0000] {processor.py:183} INFO - Processing /opt/airflow/dags/fdic-ncua-data-marts.py took 0.066 seconds
[2024-01-13T01:09:36.919+0000] {processor.py:161} INFO - Started process (PID=14937) to work on /opt/airflow/dags/fdic-ncua-data-marts.py
[2024-01-13T01:09:36.922+0000] {processor.py:830} INFO - Processing file /opt/airflow/dags/fdic-ncua-data-marts.py for tasks to queue
[2024-01-13T01:09:36.924+0000] {logging_mixin.py:188} INFO - [2024-01-13T01:09:36.923+0000] {dagbag.py:538} INFO - Filling up the DagBag from /opt/airflow/dags/fdic-ncua-data-marts.py
[2024-01-13T01:09:36.941+0000] {processor.py:840} INFO - DAG(s) 'fdic_ncua_data_marts' retrieved from /opt/airflow/dags/fdic-ncua-data-marts.py
[2024-01-13T01:09:36.963+0000] {logging_mixin.py:188} INFO - [2024-01-13T01:09:36.963+0000] {dag.py:3033} INFO - Sync 1 DAGs
[2024-01-13T01:09:36.970+0000] {logging_mixin.py:188} INFO - [2024-01-13T01:09:36.970+0000] {dag.py:3820} INFO - Setting next_dagrun for fdic_ncua_data_marts to None, run_after=None
[2024-01-13T01:09:36.979+0000] {processor.py:183} INFO - Processing /opt/airflow/dags/fdic-ncua-data-marts.py took 0.065 seconds
[2024-01-13T01:10:07.458+0000] {processor.py:161} INFO - Started process (PID=14948) to work on /opt/airflow/dags/fdic-ncua-data-marts.py
[2024-01-13T01:10:07.460+0000] {processor.py:830} INFO - Processing file /opt/airflow/dags/fdic-ncua-data-marts.py for tasks to queue
[2024-01-13T01:10:07.461+0000] {logging_mixin.py:188} INFO - [2024-01-13T01:10:07.461+0000] {dagbag.py:538} INFO - Filling up the DagBag from /opt/airflow/dags/fdic-ncua-data-marts.py
[2024-01-13T01:10:07.476+0000] {processor.py:840} INFO - DAG(s) 'fdic_ncua_data_marts' retrieved from /opt/airflow/dags/fdic-ncua-data-marts.py
[2024-01-13T01:10:07.495+0000] {logging_mixin.py:188} INFO - [2024-01-13T01:10:07.495+0000] {dag.py:3033} INFO - Sync 1 DAGs
[2024-01-13T01:10:07.503+0000] {logging_mixin.py:188} INFO - [2024-01-13T01:10:07.503+0000] {dag.py:3820} INFO - Setting next_dagrun for fdic_ncua_data_marts to None, run_after=None
[2024-01-13T01:10:07.512+0000] {processor.py:183} INFO - Processing /opt/airflow/dags/fdic-ncua-data-marts.py took 0.059 seconds
[2024-01-13T01:10:38.143+0000] {processor.py:161} INFO - Started process (PID=14958) to work on /opt/airflow/dags/fdic-ncua-data-marts.py
[2024-01-13T01:10:38.145+0000] {processor.py:830} INFO - Processing file /opt/airflow/dags/fdic-ncua-data-marts.py for tasks to queue
[2024-01-13T01:10:38.147+0000] {logging_mixin.py:188} INFO - [2024-01-13T01:10:38.146+0000] {dagbag.py:538} INFO - Filling up the DagBag from /opt/airflow/dags/fdic-ncua-data-marts.py
[2024-01-13T01:10:38.168+0000] {processor.py:840} INFO - DAG(s) 'fdic_ncua_data_marts' retrieved from /opt/airflow/dags/fdic-ncua-data-marts.py
[2024-01-13T01:10:38.192+0000] {logging_mixin.py:188} INFO - [2024-01-13T01:10:38.192+0000] {dag.py:3033} INFO - Sync 1 DAGs
[2024-01-13T01:10:38.200+0000] {logging_mixin.py:188} INFO - [2024-01-13T01:10:38.200+0000] {dag.py:3820} INFO - Setting next_dagrun for fdic_ncua_data_marts to None, run_after=None
[2024-01-13T01:10:38.209+0000] {processor.py:183} INFO - Processing /opt/airflow/dags/fdic-ncua-data-marts.py took 0.072 seconds
[2024-01-13T01:11:08.740+0000] {processor.py:161} INFO - Started process (PID=14969) to work on /opt/airflow/dags/fdic-ncua-data-marts.py
[2024-01-13T01:11:08.742+0000] {processor.py:830} INFO - Processing file /opt/airflow/dags/fdic-ncua-data-marts.py for tasks to queue
[2024-01-13T01:11:08.743+0000] {logging_mixin.py:188} INFO - [2024-01-13T01:11:08.742+0000] {dagbag.py:538} INFO - Filling up the DagBag from /opt/airflow/dags/fdic-ncua-data-marts.py
[2024-01-13T01:11:08.760+0000] {processor.py:840} INFO - DAG(s) 'fdic_ncua_data_marts' retrieved from /opt/airflow/dags/fdic-ncua-data-marts.py
[2024-01-13T01:11:08.782+0000] {logging_mixin.py:188} INFO - [2024-01-13T01:11:08.782+0000] {dag.py:3033} INFO - Sync 1 DAGs
[2024-01-13T01:11:08.793+0000] {logging_mixin.py:188} INFO - [2024-01-13T01:11:08.793+0000] {dag.py:3820} INFO - Setting next_dagrun for fdic_ncua_data_marts to None, run_after=None
[2024-01-13T01:11:08.806+0000] {processor.py:183} INFO - Processing /opt/airflow/dags/fdic-ncua-data-marts.py took 0.070 seconds
[2024-01-13T01:11:39.319+0000] {processor.py:161} INFO - Started process (PID=14980) to work on /opt/airflow/dags/fdic-ncua-data-marts.py
[2024-01-13T01:11:39.320+0000] {processor.py:830} INFO - Processing file /opt/airflow/dags/fdic-ncua-data-marts.py for tasks to queue
[2024-01-13T01:11:39.321+0000] {logging_mixin.py:188} INFO - [2024-01-13T01:11:39.320+0000] {dagbag.py:538} INFO - Filling up the DagBag from /opt/airflow/dags/fdic-ncua-data-marts.py
[2024-01-13T01:11:39.334+0000] {processor.py:840} INFO - DAG(s) 'fdic_ncua_data_marts' retrieved from /opt/airflow/dags/fdic-ncua-data-marts.py
[2024-01-13T01:11:39.352+0000] {logging_mixin.py:188} INFO - [2024-01-13T01:11:39.352+0000] {dag.py:3033} INFO - Sync 1 DAGs
[2024-01-13T01:11:39.360+0000] {logging_mixin.py:188} INFO - [2024-01-13T01:11:39.360+0000] {dag.py:3820} INFO - Setting next_dagrun for fdic_ncua_data_marts to None, run_after=None
[2024-01-13T01:11:39.372+0000] {processor.py:183} INFO - Processing /opt/airflow/dags/fdic-ncua-data-marts.py took 0.057 seconds
[2024-01-13T01:12:09.927+0000] {processor.py:161} INFO - Started process (PID=14990) to work on /opt/airflow/dags/fdic-ncua-data-marts.py
[2024-01-13T01:12:09.929+0000] {processor.py:830} INFO - Processing file /opt/airflow/dags/fdic-ncua-data-marts.py for tasks to queue
[2024-01-13T01:12:09.930+0000] {logging_mixin.py:188} INFO - [2024-01-13T01:12:09.930+0000] {dagbag.py:538} INFO - Filling up the DagBag from /opt/airflow/dags/fdic-ncua-data-marts.py
[2024-01-13T01:12:09.956+0000] {processor.py:840} INFO - DAG(s) 'fdic_ncua_data_marts' retrieved from /opt/airflow/dags/fdic-ncua-data-marts.py
[2024-01-13T01:12:09.981+0000] {logging_mixin.py:188} INFO - [2024-01-13T01:12:09.981+0000] {dag.py:3033} INFO - Sync 1 DAGs
[2024-01-13T01:12:09.992+0000] {logging_mixin.py:188} INFO - [2024-01-13T01:12:09.992+0000] {dag.py:3820} INFO - Setting next_dagrun for fdic_ncua_data_marts to None, run_after=None
[2024-01-13T01:12:10.004+0000] {processor.py:183} INFO - Processing /opt/airflow/dags/fdic-ncua-data-marts.py took 0.083 seconds
[2024-01-13T01:12:40.505+0000] {processor.py:161} INFO - Started process (PID=15001) to work on /opt/airflow/dags/fdic-ncua-data-marts.py
[2024-01-13T01:12:40.507+0000] {processor.py:830} INFO - Processing file /opt/airflow/dags/fdic-ncua-data-marts.py for tasks to queue
[2024-01-13T01:12:40.509+0000] {logging_mixin.py:188} INFO - [2024-01-13T01:12:40.508+0000] {dagbag.py:538} INFO - Filling up the DagBag from /opt/airflow/dags/fdic-ncua-data-marts.py
[2024-01-13T01:12:40.532+0000] {processor.py:840} INFO - DAG(s) 'fdic_ncua_data_marts' retrieved from /opt/airflow/dags/fdic-ncua-data-marts.py
[2024-01-13T01:12:40.556+0000] {logging_mixin.py:188} INFO - [2024-01-13T01:12:40.556+0000] {dag.py:3033} INFO - Sync 1 DAGs
[2024-01-13T01:12:40.565+0000] {logging_mixin.py:188} INFO - [2024-01-13T01:12:40.565+0000] {dag.py:3820} INFO - Setting next_dagrun for fdic_ncua_data_marts to None, run_after=None
[2024-01-13T01:12:40.576+0000] {processor.py:183} INFO - Processing /opt/airflow/dags/fdic-ncua-data-marts.py took 0.078 seconds
