[2024-01-13T01:02:15.347+0000] {taskinstance.py:1957} INFO - Dependencies all met for dep_context=non-requeueable deps ti=<TaskInstance: fdic_ncua_metrics.create_metrics_bank_cu_asset_dep manual__2024-01-13T01:02:14.329320+00:00 [queued]>
[2024-01-13T01:02:15.351+0000] {taskinstance.py:1957} INFO - Dependencies all met for dep_context=requeueable deps ti=<TaskInstance: fdic_ncua_metrics.create_metrics_bank_cu_asset_dep manual__2024-01-13T01:02:14.329320+00:00 [queued]>
[2024-01-13T01:02:15.351+0000] {taskinstance.py:2171} INFO - Starting attempt 1 of 1
[2024-01-13T01:02:15.357+0000] {taskinstance.py:2192} INFO - Executing <Task(PostgresOperator): create_metrics_bank_cu_asset_dep> on 2024-01-13 01:02:14.329320+00:00
[2024-01-13T01:02:15.359+0000] {standard_task_runner.py:60} INFO - Started process 13738 to run task
[2024-01-13T01:02:15.362+0000] {standard_task_runner.py:87} INFO - Running: ['***', 'tasks', 'run', 'fdic_ncua_metrics', 'create_metrics_bank_cu_asset_dep', 'manual__2024-01-13T01:02:14.329320+00:00', '--job-id', '239', '--raw', '--subdir', 'DAGS_FOLDER/fdic-ncua-metrics.py', '--cfg-path', '/tmp/tmp8uzislrz']
[2024-01-13T01:02:15.363+0000] {standard_task_runner.py:88} INFO - Job 239: Subtask create_metrics_bank_cu_asset_dep
[2024-01-13T01:02:15.389+0000] {task_command.py:423} INFO - Running <TaskInstance: fdic_ncua_metrics.create_metrics_bank_cu_asset_dep manual__2024-01-13T01:02:14.329320+00:00 [running]> on host c111cf247bc6
[2024-01-13T01:02:15.424+0000] {taskinstance.py:2481} INFO - Exporting env vars: AIRFLOW_CTX_DAG_OWNER='***' AIRFLOW_CTX_DAG_ID='fdic_ncua_metrics' AIRFLOW_CTX_TASK_ID='create_metrics_bank_cu_asset_dep' AIRFLOW_CTX_EXECUTION_DATE='2024-01-13T01:02:14.329320+00:00' AIRFLOW_CTX_TRY_NUMBER='1' AIRFLOW_CTX_DAG_RUN_ID='manual__2024-01-13T01:02:14.329320+00:00'
[2024-01-13T01:02:15.425+0000] {sql.py:276} INFO - Executing: DROP TABLE IF EXISTS metrics.bank_cu_asset_dep;
CREATE TABLE metrics.bank_cu_asset_dep (
    -- pulling from data_marts.fdic_banks and data_marts.ncua_credit_unions
    type TEXT,
    id_number NUMERIC,
    name TEXT,
    city TEXT,
    state TEXT,
    state_code TEXT,
    total_assets NUMERIC,
    total_deposits NUMERIC,
    report_date DATE
);

INSERT INTO metrics.bank_cu_asset_dep (
    WITH fdic AS (
        SELECT
            'bank' AS type,
            cert AS id_number,
            name,
            city,
            state,
            state_code,
            total_assets,
            total_deposits,
            report_date::DATE
        FROM data_marts.fdic_banks
    ),

    ncua AS (
        SELECT
            'credit union' AS type,
            cu_number AS id_number,
            name,
            city,
            state,
            state_code,
            total_assets,
            total_deposits,
            report_date::DATE
        FROM data_marts.ncua_credit_unions
    )

    SELECT
        *
    FROM fdic
    UNION ALL
    SELECT
        *
    FROM ncua
);
[2024-01-13T01:02:15.428+0000] {base.py:83} INFO - Using connection ID 'alpharank_de_eval' for task execution.
[2024-01-13T01:02:15.433+0000] {base.py:83} INFO - Using connection ID 'alpharank_de_eval' for task execution.
[2024-01-13T01:02:15.745+0000] {sql.py:432} INFO - Running statement: DROP TABLE IF EXISTS metrics.bank_cu_asset_dep;
CREATE TABLE metrics.bank_cu_asset_dep (
    -- pulling from data_marts.fdic_banks and data_marts.ncua_credit_unions
    type TEXT,
    id_number NUMERIC,
    name TEXT,
    city TEXT,
    state TEXT,
    state_code TEXT,
    total_assets NUMERIC,
    total_deposits NUMERIC,
    report_date DATE
);

INSERT INTO metrics.bank_cu_asset_dep (
    WITH fdic AS (
        SELECT
            'bank' AS type,
            cert AS id_number,
            name,
            city,
            state,
            state_code,
            total_assets,
            total_deposits,
            report_date::DATE
        FROM data_marts.fdic_banks
    ),

    ncua AS (
        SELECT
            'credit union' AS type,
            cu_number AS id_number,
            name,
            city,
            state,
            state_code,
            total_assets,
            total_deposits,
            report_date::DATE
        FROM data_marts.ncua_credit_unions
    )

    SELECT
        *
    FROM fdic
    UNION ALL
    SELECT
        *
    FROM ncua
);, parameters: None
[2024-01-13T01:02:15.890+0000] {sql.py:441} INFO - Rows affected: 38122
[2024-01-13T01:02:16.017+0000] {taskinstance.py:1138} INFO - Marking task as SUCCESS. dag_id=fdic_ncua_metrics, task_id=create_metrics_bank_cu_asset_dep, execution_date=20240113T010214, start_date=20240113T010215, end_date=20240113T010216
[2024-01-13T01:02:16.048+0000] {local_task_job_runner.py:234} INFO - Task exited with return code 0
[2024-01-13T01:02:16.065+0000] {taskinstance.py:3281} INFO - 0 downstream tasks scheduled from follow-on schedule check
