[2024-01-12T17:00:50.311+0000] {taskinstance.py:1957} INFO - Dependencies all met for dep_context=non-requeueable deps ti=<TaskInstance: extract_fdic_ncua.ncua.extract_ncua_credit_union_branch_information manual__2024-01-12T17:00:40.600333+00:00 [queued]>
[2024-01-12T17:00:50.316+0000] {taskinstance.py:1957} INFO - Dependencies all met for dep_context=requeueable deps ti=<TaskInstance: extract_fdic_ncua.ncua.extract_ncua_credit_union_branch_information manual__2024-01-12T17:00:40.600333+00:00 [queued]>
[2024-01-12T17:00:50.316+0000] {taskinstance.py:2171} INFO - Starting attempt 1 of 1
[2024-01-12T17:00:50.323+0000] {taskinstance.py:2192} INFO - Executing <Task(_PythonDecoratedOperator): ncua.extract_ncua_credit_union_branch_information> on 2024-01-12 17:00:40.600333+00:00
[2024-01-12T17:00:50.326+0000] {standard_task_runner.py:60} INFO - Started process 5962 to run task
[2024-01-12T17:00:50.329+0000] {standard_task_runner.py:87} INFO - Running: ['***', 'tasks', 'run', 'extract_fdic_ncua', 'ncua.extract_ncua_credit_union_branch_information', 'manual__2024-01-12T17:00:40.600333+00:00', '--job-id', '55', '--raw', '--subdir', 'DAGS_FOLDER/fdic-ncua-ingest.py', '--cfg-path', '/tmp/tmpojdrcbtr']
[2024-01-12T17:00:50.330+0000] {standard_task_runner.py:88} INFO - Job 55: Subtask ncua.extract_ncua_credit_union_branch_information
[2024-01-12T17:00:50.355+0000] {task_command.py:423} INFO - Running <TaskInstance: extract_fdic_ncua.ncua.extract_ncua_credit_union_branch_information manual__2024-01-12T17:00:40.600333+00:00 [running]> on host c111cf247bc6
[2024-01-12T17:00:50.400+0000] {taskinstance.py:2481} INFO - Exporting env vars: AIRFLOW_CTX_DAG_OWNER='***' AIRFLOW_CTX_DAG_ID='extract_fdic_ncua' AIRFLOW_CTX_TASK_ID='ncua.extract_ncua_credit_union_branch_information' AIRFLOW_CTX_EXECUTION_DATE='2024-01-12T17:00:40.600333+00:00' AIRFLOW_CTX_TRY_NUMBER='1' AIRFLOW_CTX_DAG_RUN_ID='manual__2024-01-12T17:00:40.600333+00:00'
[2024-01-12T17:00:50.405+0000] {base.py:83} INFO - Using connection ID 'my-aws' for task execution.
[2024-01-12T17:00:50.406+0000] {connection_wrapper.py:378} INFO - AWS Connection (conn_id='my-aws', conn_type='aws') credentials retrieved from login and password.
[2024-01-12T17:00:51.839+0000] {base.py:83} INFO - Using connection ID 'alpharank_de_eval' for task execution.
[2024-01-12T17:00:52.257+0000] {taskinstance.py:2699} ERROR - Task failed with exception
Traceback (most recent call last):
  File "/home/airflow/.local/lib/python3.8/site-packages/airflow/models/taskinstance.py", line 433, in _execute_task
    result = execute_callable(context=context, **execute_callable_kwargs)
  File "/home/airflow/.local/lib/python3.8/site-packages/airflow/decorators/base.py", line 242, in execute
    return_value = super().execute(context)
  File "/home/airflow/.local/lib/python3.8/site-packages/airflow/operators/python.py", line 199, in execute
    return_value = self.execute_callable()
  File "/home/airflow/.local/lib/python3.8/site-packages/airflow/operators/python.py", line 216, in execute_callable
    return self.python_callable(*self.op_args, **self.op_kwargs)
  File "/opt/airflow/dags/fdic-ncua-ingest.py", line 72, in extract_ncua_credit_union_branch_information
    insert_to_pg(
  File "/opt/airflow/dags/utils/core/helpers/postgres.py", line 35, in insert_to_pg
    bulk_insert_to_sql(
  File "/opt/airflow/dags/utils/core/helpers/postgres.py", line 84, in bulk_insert_to_sql
    d = ch['data']
KeyError: 'data'
[2024-01-12T17:00:52.278+0000] {taskinstance.py:1138} INFO - Marking task as FAILED. dag_id=extract_fdic_ncua, task_id=ncua.extract_ncua_credit_union_branch_information, execution_date=20240112T170040, start_date=20240112T170050, end_date=20240112T170052
[2024-01-12T17:00:52.295+0000] {standard_task_runner.py:107} ERROR - Failed to execute job 55 for task ncua.extract_ncua_credit_union_branch_information ('data'; 5962)
[2024-01-12T17:00:52.350+0000] {local_task_job_runner.py:234} INFO - Task exited with return code 1
[2024-01-12T17:00:52.370+0000] {taskinstance.py:3281} INFO - 0 downstream tasks scheduled from follow-on schedule check
