[2024-01-12T00:24:30.425+0000] {taskinstance.py:1957} INFO - Dependencies all met for dep_context=non-requeueable deps ti=<TaskInstance: extract_fdic_ncua.fdic.extract_fdic_financials scheduled__2024-01-11T00:00:00+00:00 [queued]>
[2024-01-12T00:24:30.430+0000] {taskinstance.py:1957} INFO - Dependencies all met for dep_context=requeueable deps ti=<TaskInstance: extract_fdic_ncua.fdic.extract_fdic_financials scheduled__2024-01-11T00:00:00+00:00 [queued]>
[2024-01-12T00:24:30.430+0000] {taskinstance.py:2171} INFO - Starting attempt 1 of 1
[2024-01-12T00:24:30.436+0000] {taskinstance.py:2192} INFO - Executing <Task(_PythonDecoratedOperator): fdic.extract_fdic_financials> on 2024-01-11 00:00:00+00:00
[2024-01-12T00:24:30.439+0000] {standard_task_runner.py:60} INFO - Started process 4961 to run task
[2024-01-12T00:24:30.442+0000] {standard_task_runner.py:87} INFO - Running: ['***', 'tasks', 'run', 'extract_fdic_ncua', 'fdic.extract_fdic_financials', 'scheduled__2024-01-11T00:00:00+00:00', '--job-id', '18', '--raw', '--subdir', 'DAGS_FOLDER/fdic-ncua-ingest.py', '--cfg-path', '/tmp/tmp4c0_qbqq']
[2024-01-12T00:24:30.442+0000] {standard_task_runner.py:88} INFO - Job 18: Subtask fdic.extract_fdic_financials
[2024-01-12T00:24:30.469+0000] {task_command.py:423} INFO - Running <TaskInstance: extract_fdic_ncua.fdic.extract_fdic_financials scheduled__2024-01-11T00:00:00+00:00 [running]> on host c111cf247bc6
[2024-01-12T00:24:30.507+0000] {taskinstance.py:2481} INFO - Exporting env vars: AIRFLOW_CTX_DAG_OWNER='***' AIRFLOW_CTX_DAG_ID='extract_fdic_ncua' AIRFLOW_CTX_TASK_ID='fdic.extract_fdic_financials' AIRFLOW_CTX_EXECUTION_DATE='2024-01-11T00:00:00+00:00' AIRFLOW_CTX_TRY_NUMBER='1' AIRFLOW_CTX_DAG_RUN_ID='scheduled__2024-01-11T00:00:00+00:00'
[2024-01-12T00:24:30.509+0000] {logging_mixin.py:188} INFO - params:  {'limit': 10000, 'offset': 0, 'filters': 'REPDTE:["20230930" TO "20231201"]'}
[2024-01-12T00:24:41.214+0000] {base.py:83} INFO - Using connection ID 'alpharank_de_eval' for task execution.
[2024-01-12T00:24:41.490+0000] {sql.py:432} INFO - Running statement: 
        INSERT INTO raw.fdic_financials (
            zip, idt1rwajr, extra, tfra, idncconr, stname, eqcdivntinc, insdate, bkprem, szlncon, intan, ntrenrsr, obsdir, offoa, p9ltot, ntallothr, iglsec, eeffr, idt1cer, namehcr, ntremulr, depdom, ibefxtr, intincy, eqv, netinc, lnlsdepr, fdicsupvdesc, mutual, offfor, naasset, ntlslr, depunins, depnidom, rssdhcr, lnatresr, asdroth, szlnres, cert, stalp, ntcomrer, eintexp, depcsbq, coredep, callform, rssdid, cblrind, sc, qbprcomldesc, elnantr, endefymd, nperfv, lnresncr, cb, regagnt, numemp, asset, ncremulr, ncreconr, stcnty, naltot, idlncorr, specgrpdesc, szlauto, city, p9asset, stmult, p3asset, depallex, liab, itax, trade, nimy, insagnt1, depins, bkclass, noij, noijy, idnccir, effdate, lsaore, elnatr, ntrer, intinc, netinbm, eqcstkrx, uc, lsalnls, ntlsl, fldoff, ernastr, nclnlsr, lnlsnet, depfor, ncrenrer, parcert, roa, p3ltot, risdate, eqcdiv, roeinjr, roe, szlnhel, occdistdesc, eq, name, hctmult, szlncrcd, nonixay, szlnoth, frepo, fdicdbsdesc, chbal, lsaoa, offdom, subchaps, asdrres, ncrer, aoar, ore, active, ntrecosr, ncreresr, depidom, repdte, idntcir, intexpy, rbc1aaj, ntreresr, astempm, aoa, roaptx, ptaxnetinc, depdastr, nccomrer, depbefex, feddesc, noniiay, idntconr, elnatry, nonix, lnlsntv, dep, cbsa, idncothr, nim, rbcrwaj, szlnci, lsascdbt, idncgtpr, namefull, iderncvr, nfaa, estymd, nonii, trust, eqtot, financials_id
        ) VALUES (
            53946, 9.423080721297229, 0, 0, 0, $$WISCONSIN$$, 19.26298157453936, $$19340101$$, 1463, NULL, 4534, 0, 0, 0, NULL, -0.01227539051258734, 11, 69.81831010760276, 9.423080721297229, $$FS BANCSHARES INC$$, 0, 188025, 1194, 5.138831666272384, 9.41898215525155, 1194, 101.10889509373753, $$CHICAGO$$, 0, 0, 2219, NULL, 1944, 20824, $$1249691$$, 0.7538344278897857, NULL, NULL, 10004, $$WI$$, 0, 2174, NULL, 157581, 51, 599643, 0, 16107, $$CHICAGO$$, 72.8395061728395, 99991231, 0.9936636589570785, 65.07435781883731, $$1$$, $$FDIC$$, 33, 223315, 0, 0, $$Green Lake$$, NULL, 120.64271707883564, $$AGRICULTURAL SPECIALIZATION$$, NULL, $$MARKESAN$$, 0, $$0$$, 255, 0, 202281, 400, 0, 3.5978909707584306, $$DIF$$, 186637, $$NM$$, 1185.31, 0.7788469006268727, 0, 20230322, NULL, 59, 0, 7250, 1194, 0, 13307, NULL, NULL, $$MADISON$$, 93.11, 1.1584200799774478, 190110, NULL, 0, $$0$$, 0.7845569507964044, NULL, $$20230930$$, 230, 7.017559990172259, 8.69, NULL, $$CENTRAL DISTRICT$$, 21034, $$ERGO BANK$$, NULL, NULL, 2.646072731036114, NULL, 0, $$CHICAGO$$, 5002, NULL, 5, 0, NULL, 0.5826420325326518, 0.027311197187828852, 0, 1, 0, 0.6015468347178459, 167200, $$20230930$$, 0, 1.5409406955139535, 9.926296571776321, 0, 6.76712121212121, 6099, 1.0473901001419337, 1583, 84.2, 0, 188581, $$CHICAGO$$, 0.39, 6.974249251614936, 0.04, 4027, 85.13, 188025, NULL, 5.459959011639148, 5076, 10.13608263711955, NULL, NULL, 0, $$ERGO BANK$$, 20.271604938271608, 0, 19100120, 593, $$0$$, 21034, $$10004_20230930$$
        )
    , parameters: None
[2024-01-12T00:24:41.567+0000] {sql.py:441} INFO - Rows affected: 1
[2024-01-12T00:24:41.614+0000] {base.py:83} INFO - Using connection ID 'alpharank_de_eval' for task execution.
[2024-01-12T00:24:41.867+0000] {sql.py:432} INFO - Running statement: 
        INSERT INTO raw.fdic_financials (
            zip, idt1rwajr, extra, tfra, idncconr, stname, eqcdivntinc, insdate, bkprem, szlncon, intan, ntrenrsr, obsdir, offoa, p9ltot, ntallothr, iglsec, eeffr, idt1cer, namehcr, ntremulr, depdom, ibefxtr, intincy, eqv, netinc, lnlsdepr, fdicsupvdesc, mutual, offfor, naasset, ntlslr, depunins, depnidom, rssdhcr, lnatresr, asdroth, szlnres, cert, stalp, ntcomrer, eintexp, depcsbq, coredep, callform, rssdid, cblrind, sc, qbprcomldesc, elnantr, endefymd, nperfv, lnresncr, cb, regagnt, numemp, asset, ncremulr, ncreconr, stcnty, naltot, idlncorr, specgrpdesc, szlauto, city, p9asset, stmult, p3asset, depallex, liab, itax, trade, nimy, insagnt1, depins, bkclass, noij, noijy, idnccir, effdate, lsaore, elnatr, ntrer, intinc, netinbm, eqcstkrx, uc, lsalnls, ntlsl, fldoff, ernastr, nclnlsr, lnlsnet, depfor, ncrenrer, parcert, roa, p3ltot, risdate, eqcdiv, roeinjr, roe, szlnhel, occdistdesc, eq, name, hctmult, szlncrcd, nonixay, szlnoth, frepo, fdicdbsdesc, chbal, lsaoa, offdom, subchaps, asdrres, ncrer, aoar, ore, active, ntrecosr, ncreresr, depidom, repdte, idntcir, intexpy, rbc1aaj, ntreresr, astempm, aoa, roaptx, ptaxnetinc, depdastr, nccomrer, depbefex, feddesc, noniiay, idntconr, elnatry, nonix, lnlsntv, dep, cbsa, idncothr, nim, rbcrwaj, szlnci, lsascdbt, idncgtpr, namefull, iderncvr, nfaa, estymd, nonii, trust, eqtot, financials_id
        ) VALUES (
            53566, 10.499781903639983, 0, 0, 0.0250689395838556, $$WISCONSIN$$, 97.35234215885947, $$19340101$$, 6871, NULL, 2491, 0, 466, 0, NULL, 0, -85, 73.63707165109035, 10.499781903639983, $$WOODFORD BANCSHARES INC$$, 0, 324362, 2455, 4.566783997381899, 3.916960438699569, 2455, 90.68509874769548, $$CHICAGO$$, 0, 0, 4397, NULL, 35525, 49148, $$2961347$$, 0.6746672249498559, NULL, NULL, 10011, $$WI$$, 0, 3743, NULL, 292357, 51, 93244, 0, 91376, $$CHICAGO$$, 0, 99991231, 1.050175307863537, 45.44007277689334, $$1$$, $$FDIC$$, 77, 418692, 0, 0, $$Green$$, NULL, 100.61260718915572, $$COMMERCIAL LENDING SPECIALIZATION$$, NULL, $$MONROE$$, 0, $$0$$, 227, 0, 402292, 18, 0, 3.249672539360597, $$DIF$$, 289622, $$NM$$, 2539.15, 0.8321117401304288, 8.735597397263236, 20220831, NULL, 12, -0.0056622857567539195, 12978, 2455, 0, 53459, NULL, NULL, $$MADISON$$, 93.06, 1.484740634686945, 294148, NULL, 0, $$0$$, 0.8045347151685417, NULL, $$20230930$$, 2390, 0.44925417622435626, 16.97, NULL, $$CENTRAL DISTRICT$$, 16400, $$WOODFORD STATE BANK$$, NULL, NULL, 2.524043330439148, NULL, 1395, $$CHICAGO$$, 9679, NULL, 6, 1, NULL, 0.08053006679521652, 0.030408987991172507, 0, 1, 0, 0.22779619833455667, 275214, $$20230930$$, 0.42104048774303593, 1.317111458021301, 8.514544627667638, -0.01703885666413444, 5.43755844155844, 12732, 0.8104335440373946, 2558, 77.47, 0, 325147, $$CHICAGO$$, 0.34, 0.15237714285714285, 0, 7702, 70.25, 324362, $$MADISON, WI$$, 0.781983109164842, 9235, 11.125881658244488, NULL, NULL, 0, $$WOODFORD STATE BANK$$, 19.469696969696972, 0, 19150101, 1037, $$0$$, 16400, $$10011_20230930$$
        )
    , parameters: None
[2024-01-12T00:24:41.951+0000] {sql.py:441} INFO - Rows affected: 1
[2024-01-12T00:24:41.998+0000] {python.py:201} INFO - Done. Returned value was: None
[2024-01-12T00:24:42.007+0000] {taskinstance.py:1138} INFO - Marking task as SUCCESS. dag_id=extract_fdic_ncua, task_id=fdic.extract_fdic_financials, execution_date=20240111T000000, start_date=20240112T002430, end_date=20240112T002442
[2024-01-12T00:24:42.063+0000] {local_task_job_runner.py:234} INFO - Task exited with return code 0
[2024-01-12T00:24:42.075+0000] {taskinstance.py:3281} INFO - 0 downstream tasks scheduled from follow-on schedule check
