[2024-01-12T21:19:44.086+0000] {taskinstance.py:1957} INFO - Dependencies all met for dep_context=non-requeueable deps ti=<TaskInstance: fdic_ncua_staging.create_staging_fdic_institutions_temp manual__2024-01-12T21:19:42.535750+00:00 [queued]>
[2024-01-12T21:19:44.092+0000] {taskinstance.py:1957} INFO - Dependencies all met for dep_context=requeueable deps ti=<TaskInstance: fdic_ncua_staging.create_staging_fdic_institutions_temp manual__2024-01-12T21:19:42.535750+00:00 [queued]>
[2024-01-12T21:19:44.092+0000] {taskinstance.py:2171} INFO - Starting attempt 1 of 1
[2024-01-12T21:19:44.100+0000] {taskinstance.py:2192} INFO - Executing <Task(PostgresOperator): create_staging_fdic_institutions_temp> on 2024-01-12 21:19:42.535750+00:00
[2024-01-12T21:19:44.105+0000] {standard_task_runner.py:60} INFO - Started process 10126 to run task
[2024-01-12T21:19:44.110+0000] {standard_task_runner.py:87} INFO - Running: ['***', 'tasks', 'run', 'fdic_ncua_staging', 'create_staging_fdic_institutions_temp', 'manual__2024-01-12T21:19:42.535750+00:00', '--job-id', '148', '--raw', '--subdir', 'DAGS_FOLDER/fdic-ncua-staging.py', '--cfg-path', '/tmp/tmper0ja6h6']
[2024-01-12T21:19:44.112+0000] {standard_task_runner.py:88} INFO - Job 148: Subtask create_staging_fdic_institutions_temp
[2024-01-12T21:19:44.163+0000] {task_command.py:423} INFO - Running <TaskInstance: fdic_ncua_staging.create_staging_fdic_institutions_temp manual__2024-01-12T21:19:42.535750+00:00 [running]> on host c111cf247bc6
[2024-01-12T21:19:44.208+0000] {taskinstance.py:2481} INFO - Exporting env vars: AIRFLOW_CTX_DAG_OWNER='***' AIRFLOW_CTX_DAG_ID='fdic_ncua_staging' AIRFLOW_CTX_TASK_ID='create_staging_fdic_institutions_temp' AIRFLOW_CTX_EXECUTION_DATE='2024-01-12T21:19:42.535750+00:00' AIRFLOW_CTX_TRY_NUMBER='1' AIRFLOW_CTX_DAG_RUN_ID='manual__2024-01-12T21:19:42.535750+00:00'
[2024-01-12T21:19:44.210+0000] {sql.py:276} INFO - Executing: DROP TABLE IF EXISTS staging.fdic_institutions_temp;
CREATE TABLE staging.fdic_institutions_temp  (
    -- pulling from raw.fdic_institutions
    -- For this evaluation, I'm only pulling a few columns.
    -- In a real world scenario, I might pull all columns.
    cert NUMERIC, -- FDIC Certificate Number
    name TEXT, -- Institution Name
    city TEXT, -- City
    state TEXT, -- `stname`: State
    date_updated TEXT, -- `dateupdt`: The date this record was last updated in the FDIC API
    dim_id TEXT PRIMARY KEY, -- MD5 hash of cert, name, city, state, and date_updated
    loaded_at TIMESTAMP WITH TIME ZONE, -- The date the most up-to-date version of this record was loaded into the table
    scraped_at TIMESTAMP WITH TIME ZONE -- The date this record was scraped
);          

INSERT INTO staging.fdic_institutions_temp  (
    WITH inst AS (
        SELECT
            cert,
            name,
            city,
            stname,
            dateupdt,
            scraped_at,
            -- get scraped_at and convert to YYYYMMDD format
            to_char(scraped_at, 'YYYYMMDD') AS day_scraped_at
        FROM raw.fdic_institutions
    ),

    -- staging will contain one version of each institution for whatever date it was scraped on
    inst_latest AS (
        SELECT
            cert,
            name,
            city,
            stname,
            dateupdt,
            day_scraped_at AS scraped_at
        FROM inst
        GROUP BY
            cert,
            name,
            city,
            stname,
            dateupdt,
            day_scraped_at
    )

    SELECT
        cert::NUMERIC,
        name,
        city,
        stname AS state,
        dateupdt AS date_updated,
        md5(
            cert::TEXT || COALESCE(name,"") || COALESCE(city,"") || COALESCE(stname,"") || COALESCE(dateupdt,"") || scraped_at
        ) AS dim_id,
        NOW()::TIMESTAMP WITH TIME ZONE AS loaded_at,
        scraped_at::DATE AS scraped_at
    FROM inst_latest
);
[2024-01-12T21:19:44.216+0000] {base.py:83} INFO - Using connection ID 'alpharank_de_eval' for task execution.
[2024-01-12T21:19:44.222+0000] {base.py:83} INFO - Using connection ID 'alpharank_de_eval' for task execution.
[2024-01-12T21:19:44.516+0000] {sql.py:432} INFO - Running statement: DROP TABLE IF EXISTS staging.fdic_institutions_temp;
CREATE TABLE staging.fdic_institutions_temp  (
    -- pulling from raw.fdic_institutions
    -- For this evaluation, I'm only pulling a few columns.
    -- In a real world scenario, I might pull all columns.
    cert NUMERIC, -- FDIC Certificate Number
    name TEXT, -- Institution Name
    city TEXT, -- City
    state TEXT, -- `stname`: State
    date_updated TEXT, -- `dateupdt`: The date this record was last updated in the FDIC API
    dim_id TEXT PRIMARY KEY, -- MD5 hash of cert, name, city, state, and date_updated
    loaded_at TIMESTAMP WITH TIME ZONE, -- The date the most up-to-date version of this record was loaded into the table
    scraped_at TIMESTAMP WITH TIME ZONE -- The date this record was scraped
);          

INSERT INTO staging.fdic_institutions_temp  (
    WITH inst AS (
        SELECT
            cert,
            name,
            city,
            stname,
            dateupdt,
            scraped_at,
            -- get scraped_at and convert to YYYYMMDD format
            to_char(scraped_at, 'YYYYMMDD') AS day_scraped_at
        FROM raw.fdic_institutions
    ),

    -- staging will contain one version of each institution for whatever date it was scraped on
    inst_latest AS (
        SELECT
            cert,
            name,
            city,
            stname,
            dateupdt,
            day_scraped_at AS scraped_at
        FROM inst
        GROUP BY
            cert,
            name,
            city,
            stname,
            dateupdt,
            day_scraped_at
    )

    SELECT
        cert::NUMERIC,
        name,
        city,
        stname AS state,
        dateupdt AS date_updated,
        md5(
            cert::TEXT || COALESCE(name,"") || COALESCE(city,"") || COALESCE(stname,"") || COALESCE(dateupdt,"") || scraped_at
        ) AS dim_id,
        NOW()::TIMESTAMP WITH TIME ZONE AS loaded_at,
        scraped_at::DATE AS scraped_at
    FROM inst_latest
);, parameters: None
[2024-01-12T21:19:44.601+0000] {taskinstance.py:2699} ERROR - Task failed with exception
Traceback (most recent call last):
  File "/home/airflow/.local/lib/python3.8/site-packages/airflow/models/taskinstance.py", line 433, in _execute_task
    result = execute_callable(context=context, **execute_callable_kwargs)
  File "/home/airflow/.local/lib/python3.8/site-packages/airflow/providers/common/sql/operators/sql.py", line 282, in execute
    output = hook.run(
  File "/home/airflow/.local/lib/python3.8/site-packages/airflow/providers/common/sql/hooks/sql.py", line 392, in run
    self._run_command(cur, sql_statement, parameters)
  File "/home/airflow/.local/lib/python3.8/site-packages/airflow/providers/common/sql/hooks/sql.py", line 437, in _run_command
    cur.execute(sql_statement)
psycopg2.errors.SyntaxError: zero-length delimited identifier at or near """"
LINE 56:             cert::TEXT || COALESCE(name,"") || COALESCE(city...
                                                 ^

[2024-01-12T21:19:44.610+0000] {taskinstance.py:1138} INFO - Marking task as FAILED. dag_id=fdic_ncua_staging, task_id=create_staging_fdic_institutions_temp, execution_date=20240112T211942, start_date=20240112T211944, end_date=20240112T211944
[2024-01-12T21:19:44.626+0000] {standard_task_runner.py:107} ERROR - Failed to execute job 148 for task create_staging_fdic_institutions_temp (zero-length delimited identifier at or near """"
LINE 56:             cert::TEXT || COALESCE(name,"") || COALESCE(city...
                                                 ^
; 10126)
[2024-01-12T21:19:44.660+0000] {local_task_job_runner.py:234} INFO - Task exited with return code 1
[2024-01-12T21:19:44.675+0000] {taskinstance.py:3281} INFO - 0 downstream tasks scheduled from follow-on schedule check
