[2024-01-12T21:19:47.335+0000] {taskinstance.py:1957} INFO - Dependencies all met for dep_context=non-requeueable deps ti=<TaskInstance: fdic_ncua_staging.create_staging_ncua_fs220_prod manual__2024-01-12T21:19:42.535750+00:00 [queued]>
[2024-01-12T21:19:47.341+0000] {taskinstance.py:1957} INFO - Dependencies all met for dep_context=requeueable deps ti=<TaskInstance: fdic_ncua_staging.create_staging_ncua_fs220_prod manual__2024-01-12T21:19:42.535750+00:00 [queued]>
[2024-01-12T21:19:47.342+0000] {taskinstance.py:2171} INFO - Starting attempt 1 of 1
[2024-01-12T21:19:47.348+0000] {taskinstance.py:2192} INFO - Executing <Task(PostgresOperator): create_staging_ncua_fs220_prod> on 2024-01-12 21:19:42.535750+00:00
[2024-01-12T21:19:47.351+0000] {standard_task_runner.py:60} INFO - Started process 10142 to run task
[2024-01-12T21:19:47.353+0000] {standard_task_runner.py:87} INFO - Running: ['***', 'tasks', 'run', 'fdic_ncua_staging', 'create_staging_ncua_fs220_prod', 'manual__2024-01-12T21:19:42.535750+00:00', '--job-id', '157', '--raw', '--subdir', 'DAGS_FOLDER/fdic-ncua-staging.py', '--cfg-path', '/tmp/tmpa91fmugv']
[2024-01-12T21:19:47.354+0000] {standard_task_runner.py:88} INFO - Job 157: Subtask create_staging_ncua_fs220_prod
[2024-01-12T21:19:47.382+0000] {task_command.py:423} INFO - Running <TaskInstance: fdic_ncua_staging.create_staging_ncua_fs220_prod manual__2024-01-12T21:19:42.535750+00:00 [running]> on host c111cf247bc6
[2024-01-12T21:19:47.423+0000] {taskinstance.py:2481} INFO - Exporting env vars: AIRFLOW_CTX_DAG_OWNER='***' AIRFLOW_CTX_DAG_ID='fdic_ncua_staging' AIRFLOW_CTX_TASK_ID='create_staging_ncua_fs220_prod' AIRFLOW_CTX_EXECUTION_DATE='2024-01-12T21:19:42.535750+00:00' AIRFLOW_CTX_TRY_NUMBER='1' AIRFLOW_CTX_DAG_RUN_ID='manual__2024-01-12T21:19:42.535750+00:00'
[2024-01-12T21:19:47.424+0000] {sql.py:276} INFO - Executing: DROP TABLE IF EXISTS staging.ncua_fs220;
CREATE TABLE staging.ncua_fs220  (
    -- pulling from raw.ncua_fs220
    cu_number NUMERIC, -- NCUA Charter Number
    cycle_date TEXT, -- `cycle_date`: Quarterly Report Date
    update_date TEXT,  -- `update_date`: The date this record was last updated in the NCUA DB
    -- right now, we care about acct_010 and acct_018
    total_assets NUMERIC, -- `acct_010`: Total Assets
    total_deposits NUMERIC, -- `acct_018`: Total Deposits
    dim_id TEXT PRIMARY KEY, -- MD5 hash of cu_number, cycle_date, update_date, total_assets, and total_deposits
    loaded_at TIMESTAMP WITH TIME ZONE, -- The date the most up-to-date version of this record was loaded into the table
    scraped_at TIMESTAMP WITH TIME ZONE -- The date this record was scraped
);

INSERT INTO staging.ncua_fs220  (
    WITH cte1 AS (
        SELECT
            cu_number,
            cycle_date,
            update_date,
            acct_010,
            acct_018,
            scraped_at,
            -- get scraped_at and convert to YYYYMMDD format
            to_char(scraped_at, 'YYYYMMDD') AS day_scraped_at
        FROM raw.ncua_fs220
    ),

    -- staging will contain one version of each institution for whatever date it was scraped on
    cte2 AS (
        SELECT
            cu_number,
            cycle_date,
            update_date,
            acct_010,
            acct_018,
            day_scraped_at AS scraped_at
        FROM cte1
        GROUP BY
            cu_number,
            cycle_date,
            update_date,
            acct_010,
            acct_018,
            day_scraped_at
    )

    SELECT
        cu_number::NUMERIC,
        cycle_date,
        update_date,
        acct_010::NUMERIC as total_assets,
        acct_018::NUMERIC as total_deposits,
        md5(
            cu_number::TEXT || cycle_date || update_date || acct_010 || acct_018 || scraped_at
        ) AS dim_id,
        NOW()::TIMESTAMP WITH TIME ZONE AS loaded_at,
        scraped_at::DATE AS scraped_at
    FROM cte2
);
[2024-01-12T21:19:47.429+0000] {base.py:83} INFO - Using connection ID 'alpharank_de_eval' for task execution.
[2024-01-12T21:19:47.434+0000] {base.py:83} INFO - Using connection ID 'alpharank_de_eval' for task execution.
[2024-01-12T21:19:47.721+0000] {sql.py:432} INFO - Running statement: DROP TABLE IF EXISTS staging.ncua_fs220;
CREATE TABLE staging.ncua_fs220  (
    -- pulling from raw.ncua_fs220
    cu_number NUMERIC, -- NCUA Charter Number
    cycle_date TEXT, -- `cycle_date`: Quarterly Report Date
    update_date TEXT,  -- `update_date`: The date this record was last updated in the NCUA DB
    -- right now, we care about acct_010 and acct_018
    total_assets NUMERIC, -- `acct_010`: Total Assets
    total_deposits NUMERIC, -- `acct_018`: Total Deposits
    dim_id TEXT PRIMARY KEY, -- MD5 hash of cu_number, cycle_date, update_date, total_assets, and total_deposits
    loaded_at TIMESTAMP WITH TIME ZONE, -- The date the most up-to-date version of this record was loaded into the table
    scraped_at TIMESTAMP WITH TIME ZONE -- The date this record was scraped
);

INSERT INTO staging.ncua_fs220  (
    WITH cte1 AS (
        SELECT
            cu_number,
            cycle_date,
            update_date,
            acct_010,
            acct_018,
            scraped_at,
            -- get scraped_at and convert to YYYYMMDD format
            to_char(scraped_at, 'YYYYMMDD') AS day_scraped_at
        FROM raw.ncua_fs220
    ),

    -- staging will contain one version of each institution for whatever date it was scraped on
    cte2 AS (
        SELECT
            cu_number,
            cycle_date,
            update_date,
            acct_010,
            acct_018,
            day_scraped_at AS scraped_at
        FROM cte1
        GROUP BY
            cu_number,
            cycle_date,
            update_date,
            acct_010,
            acct_018,
            day_scraped_at
    )

    SELECT
        cu_number::NUMERIC,
        cycle_date,
        update_date,
        acct_010::NUMERIC as total_assets,
        acct_018::NUMERIC as total_deposits,
        md5(
            cu_number::TEXT || cycle_date || update_date || acct_010 || acct_018 || scraped_at
        ) AS dim_id,
        NOW()::TIMESTAMP WITH TIME ZONE AS loaded_at,
        scraped_at::DATE AS scraped_at
    FROM cte2
);, parameters: None
[2024-01-12T21:19:47.936+0000] {sql.py:441} INFO - Rows affected: 4814
[2024-01-12T21:19:48.005+0000] {taskinstance.py:1138} INFO - Marking task as SUCCESS. dag_id=fdic_ncua_staging, task_id=create_staging_ncua_fs220_prod, execution_date=20240112T211942, start_date=20240112T211947, end_date=20240112T211948
[2024-01-12T21:19:48.038+0000] {local_task_job_runner.py:234} INFO - Task exited with return code 0
[2024-01-12T21:19:48.051+0000] {taskinstance.py:3281} INFO - 0 downstream tasks scheduled from follow-on schedule check
