[2024-01-12T00:24:30.426+0000] {taskinstance.py:1957} INFO - Dependencies all met for dep_context=non-requeueable deps ti=<TaskInstance: extract_fdic_ncua.fdic.extract_fdic_institutions scheduled__2024-01-11T00:00:00+00:00 [queued]>
[2024-01-12T00:24:30.430+0000] {taskinstance.py:1957} INFO - Dependencies all met for dep_context=requeueable deps ti=<TaskInstance: extract_fdic_ncua.fdic.extract_fdic_institutions scheduled__2024-01-11T00:00:00+00:00 [queued]>
[2024-01-12T00:24:30.430+0000] {taskinstance.py:2171} INFO - Starting attempt 1 of 1
[2024-01-12T00:24:30.436+0000] {taskinstance.py:2192} INFO - Executing <Task(_PythonDecoratedOperator): fdic.extract_fdic_institutions> on 2024-01-11 00:00:00+00:00
[2024-01-12T00:24:30.439+0000] {standard_task_runner.py:60} INFO - Started process 4960 to run task
[2024-01-12T00:24:30.441+0000] {standard_task_runner.py:87} INFO - Running: ['***', 'tasks', 'run', 'extract_fdic_ncua', 'fdic.extract_fdic_institutions', 'scheduled__2024-01-11T00:00:00+00:00', '--job-id', '17', '--raw', '--subdir', 'DAGS_FOLDER/fdic-ncua-ingest.py', '--cfg-path', '/tmp/tmp1pqocm44']
[2024-01-12T00:24:30.442+0000] {standard_task_runner.py:88} INFO - Job 17: Subtask fdic.extract_fdic_institutions
[2024-01-12T00:24:30.469+0000] {task_command.py:423} INFO - Running <TaskInstance: extract_fdic_ncua.fdic.extract_fdic_institutions scheduled__2024-01-11T00:00:00+00:00 [running]> on host c111cf247bc6
[2024-01-12T00:24:30.507+0000] {taskinstance.py:2481} INFO - Exporting env vars: AIRFLOW_CTX_DAG_OWNER='***' AIRFLOW_CTX_DAG_ID='extract_fdic_ncua' AIRFLOW_CTX_TASK_ID='fdic.extract_fdic_institutions' AIRFLOW_CTX_EXECUTION_DATE='2024-01-11T00:00:00+00:00' AIRFLOW_CTX_TRY_NUMBER='1' AIRFLOW_CTX_DAG_RUN_ID='scheduled__2024-01-11T00:00:00+00:00'
[2024-01-12T00:24:30.509+0000] {logging_mixin.py:188} INFO - params:  {'limit': 10000, 'offset': 0}
[2024-01-12T00:24:37.154+0000] {logging_mixin.py:188} INFO - params:  {'limit': 10000, 'offset': 10000}
[2024-01-12T00:24:42.326+0000] {logging_mixin.py:188} INFO - params:  {'limit': 10000, 'offset': 20000}
[2024-01-12T00:24:46.863+0000] {base.py:83} INFO - Using connection ID 'alpharank_de_eval' for task execution.
[2024-01-12T00:24:47.126+0000] {sql.py:432} INFO - Running statement: 
        INSERT INTO raw.fdic_institutions (
            zip, sassar, chrtagnt, conserve, regagent2, stname, roaq, insdate, te06n528, te06n529, offoa, fdicdbs, namehcr, occdist, cmsa, depdom, cbsa_metro_flg, te10n528, netinc, cbsa_div_no, mutual, msa_no, offfor, inssave, charter, rssdhcr, te04n528, te04n529, cert, stalp, specgrp, cfpbenddte, callform, sz250bp, te09n528, iba, sz100t1b, insbif, insfdic, endefymd, msa, te02n528, cb, sz1bt10b, te02n529, te07n528, fdicsupv, fed, regagnt, newcert, asset, cbsa_micro_flg, stcnty, csa_flg, city, clcode, inactive, cmsa_no, stalphcr, insagnt1, bkclass, effdate, suprv_fd, dateupdt, insagnt2, te05n528, te05n529, roeq, fdicregn, sz100, fldoff, webaddr, qbprcoml, county, docket, ultcert, otsdist, law_sasser_flg, parcert, roa, cfpbflag, risdate, roe, inscoml, occdistdesc, otsregnm, eq, rundate, te03n528, te03n529, name, hctmult, mdi_status_desc, cbsa_div, address, offdom, subchaps, latitude, procdate, inssaif, denovo, cbsa_no, active, cbsa_metro_name, cfpbeffdte, stchrtr, s10t250b, longitude, repdte, mdi_status_code, form31, csa, insdif, te01n529, roaptx, oi, stnum, oakar, address2, specgrpn, roaptxq, feddesc, fed_rssd, csa_no, cbsa_metro, instcrcd, dep, uninum, instag, te01n528, cityhcr, tract, cbsa, cbsa_div_flg, te08n528, netincq, changec1, estymd, fedchrtr, trust, institution_id
        ) VALUES (
            $$04073$$, NULL, $$STATE$$, $$N$$, $$$$, $$Maine$$, NULL, $$01/01/1934$$, $$$$, $$$$, NULL, 2, NULL, $$1$$, $$$$, NULL, $$1$$, $$$$, NULL, $$$$, NULL, $$0$$, NULL, 0, $$0$$, NULL, $$$$, $$$$, 10, $$ME$$, NULL, $$9999-12-31$$, NULL, NULL, $$$$, 0, NULL, 1, 1, $$07/01/1981$$, $$$$, $$$$, NULL, NULL, $$$$, $$$$, $$New York$$, $$1$$, $$FED$$, 4267, NULL, $$0$$, $$23031$$, $$1$$, $$Sanford$$, $$13$$, 1, $$0$$, NULL, $$BIF$$, $$SM$$, $$07/01/1981$$, $$02$$, $$10/04/1990$$, $$$$, $$$$, $$$$, NULL, $$New York$$, NULL, $$Concord$$, $$$$, $$1$$, $$York$$, $$0$$, $$3510$$, $$1$$, $$N$$, NULL, NULL, 0, $$09/30/2023$$, NULL, 1, $$NORTHEAST DISTRICT$$, $$Northeast$$, NULL, $$01/05/2024$$, $$$$, $$$$, $$Northeast Bank of Sanford$$, NULL, $$NULL$$, $$$$, $$8 Washington Street$$, NULL, NULL, 43.43898, $$07/06/1981$$, 0, NULL, $$38860$$, 0, $$Portland-South Portland, ME$$, $$9999-12-31$$, 1, NULL, -70.774916, NULL, $$$$, NULL, $$Portland-Lewiston-South Portland, ME$$, 0, $$$$, NULL, 0, $$23$$, 0, $$$$, NULL, NULL, $$BOSTON$$, $$112109$$, $$438$$, $$38860$$, NULL, NULL, $$5$$, NULL, $$$$, NULL, NULL, $$Portland-South Portland, ME$$, $$0$$, $$$$, NULL, 223, $$06/01/1915$$, 0, NULL, $$10$$
        )
    , parameters: None
[2024-01-12T00:24:47.199+0000] {sql.py:441} INFO - Rows affected: 1
[2024-01-12T00:24:47.252+0000] {base.py:83} INFO - Using connection ID 'alpharank_de_eval' for task execution.
[2024-01-12T00:24:47.526+0000] {sql.py:432} INFO - Running statement: 
        INSERT INTO raw.fdic_institutions (
            zip, sassar, chrtagnt, conserve, regagent2, stname, roaq, insdate, te06n528, te06n529, offoa, fdicdbs, namehcr, occdist, cmsa, depdom, cbsa_metro_flg, te10n528, netinc, cbsa_div_no, mutual, msa_no, offfor, inssave, charter, rssdhcr, te04n528, te04n529, cert, stalp, specgrp, cfpbenddte, callform, sz250bp, te09n528, iba, sz100t1b, insbif, insfdic, endefymd, msa, te02n528, cb, sz1bt10b, te02n529, te07n528, fdicsupv, fed, regagnt, newcert, asset, cbsa_micro_flg, stcnty, csa_flg, city, clcode, inactive, cmsa_no, stalphcr, insagnt1, bkclass, effdate, suprv_fd, dateupdt, insagnt2, te05n528, te05n529, roeq, fdicregn, sz100, fldoff, webaddr, qbprcoml, county, docket, ultcert, otsdist, law_sasser_flg, parcert, roa, cfpbflag, risdate, roe, inscoml, occdistdesc, otsregnm, eq, rundate, te03n528, te03n529, name, hctmult, mdi_status_desc, cbsa_div, address, offdom, subchaps, latitude, procdate, inssaif, denovo, cbsa_no, active, cbsa_metro_name, cfpbeffdte, stchrtr, s10t250b, longitude, repdte, mdi_status_code, form31, csa, insdif, te01n529, roaptx, oi, stnum, oakar, address2, specgrpn, roaptxq, feddesc, fed_rssd, csa_no, cbsa_metro, instcrcd, dep, uninum, instag, te01n528, cityhcr, tract, cbsa, cbsa_div_flg, te08n528, netincq, changec1, estymd, fedchrtr, trust, institution_id
        ) VALUES (
            $$72712$$, NULL, $$STATE$$, $$N$$, $$$$, $$Arkansas$$, 1.45, $$01/01/1934$$, $$$$, $$$$, 0, 13, $$ARVEST BANK GROUP INC$$, $$5$$, $$$$, 635933, NULL, $$$$, 8657, NULL, $$0$$, $$2580$$, 0, 0, $$0$$, $$1095674$$, $$$$, $$$$, 100, $$AR$$, 8, $$9999-12-31$$, 41, 0, $$$$, 0, 1, 1, 1, $$03/07/2002$$, $$Fayetteville-Springdale-Rogers, AR$$, $$$$, $$0$$, 0, $$$$, $$$$, $$Dallas$$, $$8$$, $$FED$$, 8728, 712714, NULL, $$05007$$, NULL, $$Bentonville$$, $$13$$, 1, $$0$$, $$AR$$, $$BIF$$, $$SM$$, $$03/07/2002$$, $$13$$, $$04/10/2002$$, $$$$, $$$$, $$$$, 23.44, $$Dallas$$, 0, $$Little Rock$$, $$$$, $$5$$, $$Benton$$, $$10387$$, $$8728$$, $$4$$, $$N$$, $$0$$, 1.309947459864039, 0, $$09/30/2023$$, 20.11, 1, $$SOUTHERN DISTRICT$$, $$Western$$, $$43925$$, $$01/05/2024$$, $$$$, $$$$, $$Bank of Bentonville$$, $$1$$, $$NULL$$, NULL, $$201 N.E. A Street$$, 14, $$0$$, 36.3732265, $$04/10/2002$$, 0, $$0$$, NULL, 0, NULL, $$9999-12-31$$, 1, 0, -94.208096, $$12/31/2001$$, $$$$, $$0$$, NULL, 0, $$$$, 1.9938983110348207, 0, $$5$$, 0, $$$$, $$All Other Under 1 Billion$$, 2.22, $$ST. LOUIS$$, $$105549$$, NULL, 0, 0, 635933, $$80$$, $$0$$, $$$$, $$BENTONVILLE$$, $$0$$, NULL, NULL, $$$$, 2552, 223, $$02/25/1931$$, 0, $$1$$, $$100$$
        )
    , parameters: None
[2024-01-12T00:24:47.612+0000] {sql.py:441} INFO - Rows affected: 1
[2024-01-12T00:24:47.756+0000] {python.py:201} INFO - Done. Returned value was: None
[2024-01-12T00:24:47.762+0000] {taskinstance.py:1138} INFO - Marking task as SUCCESS. dag_id=extract_fdic_ncua, task_id=fdic.extract_fdic_institutions, execution_date=20240111T000000, start_date=20240112T002430, end_date=20240112T002447
[2024-01-12T00:24:47.811+0000] {local_task_job_runner.py:234} INFO - Task exited with return code 0
[2024-01-12T00:24:47.821+0000] {taskinstance.py:3281} INFO - 0 downstream tasks scheduled from follow-on schedule check
