[2024-01-11T23:01:05.577+0000] {taskinstance.py:1957} INFO - Dependencies all met for dep_context=non-requeueable deps ti=<TaskInstance: extract_fdic_ncua.fdic.extract_fdic_institutions manual__2024-01-11T23:01:04.829749+00:00 [queued]>
[2024-01-11T23:01:05.582+0000] {taskinstance.py:1957} INFO - Dependencies all met for dep_context=requeueable deps ti=<TaskInstance: extract_fdic_ncua.fdic.extract_fdic_institutions manual__2024-01-11T23:01:04.829749+00:00 [queued]>
[2024-01-11T23:01:05.583+0000] {taskinstance.py:2171} INFO - Starting attempt 1 of 1
[2024-01-11T23:01:05.590+0000] {taskinstance.py:2192} INFO - Executing <Task(_PythonDecoratedOperator): fdic.extract_fdic_institutions> on 2024-01-11 23:01:04.829749+00:00
[2024-01-11T23:01:05.594+0000] {standard_task_runner.py:60} INFO - Started process 3673 to run task
[2024-01-11T23:01:05.597+0000] {standard_task_runner.py:87} INFO - Running: ['***', 'tasks', 'run', 'extract_fdic_ncua', 'fdic.extract_fdic_institutions', 'manual__2024-01-11T23:01:04.829749+00:00', '--job-id', '13', '--raw', '--subdir', 'DAGS_FOLDER/fdic-ncua-ingest.py', '--cfg-path', '/tmp/tmp_pq87yh0']
[2024-01-11T23:01:05.598+0000] {standard_task_runner.py:88} INFO - Job 13: Subtask fdic.extract_fdic_institutions
[2024-01-11T23:01:05.631+0000] {task_command.py:423} INFO - Running <TaskInstance: extract_fdic_ncua.fdic.extract_fdic_institutions manual__2024-01-11T23:01:04.829749+00:00 [running]> on host c111cf247bc6
[2024-01-11T23:01:05.686+0000] {taskinstance.py:2481} INFO - Exporting env vars: AIRFLOW_CTX_DAG_OWNER='***' AIRFLOW_CTX_DAG_ID='extract_fdic_ncua' AIRFLOW_CTX_TASK_ID='fdic.extract_fdic_institutions' AIRFLOW_CTX_EXECUTION_DATE='2024-01-11T23:01:04.829749+00:00' AIRFLOW_CTX_TRY_NUMBER='1' AIRFLOW_CTX_DAG_RUN_ID='manual__2024-01-11T23:01:04.829749+00:00'
[2024-01-11T23:01:05.687+0000] {logging_mixin.py:188} INFO - params:  {'limit': 10000, 'offset': 0}
[2024-01-11T23:01:09.567+0000] {logging_mixin.py:188} INFO - params:  {'limit': 10000, 'offset': 10000}
[2024-01-11T23:01:21.045+0000] {logging_mixin.py:188} INFO - params:  {'limit': 10000, 'offset': 20000}
[2024-01-11T23:01:31.005+0000] {logging_mixin.py:188} INFO - institutions[:2]:  [{'data': {'ZIP': '04073', 'SASSER': 0, 'CHRTAGNT': 'STATE', 'CONSERVE': 'N', 'REGAGENT2': '', 'STNAME': 'Maine', 'INSDATE': '01/01/1934', 'TE06N528': '', 'TE06N529': '', 'FDICDBS': 2, 'OCCDIST': '1', 'CMSA': '', 'CBSA_METRO_FLG': '1', 'TE10N528': '', 'CBSA_DIV_NO': '', 'MSA_NO': '0', 'INSSAVE': 0, 'CHARTER': '0', 'TE04N528': '', 'TE04N529': '', 'CERT': 10, 'STALP': 'ME', 'CFPBENDDTE': '9999-12-31', 'TE09N528': '', 'IBA': 0, 'INSBIF': 1, 'INSFDIC': 1, 'ENDEFYMD': '07/01/1981', 'MSA': '', 'TE02N528': '', 'TE02N529': '', 'TE07N528': '', 'FDICSUPV': 'New York', 'FED': '1', 'REGAGNT': 'FED', 'NEWCERT': 4267, 'CBSA_MICRO_FLG': '0', 'STCNTY': '23031', 'CSA_FLG': '1', 'CITY': 'Sanford', 'CLCODE': '13', 'INACTIVE': 1, 'CMSA_NO': '0', 'INSAGNT1': 'BIF', 'BKCLASS': 'SM', 'EFFDATE': '07/01/1981', 'SUPRV_FD': '02', 'DATEUPDT': '10/04/1990', 'INSAGNT2': '', 'TE05N528': '', 'TE05N529': '', 'FDICREGN': 'New York', 'FLDOFF': 'Concord', 'WEBADDR': '', 'QBPRCOML': '1', 'COUNTY': 'York', 'DOCKET': '0', 'ULTCERT': '3510', 'OTSDIST': '1', 'LAW_SASSER_FLG': 'N', 'CFPBFLAG': 0, 'RISDATE': '09/30/2023', 'INSCOML': 1, 'OCCDISTDESC': 'NORTHEAST DISTRICT', 'OTSREGNM': 'Northeast', 'RUNDATE': '01/05/2024', 'TE03N528': '', 'TE03N529': '', 'NAME': 'Northeast Bank of Sanford', 'MDI_STATUS_DESC': 'NULL', 'CBSA_DIV': '', 'ADDRESS': '8 Washington Street', 'LATITUDE': 43.43898, 'PROCDATE': '07/06/1981', 'INSSAIF': 0, 'CBSA_NO': '38860', 'ACTIVE': 0, 'CBSA_METRO_NAME': 'Portland-South Portland, ME', 'CFPBEFFDTE': '9999-12-31', 'STCHRTR': 1, 'LONGITUDE': -70.774916, 'MDI_STATUS_CODE': '', 'CSA': 'Portland-Lewiston-South Portland, ME', 'INSDIF': 0, 'TE01N529': '', 'OI': 0, 'STNUM': '23', 'OAKAR': 0, 'ADDRESS2': '', 'PRIORNAME1': 'Sanford Trust Company', 'FEDDESC': 'BOSTON', 'FED_RSSD': '112109', 'CSA_NO': '438', 'CBSA_METRO': '38860', 'UNINUM': '5', 'TE01N528': '', 'CBSA': 'Portland-South Portland, ME', 'CBSA_DIV_FLG': '0', 'TE08N528': '', 'CHANGEC1': 223, 'ESTYMD': '06/01/1915', 'FEDCHRTR': 0, 'ID': '10'}, 'score': 1}, {'data': {'ZIP': '72712', 'SASSER': 0, 'CHRTAGNT': 'STATE', 'CONSERVE': 'N', 'REGAGENT2': '', 'STNAME': 'Arkansas', 'ROAQ': 1.45, 'INSDATE': '01/01/1934', 'TE06N528': '', 'TE06N529': '', 'OFFOA': 0, 'FDICDBS': 13, 'NAMEHCR': 'ARVEST BANK GROUP INC', 'OCCDIST': '5', 'CMSA': '', 'DEPDOM': 635933, 'TE10N528': '', 'NETINC': 8657, 'MUTUAL': '0', 'MSA_NO': '2580', 'OFFFOR': 0, 'INSSAVE': 0, 'CHARTER': '0', 'RSSDHCR': '1095674', 'TE04N528': '', 'TE04N529': '', 'CERT': 100, 'STALP': 'AR', 'SPECGRP': 8, 'CFPBENDDTE': '9999-12-31', 'CALLFORM': 41, 'SZ250BP': 0, 'TE09N528': '', 'IBA': 0, 'SZ100T1B': 1, 'INSBIF': 1, 'INSFDIC': 1, 'ENDEFYMD': '03/07/2002', 'MSA': 'Fayetteville-Springdale-Rogers, AR', 'TE02N528': '', 'CB': '0', 'SZ1BT10B': 0, 'TE02N529': '', 'TE07N528': '', 'FDICSUPV': 'Dallas', 'FED': '8', 'REGAGNT': 'FED', 'NEWCERT': 8728, 'ASSET': 712714, 'STCNTY': '05007', 'CITY': 'Bentonville', 'CLCODE': '13', 'INACTIVE': 1, 'CMSA_NO': '0', 'STALPHCR': 'AR', 'INSAGNT1': 'BIF', 'BKCLASS': 'SM', 'EFFDATE': '03/07/2002', 'SUPRV_FD': '13', 'DATEUPDT': '04/10/2002', 'INSAGNT2': '', 'TE05N528': '', 'TE05N529': '', 'ROEQ': 23.44, 'FDICREGN': 'Dallas', 'SZ100': 0, 'FLDOFF': 'Little Rock', 'WEBADDR': '', 'QBPRCOML': '5', 'COUNTY': 'Benton', 'DOCKET': '10387', 'ULTCERT': '8728', 'OTSDIST': '4', 'LAW_SASSER_FLG': 'N', 'PARCERT': '0', 'ROA': 1.309947459864039, 'CFPBFLAG': 0, 'RISDATE': '09/30/2023', 'ROE': 20.11, 'INSCOML': 1, 'OCCDISTDESC': 'SOUTHERN DISTRICT', 'OTSREGNM': 'Western', 'EQ': '43925', 'RUNDATE': '01/05/2024', 'TE03N528': '', 'TE03N529': '', 'NAME': 'Bank of Bentonville', 'HCTMULT': '1', 'MDI_STATUS_DESC': 'NULL', 'ADDRESS': '201 N.E. A Street', 'OFFDOM': 14, 'SUBCHAPS': '0', 'LATITUDE': 36.3732265, 'PROCDATE': '04/10/2002', 'INSSAIF': 0, 'DENOVO': '0', 'ACTIVE': 0, 'CFPBEFFDTE': '9999-12-31', 'STCHRTR': 1, 'S10T250B': 0, 'LONGITUDE': -94.208096, 'REPDTE': '12/31/2001', 'MDI_STATUS_CODE': '', 'FORM31': '0', 'INSDIF': 0, 'TE01N529': '', 'ROAPTX': 1.9938983110348207, 'OI': 0, 'STNUM': '5', 'OAKAR': 0, 'ADDRESS2': '', 'SPECGRPN': 'All Other Under 1 Billion', 'PRIORNAME1': 'BANK OF BENTONVILLE', 'ROAPTXQ': 2.22, 'FEDDESC': 'ST. LOUIS', 'FED_RSSD': '105549', 'CBSA_METRO': 0, 'INSTCRCD': 0, 'DEP': 635933, 'UNINUM': '80', 'INSTAG': '0', 'TE01N528': '', 'CITYHCR': 'BENTONVILLE', 'TRACT': '0', 'TE08N528': '', 'NETINCQ': 2552, 'CHANGEC1': 223, 'ESTYMD': '02/25/1931', 'FEDCHRTR': 0, 'TRUST': '1', 'ID': '100'}, 'score': 1}]
[2024-01-11T23:01:31.025+0000] {base.py:83} INFO - Using connection ID 'alpharank_de_eval' for task execution.
[2024-01-11T23:01:31.304+0000] {sql.py:432} INFO - Running statement: 
        INSERT INTO raw.fdic_institutions (
            zip, sassar, chrtagnt, conserve, regagent2, stname, roaq, insdate, te06n528, te06n529, offoa, fdicdbs, namehcr, occdist, cmsa, depdom, cbsa_metro_flg, te10n528, netinc, cbsa_div_no, mutual, msa_no, offfor, inssave, charter, rssdhcr, te04n528, te04n529, cert, stalp, specgrp, cfpbenddte, callform, sz250bp, te09n528, iba, sz100t1b, insbif, insfdic, endefymd, msa, te02n528, cb, sz1bt10b, te02n529, te07n528, fdicsupv, fed, regagnt, newcert, asset, cbsa_micro_flg, stcnty, csa_flg, city, clcode, inactive, cmsa_no, stalphcr, insagnt1, bkclass, effdate, suprv_fd, dateupdt, insagnt2, te05n528, te05n529, roeq, fdicregn, sz100, fldoff, webaddr, qbprcoml, county, docket, ultcert, otsdist, law_sasser_flg, parcert, roa, cfpbflag, risdate, roe, inscoml, occdistdesc, otsregnm, eq, rundate, te03n528, te03n529, name, hctmult, mdi_status_desc, cbsa_div, address, offdom, subchaps, latitude, procdate, inssaif, denovo, cbsa_no, active, cbsa_metro_name, cfpbeffdte, stchrtr, s10t250b, longitude, repdte, mdi_status_code, form31, csa, insdif, te01n529, roaptx, oi, stnum, oakar, address2, specgrpn, roaptxq, feddesc, fed_rssd, csa_no, cbsa_metro, instcrcd, dep, uninum, instag, te01n528, cityhcr, tract, cbsa, cbsa_div_flg, te08n528, netincq, changec1, estymd, fedchrtr, trust, institution_id
        ) VALUES (
            ($$04073$$, NULL, $$STATE$$, $$N$$, $$$$, $$Maine$$, NULL, $$01/01/1934$$, $$$$, $$$$, NULL, 2, NULL, $$1$$, $$$$, NULL, $$1$$, $$$$, NULL, $$$$, NULL, $$0$$, NULL, 0, $$0$$, NULL, $$$$, $$$$, 10, $$ME$$, NULL, $$9999-12-31$$, NULL, NULL, $$$$, 0, NULL, 1, 1, $$07/01/1981$$, $$$$, $$$$, NULL, NULL, $$$$, $$$$, $$New York$$, $$1$$, $$FED$$, 4267, NULL, $$0$$, $$23031$$, $$1$$, $$Sanford$$, $$13$$, 1, $$0$$, NULL, $$BIF$$, $$SM$$, $$07/01/1981$$, $$02$$, $$10/04/1990$$, $$$$, $$$$, $$$$, NULL, $$New York$$, NULL, $$Concord$$, $$$$, $$1$$, $$York$$, $$0$$, $$3510$$, $$1$$, $$N$$, NULL, NULL, 0, $$09/30/2023$$, NULL, 1, $$NORTHEAST DISTRICT$$, $$Northeast$$, NULL, $$01/05/2024$$, $$$$, $$$$, $$Northeast Bank of Sanford$$, NULL, $$NULL$$, $$$$, $$8 Washington Street$$, NULL, NULL, 43.43898, $$07/06/1981$$, 0, NULL, $$38860$$, 0, $$Portland-South Portland, ME$$, $$9999-12-31$$, 1, NULL, -70.774916, NULL, $$$$, NULL, $$Portland-Lewiston-South Portland, ME$$, 0, $$$$, NULL, 0, $$23$$, 0, $$$$, NULL, NULL, $$BOSTON$$, $$112109$$, $$438$$, $$38860$$, NULL, NULL, $$5$$, NULL, $$$$, NULL, NULL, $$Portland-South Portland, ME$$, $$0$$, $$$$, NULL, 223, $$06/01/1915$$, 0, NULL, $$10$$), ($$72712$$, NULL, $$STATE$$, $$N$$, $$$$, $$Arkansas$$, 1.45, $$01/01/1934$$, $$$$, $$$$, 0, 13, $$ARVEST BANK GROUP INC$$, $$5$$, $$$$, 635933, NULL, $$$$, 8657, NULL, $$0$$, $$2580$$, 0, 0, $$0$$, $$1095674$$, $$$$, $$$$, 100, $$AR$$, 8, $$9999-12-31$$, 41, 0, $$$$, 0, 1, 1, 1, $$03/07/2002$$, $$Fayetteville-Springdale-Rogers, AR$$, $$$$, $$0$$, 0, $$$$, $$$$, $$Dallas$$, $$8$$, $$FED$$, 8728, 712714, NULL, $$05007$$, NULL, $$Bentonville$$, $$13$$, 1, $$0$$, $$AR$$, $$BIF$$, $$SM$$, $$03/07/2002$$, $$13$$, $$04/10/2002$$, $$$$, $$$$, $$$$, 23.44, $$Dallas$$, 0, $$Little Rock$$, $$$$, $$5$$, $$Benton$$, $$10387$$, $$8728$$, $$4$$, $$N$$, $$0$$, 1.309947459864039, 0, $$09/30/2023$$, 20.11, 1, $$SOUTHERN DISTRICT$$, $$Western$$, $$43925$$, $$01/05/2024$$, $$$$, $$$$, $$Bank of Bentonville$$, $$1$$, $$NULL$$, NULL, $$201 N.E. A Street$$, 14, $$0$$, 36.3732265, $$04/10/2002$$, 0, $$0$$, NULL, 0, NULL, $$9999-12-31$$, 1, 0, -94.208096, $$12/31/2001$$, $$$$, $$0$$, NULL, 0, $$$$, 1.9938983110348207, 0, $$5$$, 0, $$$$, $$All Other Under 1 Billion$$, 2.22, $$ST. LOUIS$$, $$105549$$, NULL, 0, 0, 635933, $$80$$, $$0$$, $$$$, $$BENTONVILLE$$, $$0$$, NULL, NULL, $$$$, 2552, 223, $$02/25/1931$$, 0, $$1$$, $$100$$), 
        )
    , parameters: None
[2024-01-11T23:01:31.383+0000] {taskinstance.py:2699} ERROR - Task failed with exception
Traceback (most recent call last):
  File "/home/airflow/.local/lib/python3.8/site-packages/airflow/models/taskinstance.py", line 433, in _execute_task
    result = execute_callable(context=context, **execute_callable_kwargs)
  File "/home/airflow/.local/lib/python3.8/site-packages/airflow/decorators/base.py", line 242, in execute
    return_value = super().execute(context)
  File "/home/airflow/.local/lib/python3.8/site-packages/airflow/operators/python.py", line 199, in execute
    return_value = self.execute_callable()
  File "/home/airflow/.local/lib/python3.8/site-packages/airflow/operators/python.py", line 216, in execute_callable
    return self.python_callable(*self.op_args, **self.op_kwargs)
  File "/opt/airflow/dags/fdic-ncua-ingest.py", line 47, in extract_fdic_institutions
    insert_fdic_institutions(hook=pg_hook, institutions=institutions[:2])
  File "/opt/airflow/dags/utils/core/postgres/raw/fdic_institutions/insert.py", line 34, in insert_fdic_institutions
    hook.run(sql=sql)
  File "/home/airflow/.local/lib/python3.8/site-packages/airflow/providers/common/sql/hooks/sql.py", line 392, in run
    self._run_command(cur, sql_statement, parameters)
  File "/home/airflow/.local/lib/python3.8/site-packages/airflow/providers/common/sql/hooks/sql.py", line 437, in _run_command
    cur.execute(sql_statement)
psycopg2.errors.SyntaxError: syntax error at or near ")"
LINE 6:         )
                ^

[2024-01-11T23:01:31.395+0000] {taskinstance.py:1138} INFO - Marking task as FAILED. dag_id=extract_fdic_ncua, task_id=fdic.extract_fdic_institutions, execution_date=20240111T230104, start_date=20240111T230105, end_date=20240111T230131
[2024-01-11T23:01:31.403+0000] {standard_task_runner.py:107} ERROR - Failed to execute job 13 for task fdic.extract_fdic_institutions (syntax error at or near ")"
LINE 6:         )
                ^
; 3673)
[2024-01-11T23:01:31.454+0000] {local_task_job_runner.py:234} INFO - Task exited with return code 1
[2024-01-11T23:01:31.464+0000] {taskinstance.py:3281} INFO - 0 downstream tasks scheduled from follow-on schedule check
