[2024-01-12T15:06:45.180+0000] {taskinstance.py:1957} INFO - Dependencies all met for dep_context=non-requeueable deps ti=<TaskInstance: extract_fdic_ncua.ncua_extract.extract_ncua_call_report_data manual__2024-01-12T15:06:44.627644+00:00 [queued]>
[2024-01-12T15:06:45.184+0000] {taskinstance.py:1957} INFO - Dependencies all met for dep_context=requeueable deps ti=<TaskInstance: extract_fdic_ncua.ncua_extract.extract_ncua_call_report_data manual__2024-01-12T15:06:44.627644+00:00 [queued]>
[2024-01-12T15:06:45.185+0000] {taskinstance.py:2171} INFO - Starting attempt 1 of 1
[2024-01-12T15:06:45.191+0000] {taskinstance.py:2192} INFO - Executing <Task(_PythonDecoratedOperator): ncua_extract.extract_ncua_call_report_data> on 2024-01-12 15:06:44.627644+00:00
[2024-01-12T15:06:45.194+0000] {standard_task_runner.py:60} INFO - Started process 4191 to run task
[2024-01-12T15:06:45.197+0000] {standard_task_runner.py:87} INFO - Running: ['***', 'tasks', 'run', 'extract_fdic_ncua', 'ncua_extract.extract_ncua_call_report_data', 'manual__2024-01-12T15:06:44.627644+00:00', '--job-id', '47', '--raw', '--subdir', 'DAGS_FOLDER/fdic-ncua-ingest.py', '--cfg-path', '/tmp/tmp9o6w_qrx']
[2024-01-12T15:06:45.198+0000] {standard_task_runner.py:88} INFO - Job 47: Subtask ncua_extract.extract_ncua_call_report_data
[2024-01-12T15:06:45.225+0000] {task_command.py:423} INFO - Running <TaskInstance: extract_fdic_ncua.ncua_extract.extract_ncua_call_report_data manual__2024-01-12T15:06:44.627644+00:00 [running]> on host c111cf247bc6
[2024-01-12T15:06:45.267+0000] {taskinstance.py:2481} INFO - Exporting env vars: AIRFLOW_CTX_DAG_OWNER='***' AIRFLOW_CTX_DAG_ID='extract_fdic_ncua' AIRFLOW_CTX_TASK_ID='ncua_extract.extract_ncua_call_report_data' AIRFLOW_CTX_EXECUTION_DATE='2024-01-12T15:06:44.627644+00:00' AIRFLOW_CTX_TRY_NUMBER='1' AIRFLOW_CTX_DAG_RUN_ID='manual__2024-01-12T15:06:44.627644+00:00'
[2024-01-12T15:06:49.356+0000] {taskinstance.py:2699} ERROR - Task failed with exception
Traceback (most recent call last):
  File "/home/airflow/.local/lib/python3.8/site-packages/airflow/models/taskinstance.py", line 433, in _execute_task
    result = execute_callable(context=context, **execute_callable_kwargs)
  File "/home/airflow/.local/lib/python3.8/site-packages/airflow/decorators/base.py", line 242, in execute
    return_value = super().execute(context)
  File "/home/airflow/.local/lib/python3.8/site-packages/airflow/operators/python.py", line 199, in execute
    return_value = self.execute_callable()
  File "/home/airflow/.local/lib/python3.8/site-packages/airflow/operators/python.py", line 216, in execute_callable
    return self.python_callable(*self.op_args, **self.op_kwargs)
  File "/opt/airflow/dags/fdic-ncua-ingest.py", line 64, in extract_ncua_call_report_data
    ncua_call_report_to_s3(s3_hook, lq_year, lq_month)
  File "/opt/airflow/dags/utils/core/ncua/ncua.py", line 18, in ncua_call_report_to_s3
    hook.load_file_obj(fileobj=fileobj, key=f'ncua-call-report-data/{year}-{quarter}.zip', bucket_name='alpharank-de-eval')
  File "/home/airflow/.local/lib/python3.8/site-packages/airflow/providers/amazon/aws/hooks/s3.py", line 120, in wrapper
    bound_args = function_signature.bind(*args, **kwargs)
  File "/usr/local/lib/python3.8/inspect.py", line 3037, in bind
    return self._bind(args, kwargs)
  File "/usr/local/lib/python3.8/inspect.py", line 2952, in _bind
    raise TypeError(msg) from None
TypeError: missing a required argument: 'file_obj'
[2024-01-12T15:06:49.368+0000] {taskinstance.py:1138} INFO - Marking task as FAILED. dag_id=extract_fdic_ncua, task_id=ncua_extract.extract_ncua_call_report_data, execution_date=20240112T150644, start_date=20240112T150645, end_date=20240112T150649
[2024-01-12T15:06:49.379+0000] {standard_task_runner.py:107} ERROR - Failed to execute job 47 for task ncua_extract.extract_ncua_call_report_data (missing a required argument: 'file_obj'; 4191)
[2024-01-12T15:06:49.394+0000] {local_task_job_runner.py:234} INFO - Task exited with return code 1
[2024-01-12T15:06:49.414+0000] {taskinstance.py:3281} INFO - 0 downstream tasks scheduled from follow-on schedule check
